457 311 613 290
244 150 317 126
995 612 1266 575
1528 916 1930 845
1428 928 1908 883
449 298 590 270
302 194 394 168
43 28 63 25
1105 706 1476 653
673 396 854 380
958 615 1284 593
1430 928 1895 867
114 83 157 80
325 235 428 207
537 370 745 350
1471 979 1934 909
879 565 1192 545
14 14 15 11
602 358 775 331
925 587 1240 549
806 500 1042 470
274 147 345 126
1241 824 1660 763
714 461 919 410
883 552 1149 513
459 308 614 277
118 79 153 71
466 303 623 288
102 55 132 52
91 51 116 45
292 183 381 176
876 515 1116 498
689 416 891 393
1011 687 1356 612
135 72 177 73
1150 747 1575 735
39 31 58 29
571 422 771 377
1459 959 1962 904
1478 920 1941 862
471 277 627 262
234 128 301 128
300 194 397 177
859 561 1131 513
810 499 1055 482
1307 810 1693 756
144 78 182 81
150 116 197 111
578 358 757 340
101 72 139 66
182 113 227 87
1303 857 1710 792
1240 802 1642 734
338 197 438 198
1234 726 1597 683
1209 731 1559 675
267 197 382 186
1173 765 1576 696
352 232 473 225
848 564 1125 538
228 156 312 155
461 288 618 283
315 223 422 213
1143 792 1529 709
14 10 20 10
1035 633 1359 598
36 17 38 16
168 109 230 95
379 230 509 216
323 239 446 221
542 336 715 322
997 650 1332 642
309 234 432 209
727 518 966 475
444 251 562 233
1478 956 1938 906
217 126 294 116
83 54 109 57
721 490 964 455
250 169 352 169
599 403 805 378
715 429 952 397
81 52 102 52
280 184 358 176
211 144 285 139
64 32 82 28
137 112 198 102
1098 728 1449 693
1253 811 1676 795
1306 819 1693 734
648 407 857 384
457 303 622 276
946 579 1199 544
36 29 51 27
1275 789 1652 742
526 328 678 300
330 253 462 229
399 284 544 276
34 19 46 16
907 578 1172 527
