303 212 399 195
507 289 655 304
19 15 26 13
219 154 301 151
199 125 274 118
995 603 1301 537
1296 852 1743 792
596 396 772 355
748 437 970 427
694 466 928 427
425 274 555 261
1293 829 1712 824
1147 753 1521 706
48 38 63 33
283 187 354 171
1008 621 1329 573
186 129 244 119
595 418 804 388
69 47 98 44
1164 703 1529 673
1250 771 1658 723
1398 917 1862 876
601 386 796 368
227 115 281 110
115 79 165 69
522 385 717 343
615 360 806 333
351 231 453 222
382 226 503 197
953 591 1256 540
1318 829 1736 799
1307 838 1749 762
1140 698 1454 665
466 320 633 303
929 557 1214 558
61 48 85 51
516 307 696 282
1495 904 1991 888
542 356 721 321
1486 942 1940 869
708 493 940 461
1425 904 1869 826
215 136 281 127
360 219 464 227
669 382 853 395
855 557 1157 505
512 346 694 330
1305 859 1721 800
138 94 180 83
1139 745 1500 701
358 232 488 228
835 580 1128 551
21 11 22 10
1411 907 1891 852
1143 732 1479 666
944 610 1236 545
9 9 14 10
366 225 495 219
950 579 1268 560
1208 785 1579 737
892 622 1197 585
517 357 670 327
1446 992 1929 929
812 520 1077 518
187 128 244 126
1279 800 1659 735
19 12 20 8
395 243 522 242
1022 703 1378 631
1248 812 1635 734
965 605 1278 554
593 377 803 354
79 61 107 59
1206 801 1641 743
213 130 279 123
1445 929 1897 854
1220 842 1645 796
628 418 842 390
59 45 86 39
1522 965 2019 917
183 116 241 105
33 14 38 20
851 509 1131 499
1317 836 1731 770
948 635 1246 576
575 356 747 342
1124 781 1530 722
287 211 398 195
1416 920 1834 871
95 68 130 64
1393 895 1835 852
835 533 1090 495
135 83 177 69
578 416 787 380
940 614 1266 570
1300 841 1733 797
269 177 359 173
695 454 934 421
371 243 483 226
1424 921 1920 871
1354 877 1793 831
902 599 1231 552
927 608 1204 529
175 121 240 107
135 88 188 82
285 183 378 170
850 560 1125 524
1117 640 1421 595
828 520 1083 486
981 616 1309 580
967 604 1256 553
9 7 13 7
746 498 1005 448
107 78 145 76
1448 914 1908 863
165 117 235 107
102 53 135 53
54 28 64 25
381 250 521 232
1041 666 1372 595
188 143 258 136
1305 854 1807 823
241 156 317 138
1520 966 1982 894
1371 912 1820 860
1181 753 1580 704
968 566 1245 549
1372 906 1848 819
477 296 635 281
1120 738 1470 660
1292 851 1737 788
372 217 490 197
893 534 1141 485
337 193 434 184
440 285 591 271
434 278 569 270
1465 958 1933 883
201 144 273 127
356 223 479 205
208 146 282 134
1368 846 1826 825
252 178 341 162
1479 967 1957 911
778 518 1064 492
63 35 79 38
785 477 1038 457
45 26 54 29
588 413 822 393
45 23 57 22
872 633 1212 587
39 19 55 19
1319 863 1758 813
1089 722 1435 678
1477 929 1892 868
1234 822 1642 782
561 358 765 329
342 205 430 182
687 443 880 396
850 514 1116 477
446 301 601 267
770 478 998 441
1108 679 1421 644
999 647 1322 601
153 83 201 82
305 192 393 189
828 486 1076 472
675 461 912 439
279 180 347 167
1246 724 1600 682
193 125 264 130
1058 697 1410 632
1064 685 1394 637
387 235 507 210
252 185 355 173
486 320 646 295
711 470 928 419
1455 967 1915 957
235 148 305 141
1448 915 1921 858
1413 963 1922 852
389 226 515 224
1393 913 1883 865
1493 965 1983 909
867 584 1160 514
827 566 1144 543
629 383 828 364
52 38 74 41
772 489 1025 440
1286 806 1694 738
1199 780 1606 752
881 587 1177 547
424 296 559 257
880 532 1150 491
1259 748 1644 677
1291 790 1685 741
1021 697 1367 629
672 406 860 381
124 86 173 87
639 399 844 371
927 609 1225 541
1452 889 1932 855
681 483 941 456
881 561 1184 523
20 6 20 4
225 152 311 151
743 469 1005 482
1269 829 1679 762
486 300 636 300
1128 742 1491 686
165 100 229 98
378 222 490 212
1409 846 1842 817
619 416 823 372
1511 951 2002 915
735 452 979 431
1027 686 1373 643
1244 811 1680 761
721 499 975 430
178 121 246 98
1128 745 1547 703
1125 746 1466 708
1014 663 1333 616
34 23 38 18
619 403 813 355
1452 936 1928 901
197 144 279 120
470 300 624 303
46 29 61 25
1070 690 1395 655
634 382 829 348
875 558 1178 542
878 560 1132 529
117 77 165 70
45 26 65 27
762 496 990 426
1297 835 1753 829
452 311 605 290
1094 712 1444 647
966 610 1271 603
1309 846 1723 751
730 471 976 452
1126 693 1472 655
1525 972 2020 924
993 623 1307 582
1368 906 1819 854
1400 945 1868 893
709 483 918 420
785 477 1021 469
49 38 73 34
311 178 387 175
315 189 411 183
224 156 309 146
333 181 431 183
1474 958 2007 907
681 466 890 405
1361 894 1828 837
37 23 53 25
618 392 795 362
850 520 1133 505
1346 793 1750 751
347 227 460 208
37 27 52 28
278 190 384 188
315 213 412 202
1398 946 1872 888
716 452 917 413
365 224 480 209
1457 948 1964 919
912 632 1223 582
211 126 272 129
185 118 247 105
242 161 320 141
400 241 496 224
1005 650 1339 586
393 262 538 252
712 457 950 429
576 351 735 328
114 62 154 62
200 118 254 113
1366 868 1833 797
1037 691 1385 661
1102 690 1480 664
321 197 421 189
416 259 544 241
1059 694 1379 623
853 527 1121 508
19 11 25 7
199 122 252 104
1131 758 1514 740
861 527 1145 506
53 40 75 35
782 513 1037 480
837 552 1115 536
1458 973 1918 908
57 42 81 39
814 536 1108 515
1226 812 1650 747
1314 854 1730 765
752 467 971 437
387 252 522 240
174 134 240 122
646 440 837 389
1045 694 1410 631
133 88 182 87
518 341 706 337
68 46 93 39
75 55 101 48
249 202 356 194
1075 641 1403 607
494 316 656 310
277 179 365 165
1486 954 1928 902
1013 646 1315 569
1008 607 1298 573
462 308 633 287
30 19 41 19
241 149 317 136
316 201 415 174
546 365 733 361
1449 992 1935 939
388 242 516 229
734 473 991 453
734 458 957 432
1376 879 1843 818
98 74 127 62
1162 732 1534 669
1281 832 1722 826
1348 897 1796 842
740 461 990 440
222 143 288 128
281 166 363 158
638 404 860 396
99 75 136 66
871 532 1129 488
836 528 1123 501
1192 772 1606 711
782 501 1051 463
456 297 598 279
54 45 66 35
1498 994 1981 930
1500 938 1975 932
579 358 787 357
452 307 614 284
1292 833 1731 800
1448 933 1950 881
939 585 1266 548
666 399 883 398
839 546 1113 532
466 328 647 297
330 217 452 204
281 193 380 180
986 643 1278 600
1191 741 1569 689
1020 686 1353 646
1007 662 1305 620
1388 957 1862 900
359 214 465 199
1396 896 1828 827
893 578 1172 572
949 621 1262 576
1362 886 1802 798
159 109 212 99
582 350 768 315
754 481 1011 446
83 50 104 49
75 57 101 52
1010 653 1321 580
658 466 905 448
524 342 697 330
23 16 29 12
262 170 356 169
349 237 469 233
1420 901 1853 832
985 652 1322 571
1339 833 1776 813
618 380 796 362
1073 668 1414 641
903 542 1199 520
1098 695 1443 645
1256 813 1680 734
1104 701 1456 663
158 115 215 109
910 608 1196 565
503 304 643 284
1313 880 1753 825
1168 776 1565 727
1016 649 1380 604
570 353 736 303
858 562 1134 500
1301 832 1739 789
477 334 687 333
385 271 532 249
902 578 1197 555
879 570 1152 518
914 615 1242 601
1351 860 1765 780
473 284 626 266
959 626 1301 562
762 473 1007 458
942 630 1253 589
416 259 534 229
72 33 92 36
539 340 717 333
11 8 12 9
100 63 141 55
870 551 1151 522
1132 725 1482 669
641 433 886 420
415 290 574 259
438 271 574 259
240 155 325 154
736 435 924 406
362 228 464 227
1058 679 1391 604
1173 733 1553 688
961 646 1281 597
1004 625 1325 598
795 502 1013 452
821 521 1097 506
180 109 229 110
399 266 520 246
1155 746 1527 698
673 460 900 425
739 472 967 450
767 512 1032 459
107 70 143 64
1300 813 1743 754
702 497 938 465
835 521 1102 503
262 161 356 148
245 181 321 164
1489 935 1995 900
42 25 54 27
178 112 229 95
1452 912 1946 861
609 407 808 371
450 290 615 255
1380 862 1824 832
1141 700 1506 661
305 220 413 191
348 203 451 196
132 89 195 87
1175 779 1561 730
62 44 88 47
532 355 719 313
316 210 422 191
102 67 140 69
212 113 271 114
751 460 974 433
253 175 323 167
1422 859 1875 828
527 334 680 316
587 356 759 338
234 144 304 111
983 667 1340 607
1320 853 1754 787
460 320 620 300
664 401 865 371
1031 663 1393 640
1341 886 1825 838
214 139 295 123
805 546 1057 489
1231 732 1639 691
1260 789 1653 732
1364 836 1759 776
820 506 1119 476
580 359 786 347
1045 662 1379 617
1166 722 1527 675
596 362 750 331
1503 979 1975 905
1448 992 1909 907
662 422 878 405
706 436 913 418
465 255 583 245
1480 932 1956 876
358 226 467 219
1188 757 1580 707
226 134 294 122
346 233 452 224
1051 694 1413 658
990 631 1315 588
778 479 1003 458
1038 683 1370 618
435 280 563 264
231 148 330 137
110 88 154 84
549 341 711 320
1409 843 1809 814
1381 843 1818 792
309 204 403 188
259 174 353 181
1408 920 1907 861
334 210 451 193
16 14 20 15
1428 886 1847 815
488 290 649 287
1102 713 1448 676
478 299 618 258
1508 941 1987 876
73 44 103 43
1400 900 1871 859
494 321 663 324
1278 848 1732 788
866 570 1139 519
155 108 212 97
397 246 509 221
87 70 126 65
1319 866 1732 798
454 280 613 262
1500 947 2003 902
908 552 1173 525
836 546 1122 533
939 598 1259 571
816 552 1097 520
1062 670 1395 636
703 471 928 428
875 542 1163 498
1178 751 1577 684
495 340 682 318
603 360 784 333
597 371 798 337
1238 808 1593 747
620 388 828 362
1091 708 1454 673
1154 737 1529 701
219 158 301 148
560 385 776 366
986 587 1304 522
1159 712 1522 696
1156 755 1537 704
807 520 1059 476
811 492 1059 459
550 352 731 330
109 80 149 75
1405 885 1846 793
547 323 730 303
1021 631 1348 593
401 241 506 223
606 382 795 371
1351 872 1783 858
1257 777 1634 716
210 125 277 125
1034 641 1341 598
1174 758 1567 712
1540 958 1992 903
1519 928 1987 871
1297 842 1707 775
463 273 632 260
475 308 618 284
1243 785 1654 727
339 218 451 193
1392 855 1802 795
613 405 832 354
764 554 1062 510
146 87 195 82
217 130 288 115
386 243 510 227
1006 647 1342 607
541 358 717 319
1383 884 1854 821
463 259 596 262
312 179 389 164
756 506 1015 467
59 28 76 30
1304 831 1714 774
366 243 491 235
1041 674 1391 618
1220 744 1616 667
167 99 226 85
950 618 1272 582
945 614 1249 563
380 254 508 231
598 406 800 371
39 28 51 26
107 78 147 73
1365 948 1824 882
222 147 299 149
198 120 262 112
846 569 1130 545
1088 712 1445 671
1138 776 1500 693
108 83 147 78
450 275 611 276
174 151 254 144
710 444 966 422
949 592 1263 568
1471 970 1998 947
1419 899 1884 872
386 243 517 227
1222 830 1678 786
1306 844 1757 791
692 442 911 412
443 265 579 245
80 50 110 54
383 218 484 211
526 347 708 319
1171 798 1554 736
109 62 146 67
925 588 1218 579
439 297 601 270
772 524 1027 471
405 226 521 226
741 512 996 460
329 211 426 201
793 525 1039 501
25 20 36 17
1243 838 1646 771
384 241 507 228
1179 779 1576 727
714 453 939 413
744 492 996 462
1002 623 1290 569
959 593 1218 518
1374 898 1818 819
218 138 296 129
457 300 616 291
776 508 1049 475
101 67 140 63
600 428 803 394
79 53 109 52
1374 923 1817 847
761 492 987 464
1006 675 1332 611
1219 790 1640 737
412 254 546 238
925 573 1222 538
885 576 1196 540
66 32 78 33
665 400 886 381
550 349 744 316
629 409 835 374
304 178 396 163
787 516 1053 485
1244 806 1636 753
1027 631 1355 570
1326 829 1712 766
721 511 967 468
1460 919 1926 883
397 273 516 251
1271 834 1697 795
1323 906 1754 830
330 205 434 208
1445 974 1905 917
261 167 338 151
1186 755 1570 706
445 287 565 280
801 520 1034 484
1106 723 1503 672
248 159 328 155
427 287 570 266
1084 740 1457 706
1190 775 1580 721
126 71 160 64
1468 928 1930 851
1004 602 1336 571
560 349 737 327
352 215 469 209
323 199 410 180
324 184 439 164
1144 804 1546 741
86 75 126 67
1051 651 1406 639
122 67 159 67
139 91 184 78
665 446 895 412
894 595 1202 554
711 428 929 392
1127 717 1502 689
300 175 397 175
96 73 139 67
735 499 980 471
331 204 424 190
1142 778 1513 701
844 546 1118 501
981 671 1314 615
117 81 154 76
1084 697 1438 654
85 58 111 45
1522 946 1989 885
1062 668 1385 634
1389 902 1858 843
1367 865 1783 755
1357 934 1811 822
340 240 459 213
189 137 252 133
1330 838 1784 787
969 630 1266 565
611 374 782 349
361 210 453 207
780 475 1008 454
409 270 551 273
190 143 263 121
10 9 14 8
100 57 131 53
114 86 149 70
171 114 224 112
1356 866 1767 790
503 337 659 309
915 619 1196 572
708 432 904 420
1144 723 1504 702
456 292 602 273
1070 697 1431 623
1410 841 1834 787
527 328 700 319
1435 937 1956 886
304 172 401 176
1451 923 1902 868
1476 935 1956 867
825 516 1096 492
809 505 1064 478
508 327 672 307
158 108 215 102
1240 802 1631 737
362 214 485 198
767 483 1011 469
313 210 438 200
1335 820 1780 793
450 287 596 269
287 179 372 161
942 640 1244 590
97 79 140 68
1495 992 1980 915
1482 953 1997 872
447 284 592 277
471 304 614 273
1431 927 1905 863
495 292 635 256
1402 898 1858 820
68 47 101 47
741 480 962 425
750 487 1003 485
998 673 1361 627
776 478 1015 455
971 589 1266 534
13 14 23 12
764 463 1007 440
142 120 205 105
1093 678 1444 640
445 296 606 297
335 211 441 209
1107 696 1477 667
251 157 327 134
1391 874 1812 788
187 114 248 109
747 504 984 469
1386 972 1912 892
974 590 1259 562
270 166 349 147
461 336 629 306
958 584 1277 552
115 67 141 59
1267 782 1663 750
789 490 1002 456
420 267 546 259
153 109 215 101
966 662 1279 611
251 161 346 164
444 267 595 261
806 594 1104 537
729 512 1019 470
1157 718 1518 695
215 130 280 124
305 217 423 214
1409 933 1876 878
69 45 92 46
1481 936 1995 880
369 242 489 228
895 575 1189 526
496 327 653 320
1145 785 1526 736
1345 857 1772 801
167 123 223 111
1039 704 1393 640
1406 921 1878 869
1400 938 1890 900
977 632 1262 596
475 303 617 266
469 313 619 284
1450 959 1943 895
473 306 607 282
590 390 771 352
1131 781 1538 690
63 38 81 31
1341 881 1826 842
1161 747 1538 708
466 315 620 312
435 278 564 258
1250 798 1644 741
409 245 541 239
196 142 263 126
748 484 996 456
145 88 198 91
482 339 652 309
1086 719 1474 683
981 604 1282 572
53 27 66 28
1404 911 1844 823
1118 656 1460 626
956 587 1258 530
1215 799 1613 744
779 472 997 431
766 468 1017 460
308 193 402 190
979 627 1297 555
1268 822 1694 768
1013 672 1328 615
577 328 737 329
439 309 590 285
14 10 19 5
241 155 304 144
278 184 385 182
289 175 382 161
775 525 1043 487
198 104 250 99
1251 823 1690 781
61 38 83 40
1276 841 1695 779
176 99 225 91
643 411 834 360
1262 811 1701 764
231 151 304 146
905 566 1189 551
442 253 576 242
238 133 293 119
1171 755 1536 728
707 470 961 446
928 616 1231 575
1470 912 1958 867
706 440 918 405
450 297 607 285
588 408 794 380
882 578 1156 553
1293 833 1669 764
215 138 280 128
929 591 1232 563
317 200 415 197
471 309 630 295
661 455 876 420
414 292 554 268
834 543 1122 479
875 540 1125 513
1459 938 1909 894
695 433 926 412
1394 920 1835 857
1087 670 1436 630
371 260 505 246
1146 748 1537 708
949 659 1240 596
437 293 594 259
1379 894 1858 859
1186 774 1542 729
258 177 323 156
1351 867 1763 810
1424 911 1856 826
1230 784 1654 759
971 603 1291 567
796 548 1083 502
273 166 364 158
822 545 1092 506
873 576 1142 531
709 469 968 436
304 185 387 176
79 63 110 54
100 62 125 54
337 212 451 198
1207 810 1614 716
741 511 1011 454
1227 852 1664 797
1141 746 1532 670
810 549 1084 515
779 491 1053 476
1314 850 1734 777
303 186 406 179
1056 626 1350 583
73 52 110 46
722 442 950 447
1387 876 1819 819
924 605 1214 559
325 188 419 176
1305 858 1712 808
295 196 392 175
254 195 335 167
370 234 494 224
1139 701 1488 657
832 524 1082 495
624 382 824 354
797 496 1050 474
1472 974 1965 906
1530 970 1979 916
530 372 714 347
460 284 604 257
1468 977 2001 923
17 11 25 13
531 363 715 326
763 533 1033 507
380 220 490 213
101 68 138 65
250 153 324 151
456 281 602 244
726 448 953 400
610 396 815 386
224 142 302 130
561 388 745 361
1503 1000 2009 906
1141 755 1485 707
1137 692 1486 649
852 586 1154 559
651 442 882 405
1260 770 1611 728
398 261 537 239
434 280 547 253
1295 845 1686 784
50 33 60 25
32 22 48 22
280 183 387 188
781 483 1018 449
85 58 121 56
81 54 110 47
285 178 374 169
540 348 723 310
329 194 423 189
660 470 921 454
1121 733 1485 644
823 525 1081 472
67 48 94 42
25 19 33 17
1410 914 1864 849
781 539 1045 515
1082 735 1454 685
1034 669 1380 624
337 225 417 189
398 267 530 234
180 121 243 98
683 404 876 391
215 140 286 143
842 553 1110 502
1277 837 1695 766
509 314 679 296
187 125 235 117
1139 757 1507 716
1501 970 1973 911
133 86 168 75
1171 731 1504 685
1318 921 1779 860
865 610 1220 561
373 227 486 226
1158 747 1526 721
164 92 211 89
462 279 600 259
505 331 672 307
195 122 247 109
554 357 759 345
849 546 1125 513
839 551 1144 516
17 8 22 10
1254 840 1679 793
1226 770 1611 729
125 77 160 67
925 557 1189 515
590 363 762 329
1036 687 1407 651
812 511 1083 502
89 56 121 54
121 69 155 66
145 102 196 90
1107 655 1462 622
903 585 1185 547
174 95 209 87
885 559 1160 529
200 134 255 113
770 442 1018 428
1516 950 1987 896
565 365 741 330
281 195 379 170
1148 738 1506 697
363 227 483 209
1503 972 2024 931
191 134 258 131
801 512 1062 464
1008 666 1344 625
484 294 631 263
1328 837 1795 796
850 585 1108 528
105 81 144 77
137 93 195 82
503 329 654 314
1463 999 1916 938
598 408 804 393
1401 890 1851 829
1026 624 1365 606
204 146 279 139
1002 717 1370 664
1206 737 1561 686
972 657 1325 630
141 87 186 84
1378 866 1834 848
970 589 1286 588
1092 651 1421 608
