1144 696 1490 697
915 563 1210 545
1317 871 1781 802
13 9 14 7
98 64 134 63
1379 889 1843 848
475 296 614 271
418 272 556 245
739 483 997 452
85 63 108 56
1355 854 1791 795
659 460 888 425
595 359 770 352
244 156 314 147
630 391 859 361
1408 887 1873 825
788 522 1049 480
258 173 339 148
729 465 967 411
1300 812 1738 784
1257 775 1643 721
662 442 904 413
1058 686 1436 648
633 385 832 368
340 240 444 211
358 222 486 209
1132 735 1494 716
697 452 902 420
95 61 124 55
985 631 1342 594
104 66 128 58
630 432 857 407
439 289 620 289
686 441 908 408
936 632 1265 581
974 604 1255 582
257 160 344 149
547 348 735 325
171 106 228 102
228 147 299 137
679 463 925 428
170 106 226 104
625 406 834 394
403 264 532 237
1217 755 1596 697
69 43 91 39
107 76 147 71
603 365 820 368
999 646 1319 632
1515 969 2017 935
275 180 376 180
1465 916 1947 867
1329 794 1719 749
704 456 929 431
1079 709 1445 662
1497 957 1979 904
998 607 1313 546
44 40 67 42
1237 777 1603 725
967 612 1298 574
1414 937 1874 878
455 286 598 283
164 106 219 101
843 524 1138 488
821 513 1068 507
248 166 323 164
1463 984 1952 893
312 214 405 187
1223 840 1653 795
68 47 92 46
345 218 445 213
951 579 1244 564
237 157 311 132
861 553 1148 490
366 221 487 207
89 39 107 42
359 251 479 228
1011 638 1343 598
1377 874 1826 816
229 128 281 121
170 89 222 89
830 553 1097 534
987 629 1324 594
443 285 584 277
1341 890 1833 815
530 344 680 322
496 299 635 293
807 514 1073 504
75 43 92 37
131 96 170 81
251 190 347 168
914 616 1208 571
1297 822 1698 732
636 404 854 385
944 615 1242 563
1193 797 1577 726
473 279 604 264
106 66 138 61
227 166 315 157
212 122 267 124
1253 822 1660 788
142 111 190 112
1125 740 1476 676
1336 892 1768 839
83 54 114 49
875 574 1148 525
946 619 1222 561
870 532 1142 512
54 34 72 27
1078 707 1415 664
1091 647 1432 632
1219 802 1619 711
324 230 447 225
628 408 837 385
75 45 100 47
507 323 684 292
1055 691 1378 637
1436 955 1929 891
1209 806 1616 749
714 466 963 435
189 145 271 138
832 500 1098 470
1037 648 1370 601
1385 849 1852 823
784 498 992 447
338 199 439 191
559 352 719 304
179 112 231 117
1228 762 1608 735
835 526 1088 478
571 360 769 341
194 116 244 105
417 294 549 270
1373 883 1758 826
271 196 370 194
1025 639 1339 603
328 191 419 175
1146 751 1514 715
750 455 970 427
10 8 11 4
1025 655 1357 591
1034 635 1334 582
634 414 853 389
1145 743 1530 678
463 255 611 258
878 586 1145 532
827 553 1114 502
1141 765 1497 708
1366 883 1827 840
129 91 174 89
209 121 265 119
530 304 691 283
1240 805 1635 759
47 28 65 21
789 477 1014 440
447 260 571 247
10 5 11 6
1401 916 1851 843
447 269 567 229
156 102 215 100
37 17 42 16
1099 676 1445 619
472 291 624 279
1345 875 1815 805
260 196 359 177
128 86 175 77
312 191 399 195
1008 672 1347 617
279 179 369 167
792 520 1051 486
1172 753 1522 684
1171 775 1559 727
426 256 550 237
513 332 694 288
1015 658 1329 646
1398 921 1871 836
1009 703 1326 650
263 172 365 161
1275 803 1669 774
1298 884 1730 812
589 381 763 346
253 184 345 171
1266 771 1675 752
733 473 959 431
665 432 869 391
175 110 219 93
26 19 36 16
169 97 213 90
405 229 520 202
283 185 361 166
799 522 1042 458
1115 710 1472 664
733 461 961 405
926 589 1207 515
1372 932 1773 850
1133 723 1468 682
333 226 460 200
401 255 515 232
349 226 453 209
36 24 55 24
