200 134 274 125
681 434 895 402
420 285 552 257
226 146 296 136
1507 949 1991 856
610 420 815 389
1113 681 1451 637
1080 704 1423 649
75 55 103 53
444 314 607 290
524 356 691 310
203 133 277 126
418 277 552 243
1394 860 1852 826
215 127 269 115
365 257 479 231
1459 951 1936 873
418 241 510 231
284 180 401 157
984 691 1306 642
1423 909 1889 836
1020 661 1359 607
958 605 1275 572
303 192 393 183
1099 685 1444 664
312 193 407 189
508 349 654 317
1149 729 1547 681
1114 747 1445 700
1370 858 1817 820
1338 849 1755 777
330 200 437 190
914 546 1160 516
968 634 1293 633
1575 941 2037 898
1341 847 1762 798
565 372 749 361
63 44 89 43
79 44 109 52
591 371 795 355
586 372 769 364
929 566 1214 550
857 563 1140 545
832 532 1085 512
169 117 224 107
872 559 1166 548
905 612 1195 567
1113 738 1469 695
43 23 57 26
1471 958 1967 894
620 431 856 401
638 384 840 364
398 241 519 230
628 428 869 405
1213 747 1613 717
304 199 394 174
171 108 224 106
77 52 97 49
85 45 108 51
1494 908 1973 844
374 214 484 181
481 290 631 273
386 248 503 232
342 196 460 185
218 121 261 116
1008 631 1312 572
238 148 308 148
67 51 89 42
1425 919 1942 853
268 193 374 180
235 126 293 127
1149 697 1538 660
1119 705 1520 660
335 228 437 202
551 364 729 350
43 37 58 38
1095 733 1478 679
723 448 936 421
1511 995 1990 901
1472 951 1960 858
528 335 679 317
701 443 930 410
379 221 476 207
479 328 656 315
338 203 446 199
822 536 1074 489
860 540 1114 486
628 409 833 368
704 467 915 439
372 232 493 225
303 192 404 195
202 136 268 127
326 234 442 220
1193 774 1558 739
444 287 592 252
270 173 350 161
1341 848 1783 802
1044 705 1377 643
311 210 403 189
1095 735 1428 652
1266 821 1684 762
955 619 1274 569
87 60 116 54
1161 737 1512 740
1467 951 1975 885
178 123 245 112
688 456 915 427
540 364 727 331
451 319 614 305
1486 920 1970 877
1380 883 1810 828
429 259 559 246
1037 678 1398 653
327 205 431 181
246 128 312 131
117 81 144 65
1398 901 1905 853
837 523 1084 512
1444 947 1910 883
92 56 119 45
1274 799 1693 765
346 229 453 216
365 235 482 205
1351 874 1820 816
1425 904 1888 861
866 556 1159 520
996 672 1347 605
196 130 269 127
823 582 1126 545
1551 963 2048 915
1358 861 1797 832
831 516 1097 483
831 560 1134 514
241 162 313 146
949 603 1276 585
1290 812 1723 763
164 102 213 101
1270 792 1643 735
83 48 118 43
282 164 369 151
765 479 1010 429
198 140 269 136
1298 851 1714 789
166 105 229 102
921 609 1223 587
1204 824 1658 772
1189 798 1582 738
1300 859 1763 802
1182 786 1562 738
922 583 1237 553
531 344 718 338
400 258 539 251
263 173 347 162
422 283 544 269
647 423 859 399
392 248 534 218
370 235 498 220
1440 898 1888 842
1362 824 1791 781
705 475 956 477
307 198 420 191
96 58 133 64
85 57 112 58
1095 689 1429 647
989 612 1298 593
1111 701 1470 663
1016 688 1329 638
14 17 23 19
823 523 1100 497
52 41 70 37
818 530 1108 497
257 169 355 155
456 266 590 244
206 151 274 148
1120 695 1505 651
849 570 1152 543
1231 767 1610 705
225 147 293 126
383 217 496 218
799 499 1051 460
392 267 521 234
288 188 390 179
114 79 149 69
1258 838 1692 785
1448 919 1910 849
304 198 410 171
1336 868 1767 799
69 46 82 43
222 147 301 137
232 164 315 164
60 45 80 43
1288 852 1700 769
288 175 374 152
1251 796 1664 748
1393 938 1871 880
307 195 418 166
444 272 557 249
1080 724 1459 714
394 294 553 285
312 209 422 196
367 245 499 237
534 342 714 328
699 467 940 425
404 306 555 270
266 171 353 167
187 125 248 112
993 572 1245 565
410 251 533 236
142 100 191 89
198 130 251 116
1395 924 1891 870
137 95 190 96
414 297 565 274
839 488 1093 457
247 164 330 161
478 299 639 296
1110 735 1524 715
860 575 1189 546
20 12 22 13
1364 897 1808 827
1254 786 1687 731
1123 704 1447 648
1192 799 1585 722
551 350 751 334
450 317 600 301
695 420 881 404
1258 786 1651 763
1070 732 1426 690
1385 937 1861 898
710 497 939 452
1400 938 1877 866
651 437 878 432
1397 860 1833 820
370 238 494 216
62 53 83 44
241 162 334 143
1408 903 1899 846
303 167 398 168
1233 786 1636 728
743 495 999 450
906 602 1212 568
657 413 867 405
403 274 550 263
458 273 600 256
217 163 304 153
1450 923 1931 876
274 176 369 159
546 379 734 344
1233 814 1665 775
247 146 310 135
360 205 463 197
1171 765 1576 722
1011 677 1352 623
688 417 894 386
17 9 23 12
83 51 120 47
1209 789 1591 727
839 535 1124 500
777 486 1035 459
1375 916 1834 846
1240 811 1650 748
1063 676 1436 646
335 186 420 167
1070 640 1406 618
970 566 1251 542
324 191 427 191
734 471 947 417
178 109 232 105
719 448 970 419
885 544 1181 532
640 423 840 386
871 583 1178 569
1445 965 1913 907
31 22 44 22
1405 936 1888 855
456 289 621 284
1094 704 1456 641
415 269 535 244
98 61 120 55
1416 833 1837 774
205 158 285 143
386 255 518 252
1339 871 1788 815
416 284 547 244
598 422 782 378
1239 757 1622 744
308 214 424 203
142 101 199 90
770 562 1047 514
1112 721 1464 659
1273 812 1693 748
702 475 940 439
7 8 12 8
983 647 1318 609
304 183 405 179
284 201 381 185
476 315 658 294
878 529 1155 531
1552 940 2015 880
409 258 541 240
