735 472 958 425
427 306 579 275
683 440 893 392
864 533 1171 500
1338 841 1735 776
608 358 774 328
12 6 16 12
1335 841 1767 787
1478 954 1940 875
214 141 259 121
726 482 962 436
130 79 172 75
271 184 378 174
1080 716 1428 679
200 127 272 118
477 316 629 298
916 579 1194 537
205 120 275 121
1527 961 2017 925
204 142 284 131
1484 922 1968 881
797 529 1051 488
836 546 1143 551
1499 935 1941 871
115 94 159 78
856 586 1171 558
972 579 1263 585
1385 880 1814 790
861 564 1142 502
907 589 1211 537
1132 726 1525 687
1308 856 1699 794
1340 827 1713 769
933 627 1244 603
619 418 848 371
213 132 271 120
458 257 581 247
789 509 1050 464
486 331 658 307
1344 820 1759 776
600 389 781 346
372 206 468 199
1363 845 1785 795
249 171 330 160
852 481 1065 447
1052 682 1412 645
217 145 279 132
1532 923 2002 848
1269 747 1635 718
335 230 435 204
1384 876 1847 831
105 61 136 61
1096 704 1443 691
502 320 652 303
788 516 1041 488
881 603 1179 559
636 393 842 403
152 105 206 99
85 53 113 51
372 267 494 255
990 639 1298 589
358 235 472 219
148 108 206 98
298 181 385 177
1387 910 1847 834
721 524 977 487
1470 897 1938 878
87 52 114 49
722 488 994 447
774 461 1009 442
859 526 1155 502
723 440 964 435
353 234 461 210
29 27 43 26
601 371 777 333
131 82 168 82
1447 962 1955 900
776 485 1018 446
270 150 352 132
818 524 1092 503
910 604 1218 567
224 153 290 154
67 47 96 46
630 386 830 356
942 627 1269 611
715 451 925 402
779 508 1032 441
103 61 139 60
598 352 767 343
977 648 1317 639
66 38 86 33
1493 942 1960 876
439 283 581 246
1108 714 1461 643
365 237 492 233
305 196 397 185
538 337 710 316
1065 701 1403 618
777 481 1041 451
1266 835 1677 752
622 406 850 374
737 470 981 441
75 61 108 58
762 468 998 430
1434 918 1887 840
1392 866 1829 822
341 202 452 195
1064 677 1401 630
804 533 1088 538
57 37 78 32
663 425 884 399
68 45 94 39
1453 988 1975 935
401 240 507 236
804 537 1091 485
737 469 975 454
740 472 987 442
324 209 438 202
704 429 934 399
325 212 424 195
419 260 548 254
1407 886 1848 825
1464 913 1912 863
78 57 109 57
41 23 58 25
61 29 74 28
178 106 227 96
1397 910 1856 854
161 110 218 97
247 151 317 152
1173 731 1529 710
628 405 827 372
146 64 181 74
206 144 283 121
812 553 1090 505
1227 769 1629 739
305 211 406 189
1321 863 1777 792
41 25 57 23
1161 723 1509 643
231 150 317 139
411 247 534 216
1025 667 1359 603
1505 901 1951 881
1283 789 1694 735
387 265 533 238
1361 943 1876 899
390 262 504 231
648 405 864 391
1418 931 1865 859
1313 836 1743 789
778 478 1009 454
554 338 732 311
1136 712 1500 665
116 92 164 77
1289 872 1722 786
661 458 922 437
1214 762 1591 728
813 505 1021 458
761 499 1009 464
1008 694 1343 610
495 297 650 278
923 600 1235 588
8 5 12 6
606 383 788 338
49 38 66 36
1399 929 1869 839
53 33 69 26
879 524 1140 492
1253 805 1661 755
614 371 814 351
323 211 434 199
794 529 1057 515
311 202 413 196
392 271 515 236
1359 846 1756 790
520 321 682 304
1193 788 1583 717
625 444 837 407
232 152 310 133
302 181 402 174
224 156 312 159
864 526 1117 480
1300 846 1746 791
157 91 202 78
227 139 286 129
420 291 568 269
135 89 182 86
116 63 144 64
798 514 1050 497
1312 870 1731 805
1046 664 1374 610
850 579 1123 527
229 159 293 125
571 380 763 341
59 48 81 44
334 212 438 210
1358 820 1800 782
62 39 83 43
98 72 148 69
544 323 707 298
213 134 274 127
284 194 375 182
64 38 68 36
812 521 1072 490
683 428 888 400
49 36 71 37
864 545 1164 510
579 396 795 361
1197 770 1598 742
390 272 514 243
978 643 1306 603
972 638 1274 575
1064 709 1394 659
187 106 244 103
9 5 13 6
487 307 627 287
420 273 587 255
1142 746 1529 712
591 378 795 368
335 203 445 194
351 216 468 213
200 106 258 99
1163 736 1545 700
639 395 832 363
243 137 314 136
274 179 374 168
393 229 515 214
1527 944 1977 897
1258 815 1631 743
1229 818 1643 734
912 569 1179 507
1422 932 1896 875
1598 930 2066 879
908 595 1169 571
1209 849 1631 819
451 297 591 271
1302 866 1726 807
798 492 1060 478
1158 758 1562 730
170 112 229 103
338 226 473 231
1362 897 1802 839
1473 934 1965 886
352 217 456 208
1340 841 1752 776
1141 690 1488 657
1242 775 1618 703
671 410 896 401
840 517 1138 493
1232 812 1674 782
293 224 401 198
1099 730 1455 685
16 19 24 19
67 40 90 35
291 194 408 170
1180 761 1580 747
161 112 209 95
677 428 907 413
652 398 822 361
868 529 1137 497
1003 641 1303 598
1129 738 1554 693
1200 779 1572 715
549 356 730 342
777 533 1026 484
412 267 534 250
1017 634 1326 592
771 487 1027 475
1176 788 1577 751
382 240 508 236
653 450 876 432
696 446 918 415
1164 760 1573 744
949 606 1266 580
1168 723 1551 713
1069 647 1395 598
1229 776 1623 710
263 171 354 171
752 456 991 441
1417 905 1900 833
1225 771 1620 706
590 388 764 344
631 439 836 404
263 180 367 158
1224 805 1636 736
262 153 349 146
386 253 522 235
358 231 474 217
20 9 25 7
45 27 63 30
489 297 606 268
954 651 1253 571
254 171 336 155
964 634 1257 570
235 136 308 122
462 281 589 257
53 45 77 35
978 608 1333 592
256 147 326 135
1444 923 1951 864
1117 697 1469 665
759 469 977 418
1283 845 1740 818
299 191 388 169
181 133 238 117
1120 718 1495 672
1350 821 1770 795
752 460 982 440
1321 851 1760 787
604 364 787 348
1043 616 1354 570
451 302 605 276
90 56 120 60
396 246 494 227
167 98 231 97
1338 848 1769 789
835 570 1148 534
1048 659 1362 622
186 109 248 101
841 542 1119 526
428 274 583 250
464 319 622 296
704 456 927 436
981 626 1338 582
1179 757 1579 714
1423 886 1881 833
129 79 168 72
141 79 183 75
40 21 54 31
1358 922 1843 850
1183 748 1540 716
462 276 597 261
61 30 82 31
1089 672 1400 622
180 126 251 122
73 46 86 39
76 51 105 41
603 399 819 396
1137 752 1533 698
1362 895 1814 858
807 528 1047 489
1517 965 2007 871
1054 681 1369 617
203 119 254 104
258 173 336 144
853 570 1170 548
396 241 509 240
910 626 1216 589
302 160 380 141
830 551 1115 512
1445 873 1846 826
240 174 308 167
1505 914 1970 834
198 135 257 123
730 443 947 422
1377 879 1813 804
241 133 298 130
241 147 333 157
1464 956 1929 866
819 484 1065 443
1497 974 1969 899
222 175 311 142
772 482 1018 476
1085 661 1432 617
739 496 994 475
936 588 1209 541
1048 635 1329 587
366 244 495 226
31 19 45 17
384 250 500 224
119 65 139 58
1330 817 1741 781
295 200 392 183
190 119 256 123
999 629 1301 582
1375 853 1804 822
73 42 98 41
1149 724 1450 655
1327 908 1751 824
137 85 179 81
1229 750 1582 709
984 643 1319 595
1441 907 1911 853
1084 704 1464 681
121 59 144 58
333 222 442 200
496 315 635 299
304 197 407 201
1229 786 1632 733
400 238 527 225
1383 919 1866 851
490 318 656 298
1309 927 1763 827
1397 914 1861 902
1096 775 1466 718
181 116 238 107
1340 825 1767 785
188 137 267 121
482 331 645 296
