1495 957 1933 898
1393 887 1886 834
307 184 402 184
153 89 195 76
993 696 1359 641
760 485 993 454
841 548 1121 527
279 157 358 144
135 87 179 79
845 563 1126 530
928 607 1214 576
1503 947 1981 877
1504 969 2019 908
153 116 217 116
1413 893 1849 810
216 147 282 131
180 94 219 99
93 60 114 54
1197 824 1615 779
24 15 30 14
615 387 822 373
310 200 410 196
1328 899 1765 834
269 165 344 165
718 455 947 426
311 194 408 201
1444 945 1939 885
1372 913 1832 891
587 415 807 366
601 381 794 368
1318 874 1763 824
1228 825 1634 759
103 68 147 58
870 580 1150 540
1099 667 1464 641
461 314 608 287
753 481 1001 458
695 443 905 396
476 341 623 292
380 221 495 203
84 55 107 44
644 416 845 360
367 220 489 217
1350 883 1804 839
893 533 1147 485
314 196 419 190
991 612 1312 566
651 475 903 441
484 281 651 264
886 572 1178 527
1012 653 1357 609
476 311 634 283
607 411 823 379
218 145 277 126
652 420 867 408
1389 925 1856 853
1065 737 1434 663
477 306 649 285
740 495 977 451
849 548 1121 504
516 354 694 316
252 153 331 143
47 33 66 30
1384 964 1882 891
800 495 1080 480
498 339 642 313
150 96 192 81
1520 970 1995 892
973 644 1301 590
519 334 695 322
1458 954 1933 907
169 115 218 103
1073 765 1462 697
700 468 944 458
33 9 38 12
747 497 992 472
1211 738 1594 672
898 603 1213 554
148 101 194 77
1069 702 1439 674
213 147 281 133
1318 876 1750 792
1241 759 1624 746
182 126 230 115
352 213 467 221
61 36 77 38
208 136 279 118
366 229 484 224
424 300 580 268
1006 636 1314 593
1167 757 1565 698
76 33 90 39
235 167 336 162
129 65 163 69
272 157 351 150
1040 680 1371 629
17 12 21 12
221 129 289 119
1241 825 1675 780
1524 960 1999 883
1097 676 1424 620
238 173 328 161
1222 795 1617 770
705 435 916 390
1208 763 1624 725
1164 767 1551 708
837 528 1087 491
1282 816 1674 780
899 617 1183 588
997 630 1335 590
196 105 270 113
832 583 1133 516
618 451 836 389
1413 900 1825 826
178 133 242 123
555 342 738 313
766 522 1034 499
1119 721 1497 681
1434 861 1843 812
799 568 1093 528
55 46 71 43
443 269 599 275
1371 854 1783 785
443 257 597 239
1260 815 1650 740
433 263 573 236
1242 767 1647 712
864 589 1160 527
1401 922 1864 858
359 214 477 207
191 114 250 106
1284 835 1685 792
253 176 351 180
628 381 825 377
1235 824 1678 798
407 227 526 199
1052 731 1442 685
776 520 1043 508
727 440 938 394
377 241 513 216
1232 787 1585 706
219 123 287 99
336 216 443 212
1060 703 1408 676
1190 719 1506 656
311 199 405 178
241 155 317 139
1167 743 1497 697
613 401 797 361
389 254 529 248
1248 825 1656 749
1435 921 1906 834
993 632 1305 613
1348 874 1771 820
539 346 739 332
750 488 971 435
300 233 409 211
750 514 996 453
989 629 1306 611
1071 686 1411 640
881 582 1168 537
810 535 1122 497
1141 775 1537 700
1040 686 1380 611
15 10 20 14
1042 668 1386 632
302 206 411 191
10 8 15 9
334 203 428 190
795 472 1019 442
108 71 136 59
524 337 708 337
550 372 739 349
329 212 447 196
1388 884 1875 863
557 349 744 320
585 354 772 347
1199 766 1575 703
165 91 215 101
576 362 753 350
678 431 918 418
48 27 59 30
78 55 109 59
656 442 870 403
1339 813 1789 746
257 205 343 173
1088 680 1395 634
556 398 759 379
96 69 131 58
327 187 427 170
471 258 584 257
1035 671 1412 673
1324 861 1772 780
463 288 588 270
1271 830 1717 761
994 658 1314 587
690 430 903 406
371 255 495 218
391 263 519 249
383 252 530 244
669 424 875 399
623 399 831 365
140 98 198 97
116 74 155 73
1206 774 1624 721
500 301 665 286
598 387 807 370
930 587 1247 549
258 148 328 135
734 489 973 460
484 311 630 279
731 487 960 444
75 60 111 53
868 556 1152 536
56 40 73 41
356 223 472 204
719 460 967 432
319 224 417 190
1429 938 1954 904
391 237 515 210
150 103 206 96
171 125 233 121
98 73 134 71
698 470 923 433
1199 778 1613 736
895 555 1187 544
175 122 226 102
44 23 58 19
1518 963 1994 893
548 371 723 352
842 551 1119 502
1233 820 1669 801
410 271 524 235
823 506 1107 491
121 82 163 80
991 641 1325 620
499 355 659 323
649 396 852 382
1160 762 1536 689
1476 954 1977 894
1070 697 1419 665
422 284 578 286
480 307 643 286
899 586 1216 542
84 63 120 55
412 255 529 243
327 227 437 201
214 137 291 142
624 378 818 384
1376 918 1807 832
1288 821 1689 768
255 183 350 169
874 578 1179 550
54 31 72 33
955 582 1223 549
1459 905 1919 853
223 153 292 138
897 613 1188 562
1383 887 1874 838
369 243 496 252
1107 707 1493 671
1034 656 1399 614
444 259 572 262
703 443 928 415
1093 694 1434 631
965 671 1307 626
152 122 207 116
746 477 955 440
1071 722 1404 661
1159 788 1545 765
205 137 281 135
1377 952 1820 863
825 524 1080 493
557 326 724 309
407 258 532 232
195 125 252 121
659 429 889 412
831 514 1083 452
245 157 321 139
151 94 200 84
615 381 807 376
890 563 1176 528
1039 689 1380 638
735 476 981 462
846 574 1116 530
528 335 701 307
890 576 1171 531
789 493 1013 453
1389 933 1861 840
1466 909 1919 858
1245 762 1604 705
60 43 83 40
399 258 537 241
640 400 824 352
714 451 941 413
110 67 133 64
660 460 870 420
535 333 714 331
1227 818 1646 743
91 58 129 50
469 296 628 288
1491 949 1916 878
1352 859 1790 821
1218 782 1611 732
158 107 217 102
1351 858 1775 792
201 141 279 132
848 531 1122 502
1164 782 1562 731
123 85 177 84
1057 676 1402 628
807 544 1045 490
1252 804 1614 735
455 293 601 277
622 389 814 350
226 156 303 150
1125 743 1510 698
325 186 433 186
386 269 526 236
99 61 125 58
1404 829 1833 779
201 113 263 108
1379 895 1857 857
1218 820 1668 759
572 371 776 348
741 474 976 430
826 545 1097 519
199 139 273 129
759 530 1003 469
731 443 950 431
131 88 175 64
1080 635 1423 617
1463 972 1979 920
40 20 48 19
606 395 847 379
570 352 750 354
913 600 1209 560
1352 852 1771 794
679 436 893 385
489 338 654 302
267 189 365 181
1084 688 1412 635
1468 972 1953 906
1359 842 1753 793
302 189 397 205
936 640 1282 610
724 472 972 442
68 44 89 46
1331 846 1786 836
656 435 867 406
159 95 202 87
542 349 689 317
1398 919 1843 846
1307 847 1746 816
86 50 101 41
228 152 298 147
346 231 481 210
280 180 379 176
1456 936 1924 894
46 25 60 21
418 292 567 250
258 152 342 136
412 267 530 235
1080 654 1408 606
1227 803 1616 724
1159 734 1540 683
64 33 81 28
208 137 276 132
1400 867 1862 852
864 573 1119 536
744 469 980 458
963 596 1253 560
612 385 796 353
405 254 546 222
304 194 392 174
941 613 1262 601
346 229 467 206
1033 639 1329 587
1047 634 1356 623
37 30 51 23
223 156 304 136
246 147 304 135
165 94 207 81
456 285 592 272
675 408 881 369
1082 656 1454 620
220 139 295 124
1349 856 1764 799
833 587 1093 541
329 219 463 193
167 97 208 97
394 250 525 241
818 526 1074 501
704 440 912 430
980 625 1303 601
999 684 1352 619
1163 773 1549 741
1377 865 1832 837
46 31 51 31
1376 874 1820 834
786 475 1010 412
831 556 1110 523
1028 655 1348 613
335 205 451 202
1419 873 1865 840
1246 801 1654 737
117 68 150 66
369 220 452 207
1366 851 1767 785
992 615 1280 564
68 49 95 41
902 629 1181 587
123 79 178 80
293 190 376 177
784 508 1033 473
282 196 379 179
1391 866 1839 822
1151 736 1544 702
73 48 93 39
596 375 799 353
431 283 560 255
418 253 562 229
168 114 231 112
1136 680 1437 649
987 629 1316 599
221 132 290 115
19 8 22 8
741 461 955 432
527 336 718 316
231 154 314 147
767 488 1023 484
308 198 403 185
208 131 280 116
901 554 1174 513
855 547 1158 522
1283 819 1675 741
477 301 638 279
390 261 514 254
1284 831 1715 762
1226 800 1648 765
1461 960 1956 894
28 26 43 31
723 468 957 432
1095 721 1462 691
922 656 1273 622
890 573 1204 521
56 34 77 30
1442 920 1901 844
273 166 340 147
1192 765 1589 717
707 422 922 401
139 82 181 81
947 634 1301 578
132 94 178 79
1357 839 1753 825
844 543 1107 504
1409 928 1895 904
711 463 945 422
161 110 204 102
423 259 556 235
615 416 836 385
1147 739 1508 683
1311 843 1716 770
1043 700 1383 673
579 396 786 347
1097 713 1464 670
607 408 822 373
659 438 891 413
1227 791 1636 739
1459 946 1927 878
1198 785 1583 738
1021 652 1334 605
1375 872 1792 828
377 233 502 201
281 192 398 194
1081 685 1406 614
564 342 755 328
133 92 188 91
282 187 376 163
731 506 987 489
450 320 595 279
537 378 719 335
439 292 575 280
791 510 1045 480
397 247 532 236
1321 820 1712 756
1176 810 1557 720
788 479 1045 477
509 297 653 268
209 138 266 128
254 148 321 139
155 94 211 86
117 93 164 100
1145 719 1486 655
167 107 220 102
1019 686 1301 621
1280 788 1667 737
34 23 48 24
617 421 838 409
331 230 451 212
