869 552 1139 499
1108 757 1495 707
730 487 948 417
568 367 744 331
1263 813 1695 752
1045 658 1400 615
545 321 687 282
1477 949 1943 890
308 188 402 169
1428 909 1877 844
967 586 1261 556
1101 682 1439 643
250 132 327 129
112 68 146 71
593 401 793 376
1256 831 1644 769
34 24 46 18
713 427 942 418
1416 922 1865 857
435 247 565 240
410 265 549 254
518 316 684 315
581 377 791 352
1466 925 1952 888
1415 938 1894 880
182 117 244 115
1255 826 1648 766
18 16 29 15
1407 869 1837 798
415 253 518 234
25 19 36 17
172 101 219 99
415 249 539 235
196 118 271 116
229 146 291 126
356 233 459 207
371 260 503 237
958 625 1276 585
220 133 289 129
295 211 379 194
890 618 1203 581
323 183 434 184
1266 782 1636 734
297 185 367 179
1278 801 1665 758
650 417 856 399
1252 766 1649 722
983 628 1272 585
1344 847 1786 796
763 530 1041 514
1439 889 1897 844
680 425 901 408
597 412 788 370
1131 681 1470 637
889 569 1168 535
430 300 582 276
255 153 321 137
377 244 502 229
862 565 1142 525
1286 813 1693 780
1302 871 1729 828
1345 893 1802 828
797 528 1042 495
450 291 597 270
1393 902 1829 845
1373 912 1813 859
1348 873 1774 824
299 210 402 198
1256 838 1650 776
1497 943 1981 890
273 186 367 163
494 336 665 309
1259 867 1676 802
270 190 359 167
999 581 1290 543
1092 695 1457 645
600 359 782 345
667 415 891 427
940 664 1279 598
369 256 503 243
876 565 1172 554
415 256 548 245
440 293 577 277
342 230 459 216
1184 746 1579 728
1395 866 1789 811
113 66 135 54
597 347 791 365
1541 958 2040 881
1070 686 1447 652
1159 766 1518 696
260 185 339 167
257 169 335 156
223 161 298 152
759 502 998 463
27 25 42 24
876 559 1145 517
1290 843 1705 778
709 459 934 425
1537 934 1999 860
1467 938 1934 892
1266 815 1685 791
352 215 451 194
814 513 1056 479
520 333 685 328
86 60 116 59
1003 609 1297 582
174 120 243 112
975 628 1276 569
1394 883 1882 857
657 396 865 381
1274 824 1679 766
1161 779 1581 722
363 214 467 208
642 436 851 399
1055 638 1379 582
20 14 32 11
264 182 381 173
433 307 583 268
989 661 1322 613
691 482 932 449
566 385 753 353
774 517 1035 485
145 81 188 81
1496 983 1979 909
256 180 348 170
459 316 634 300
126 78 174 71
580 381 778 354
1405 913 1858 841
544 358 705 331
390 245 521 228
1471 968 1989 904
316 212 427 188
865 549 1141 537
1488 958 1955 921
922 597 1201 562
939 658 1268 623
1281 818 1686 761
1068 706 1414 676
727 496 989 450
591 384 786 342
19 13 24 9
213 150 282 130
1385 861 1842 825
17 12 23 8
341 205 427 184
1343 865 1764 806
301 205 385 182
472 313 636 285
218 137 308 144
16 16 27 13
338 232 462 222
1177 726 1579 700
831 520 1092 483
1073 675 1404 640
250 183 360 186
1424 922 1909 857
1052 721 1414 652
567 370 748 348
266 172 357 164
150 107 193 96
235 151 303 138
1307 831 1711 797
1141 747 1534 703
81 62 108 51
132 83 172 82
1539 968 2047 891
1078 663 1433 603
1064 652 1401 616
891 581 1217 549
1286 820 1690 756
380 263 500 235
1356 870 1837 837
1380 905 1814 853
209 125 259 118
137 80 164 62
1262 854 1672 811
880 564 1144 545
376 256 496 266
833 538 1121 519
812 548 1102 502
475 365 658 335
1466 919 1943 887
422 288 526 265
743 461 983 412
205 115 273 117
40 23 55 20
1346 870 1774 832
1334 830 1750 781
986 637 1296 587
791 524 1063 505
808 539 1091 481
1498 1004 1973 887
581 352 755 338
237 164 315 146
1107 678 1443 642
505 312 678 278
185 130 251 122
885 563 1176 521
1512 937 2001 865
501 336 673 293
606 385 796 376
969 569 1225 530
1350 828 1805 784
272 176 363 160
416 269 542 254
439 316 596 296
1455 901 1881 822
1355 920 1798 823
1433 914 1912 859
214 149 288 132
754 503 1011 477
875 543 1141 506
1453 954 1952 887
1589 933 2054 874
142 86 187 87
352 219 462 211
985 662 1318 633
554 337 735 320
703 469 943 439
1378 895 1823 842
1304 821 1706 773
220 132 290 135
198 102 251 106
504 352 689 322
1380 880 1828 826
1141 721 1514 642
86 61 112 64
1015 667 1330 633
899 625 1189 594
934 593 1258 548
1098 730 1455 673
824 545 1097 534
912 576 1189 528
800 544 1084 510
428 292 593 276
1151 716 1547 695
39 28 47 21
213 162 308 145
138 86 177 80
1099 681 1444 635
544 329 709 300
113 54 142 54
500 316 663 288
862 570 1134 512
1122 746 1466 691
584 361 773 327
139 85 193 87
318 198 423 175
630 396 842 364
1152 775 1530 724
1421 915 1868 873
291 212 404 199
311 216 391 205
1239 771 1634 709
1438 912 1886 830
108 73 134 66
337 213 440 198
1485 980 1958 929
1344 873 1797 821
951 646 1259 629
338 224 440 210
1099 706 1479 652
644 426 863 395
1464 973 1970 900
1497 963 1975 893
1440 912 1860 847
770 473 1026 440
111 71 150 68
1461 910 1932 852
431 298 562 268
563 361 750 365
1342 912 1793 836
380 242 507 239
532 331 710 320
764 459 1019 430
740 463 971 452
351 241 481 222
85 64 129 61
452 307 607 286
1134 730 1547 687
24 11 30 12
385 225 498 214
149 92 187 91
654 420 866 395
163 104 224 99
1200 745 1556 715
95 67 123 60
1370 897 1786 806
216 131 288 140
1240 772 1661 757
75 53 91 52
1266 831 1688 783
993 631 1338 571
280 193 366 182
1266 837 1685 761
639 414 857 400
489 283 624 255
1112 719 1472 688
787 509 1057 470
799 524 1083 505
437 296 594 279
556 328 702 310
56 34 74 32
570 370 712 343
1383 906 1866 863
896 588 1201 569
996 677 1359 634
195 148 275 145
941 636 1259 593
340 223 451 215
327 201 428 190
247 140 316 128
461 293 617 293
43 34 63 29
923 567 1234 532
1343 869 1773 803
765 493 992 450
587 370 780 340
752 515 1008 482
1498 971 1940 872
1278 833 1702 746
1060 655 1406 595
59 45 80 37
1397 873 1850 818
529 343 706 315
522 341 679 327
1483 910 1935 829
931 574 1238 542
814 525 1050 492
1348 877 1823 824
296 215 409 193
1174 791 1572 725
416 251 545 221
509 322 679 307
226 140 301 141
706 456 932 422
1391 878 1825 811
624 410 816 381
1079 641 1405 569
1172 742 1567 714
1156 807 1566 766
927 578 1227 546
1304 854 1731 795
1005 635 1330 610
1114 736 1501 701
843 542 1114 522
996 652 1317 603
139 84 178 84
1225 784 1628 717
1327 869 1808 833
714 455 930 419
165 110 228 104
928 598 1239 537
1005 705 1347 665
867 595 1185 561
991 611 1313 554
1158 769 1557 732
381 242 500 217
908 534 1175 518
378 262 508 258
431 273 584 243
233 143 302 136
157 98 209 95
970 569 1271 536
1356 877 1795 841
1275 837 1677 781
1381 850 1829 802
1202 813 1598 761
75 54 106 46
363 255 491 231
848 498 1097 462
106 63 135 59
1095 720 1444 679
397 259 526 247
1361 889 1837 833
1165 742 1538 675
555 393 746 364
905 594 1218 557
419 257 541 243
274 152 341 128
51 36 71 35
1368 858 1792 834
760 527 1021 487
25 16 33 13
1567 943 2027 886
213 135 275 131
377 245 514 234
80 55 114 48
47 29 64 30
590 396 800 378
20 19 28 22
1435 926 1922 879
1417 877 1891 828
1144 717 1516 683
1229 780 1624 733
327 211 439 198
848 535 1130 522
87 55 124 49
188 109 245 95
207 139 265 136
1204 780 1614 734
378 228 500 197
22 16 30 18
486 290 638 274
902 597 1208 563
498 317 643 296
341 238 472 239
745 477 989 465
646 442 850 419
69 51 95 42
1089 729 1457 679
287 175 381 165
171 113 229 103
555 386 748 360
75 57 110 53
642 430 874 421
417 264 545 237
1210 768 1624 739
1053 700 1384 643
886 535 1148 510
743 469 996 427
416 258 554 241
1372 877 1812 787
1378 954 1885 902
1371 917 1857 841
769 494 1013 472
295 191 384 175
1393 925 1861 888
1346 851 1749 774
1395 852 1826 814
512 345 676 337
77 40 87 34
278 179 359 161
407 270 541 256
365 240 483 215
14 9 17 9
1000 605 1309 561
1195 733 1544 689
59 45 84 38
383 226 499 224
1342 841 1769 749
1104 713 1506 685
170 112 212 102
1258 798 1705 770
654 404 858 384
312 224 434 204
77 50 103 47
336 211 435 189
767 518 1013 507
34 28 48 25
280 169 355 153
568 372 762 339
772 486 1023 485
1093 645 1431 607
381 218 490 210
1419 902 1849 821
335 234 455 226
1130 746 1532 715
583 380 773 350
1482 956 1912 905
1301 799 1715 760
1393 880 1843 817
603 395 796 384
1417 894 1876 857
1220 805 1646 753
1277 855 1683 784
148 89 188 92
872 581 1168 539
1455 913 1938 845
175 114 228 108
458 295 626 268
618 398 850 369
266 154 353 144
269 169 355 152
1492 947 1956 862
1502 979 1966 927
995 606 1277 583
1173 829 1660 786
134 102 177 96
870 538 1160 514
1076 684 1412 653
1047 669 1404 622
465 301 598 277
643 432 898 412
608 375 805 357
1029 662 1380 637
1108 681 1442 656
973 631 1281 579
137 88 180 76
376 255 506 237
261 165 350 164
343 218 438 211
532 354 708 321
455 313 633 293
1148 724 1495 685
34 23 53 24
1277 836 1649 770
397 268 532 264
861 533 1129 502
832 500 1055 474
970 636 1307 609
740 503 1018 453
938 641 1304 608
632 398 811 379
635 398 814 369
818 492 1073 475
1288 839 1700 773
97 61 136 65
835 540 1126 523
310 212 430 203
183 104 242 105
141 96 185 91
1352 891 1798 815
120 78 164 74
768 509 1036 486
517 320 671 301
763 467 1004 436
661 431 873 403
1457 920 1902 868
233 148 312 136
1074 695 1415 667
1073 742 1429 683
521 303 691 283
661 437 894 424
1155 779 1565 710
836 514 1091 500
670 438 869 416
12 8 14 9
571 374 762 365
167 131 216 107
284 179 378 175
1004 657 1339 606
1445 954 1880 861
1373 865 1777 817
741 463 972 442
1114 772 1497 723
329 217 432 200
1362 841 1786 774
245 172 327 170
1121 691 1461 662
1452 955 1919 906
91 48 109 52
1254 812 1672 776
1077 708 1418 659
836 542 1074 504
1220 756 1614 714
36 23 43 22
314 199 422 193
816 531 1070 497
481 281 628 279
270 175 370 159
325 238 419 219
1063 655 1387 597
164 118 223 101
62 34 75 31
1054 686 1423 678
779 495 1052 478
1135 737 1523 697
1077 679 1401 621
851 552 1127 522
1352 966 1824 872
553 344 731 329
31 18 45 17
709 441 925 424
743 436 951 403
251 153 311 129
1518 928 1976 869
15 16 26 15
1333 900 1804 815
673 446 907 421
379 229 495 217
134 83 175 81
1370 871 1794 840
724 513 967 484
1255 854 1670 785
428 283 580 262
1153 783 1586 763
131 59 156 61
446 254 574 227
453 290 608 286
1329 838 1755 778
1037 652 1356 623
39 27 52 24
256 167 326 143
820 523 1099 504
1431 933 1909 898
187 118 246 100
1343 800 1736 776
856 554 1148 518
567 359 741 328
1302 885 1765 821
474 310 643 286
1122 762 1496 713
337 238 459 222
185 114 252 110
295 170 369 159
1081 741 1464 697
799 529 1041 491
