64 40 88 37
97 66 127 65
686 422 910 396
208 125 267 112
213 138 282 116
829 565 1116 525
364 238 465 230
216 137 293 136
1108 705 1428 669
710 493 971 454
1231 810 1658 758
1142 682 1507 648
1031 603 1339 564
224 134 294 130
935 573 1223 542
293 183 376 173
659 441 877 427
938 608 1223 572
524 344 690 323
825 531 1081 502
382 249 498 243
1083 727 1464 668
1455 906 1914 839
1217 809 1636 787
237 135 303 123
570 366 758 344
407 258 538 225
498 284 641 259
12 7 13 4
420 278 563 265
453 273 573 259
1292 837 1730 794
268 159 367 148
411 254 553 250
1424 951 1898 876
180 117 233 105
296 195 403 176
31 19 43 19
960 632 1226 579
1060 705 1378 620
329 212 428 199
473 281 625 269
634 393 808 367
1097 652 1424 628
1322 876 1797 826
16 6 19 5
574 385 746 352
529 336 709 321
911 570 1195 555
1192 788 1577 749
1070 647 1411 610
604 367 771 329
989 653 1317 654
55 37 66 36
866 569 1144 543
1180 785 1558 730
1016 631 1349 607
297 179 394 172
379 232 486 218
1295 821 1691 796
804 558 1100 517
1310 884 1758 794
940 596 1256 534
662 441 893 422
1008 595 1319 577
660 441 868 382
218 139 288 125
497 306 636 288
1391 934 1854 843
898 557 1176 528
972 664 1295 612
315 185 397 173
576 323 773 319
305 202 397 183
885 584 1190 529
444 266 575 250
430 294 583 264
729 475 962 447
290 194 387 177
921 627 1237 599
368 224 474 204
117 77 157 77
584 368 777 328
12 9 20 10
66 33 84 37
994 647 1328 587
363 260 493 254
432 271 573 246
961 615 1256 555
984 617 1285 566
1469 935 1922 880
125 83 170 78
1245 802 1662 742
1454 890 1909 830
599 378 788 351
308 188 410 185
719 454 964 412
141 78 184 74
88 49 110 46
324 231 432 197
1215 752 1585 685
807 497 1049 457
504 325 661 314
463 345 647 306
172 127 227 118
589 361 792 336
574 383 780 350
1352 891 1791 804
397 248 509 225
421 251 575 249
922 600 1218 542
842 535 1093 484
15 16 26 16
503 327 668 309
42 9 46 16
215 137 274 122
406 276 552 268
1033 681 1374 616
306 209 426 196
390 247 522 246
637 390 801 346
113 85 158 85
937 617 1236 566
741 513 986 469
1298 806 1701 781
1030 610 1335 558
280 172 357 156
1069 670 1384 622
329 221 441 202
1312 872 1726 790
232 135 284 133
830 524 1111 511
113 78 158 78
1259 808 1640 755
834 530 1104 479
1183 776 1578 719
292 194 390 173
15 7 15 6
453 328 608 294
631 402 848 381
400 283 543 262
851 622 1174 600
1075 715 1428 667
467 287 606 276
1324 880 1767 855
994 698 1361 643
1058 710 1418 664
557 344 767 325
342 239 467 219
1383 953 1892 911
935 575 1265 556
256 157 332 141
841 536 1139 503
127 92 162 82
937 625 1281 586
461 269 594 251
1443 946 1920 889
1368 907 1826 840
42 21 56 20
150 97 197 96
1005 663 1304 614
594 386 764 343
1295 799 1664 730
101 64 141 64
1045 674 1397 637
1247 811 1652 776
1087 682 1417 618
858 595 1170 544
621 386 809 351
73 64 101 64
1024 684 1397 647
685 458 911 427
377 220 492 215
1050 656 1351 600
1176 742 1583 716
402 265 536 251
324 221 435 209
667 425 887 415
703 439 934 420
869 513 1145 507
1315 845 1728 783
158 115 225 109
736 473 948 424
312 216 422 207
76 52 103 48
1020 684 1357 626
682 432 890 395
419 252 549 243
481 297 630 278
716 488 939 431
1308 859 1780 816
330 219 429 200
426 305 573 270
1079 691 1429 665
175 105 224 98
525 327 677 318
704 477 956 437
1253 839 1652 755
139 95 191 94
163 109 225 102
808 495 1064 478
260 170 348 155
767 504 1008 457
1382 934 1861 863
1436 906 1934 850
387 264 514 240
247 156 335 147
529 374 704 345
1121 693 1508 661
788 501 1032 474
1012 663 1379 624
248 169 341 162
170 109 222 107
1037 684 1374 629
1402 868 1840 799
611 388 778 340
382 266 512 242
779 490 1049 465
473 330 636 300
643 373 807 352
553 334 726 312
182 124 243 126
469 301 606 289
1299 832 1723 784
519 359 703 324
1095 709 1462 665
355 229 473 217
720 447 965 430
1178 758 1569 713
867 527 1133 471
257 176 340 165
319 204 447 182
789 517 1034 488
435 278 573 254
456 280 613 254
1253 826 1662 764
429 293 584 281
687 426 883 399
402 257 542 240
1482 898 1943 846
1000 674 1357 633
111 61 135 60
874 568 1198 527
1103 684 1431 644
142 77 187 76
73 43 94 44
1181 733 1566 704
279 209 379 174
1292 860 1709 785
1025 613 1346 573
1333 837 1750 810
1202 793 1602 718
162 118 230 113
768 474 1002 452
37 21 46 22
631 383 837 365
694 444 936 445
659 422 884 398
1198 792 1563 731
1072 703 1416 632
217 145 296 135
287 205 379 197
1279 805 1651 767
406 280 539 253
1480 913 1950 849
379 271 511 265
1463 950 1935 901
343 221 460 212
359 219 466 210
773 508 1001 445
1266 821 1655 790
188 125 250 116
1142 728 1503 692
966 627 1279 580
870 579 1150 551
657 417 833 382
815 538 1086 513
1506 957 1989 870
1271 871 1738 787
1330 863 1748 815
1370 897 1865 871
162 114 224 96
695 453 899 413
131 87 178 86
557 328 730 319
1392 887 1844 816
439 285 579 263
1177 763 1549 671
66 50 91 43
150 103 206 94
670 461 905 417
979 665 1333 639
509 358 689 322
1527 948 2005 876
1307 801 1684 727
701 405 894 367
1494 910 1920 870
506 344 681 315
1144 712 1485 663
214 139 289 133
443 323 590 300
90 57 105 50
269 167 354 159
787 473 1046 467
15 19 25 17
333 207 447 212
1303 804 1719 757
854 542 1112 503
74 48 95 35
523 340 696 312
718 431 929 406
540 337 708 309
700 431 941 427
428 254 545 252
719 438 937 435
665 425 847 388
933 629 1244 581
1478 941 1968 889
180 112 227 103
1087 699 1421 642
168 89 218 88
1417 893 1867 821
9 10 15 10
710 489 966 452
580 378 785 378
1151 757 1553 702
408 271 524 247
422 271 560 251
1144 680 1503 628
1264 821 1665 733
255 194 353 182
556 337 741 302
1284 783 1663 751
511 325 697 306
720 451 932 425
1559 958 2082 900
393 262 526 243
575 342 770 317
345 183 434 167
763 484 997 446
1051 682 1418 636
114 81 158 71
1393 800 1800 748
201 135 282 127
130 80 174 77
45 29 59 27
1279 846 1674 789
168 125 238 105
26 15 33 15
222 150 285 146
744 462 961 418
201 109 250 100
979 626 1291 584
887 574 1165 546
1211 749 1593 714
698 440 899 415
1314 884 1746 817
963 641 1303 601
275 179 368 173
1452 939 1917 877
1134 722 1510 700
305 187 388 163
667 408 881 379
77 41 98 39
836 527 1074 488
1206 788 1622 765
70 35 100 35
1333 826 1759 791
130 102 183 98
56 37 69 30
735 495 987 447
1192 775 1593 739
1285 842 1708 777
1084 683 1407 635
1459 987 1931 903
1097 694 1419 623
1419 915 1892 893
123 92 172 83
467 291 615 281
381 257 493 240
1297 811 1621 768
740 508 986 467
380 250 508 213
888 593 1183 574
426 285 571 264
1300 820 1705 773
1453 981 1904 898
757 490 995 447
1327 846 1738 816
484 304 613 277
1265 843 1702 785
1196 765 1599 729
425 262 539 249
1376 935 1846 861
387 282 515 259
984 629 1304 589
215 149 287 143
123 75 155 62
280 178 357 166
521 320 668 298
1157 729 1536 706
288 181 377 155
925 569 1221 530
696 399 903 385
1003 675 1391 627
12 5 15 5
1190 778 1555 706
1387 901 1815 843
23 13 32 15
588 371 769 355
348 239 459 213
1101 682 1424 632
133 91 188 86
637 377 833 363
738 465 977 452
1289 810 1695 736
44 30 62 32
1212 812 1631 751
940 558 1230 564
1123 758 1502 707
769 514 1028 483
1481 950 1946 856
1354 839 1777 779
112 86 147 77
1243 786 1635 748
1075 671 1390 631
1294 853 1699 795
486 358 652 326
708 479 974 441
976 613 1268 559
1321 841 1718 788
324 171 400 166
404 262 546 233
404 263 534 250
772 506 1009 463
1385 885 1810 841
1015 699 1355 659
51 23 71 28
575 413 809 392
124 80 171 81
989 618 1306 578
744 454 998 432
1314 847 1717 803
440 281 578 293
992 609 1323 583
171 128 236 114
852 562 1121 491
897 627 1180 562
614 419 807 384
966 622 1273 566
137 73 178 69
1374 895 1792 851
842 552 1135 491
92 57 122 50
330 218 442 208
889 583 1163 512
606 406 813 390
1013 686 1356 648
1158 796 1521 770
622 396 805 380
322 196 416 198
494 323 657 309
361 218 461 189
78 65 111 54
1255 825 1678 784
458 299 617 273
134 74 180 72
1437 919 1940 869
624 362 818 353
1162 756 1556 732
710 448 923 419
307 212 444 210
735 455 963 423
1501 972 1977 898
1350 903 1795 828
455 279 614 286
611 400 815 378
707 437 931 386
313 205 394 186
40 30 44 20
1510 971 1978 879
204 118 274 104
886 615 1189 546
1224 781 1619 733
785 510 1033 469
955 593 1272 578
73 53 98 52
374 222 513 208
385 277 547 260
1136 719 1493 667
754 504 992 463
1427 900 1899 846
737 470 972 436
153 100 208 96
1051 644 1378 604
446 264 562 248
341 218 422 193
1286 802 1688 777
632 410 839 377
1109 711 1452 648
994 672 1334 614
1403 905 1876 868
466 272 607 256
351 241 476 231
276 179 363 162
816 531 1056 478
488 315 652 306
136 95 196 104
948 620 1251 572
294 206 400 180
1181 797 1572 759
421 268 562 261
29 16 39 20
312 192 407 184
352 213 466 221
1112 753 1461 686
337 224 443 206
1188 777 1631 749
857 589 1131 545
442 317 594 291
876 560 1145 526
1015 638 1369 616
819 560 1066 529
932 599 1214 536
212 136 278 133
640 420 860 390
252 183 347 177
89 48 109 41
1197 782 1595 746
250 179 344 161
1123 754 1504 703
45 18 53 16
1189 768 1583 710
610 389 827 383
889 573 1186 532
874 538 1146 497
816 478 1042 446
159 113 208 100
797 480 1031 485
728 442 952 424
1201 774 1610 699
1041 703 1385 665
1251 802 1657 776
918 604 1219 556
425 247 568 231
873 552 1129 525
915 596 1230 552
1401 893 1812 814
394 232 516 225
913 595 1197 563
427 295 615 261
458 311 631 313
66 39 93 35
1234 744 1607 699
903 555 1165 530
761 508 1039 470
672 442 866 404
1459 920 1956 878
463 300 595 278
1441 965 1930 900
942 632 1277 613
1155 759 1517 710
694 461 902 420
1453 914 1915 867
716 469 962 472
1062 673 1400 612
611 430 849 393
1417 889 1894 842
1226 760 1620 718
129 85 178 80
819 555 1094 531
1127 726 1467 646
1374 954 1864 864
418 266 554 254
152 114 194 96
372 233 489 231
205 107 253 92
1277 847 1701 773
105 57 133 59
748 484 991 457
1435 929 1890 908
1160 727 1560 680
1431 897 1900 854
1473 950 1986 885
848 571 1163 567
267 169 364 144
284 190 362 165
954 587 1260 563
143 81 172 77
569 392 751 401
787 521 1005 467
699 459 919 427
1483 962 1953 886
1025 690 1388 627
1221 776 1611 729
353 232 467 218
445 270 603 253
263 194 355 168
295 195 376 173
165 109 227 107
620 435 860 405
562 347 728 320
840 518 1089 465
53 40 72 40
1420 1006 1936 914
1051 639 1363 591
466 334 631 306
879 569 1147 509
837 517 1079 493
42 22 59 22
1020 652 1383 591
453 285 610 282
1110 675 1474 625
246 170 338 165
560 380 758 346
1396 894 1866 853
247 173 325 165
283 198 393 199
406 236 525 220
824 520 1115 517
1173 765 1554 691
304 185 390 176
1399 934 1849 866
1399 916 1834 850
826 518 1074 472
796 503 1062 483
308 205 421 177
1194 743 1582 720
265 154 342 150
495 318 661 292
1129 734 1528 677
823 531 1126 493
163 106 222 96
842 538 1084 502
1472 948 1913 895
236 146 307 137
111 65 149 59
153 89 195 88
1418 959 1935 890
1492 977 1980 907
9 8 13 7
875 568 1152 544
1226 768 1631 743
135 85 178 73
740 494 958 457
884 604 1165 570
1068 703 1379 648
625 387 814 343
390 251 512 242
873 568 1172 510
1367 876 1805 802
197 116 259 121
1452 959 1976 871
328 225 453 215
490 313 626 295
94 57 135 58
79 61 115 61
1090 687 1428 617
339 214 481 206
1278 850 1707 767
943 636 1244 586
32 21 40 19
1255 787 1620 748
168 111 213 103
46 22 50 21
342 232 463 219
128 87 165 72
504 355 682 345
471 294 650 294
92 60 128 59
996 633 1356 610
49 26 57 20
1438 933 1954 901
675 465 903 419
1427 919 1842 871
971 655 1317 625
194 107 248 99
1182 805 1606 760
423 249 551 239
1473 922 1952 856
705 487 968 454
1350 920 1820 859
382 231 489 223
37 28 54 28
1383 872 1831 817
20 15 32 11
433 310 562 279
1212 824 1609 773
1123 723 1486 660
766 503 1008 470
494 302 624 278
57 41 77 39
1376 821 1830 804
585 378 743 360
748 538 1001 506
1293 870 1728 792
852 553 1125 504
1097 724 1460 670
867 546 1152 529
1117 728 1467 680
