1425 970 1929 901
821 547 1116 529
1244 838 1647 775
1058 674 1402 619
1207 767 1568 723
1441 923 1945 872
1237 789 1650 730
292 174 388 169
547 375 724 337
719 481 977 447
989 594 1303 539
857 570 1125 537
1045 624 1350 595
1384 896 1857 866
451 274 606 265
114 70 157 66
228 150 315 148
1135 742 1488 653
1010 637 1354 616
321 216 423 194
1053 685 1376 647
1351 901 1785 846
175 106 227 95
1458 930 1944 864
904 574 1186 534
908 596 1183 538
530 349 701 334
1307 896 1749 833
276 194 358 163
953 603 1235 571
1492 966 1982 886
348 264 481 246
390 268 515 249
927 580 1234 559
713 437 952 401
457 313 596 289
1139 745 1533 666
97 58 132 57
1419 913 1874 874
1309 845 1735 798
193 143 256 130
890 613 1191 555
425 271 563 240
18 13 19 9
251 151 322 138
877 581 1203 575
18 10 24 6
1108 678 1431 615
624 381 822 364
1203 805 1597 779
312 186 400 175
606 366 799 346
1181 782 1565 730
1311 856 1730 786
187 124 244 113
1287 858 1704 777
1480 933 1938 862
133 101 175 85
143 97 197 97
67 49 93 42
968 587 1271 555
1478 921 1936 880
753 498 1021 481
276 147 343 148
42 27 61 31
1458 873 1908 841
226 171 300 158
194 123 259 121
1047 721 1413 684
1079 712 1431 662
1166 769 1554 718
1318 822 1805 786
782 528 1060 503
1483 971 1966 890
243 170 325 174
266 183 365 184
123 76 162 79
1088 636 1412 603
1086 763 1458 698
945 601 1256 571
814 526 1081 503
1335 845 1786 812
504 274 649 279
1044 654 1378 608
1248 845 1685 793
496 309 660 276
1260 813 1654 750
1292 878 1714 823
449 270 584 271
1036 685 1379 619
1260 771 1673 733
392 253 532 239
396 259 535 257
1376 917 1793 826
48 39 64 30
824 537 1123 531
663 420 878 406
1307 847 1756 784
1417 952 1922 875
782 508 1037 479
1034 695 1389 658
1435 912 1897 837
752 475 1009 430
292 181 380 165
1457 903 1897 846
1338 879 1792 846
306 171 395 182
270 180 373 174
562 357 734 336
726 427 948 384
1009 609 1314 556
1092 716 1440 700
312 218 419 199
1270 828 1700 740
597 376 776 350
44 35 61 31
994 653 1328 612
658 438 877 419
173 104 231 95
1411 917 1839 821
1163 722 1508 690
529 334 676 311
365 234 485 223
922 610 1245 580
257 153 336 149
675 424 904 395
345 200 449 183
1028 607 1303 556
1127 748 1509 708
1028 671 1365 638
784 570 1076 503
26 15 35 16
129 88 175 90
1399 888 1875 815
1078 660 1425 647
522 310 697 309
1482 971 1973 889
318 208 425 192
832 544 1109 523
227 141 299 140
1472 915 1959 884
1037 639 1368 577
710 444 940 417
10 1 12 3
561 362 746 334
40 31 62 25
444 284 576 252
1515 961 1952 866
1062 719 1431 694
219 119 281 113
360 231 467 220
1243 826 1670 760
773 488 1043 451
987 651 1323 599
1158 752 1541 696
81 66 113 59
885 546 1181 499
1284 816 1674 747
814 553 1084 518
556 344 751 332
1117 748 1551 719
1100 727 1443 682
616 393 808 380
826 544 1110 504
1168 728 1531 678
214 125 277 118
1411 897 1869 833
1444 868 1872 847
1075 690 1422 647
1053 713 1419 628
185 123 253 118
778 511 1039 504
464 301 625 290
1292 881 1718 798
657 439 897 410
876 552 1165 522
1163 787 1557 770
780 539 1038 491
1259 805 1632 744
1517 945 1977 890
1489 942 1952 890
1384 959 1862 905
1350 943 1849 919
1457 922 1872 854
1411 914 1907 848
295 200 392 178
1426 977 1905 892
236 138 309 123
463 282 611 286
331 203 440 202
155 102 207 91
558 390 760 352
1278 868 1744 806
386 246 519 241
221 141 289 127
1083 680 1392 632
74 56 91 50
1462 915 1924 848
96 64 122 58
85 52 114 47
852 572 1111 535
328 215 422 186
805 481 1050 428
16 9 21 8
749 510 1000 467
1242 778 1632 731
38 25 50 26
361 229 482 219
1049 650 1400 612
966 617 1277 580
487 315 649 289
43 26 56 28
304 175 399 180
771 496 1024 459
966 578 1271 552
1065 724 1436 644
521 358 709 346
654 421 873 404
1314 802 1729 794
894 556 1166 522
51 25 61 23
1141 771 1532 701
332 210 456 197
929 618 1242 567
1375 902 1847 863
956 651 1285 612
94 55 133 52
122 75 158 73
1136 743 1469 674
716 482 954 460
1350 879 1818 823
926 567 1203 534
814 547 1081 519
754 479 999 451
206 135 272 113
830 542 1121 491
1374 949 1857 880
166 104 222 97
1190 767 1547 703
404 206 529 213
109 63 141 55
488 323 663 297
334 197 423 194
1278 832 1673 784
389 269 536 249
283 169 368 158
1255 795 1608 719
754 503 1029 487
1224 773 1570 723
274 176 374 159
1529 923 2013 881
739 527 994 454
1363 886 1802 854
65 47 94 44
1513 984 1984 934
1051 674 1421 603
451 289 578 255
60 39 82 35
1394 974 1889 899
1346 842 1749 800
936 613 1240 578
972 613 1256 554
274 163 366 153
969 620 1260 563
1150 724 1530 687
425 279 563 255
255 190 364 177
655 418 852 410
1369 933 1903 900
702 463 936 429
23 16 30 12
1389 920 1849 860
155 106 199 99
1533 954 2009 898
822 580 1108 511
74 43 84 34
364 227 458 192
1196 685 1539 653
908 549 1169 512
305 211 419 212
1215 808 1637 743
1100 694 1430 650
516 349 685 304
1153 743 1534 702
241 148 321 137
42 28 49 23
35 22 52 24
155 93 204 88
268 163 330 146
571 375 750 328
988 642 1315 597
681 424 880 402
307 189 391 181
47 21 64 23
1352 892 1823 879
152 82 198 71
106 70 134 62
66 46 90 43
103 62 127 56
777 496 1045 461
887 551 1170 511
17 8 23 9
1357 907 1836 865
925 584 1238 542
705 437 950 410
933 597 1211 558
1495 938 1985 910
225 128 288 123
668 443 877 414
1392 919 1814 861
957 582 1233 543
829 538 1049 482
151 104 191 94
535 348 720 342
661 422 873 393
1116 685 1470 632
1289 860 1774 818
839 516 1091 479
1005 613 1306 606
716 434 940 420
1079 726 1422 691
506 349 706 341
239 155 319 139
1112 736 1484 660
73 36 93 38
126 78 167 66
865 553 1134 516
10 10 15 8
615 360 820 337
1013 694 1359 654
531 379 716 345
1383 906 1871 850
1548 976 2022 899
1310 823 1728 790
361 255 492 226
116 66 155 60
1108 753 1475 691
1145 716 1532 695
102 66 144 73
550 347 714 307
863 549 1147 510
939 644 1292 592
512 297 663 299
364 223 457 209
844 571 1148 534
1269 788 1674 747
135 99 188 105
637 435 867 394
1275 849 1718 796
939 603 1224 548
1218 809 1583 730
925 565 1197 527
1188 749 1579 705
117 79 164 66
781 493 1044 465
575 380 769 356
665 381 844 361
671 430 879 425
150 91 202 91
707 473 937 475
1126 676 1482 654
879 581 1164 534
51 29 65 30
491 326 657 301
865 565 1127 524
915 589 1214 547
316 186 413 179
611 406 824 371
280 204 414 204
363 234 476 227
326 205 445 197
386 249 523 240
328 211 428 185
698 441 939 423
464 296 625 290
1237 799 1631 735
9 8 9 5
1274 842 1684 778
373 228 484 216
1049 655 1390 633
1273 776 1664 739
693 416 930 390
892 640 1232 593
826 497 1114 479
1371 899 1847 823
412 269 555 250
845 508 1081 480
297 206 413 199
233 139 299 121
1449 914 1937 865
135 80 168 77
406 277 529 250
789 480 1037 485
1188 746 1536 692
850 556 1112 510
870 561 1127 516
361 207 458 181
1136 707 1475 663
637 444 861 389
322 204 433 190
507 329 673 298
729 451 954 421
309 178 391 165
1524 970 2029 907
84 41 100 34
60 36 85 38
728 488 942 442
46 25 67 25
47 37 64 27
816 542 1096 531
181 121 250 108
899 585 1188 553
826 542 1101 528
97 62 133 61
163 101 211 93
284 193 370 189
709 460 928 425
154 100 203 95
1436 964 1907 874
459 319 629 299
960 633 1265 582
346 237 472 231
791 529 1077 476
1026 699 1407 646
994 614 1284 576
762 493 1039 486
339 226 433 201
674 416 879 382
1108 720 1440 666
1347 896 1829 843
998 653 1309 600
1513 965 2011 931
1461 943 1983 902
321 199 418 185
1180 740 1573 685
1087 687 1429 630
234 160 323 151
925 576 1226 546
381 274 501 252
180 109 219 104
779 534 1026 502
733 455 988 441
355 232 478 212
1164 752 1543 672
17 8 24 10
817 536 1091 500
331 179 414 162
305 206 406 183
335 220 443 214
937 591 1213 517
373 262 491 242
642 429 846 390
1391 852 1823 831
1149 759 1518 701
1440 993 1901 886
890 587 1176 523
72 51 103 53
1255 836 1653 757
1392 867 1836 810
187 137 265 140
1320 863 1748 763
1263 801 1654 766
145 85 196 86
738 485 958 457
305 201 414 185
458 271 592 254
382 283 518 261
145 109 194 100
789 474 1032 451
587 396 800 363
1032 681 1377 651
843 535 1118 499
1410 913 1884 872
931 595 1241 534
1267 805 1672 761
1050 657 1393 627
297 196 407 190
206 128 266 115
499 322 673 314
625 395 787 379
912 554 1207 530
360 234 472 217
1468 943 1942 882
383 253 505 243
55 29 71 33
725 508 1025 478
187 124 252 116
1282 858 1688 783
119 58 154 60
1350 852 1772 795
927 567 1188 527
1517 959 2038 923
1495 869 1980 836
459 283 591 257
59 39 80 33
28 16 39 13
1394 902 1856 855
805 530 1051 494
936 584 1238 541
1027 625 1331 571
586 385 768 358
190 130 263 113
1143 781 1510 711
1344 819 1727 791
443 282 583 263
419 263 540 239
777 473 1029 470
548 373 746 354
330 187 427 196
1173 755 1557 728
1375 902 1858 850
532 349 695 315
1343 873 1780 790
375 262 507 231
595 365 787 368
1138 707 1482 660
1324 856 1727 814
1031 704 1379 649
913 590 1234 578
1472 927 1956 869
1226 743 1602 743
245 156 331 156
248 158 332 162
116 98 155 85
76 61 107 54
670 441 897 431
295 183 387 174
1271 773 1659 739
428 261 555 246
351 224 461 202
839 571 1126 529
378 251 512 231
691 409 927 401
603 360 794 350
1069 697 1410 632
798 535 1053 506
927 607 1223 573
1056 706 1406 652
927 609 1253 578
86 57 122 55
1179 746 1530 682
51 36 75 34
901 570 1181 542
20 15 30 15
237 170 320 152
716 451 951 421
1314 793 1705 749
1325 878 1794 832
522 354 700 311
811 494 1049 480
21 15 28 15
1132 757 1531 680
616 386 779 356
302 197 408 176
77 63 108 62
125 73 153 68
235 160 319 157
1371 899 1815 809
958 624 1270 576
564 354 738 331
47 24 56 19
295 167 376 149
121 65 152 57
602 385 790 355
224 151 296 142
799 501 1061 475
434 260 560 244
641 399 850 375
501 292 658 280
613 393 834 380
250 172 333 150
1319 777 1734 742
61 45 84 37
1441 900 1879 828
977 626 1304 578
1487 934 1942 884
1031 645 1375 627
278 178 374 182
68 42 94 44
1317 838 1729 804
1419 946 1887 871
1415 938 1873 910
1221 721 1578 685
1465 956 1923 877
701 429 913 402
231 158 316 159
106 62 138 66
1424 941 1898 867
377 249 504 229
1247 768 1658 745
542 355 722 332
409 264 538 244
1057 697 1386 674
1464 927 1921 879
332 226 443 200
1253 780 1662 746
347 237 482 224
1133 680 1499 656
1017 679 1343 618
159 84 198 85
129 80 165 66
886 614 1199 558
399 253 532 254
68 40 86 34
86 67 118 60
277 179 378 165
1222 755 1576 715
374 244 518 224
1247 804 1633 759
1110 732 1463 658
420 267 574 254
1485 965 1985 905
826 536 1096 509
1514 974 1984 898
673 441 883 408
1466 925 1925 853
866 528 1145 524
123 67 161 64
549 326 679 268
374 225 480 205
826 536 1100 528
504 322 663 297
273 159 376 150
303 205 393 183
551 376 747 352
251 153 335 143
32 21 44 25
927 617 1242 618
39 34 53 33
1068 713 1458 652
381 258 514 233
1347 842 1769 782
959 576 1242 540
961 597 1266 557
1143 726 1478 694
682 442 897 401
1129 709 1503 630
1321 855 1745 797
984 628 1316 599
767 478 1020 479
425 259 555 244
939 605 1222 566
706 455 941 461
860 558 1128 522
168 103 214 97
358 196 448 180
1443 893 1897 873
196 99 236 107
1004 623 1325 573
882 543 1155 508
1380 903 1807 816
250 168 326 153
426 276 576 236
211 145 290 140
1057 723 1426 655
1319 833 1727 824
1361 841 1798 787
1237 821 1683 752
585 400 773 349
168 107 222 106
1507 946 1966 847
1143 744 1537 692
853 578 1148 531
1225 772 1579 742
380 260 531 243
987 654 1343 612
844 535 1116 503
359 219 461 195
337 200 424 191
805 537 1091 518
338 230 464 201
1008 587 1292 543
618 402 811 374
368 249 509 234
758 499 1020 478
1143 727 1477 668
494 326 659 312
1193 746 1545 688
42 33 57 29
869 528 1172 484
1039 702 1394 651
1456 938 1908 900
1164 708 1517 683
26 15 40 15
815 532 1071 499
1087 720 1445 638
749 476 978 459
484 286 626 281
462 301 593 252
107 54 138 52
1305 838 1712 795
645 387 838 370
215 134 287 129
104 76 147 57
1366 876 1814 836
923 616 1239 578
108 69 140 67
604 396 820 369
1334 830 1793 793
1097 745 1490 690
407 250 527 245
387 254 498 231
139 86 172 68
870 550 1130 505
1458 957 1952 924
1158 695 1496 680
696 436 909 391
626 398 842 403
1465 971 1966 895
1452 859 1884 819
1405 892 1897 864
387 263 525 239
1197 723 1539 703
1439 958 1904 903
975 610 1253 551
321 192 435 181
352 227 463 206
692 450 935 431
861 548 1124 494
796 485 1036 497
767 498 993 454
393 267 518 258
603 401 778 357
579 365 766 335
647 414 849 391
612 390 798 363
1079 705 1439 655
1418 933 1868 860
662 431 869 379
939 570 1219 531
341 217 438 188
507 305 657 300
234 140 322 130
960 643 1261 590
197 125 266 116
305 183 386 173
613 387 784 330
714 470 922 429
239 170 318 153
119 88 168 77
960 628 1281 563
306 189 403 183
234 144 320 161
212 182 321 165
1064 702 1401 624
1239 753 1617 700
1316 834 1720 771
1314 858 1735 836
310 220 441 196
916 557 1185 532
1315 767 1696 716
605 406 833 399
286 192 384 185
514 341 690 320
868 499 1097 440
1202 757 1593 723
1148 708 1504 673
1145 758 1532 708
1174 766 1552 687
883 606 1197 580
779 526 1093 502
1442 887 1872 817
984 627 1284 553
226 160 304 137
1039 671 1370 619
1192 785 1625 738
1263 880 1712 827
111 71 153 70
180 121 249 103
1217 779 1597 752
382 246 508 220
464 298 629 274
484 328 627 296
988 655 1297 615
1252 835 1657 774
225 154 310 138
1101 693 1457 666
653 417 859 377
414 253 555 240
1229 788 1632 733
716 452 940 433
1499 942 1966 902
1156 737 1537 696
317 199 406 178
1280 800 1714 770
1325 863 1740 817
1286 801 1648 761
831 500 1104 494
1177 802 1593 737
633 402 844 376
284 192 374 178
269 182 349 166
1082 733 1476 665
645 441 862 426
1020 702 1357 624
181 141 249 129
981 666 1323 600
801 503 1056 473
514 312 638 273
306 211 427 194
