1556 950 2061 904
542 377 731 369
1399 933 1861 854
827 561 1096 532
1383 937 1888 881
176 107 238 98
31 11 37 14
422 263 567 252
787 509 1025 473
161 119 217 110
193 103 251 103
105 85 143 74
1325 929 1810 864
628 428 845 392
1275 823 1680 758
366 256 515 245
1338 857 1764 792
596 381 779 350
666 444 868 425
412 282 566 254
645 424 851 429
1157 752 1538 706
850 560 1155 537
422 260 559 258
496 322 645 308
1301 813 1713 800
683 471 933 447
819 543 1067 455
1191 775 1588 705
1037 682 1373 613
730 455 966 427
956 627 1300 600
500 365 692 349
865 557 1162 528
1071 707 1459 650
230 140 293 132
111 51 134 54
390 243 507 204
241 170 314 145
667 461 901 439
265 161 353 150
315 208 424 194
948 666 1301 627
481 270 616 272
1523 941 2033 909
376 261 502 234
709 483 936 438
86 49 113 44
94 69 130 67
301 194 402 184
1181 787 1599 745
652 415 882 389
653 408 852 387
1087 713 1443 616
853 558 1142 520
976 671 1329 612
364 254 479 252
879 509 1164 511
44 25 62 27
844 537 1108 490
646 355 850 363
175 114 237 107
639 442 889 415
982 667 1334 630
564 335 740 319
720 493 980 457
478 301 617 282
149 94 191 83
83 53 107 46
1096 768 1491 725
777 505 1041 493
405 281 546 245
1049 704 1390 675
675 417 872 403
1549 905 1989 861
465 296 600 273
227 146 315 143
909 546 1200 518
1406 932 1880 902
1360 818 1778 752
128 78 166 72
515 362 707 335
828 485 1084 474
502 350 683 315
148 85 200 79
1327 873 1768 824
706 504 963 454
1370 910 1860 855
65 28 85 30
745 489 965 440
465 320 617 298
1040 695 1423 658
302 223 424 218
726 477 987 462
109 94 166 84
61 39 77 35
726 427 960 409
263 162 356 157
1229 760 1608 714
203 122 264 115
1292 852 1728 807
363 248 490 227
1149 736 1505 691
350 225 447 213
319 222 430 203
1381 895 1814 861
545 374 712 338
774 473 1019 453
475 311 618 295
395 238 512 217
910 588 1219 554
768 535 1015 455
284 175 367 164
501 320 673 308
595 411 830 381
1048 673 1378 623
1291 854 1746 810
791 527 1038 479
19 14 30 12
1405 890 1832 788
1249 817 1644 732
155 101 199 95
867 571 1170 549
1271 859 1721 817
914 599 1245 556
974 685 1351 656
1108 668 1453 609
96 63 130 64
363 223 474 209
751 471 989 431
500 298 649 278
6 9 7 7
1121 735 1509 685
618 396 820 350
633 411 830 389
260 179 362 174
989 681 1342 622
181 127 251 117
342 219 442 195
1038 720 1373 642
86 67 126 68
741 501 1001 462
752 511 1019 470
1124 713 1497 684
1100 739 1458 675
1029 670 1369 617
579 398 796 365
250 149 326 150
1167 741 1571 716
981 618 1287 576
570 375 759 349
477 335 662 307
913 604 1218 569
616 374 796 342
1224 802 1629 761
50 34 68 36
1169 774 1566 706
436 263 576 245
552 358 737 337
812 502 1085 480
924 651 1258 576
721 443 939 434
665 408 863 383
956 575 1252 544
1415 904 1878 878
1362 859 1807 834
152 103 201 92
1182 713 1515 654
1136 750 1539 689
1284 825 1687 769
520 389 709 347
1218 817 1651 771
211 117 262 102
888 546 1180 503
776 486 997 451
438 255 583 246
1258 803 1657 740
1267 829 1687 785
1313 869 1795 855
437 256 562 246
338 239 454 225
986 610 1336 576
1440 982 1959 914
1103 670 1463 609
193 112 252 107
297 201 419 179
545 360 716 335
628 401 825 372
404 231 538 235
1039 685 1367 650
661 432 861 392
1011 639 1312 582
420 288 550 271
63 30 83 34
1316 874 1790 827
230 140 299 126
879 501 1115 485
1451 986 1969 914
1181 776 1629 752
1073 672 1422 688
161 120 211 106
356 252 489 222
1252 820 1652 771
351 213 470 195
1251 784 1628 725
710 470 919 430
944 617 1256 590
433 293 588 272
960 640 1273 620
80 44 110 40
754 534 1025 464
1083 690 1417 663
522 318 708 299
812 545 1084 521
586 440 788 398
112 70 151 69
1059 683 1418 624
1013 648 1320 602
784 495 1066 468
287 182 382 179
568 381 753 347
514 358 696 331
360 241 468 222
1362 869 1792 822
12 8 15 8
870 538 1154 487
1053 690 1405 630
1106 712 1485 672
394 255 529 245
892 609 1193 539
670 428 864 409
1281 873 1732 764
149 89 198 88
1371 893 1833 864
183 131 252 113
398 263 520 221
1260 787 1669 710
869 547 1147 518
408 251 546 240
719 477 972 461
1175 751 1573 736
345 236 463 209
546 335 723 342
49 38 69 43
1033 666 1358 610
1138 700 1490 661
377 250 495 249
407 296 551 300
96 61 121 55
389 284 535 258
226 138 305 122
1205 750 1593 729
426 259 551 228
919 575 1212 523
118 71 153 64
81 59 111 45
851 559 1138 514
618 387 829 373
839 576 1150 520
1135 792 1539 754
1339 880 1765 814
152 96 216 90
1018 651 1347 611
269 168 343 156
1086 737 1439 695
398 260 511 241
67 52 97 44
1072 685 1416 663
1184 749 1552 682
1292 852 1733 796
623 402 820 385
766 451 1021 438
706 458 944 438
401 266 522 254
1440 919 1894 867
1218 854 1668 788
138 93 195 89
1183 785 1568 718
449 296 600 281
712 447 948 411
765 484 1000 452
242 172 332 162
96 66 128 51
476 316 641 302
549 338 740 341
259 169 350 152
211 124 274 130
148 105 202 109
737 504 1029 455
1325 844 1715 758
253 161 333 149
967 647 1277 580
1473 932 1954 892
1232 758 1615 690
101 76 139 75
623 400 850 385
1241 806 1627 733
208 136 270 129
1165 704 1566 694
24 13 30 12
955 625 1276 587
1021 633 1324 578
707 462 928 455
1056 639 1368 608
887 571 1160 533
542 339 712 309
162 99 215 100
429 277 561 273
589 389 775 360
1501 948 1979 887
432 268 561 242
277 186 381 176
90 62 118 55
571 340 759 316
1394 942 1841 871
84 63 111 55
709 458 940 435
570 344 742 333
397 268 537 243
89 54 114 56
718 440 930 421
693 458 912 419
1026 643 1340 585
377 221 490 214
599 375 809 384
370 220 482 218
537 351 686 340
294 213 395 205
1321 859 1754 797
101 70 140 71
68 47 91 44
1052 684 1412 660
728 488 981 457
494 324 653 302
1353 887 1819 841
823 522 1071 477
298 187 402 195
1408 887 1797 817
1457 931 1965 889
368 232 488 196
597 389 812 364
843 550 1121 513
703 470 937 449
87 46 111 43
91 50 115 49
629 397 829 367
852 545 1125 509
585 388 787 360
824 544 1057 482
1186 825 1611 740
897 576 1167 553
63 53 94 53
219 159 280 145
148 97 192 84
695 467 941 436
1178 754 1553 710
275 191 367 172
614 380 809 335
1444 906 1902 850
781 542 1045 487
739 482 994 445
877 569 1151 505
1292 854 1717 777
64 43 89 41
753 485 1010 445
293 181 390 184
854 567 1141 503
1532 944 2035 873
22 18 33 14
852 521 1140 487
514 328 681 331
781 490 1008 450
1219 757 1634 723
1069 716 1430 658
1124 685 1469 646
943 613 1248 571
1242 777 1652 753
361 232 488 218
234 151 316 136
624 429 815 399
1365 884 1840 806
806 506 1094 489
46 29 53 29
410 259 524 238
593 369 784 352
1146 717 1505 665
608 428 820 408
1488 949 1999 902
702 425 925 395
181 118 252 122
1455 920 1936 854
519 336 695 304
1102 718 1471 665
211 149 283 149
633 414 824 403
979 632 1314 575
722 467 953 443
1225 781 1608 721
1265 796 1645 740
1163 730 1554 693
1450 940 1952 894
848 552 1139 515
714 466 963 429
374 248 495 254
78 55 109 59
872 591 1186 563
1350 919 1825 843
753 480 983 452
415 277 543 243
690 452 925 419
892 527 1168 501
821 554 1119 514
958 676 1293 626
76 54 114 54
1067 711 1449 667
829 533 1082 475
1401 886 1835 842
1295 805 1733 759
983 643 1318 610
1360 910 1834 847
1025 648 1317 571
475 325 628 301
1118 693 1484 661
868 535 1124 526
1253 791 1666 725
1359 835 1781 773
188 91 232 100
103 65 134 64
164 93 206 88
572 360 742 322
1093 693 1443 636
800 486 1060 475
193 114 252 100
498 347 677 301
414 258 539 236
1465 917 1905 820
973 619 1285 565
588 377 766 365
223 139 293 135
1415 884 1869 861
516 336 678 307
1497 966 1975 893
1254 795 1719 757
466 321 632 287
1100 706 1465 660
375 257 511 242
806 511 1072 464
1548 961 2059 918
1405 920 1875 858
1385 879 1823 799
342 214 455 200
977 647 1300 626
249 166 334 162
843 562 1116 513
1432 947 1941 890
824 576 1136 557
779 494 1024 468
299 201 398 183
249 163 341 144
373 240 505 215
421 287 569 269
456 276 593 256
1323 856 1751 783
1366 902 1822 834
806 511 1060 506
882 557 1152 528
221 137 293 134
1406 895 1865 825
662 435 888 393
1216 776 1607 727
661 427 856 397
1101 726 1478 701
971 628 1300 575
1316 892 1738 818
1109 716 1469 661
1387 879 1854 820
355 258 493 256
548 329 710 293
302 205 395 191
693 454 915 434
224 132 299 129
868 585 1168 548
1218 829 1630 754
773 544 1072 549
1185 796 1541 717
500 343 673 336
495 326 635 303
575 358 743 349
1264 816 1673 782
976 621 1291 590
1248 801 1647 755
682 432 880 409
700 444 920 404
1032 629 1348 611
1149 697 1479 642
1290 847 1681 820
22 13 27 13
436 274 561 256
307 200 427 200
108 61 147 64
313 180 409 163
263 137 331 133
1170 790 1583 746
815 522 1073 466
266 159 339 152
905 541 1186 505
219 130 271 122
408 300 555 265
1148 756 1539 728
132 88 175 72
112 67 148 70
536 336 719 317
816 495 1077 474
49 40 65 30
311 196 420 190
1183 730 1543 680
760 507 1030 459
1037 671 1385 629
472 313 611 276
1229 778 1618 719
709 469 920 433
449 290 599 270
933 648 1255 627
434 281 576 274
1014 637 1345 596
1297 746 1658 695
1092 709 1470 648
71 44 93 38
263 171 352 157
1057 647 1360 603
551 311 720 319
477 292 642 277
726 450 943 410
246 159 312 162
182 120 245 113
1116 694 1478 683
1199 805 1589 744
652 418 838 354
332 193 425 196
994 663 1330 621
882 572 1160 543
461 300 595 282
1149 693 1484 639
68 39 97 35
1217 818 1639 750
42 21 53 22
1338 909 1780 861
104 63 130 59
335 220 444 194
247 149 335 142
40 32 60 33
1155 752 1520 698
770 476 984 441
273 181 367 176
469 314 629 303
597 350 763 325
231 153 302 128
366 230 479 214
1258 779 1621 714
44 28 66 28
709 445 924 394
481 279 634 273
623 416 840 371
670 395 858 381
1383 874 1837 811
1473 922 1948 866
1047 617 1390 605
274 188 361 166
776 516 1039 482
839 556 1125 502
447 312 622 302
860 564 1133 524
852 536 1128 500
723 452 967 421
293 168 392 169
569 381 771 357
1227 806 1663 769
390 256 523 236
150 99 198 88
465 267 614 254
792 519 1070 466
601 412 793 368
312 195 414 193
733 460 967 454
1034 630 1329 608
1031 667 1387 642
1176 771 1567 737
1300 855 1750 797
763 497 997 477
289 154 389 148
1104 686 1474 657
247 164 324 156
1130 720 1519 682
878 545 1160 513
1571 954 2029 892
1442 911 1901 839
885 562 1137 525
279 186 383 189
130 76 161 67
460 298 634 287
482 292 616 276
1187 771 1557 719
170 96 212 91
488 299 621 277
838 512 1100 499
833 559 1101 521
1281 875 1709 837
432 272 580 247
671 467 897 425
275 182 348 164
1379 872 1863 815
481 282 601 274
576 354 773 335
316 200 417 189
52 37 56 24
283 204 396 189
715 493 985 433
483 310 636 284
282 180 362 164
170 118 218 100
1358 875 1842 837
506 339 682 313
652 416 856 391
178 119 232 113
1364 891 1818 853
904 595 1229 543
1286 810 1669 753
402 229 504 224
725 488 963 430
1448 959 1921 864
551 354 737 355
1199 776 1565 702
61 35 82 32
178 128 254 120
1478 910 1960 892
321 200 426 185
502 327 658 307
1520 941 2008 920
871 582 1178 542
887 623 1188 552
34 14 47 17
368 254 515 231
615 426 813 410
178 106 223 96
196 134 256 124
805 525 1078 493
417 246 549 235
1039 672 1356 637
867 564 1163 539
291 179 391 157
170 117 222 110
524 330 702 325
841 604 1141 541
599 401 786 354
938 619 1269 617
1183 831 1608 738
71 39 86 33
180 122 247 118
58 40 84 43
1388 956 1833 863
1105 700 1434 635
1047 681 1400 621
339 204 442 199
962 621 1280 586
1289 812 1705 745
212 154 280 128
136 88 169 78
160 104 220 95
195 117 250 109
399 269 521 255
1280 838 1666 745
452 306 623 281
1422 938 1893 898
401 256 521 238
851 571 1133 563
804 551 1066 496
707 462 940 431
1094 704 1474 643
638 413 856 397
531 325 694 307
357 243 475 216
1312 836 1721 767
183 109 243 102
763 475 1000 442
406 264 547 250
1193 786 1559 742
10 3 12 3
389 270 526 241
87 60 112 49
1133 761 1513 725
203 124 253 120
1230 854 1645 779
280 204 379 190
258 177 362 168
522 333 682 303
1194 791 1595 756
771 498 1030 469
317 204 417 172
43 17 57 23
91 45 111 44
79 52 115 53
961 634 1285 587
683 442 905 395
1177 762 1542 684
1220 757 1623 726
814 545 1060 482
886 566 1206 533
94 71 127 66
1026 660 1382 624
1077 679 1444 630
670 424 886 405
1142 743 1509 683
318 191 417 161
1147 754 1508 696
1361 891 1836 814
90 52 112 46
1050 701 1430 620
790 523 1044 497
1092 664 1399 627
1081 662 1408 639
1479 971 1949 910
1536 976 2047 910
698 441 941 400
311 202 409 178
928 621 1225 570
297 194 379 173
228 153 320 140
904 573 1169 517
1405 941 1853 888
663 429 858 413
42 26 55 25
568 345 733 322
489 337 662 312
853 535 1109 510
1220 808 1645 756
1034 719 1407 664
1191 834 1621 772
395 266 546 247
369 236 492 214
636 382 815 359
1050 682 1328 616
881 577 1180 558
247 148 330 136
234 141 320 142
1372 937 1842 885
1237 791 1672 750
1181 749 1570 712
1044 683 1364 625
1058 682 1400 614
1189 732 1529 647
1033 682 1383 639
36 27 46 27
1194 819 1588 728
108 93 151 85
414 288 560 269
398 241 519 224
333 204 447 195
1139 725 1459 672
1104 672 1461 635
1100 659 1414 608
1402 897 1847 831
782 482 1070 449
233 138 296 121
708 446 948 413
1105 683 1442 645
471 297 631 274
728 447 965 423
166 105 213 96
895 591 1203 559
1286 793 1718 738
451 304 594 280
1142 719 1496 669
802 538 1073 517
1003 632 1331 586
590 389 764 369
98 50 118 49
678 407 899 392
1010 641 1324 561
1010 661 1327 605
1191 799 1608 738
161 108 219 105
88 58 112 54
208 125 276 120
1348 844 1741 779
538 346 705 316
659 446 913 412
1288 803 1718 751
140 91 186 84
172 113 236 101
116 89 159 88
1040 652 1396 613
448 295 612 265
759 495 994 474
317 213 421 201
241 151 320 137
379 252 491 232
1157 754 1552 675
1119 778 1537 730
1158 705 1500 665
86 53 120 50
954 660 1295 630
728 410 918 374
1076 705 1419 621
1319 843 1731 759
109 75 144 71
293 160 388 161
998 629 1329 588
1408 926 1846 853
730 470 970 419
1057 689 1441 659
1130 719 1531 704
314 218 427 208
208 128 279 128
678 429 902 402
1122 671 1446 644
1115 703 1469 670
1125 745 1468 680
1138 762 1520 708
284 183 387 171
291 173 378 169
355 244 472 221
1342 838 1750 785
391 259 514 229
896 532 1176 528
1080 684 1406 612
1502 969 2004 918
236 140 317 138
1422 932 1888 894
99 58 134 54
270 172 361 150
434 279 576 263
1308 808 1717 793
375 266 519 239
261 166 355 152
602 388 815 363
37 20 48 23
1215 766 1607 726
1424 875 1837 810
1481 948 1950 877
241 173 309 148
406 268 546 266
1190 798 1550 752
810 552 1093 515
972 613 1313 612
1081 775 1498 750
922 642 1248 584
1374 862 1813 789
1356 919 1827 867
285 155 360 147
1382 930 1825 874
173 91 230 101
327 214 426 207
710 479 958 436
1082 710 1477 689
1462 964 1937 898
173 109 247 118
541 359 705 325
303 201 407 198
109 74 148 75
1188 752 1592 720
968 568 1279 512
904 596 1207 523
441 275 584 253
1277 830 1720 800
1282 851 1742 805
769 486 1014 470
98 59 120 58
226 134 286 133
620 384 796 364
1226 804 1637 794
1322 860 1751 802
633 435 832 381
654 419 830 376
284 194 360 171
1050 667 1398 616
566 383 760 341
944 627 1246 591
302 197 396 169
606 399 826 399
66 45 92 45
625 418 851 377
1474 954 1939 869
223 161 311 153
1390 896 1887 859
878 611 1191 538
655 436 853 406
457 276 607 273
81 56 119 62
28 23 42 19
1137 731 1509 686
1046 670 1370 618
414 271 532 249
132 78 169 75
1171 812 1578 765
405 253 539 234
763 493 1018 445
605 383 780 365
345 233 463 211
791 535 1075 496
18 16 25 12
