XXXWBWWBBWWXWWWBW
XWBBW
XXBXBBBWWWBBB
XXWWBWBBXXXWBWWXWWWBBWWWB
XXXBBBWBWBBWB
XBWXWBXWBBBXBWXBWWWWXWWBW
XBBWB
XBWXXXBBWBXWBWBBBBBBB
XXWBBXWBWWBXWBBXWWBWXWWBW
XXBBBWBBB
XWXWWBWXXWBBBWBBXBWWXWBBXBWBB
XXWBXWBWBWWXBWWBXBWBB
XBBWXBWWB
XXWBWBXWWXBXBBBWWWBXBBWWW
XBXBBWBBB
XXXXBWWWBBWWWBWXBBXBBBWBW
XWXBXWWBWBWXWBWWXXBBWWBBW
XXBBBWWWXWWBXBXWBWBWB
XWXBXWBBBBBXBBWBXBWWB
XXWBBWBBB
XBXBBXXBWWBBXWBWBBWBW
XWBXBWWXBBWXBWBWB
XBXBWWWWB
XWWXWBBXBWXWBWWBB
XWXXBWBBWXWBBBWXWBWWB
XXBWWWWXXXWXWWWBWBXWBWBWBWBWB
XBXXBBBWWWWXWBBBB
XXBWWWBXBBBWXBWXWWXWBWWWB
XXWBWWBBW
XXWBBXWXWBBBBWBXBWBWB
XXWWBWXWBXWBWWXXWWWBBWXWBWWWXBWWW
XWXWXBBWBWBXWBBWXBBBW
XWBXBBBXXWWBXBWWWXWWBBWXBBBWW
W
XBWWW
XWWXBXWBXBWBWBWBXBWBW
XBXWBWWXXWWBBWXWWBXBWBXBWBBWW
XWWBW
XXBBBWBWXWWXWWWBXWXWBBWXWWBWB
XXWWBXBXBWBWBBXBWWWXWWWBW
