S: C3 C7 CQ D9 DJ DQ S4 S8 S9 ST H3 H4 HT
W: C6 C9 CK D8 DT S2 SJ SQ SK H2 H5 H6 HK
N: C2 C4 CA D2 D3 D4 DK S6 S7 SA H7 HQ HA
E: C5 C8 CT CJ D5 D6 D7 DA S3 S5 H8 H9 HJ
S: C3 C7 C9 CQ D4 D5 D8 D9 S3 ST H2 H4 H7
W: C2 D2 DT DQ DK S5 SJ SK H3 H5 H9 HJ HQ
N: C4 C5 C6 C8 CT CJ CK S4 S6 S7 S9 H6 HA
E: CA D3 D6 D7 DJ DA S2 S8 SQ SA H8 HT HK
S: C2 C6 C7 C9 CT S4 S6 SJ SA H3 H5 H6 HA
W: C8 CJ CK D3 D4 D5 D6 DT S2 S3 S7 SK HK
N: C4 CQ D2 D9 DQ DK S5 SQ H2 H4 H7 H8 HJ
E: C3 C5 CA D7 D8 DJ DA S8 S9 ST H9 HT HQ
S: C2 C6 C7 CK D3 D8 DT DK S2 S7 ST H2 H8
W: C3 CQ D4 D5 D9 S3 S6 S8 S9 SK H6 HT HQ
N: C4 C9 CT CJ D2 D6 DJ DA S4 SJ SA H5 HA
E: C5 C8 CA D7 DQ S5 SQ H3 H4 H7 H9 HJ HK
S: C3 C9 CK D2 D4 D8 DK ST SK SA H4 H7 H8
W: C5 CJ CQ D5 D6 D7 DJ S3 S5 H5 HJ HQ HK
N: C6 C8 CT D3 D9 S2 S4 S6 S7 S8 S9 SJ SQ
E: C2 C4 C7 CA DT DQ DA H2 H3 H6 H9 HT HA
S: C6 C9 D6 D8 DK S8 ST SQ SK SA H8 HJ HK
W: C5 C7 CT CJ DT S2 S5 S6 S9 H2 H5 HT HQ
N: C3 C4 CQ CK D9 DJ DQ S4 S7 SJ H3 H6 HA
E: C2 C8 CA D2 D3 D4 D5 D7 DA S3 H4 H7 H9
S: C2 C8 CT CQ D8 DJ DA S2 S7 SJ H8 HT HK
W: C7 C9 CJ CK DT DQ DK S3 ST H2 H3 H4 HA
N: C3 CA D2 D5 D9 S4 SQ SK SA H5 H6 H7 HQ
E: C4 C5 C6 D3 D4 D6 D7 S5 S6 S8 S9 H9 HJ
S: C4 C5 C6 C9 CT CQ D2 D3 D7 D8 DQ SK HQ
W: CK D4 D6 DT S3 S6 H2 H7 H8 H9 HT HK HA
N: C3 C7 D5 D9 DA S2 S8 S9 ST SJ H3 H6 HJ
E: C2 C8 CJ CA DJ DK S4 S5 S7 SQ SA H4 H5
S: C2 C5 C7 CJ D7 S4 S7 S9 SK H3 H7 HT HQ
W: C6 C8 C9 CT CQ CA DJ DK S2 S5 S8 SA H6
N: C3 C4 D2 D4 D9 DT DQ DA S3 ST H4 H5 H9
E: CK D3 D5 D6 D8 S6 SJ SQ H2 H8 HJ HK HA
S: D3 D6 D9 DT DQ DK S3 S4 S9 SJ H2 HQ HK
W: C5 C9 CQ CA D2 D4 D7 DA S2 SQ H4 H6 H7
N: C2 C6 C7 C8 CJ D5 DJ S5 S6 ST SA H8 HA
E: C3 C4 CT CK D8 S7 S8 SK H3 H5 H9 HT HJ
S: C4 C5 C8 CK D5 D7 S6 SQ H5 H8 H9 HQ HK
W: C3 C7 D4 D8 DQ DA S2 S5 S7 S9 H6 H7 HA
N: C6 C9 CQ D2 D9 DT DJ DK ST SK H2 H3 HT
E: C2 CT CJ CA D3 D6 S3 S4 S8 SJ SA H4 HJ
S: C3 C8 DJ DK DA S4 S6 S7 SJ H3 H4 HT HJ
W: C2 C4 D3 D6 DT DQ S8 S9 SQ SK H5 H8 HQ
N: C5 C6 C7 CT CK D5 D9 S2 S5 H2 H6 H7 HK
E: C9 CJ CQ CA D2 D4 D7 D8 S3 ST SA H9 HA
S: C3 C4 C8 CJ CK D5 D8 S5 S7 S9 H5 H9 HA
W: C9 CT CQ D2 D9 DK S8 SJ SK H2 H4 H7 HT
N: C2 C6 CA D6 D7 DT DA S4 ST SA H3 H8 HK
E: C5 C7 D3 D4 DJ DQ S2 S3 S6 SQ H6 HJ HQ
S: C5 C7 CT D4 D8 DK DA S6 S8 SA HT HJ HQ
W: C2 C8 CQ D2 D3 D6 S2 S3 SJ SQ SK H2 HK
N: C6 C9 CA D5 D7 D9 DQ S9 ST H3 H5 H7 HA
E: C3 C4 CJ CK DT DJ S4 S5 S7 H4 H6 H8 H9
S: C5 C6 CQ D5 D6 S6 S9 SJ SK H3 H4 HT HJ
W: C3 C4 C7 C9 CA D4 DT DJ S8 H2 H6 HQ HK
N: C2 C8 CT CJ CK D9 S2 S4 S5 ST H7 H9 HA
E: D2 D3 D7 D8 DQ DK DA S3 S7 SQ SA H5 H8
