V0 V950 V989 V834 V106 V1 (742)
V0 V405 V126 V610 V978 V2 (680)
V0 V405 V192 V851 V420 V89 V430 V3 (705)
V0 V405 V192 V851 V4 (595)
V0 V405 V192 V451 V104 V176 V5 (575)
V0 V405 V192 V274 V802 V94 V6 (634)
V0 V775 V7 (653)
V0 V950 V989 V834 V816 V538 V297 V612 V8 (879)
V0 V224 V262 V498 V18 V790 V731 V196 V776 V9 (767)
V0 V405 V192 V451 V885 V134 V546 V875 V449 V429 V828 V182 V10 (789)
V0 V405 V192 V451 V104 V176 V11 (576)
V0 V405 V192 V274 V367 V24 V12 (713)
V0 V405 V192 V851 V987 V895 V170 V13 (871)
V0 V14 (128)
V0 V950 V120 V43 V15 (677)
V0 V249 V16 (541)
V0 V405 V192 V451 V104 V176 V415 V807 V17 (774)
V0 V224 V262 V498 V18 (512)
V0 V224 V853 V631 V278 V523 V19 (713)
V0 V405 V192 V451 V885 V134 V546 V574 V20 (637)
V0 V405 V192 V851 V420 V89 V21 (460)
V0 V405 V192 V451 V885 V276 V283 V642 V370 V22 (677)
V0 V242 V485 V842 V819 V984 V703 V23 (901)
V0 V405 V192 V274 V367 V24 (708)
V0 V405 V192 V851 V987 V895 V364 V544 V25 (912)
V0 V405 V126 V957 V26 (837)
V0 V479 V280 V245 V767 V664 V27 (699)
V0 V479 V280 V28 (585)
V0 V405 V192 V451 V885 V276 V450 V29 (899)
V0 V775 V813 V286 V477 V30 (700)
V0 V950 V31 (460)
V0 V405 V192 V715 V226 V32 (966)
V0 V950 V989 V97 V101 V33 (720)
V0 V405 V192 V451 V885 V134 V546 V574 V20 V34 (692)
V0 V775 V757 V510 V241 V117 V548 V461 V35 (902)
V0 V249 V462 V665 V864 V260 V508 V36 (806)
V0 V405 V192 V451 V459 V37 (724)
V0 V470 V38 (656)
V0 V249 V628 V467 V963 V39 (764)
V0 V950 V120 V43 V15 V645 V40 (940)
V0 V479 V280 V245 V41 (582)
V0 V249 V462 V354 V42 (857)
V0 V950 V120 V43 (589)
V0 V950 V605 V44 (873)
V0 V405 V192 V259 V266 V547 V146 V45 (842)
V0 V405 V346 V54 V46 (680)
V0 V224 V262 V498 V18 V672 V47 (1065)
V0 V405 V192 V451 V885 V134 V546 V875 V449 V484 V48 (486)
V0 V405 V192 V274 V543 V49 (580)
V0 V405 V192 V451 V885 V134 V546 V875 V449 V484 V762 V50 (717)
V0 V14 V51 (565)
V0 V405 V192 V451 V885 V134 V546 V875 V539 V991 V157 V331 V52 (739)
V0 V224 V262 V498 V689 V697 V888 V133 V53 (803)
V0 V405 V346 V54 (611)
V0 V405 V192 V274 V802 V840 V55 (840)
V0 V405 V192 V451 V885 V276 V289 V56 (675)
V0 V405 V192 V451 V104 V176 V57 (592)
V0 V224 V853 V631 V149 V320 V772 V58 (814)
V0 V405 V192 V259 V168 V348 V287 V59 (1036)
V0 V224 V262 V498 V18 V672 V437 V60 (732)
V0 V405 V192 V518 V958 V61 (581)
V0 V405 V192 V451 V885 V134 V546 V574 V404 V62 (796)
V0 V775 V813 V587 V854 V737 V63 (727)
V0 V405 V192 V451 V885 V134 V546 V659 V161 V64 (1056)
V0 V950 V31 V594 V282 V448 V65 (958)
V0 V405 V192 V274 V802 V66 (701)
V0 V405 V192 V274 V543 V49 V67 (619)
V0 V405 V192 V259 V266 V632 V524 V639 V68 (847)
V0 V405 V192 V851 V420 V89 V430 V69 (484)
V0 V405 V192 V851 V420 V89 V931 V871 V70 (715)
V0 V224 V853 V631 V278 V626 V71 (865)
V0 V224 V262 V225 V72 (770)
V0 V950 V989 V300 V73 (715)
V0 V405 V192 V851 V74 (768)
V0 V249 V462 V290 V75 (637)
V0 V405 V126 V525 V76 (637)
V0 V479 V992 V77 (742)
V0 V405 V192 V451 V885 V134 V546 V875 V539 V991 V157 V493 V78 (821)
V0 V224 V853 V631 V278 V626 V79 (720)
V0 V405 V192 V274 V543 V49 V67 V107 V80 (1178)
V0 V775 V813 V286 V477 V81 (787)
V0 V405 V192 V451 V885 V276 V450 V82 (880)
V0 V249 V16 V909 V83 (784)
V0 V775 V757 V84 (723)
V0 V405 V192 V259 V266 V547 V146 V85 (743)
V0 V249 V462 V334 V979 V578 V86 (892)
V0 V775 V757 V446 V945 V87 (827)
V0 V405 V192 V451 V459 V830 V677 V490 V88 (815)
V0 V405 V192 V851 V420 V89 (296)
V0 V242 V914 V599 V90 (724)
V0 V242 V485 V842 V221 V91 (866)
V0 V405 V192 V715 V959 V215 V92 (1008)
V0 V479 V280 V245 V767 V305 V93 (913)
V0 V405 V192 V274 V802 V94 (618)
V0 V224 V853 V631 V278 V523 V95 (616)
V0 V14 V51 V256 V557 V96 (1037)
V0 V950 V989 V97 (470)
V0 V775 V757 V229 V889 V167 V98 (994)
V0 V242 V485 V842 V99 (615)
V0 V405 V346 V54 V100 (623)
V0 V950 V989 V97 V101 (651)
V0 V405 V192 V451 V459 V102 (807)
V0 V242 V116 V103 (858)
V0 V405 V192 V451 V104 (446)
V0 V405 V126 V894 V472 V726 V676 V863 V105 (1302)
V0 V950 V989 V834 V106 (698)
V0 V405 V192 V274 V543 V49 V67 V107 (661)
V0 V775 V757 V510 V241 V108 (735)
V0 V405 V192 V851 V420 V89 V931 V871 V70 V347 V109 (887)
V0 V224 V262 V498 V689 V697 V888 V133 V53 V110 (1021)
V0 V405 V192 V451 V601 V918 V495 V606 V740 V111 (839)
V0 V224 V262 V498 V18 V790 V394 V112 (951)
V0 V775 V813 V286 V113 (630)
V0 V405 V192 V451 V885 V134 V546 V875 V449 V429 V828 V114 (867)
V0 V405 V192 V451 V104 V176 V5 V954 V115 (688)
V0 V242 V116 (571)
V0 V775 V757 V510 V241 V117 (768)
V0 V405 V192 V259 V266 V184 V118 (769)
V0 V405 V192 V451 V104 V176 V5 V216 V119 (735)
V0 V950 V120 (481)
V0 V405 V192 V851 V987 V895 V121 (702)
V0 V405 V192 V451 V885 V134 V546 V269 V122 (715)
V0 V405 V192 V451 V885 V134 V546 V574 V827 V423 V804 V682 V123 (808)
V0 V950 V989 V834 V106 V568 V124 (771)
V0 V950 V989 V97 V421 V125 (732)
V0 V405 V126 (336)
V0 V405 V126 V610 V127 (576)
V0 V405 V192 V851 V987 V895 V121 V128 (917)
V0 V405 V192 V274 V802 V66 V604 V129 (721)
V0 V405 V192 V851 V420 V89 V267 V414 V130 (676)
V0 V249 V628 V131 (670)
V0 V405 V192 V851 V987 V895 V265 V210 V132 (733)
V0 V224 V262 V498 V689 V697 V888 V133 (576)
V0 V405 V192 V451 V885 V134 (342)
V0 V249 V462 V135 (716)
V0 V405 V192 V451 V885 V134 V546 V875 V449 V136 (1016)
V0 V405 V192 V451 V885 V134 V546 V574 V404 V137 (663)
V0 V405 V192 V274 V543 V49 V67 V138 (854)
V0 V405 V192 V451 V459 V830 V139 (618)
V0 V950 V120 V483 V140 (721)
V0 V405 V192 V451 V885 V276 V289 V141 (948)
V0 V405 V192 V451 V885 V142 (621)
V0 V405 V192 V851 V987 V895 V364 V544 V143 (837)
V0 V479 V280 V435 V144 (805)
V0 V224 V145 (664)
V0 V405 V192 V259 V266 V547 V146 (655)
V0 V14 V293 V218 V147 (744)
V0 V224 V345 V148 (707)
V0 V224 V853 V631 V149 (609)
V0 V405 V192 V747 V150 (687)
V0 V249 V462 V354 V533 V373 V151 (954)
V0 V405 V192 V451 V885 V134 V546 V574 V152 (792)
V0 V249 V628 V153 (560)
V0 V224 V262 V307 V787 V154 (673)
V0 V950 V989 V834 V106 V155 (829)
V0 V405 V192 V851 V783 V634 V156 (820)
V0 V405 V192 V451 V885 V134 V546 V875 V539 V991 V157 (536)
V0 V224 V262 V225 V72 V158 (782)
V0 V405 V192 V451 V104 V866 V159 (992)
V0 V249 V462 V354 V533 V160 (819)
V0 V405 V192 V451 V885 V134 V546 V659 V161 (766)
V0 V405 V192 V451 V885 V134 V546 V659 V337 V162 (815)
V0 V405 V192 V451 V104 V176 V11 V163 (710)
V0 V224 V853 V631 V278 V626 V164 (718)
V0 V224 V262 V498 V689 V165 (638)
V0 V249 V462 V354 V533 V160 V166 (895)
V0 V775 V757 V229 V889 V167 (959)
V0 V405 V192 V259 V168 (505)
V0 V479 V671 V169 (599)
V0 V405 V192 V851 V987 V895 V170 (847)
V0 V950 V261 V171 (931)
V0 V405 V192 V451 V104 V176 V415 V807 V350 V172 (765)
V0 V405 V192 V259 V266 V547 V146 V173 (747)
V0 V249 V628 V174 (703)
V0 V950 V120 V43 V948 V175 (739)
V0 V405 V192 V451 V104 V176 (544)
V0 V405 V192 V451 V885 V134 V546 V659 V337 V177 (786)
V0 V405 V223 V589 V178 (936)
V0 V405 V192 V851 V420 V89 V430 V69 V681 V179 (893)
V0 V405 V192 V851 V420 V89 V931 V180 (574)
V0 V224 V262 V498 V18 V790 V731 V181 (953)
V0 V405 V192 V451 V885 V134 V546 V875 V449 V429 V828 V182 (699)
V0 V249 V582 V183 (1000)
V0 V405 V192 V259 V266 V184 (599)
V0 V224 V262 V307 V787 V154 V185 (697)
V0 V405 V192 V451 V885 V396 V186 (714)
V0 V405 V192 V518 V958 V61 V187 (779)
V0 V224 V345 V845 V188 (587)
V0 V405 V126 V610 V978 V189 (754)
V0 V405 V346 V54 V46 V190 (908)
V0 V405 V126 V894 V472 V726 V676 V222 V191 (936)
V0 V405 V192 (119)
V0 V224 V853 V631 V278 V523 V193 (709)
V0 V242 V914 V194 (827)
V0 V405 V346 V551 V195 (769)
V0 V224 V262 V498 V18 V790 V731 V196 (678)
V0 V405 V126 V525 V620 V981 V197 (697)
V0 V405 V192 V451 V104 V176 V57 V219 V198 (741)
V0 V405 V192 V851 V987 V895 V265 V199 (755)
V0 V775 V757 V940 V730 V342 V200 (797)
V0 V405 V192 V747 V150 V201 (775)
V0 V249 V462 V334 V979 V578 V202 (886)
V0 V405 V192 V451 V885 V134 V546 V875 V449 V484 V660 V976 V203 (881)
V0 V775 V757 V204 (628)
V0 V775 V813 V286 V477 V30 V205 (762)
V0 V405 V126 V206 (556)
V0 V775 V757 V940 V207 (1213)
V0 V14 V51 V208 (818)
V0 V249 V628 V153 V865 V826 V209 (863)
V0 V405 V192 V851 V987 V895 V265 V210 (664)
V0 V224 V262 V498 V689 V165 V211 (697)
V0 V775 V813 V286 V477 V30 V212 (803)
V0 V405 V192 V451 V459 V830 V677 V490 V88 V213 (864)
V0 V405 V192 V214 (248)
V0 V405 V192 V715 V959 V215 (722)
V0 V405 V192 V451 V104 V176 V5 V216 (672)
V0 V950 V120 V43 V948 V175 V217 (787)
V0 V14 V293 V218 (719)
V0 V405 V192 V451 V104 V176 V57 V219 (599)
V0 V224 V853 V631 V278 V523 V220 (701)
V0 V242 V485 V842 V221 (788)
V0 V405 V126 V894 V472 V726 V676 V222 (853)
V0 V405 V223 (690)
V0 V224 (181)
V0 V224 V262 V225 (756)
V0 V405 V192 V715 V226 (692)
V0 V405 V192 V451 V104 V176 V227 (669)
V0 V479 V377 V666 V228 (639)
V0 V775 V757 V229 (474)
V0 V405 V192 V715 V226 V684 V230 (964)
V0 V405 V192 V851 V519 V279 V231 (654)
V0 V242 V116 V232 (698)
V0 V242 V116 V908 V233 (1335)
V0 V405 V192 V851 V987 V895 V364 V870 V281 V234 (736)
V0 V249 V462 V665 V298 V235 (618)
V0 V405 V192 V451 V885 V134 V546 V875 V539 V991 V251 V236 (598)
V0 V405 V346 V54 V100 V916 V811 V237 (744)
V0 V950 V989 V834 V816 V395 V238 (789)
V0 V479 V280 V245 V767 V664 V27 V239 (806)
V0 V405 V192 V451 V885 V134 V794 V240 (780)
V0 V775 V757 V510 V241 (640)
V0 V242 (323)
V0 V405 V192 V851 V686 V609 V243 (1074)
V0 V405 V192 V451 V885 V134 V546 V659 V337 V162 V244 (1246)
V0 V479 V280 V245 (528)
V0 V405 V192 V451 V885 V134 V546 V875 V449 V484 V48 V246 (773)
V0 V775 V813 V587 V613 V247 (851)
V0 V405 V192 V451 V104 V176 V227 V248 (805)
V0 V249 (193)
V0 V405 V192 V451 V885 V276 V283 V250 (669)
V0 V405 V192 V451 V885 V134 V546 V875 V539 V991 V251 (588)
V0 V405 V192 V451 V885 V134 V546 V659 V337 V832 V252 (1039)
V0 V405 V192 V451 V459 V830 V677 V490 V253 (805)
V0 V405 V192 V451 V459 V830 V254 (616)
V0 V405 V192 V851 V420 V89 V931 V264 V255 (917)
V0 V14 V51 V256 (756)
V0 V775 V757 V446 V257 (893)
V0 V405 V192 V451 V104 V176 V415 V361 V258 (604)
V0 V405 V192 V259 (344)
V0 V249 V462 V665 V864 V260 (663)
V0 V950 V261 (614)
V0 V224 V262 (284)
V0 V405 V192 V451 V885 V134 V546 V659 V466 V699 V520 V263 (906)
V0 V405 V192 V851 V420 V89 V931 V264 (550)
V0 V405 V192 V851 V987 V895 V265 (620)
V0 V405 V192 V259 V266 (511)
V0 V405 V192 V851 V420 V89 V267 (664)
V0 V405 V192 V451 V459 V268 (551)
V0 V405 V192 V451 V885 V134 V546 V269 (681)
V0 V405 V192 V851 V420 V270 (647)
V0 V950 V989 V834 V106 V271 (734)
V0 V405 V192 V451 V885 V134 V546 V875 V539 V991 V376 V338 V272 (806)
V0 V479 V280 V245 V767 V664 V273 (728)
V0 V405 V192 V274 (192)
V0 V249 V462 V135 V624 V275 (764)
V0 V405 V192 V451 V885 V276 (533)
V0 V950 V989 V277 (787)
V0 V224 V853 V631 V278 (499)
V0 V405 V192 V851 V519 V279 (652)
V0 V479 V280 (342)
V0 V405 V192 V851 V987 V895 V364 V870 V281 (707)
V0 V950 V31 V594 V282 (827)
V0 V405 V192 V451 V885 V276 V283 (560)
V0 V405 V192 V851 V783 V447 V720 V786 V284 (861)
V0 V405 V192 V851 V420 V89 V430 V69 V681 V285 (876)
V0 V775 V813 V286 (540)
V0 V405 V192 V259 V168 V348 V287 (602)
V0 V405 V126 V525 V841 V288 (1000)
V0 V405 V192 V451 V885 V276 V289 (629)
V0 V249 V462 V290 (584)
V0 V405 V192 V747 V974 V291 (827)
V0 V405 V192 V259 V168 V292 (962)
V0 V14 V293 (498)
V0 V405 V192 V259 V266 V294 (555)
V0 V405 V192 V851 V420 V89 V267 V414 V130 V295 (962)
V0 V775 V344 V296 (784)
V0 V950 V989 V834 V816 V538 V297 (758)
V0 V249 V462 V665 V298 (600)
V0 V405 V192 V451 V104 V176 V5 V954 V906 V299 (865)
V0 V950 V989 V300 (701)
V0 V479 V280 V301 (929)
V0 V405 V192 V274 V802 V94 V355 V302 (687)
V0 V775 V757 V204 V303 (654)
V0 V405 V126 V894 V472 V304 (673)
V0 V479 V280 V245 V767 V305 (708)
V0 V405 V192 V451 V104 V176 V57 V219 V306 (817)
V0 V224 V262 V307 (445)
V0 V405 V192 V259 V266 V547 V146 V173 V308 (760)
V0 V405 V192 V451 V885 V142 V309 (764)
V0 V224 V853 V631 V278 V626 V79 V310 (759)
V0 V405 V192 V451 V885 V134 V546 V875 V539 V991 V251 V236 V311 (720)
V0 V224 V262 V307 V312 (469)
V0 V405 V192 V274 V802 V840 V313 (881)
V0 V405 V192 V451 V314 (576)
V0 V479 V671 V315 (685)
V0 V405 V192 V259 V673 V316 (884)
V0 V775 V813 V587 V613 V247 V317 (1039)
V0 V950 V989 V834 V816 V395 V318 (729)
V0 V950 V989 V834 V319 (578)
V0 V224 V853 V631 V149 V320 (654)
V0 V405 V192 V715 V321 (530)
V0 V224 V345 V322 (799)
V0 V405 V192 V715 V321 V700 V323 (717)
V0 V405 V192 V451 V360 V324 (767)
V0 V249 V325 (593)
V0 V405 V126 V610 V978 V189 V326 (877)
V0 V405 V192 V851 V519 V327 (681)
V0 V775 V757 V446 V383 V901 V328 (1121)
V0 V405 V192 V274 V802 V66 V604 V129 V329 (746)
V0 V405 V192 V451 V601 V918 V495 V606 V740 V330 (854)
V0 V405 V192 V451 V885 V134 V546 V875 V539 V991 V157 V331 (668)
V0 V405 V192 V451 V885 V134 V546 V875 V912 V332 (823)
V0 V950 V989 V834 V106 V568 V124 V333 (953)
V0 V249 V462 V334 (546)
V0 V224 V345 V750 V335 (750)
V0 V405 V192 V851 V420 V89 V931 V871 V70 V347 V336 (878)
V0 V405 V192 V451 V885 V134 V546 V659 V337 (642)
V0 V405 V192 V451 V885 V134 V546 V875 V539 V991 V376 V338 (782)
V0 V405 V192 V747 V974 V339 (742)
V0 V405 V192 V851 V420 V89 V931 V180 V340 (713)
V0 V470 V341 (868)
V0 V775 V757 V940 V730 V342 (736)
V0 V405 V192 V518 V958 V555 V616 V343 (784)
V0 V775 V344 (374)
V0 V224 V345 (224)
V0 V405 V346 (549)
V0 V405 V192 V851 V420 V89 V931 V871 V70 V347 (735)
V0 V405 V192 V259 V168 V348 (552)
V0 V479 V280 V28 V349 (671)
V0 V405 V192 V451 V104 V176 V415 V807 V350 (643)
V0 V950 V120 V43 V948 V175 V351 (812)
V0 V405 V192 V851 V783 V634 V352 (836)
V0 V479 V280 V28 V353 (664)
V0 V249 V462 V354 (490)
V0 V405 V192 V274 V802 V94 V355 (619)
V0 V405 V192 V747 V150 V356 (812)
V0 V14 V293 V357 (765)
V0 V405 V192 V451 V885 V134 V546 V875 V449 V484 V48 V358 (636)
V0 V405 V192 V518 V958 V998 V536 V359 (779)
V0 V405 V192 V451 V360 (689)
V0 V405 V192 V451 V104 V176 V415 V361 (571)
V0 V405 V192 V451 V885 V134 V546 V875 V539 V991 V157 V331 V52 V362 (861)
V0 V405 V192 V851 V420 V89 V363 (671)
V0 V405 V192 V851 V987 V895 V364 (542)
V0 V405 V192 V851 V420 V89 V21 V960 V365 (699)
V0 V249 V462 V354 V533 V373 V366 (886)
V0 V405 V192 V274 V367 (440)
V0 V479 V671 V315 V368 (816)
V0 V224 V262 V225 V369 (829)
V0 V405 V192 V451 V885 V276 V283 V642 V370 (658)
V0 V405 V192 V451 V885 V134 V546 V875 V912 V371 (526)
V0 V224 V262 V498 V689 V165 V372 (660)
V0 V249 V462 V354 V533 V373 (735)
V0 V405 V192 V451 V601 V918 V495 V606 V740 V374 (834)
V0 V242 V485 V842 V819 V984 V703 V375 (773)
V0 V405 V192 V451 V885 V134 V546 V875 V539 V991 V376 (566)
V0 V479 V377 (435)
V0 V405 V192 V451 V885 V134 V546 V875 V378 (592)
V0 V479 V280 V245 V41 V637 V379 (613)
V0 V405 V192 V851 V783 V447 V720 V380 (906)
V0 V405 V192 V518 V381 (757)
V0 V775 V757 V940 V382 (798)
V0 V775 V757 V446 V383 (716)
V0 V249 V462 V334 V979 V986 V384 (980)
V0 V405 V192 V451 V459 V830 V139 V385 (755)
V0 V249 V325 V386 (655)
V0 V405 V192 V451 V104 V176 V57 V387 (679)
V0 V405 V192 V259 V673 V388 (819)
V0 V249 V628 V153 V389 (740)
V0 V405 V192 V851 V420 V89 V931 V180 V340 V390 (814)
V0 V249 V628 V467 V963 V39 V391 (877)
V0 V405 V192 V274 V543 V49 V67 V107 V392 (901)
V0 V405 V192 V259 V168 V348 V393 (720)
V0 V224 V262 V498 V18 V790 V394 (718)
V0 V950 V989 V834 V816 V395 (597)
V0 V405 V192 V451 V885 V396 (616)
V0 V224 V262 V307 V397 (624)
V0 V950 V505 V398 (844)
V0 V405 V192 V851 V519 V279 V418 V399 (724)
V0 V405 V192 V451 V885 V134 V546 V875 V449 V484 V48 V400 (639)
V0 V405 V192 V451 V885 V134 V546 V875 V449 V484 V48 V401 (715)
V0 V405 V192 V451 V459 V37 V402 (749)
V0 V242 V116 V563 V403 (828)
V0 V405 V192 V451 V885 V134 V546 V574 V404 (629)
V0 V405 (96)
V0 V224 V262 V498 V18 V672 V437 V406 (926)
V0 V405 V126 V610 V978 V2 V407 (786)
V0 V405 V192 V851 V783 V408 (713)
V0 V405 V192 V451 V885 V134 V546 V409 (581)
V0 V479 V992 V410 (968)
V0 V224 V262 V498 V689 V697 V888 V133 V411 (724)
V0 V405 V192 V451 V104 V176 V415 V361 V258 V412 (674)
V0 V405 V192 V274 V543 V49 V67 V107 V413 (814)
V0 V405 V192 V851 V420 V89 V267 V414 (665)
V0 V405 V192 V451 V104 V176 V415 (555)
V0 V405 V192 V451 V360 V416 (734)
V0 V405 V346 V54 V100 V649 V417 (825)
V0 V405 V192 V851 V519 V279 V418 (696)
V0 V405 V192 V715 V507 V751 V419 (688)
V0 V405 V192 V851 V420 (287)
V0 V950 V989 V97 V421 (536)
V0 V224 V262 V498 V689 V165 V211 V422 (942)
V0 V405 V192 V451 V885 V134 V546 V574 V827 V423 (517)
V0 V405 V192 V851 V420 V89 V430 V69 V424 (570)
V0 V405 V192 V451 V885 V134 V546 V574 V827 V687 V425 (702)
V0 V479 V671 V440 V905 V426 (850)
V0 V405 V192 V451 V104 V176 V57 V219 V427 (716)
V0 V405 V192 V451 V885 V134 V546 V659 V337 V428 (993)
V0 V405 V192 V451 V885 V134 V546 V875 V449 V429 (546)
V0 V405 V192 V851 V420 V89 V430 (454)
V0 V224 V853 V631 V278 V523 V95 V431 (667)
V0 V775 V344 V432 (630)
V0 V405 V192 V451 V104 V176 V227 V934 V433 (965)
V0 V224 V262 V498 V689 V588 V434 (1046)
V0 V479 V280 V435 (762)
V0 V224 V262 V498 V689 V697 V436 (768)
V0 V224 V262 V498 V18 V672 V437 (697)
V0 V405 V192 V451 V885 V134 V546 V875 V438 (501)
V0 V775 V757 V229 V514 V439 (866)
V0 V479 V671 V440 (507)
V0 V470 V441 (718)
V0 V249 V462 V334 V442 (817)
V0 V405 V192 V851 V987 V895 V364 V870 V281 V234 V443 (771)
V0 V405 V192 V451 V459 V830 V444 (916)
V0 V224 V262 V498 V689 V445 (861)
V0 V775 V757 V446 (528)
V0 V405 V192 V851 V783 V447 (663)
V0 V950 V31 V594 V282 V448 (853)
V0 V405 V192 V451 V885 V134 V546 V875 V449 (452)
V0 V405 V192 V451 V885 V276 V450 (766)
V0 V405 V192 V451 (139)
V0 V405 V192 V451 V885 V134 V546 V659 V466 V699 V452 (868)
V0 V405 V192 V747 V974 V339 V453 (817)
V0 V405 V192 V451 V885 V134 V546 V875 V449 V429 V880 V454 (732)
V0 V405 V192 V259 V266 V547 V455 (772)
V0 V405 V192 V451 V885 V134 V546 V659 V161 V456 (917)
V0 V224 V145 V825 V457 (697)
V0 V405 V192 V214 V458 (868)
V0 V405 V192 V451 V459 (463)
V0 V405 V346 V551 V460 (941)
V0 V775 V757 V510 V241 V117 V548 V461 (898)
V0 V249 V462 (358)
V0 V405 V192 V463 (552)
V0 V14 V293 V464 (866)
V0 V479 V671 V440 V905 V465 (812)
V0 V405 V192 V451 V885 V134 V546 V659 V466 (680)
V0 V249 V628 V467 (434)
V0 V405 V192 V518 V468 (602)
V0 V405 V192 V451 V104 V176 V5 V216 V607 V469 (896)
V0 V470 (527)
V0 V479 V377 V471 (838)
V0 V405 V126 V894 V472 (650)
V0 V950 V989 V97 V789 V473 (767)
V0 V405 V126 V894 V472 V988 V474 (965)
V0 V224 V262 V307 V397 V758 V475 (756)
V0 V249 V462 V334 V979 V578 V476 (839)
V0 V775 V813 V286 V477 (590)
V0 V14 V293 V478 (581)
V0 V479 (281)
V0 V242 V485 V842 V480 (833)
V0 V405 V192 V747 V481 (606)
V0 V14 V744 V848 V482 (894)
V0 V950 V120 V483 (540)
V0 V405 V192 V451 V885 V134 V546 V875 V449 V484 (463)
V0 V242 V485 (351)
V0 V470 V38 V527 V486 (750)
V0 V405 V126 V206 V487 (845)
V0 V224 V262 V498 V689 V165 V372 V488 (717)
V0 V242 V485 V842 V819 V984 V703 V489 (695)
V0 V405 V192 V451 V459 V830 V677 V490 (744)
V0 V950 V989 V834 V816 V517 V491 (881)
V0 V950 V989 V97 V421 V492 (829)
V0 V405 V192 V451 V885 V134 V546 V875 V539 V991 V157 V493 (725)
V0 V405 V192 V851 V783 V447 V720 V786 V284 V494 (924)
V0 V405 V192 V451 V601 V918 V495 (649)
V0 V224 V262 V496 (639)
V0 V405 V192 V451 V885 V134 V546 V875 V539 V991 V839 V892 V531 V497 (856)
V0 V224 V262 V498 (370)
V0 V405 V192 V451 V885 V134 V546 V875 V539 V499 (649)
V0 V405 V192 V451 V885 V134 V546 V875 V449 V484 V48 V246 V500 (940)
V0 V405 V192 V451 V104 V176 V57 V387 V501 (821)
V0 V405 V192 V259 V266 V502 (788)
V0 V405 V192 V259 V266 V547 V455 V503 (801)
V0 V405 V192 V274 V802 V66 V504 (811)
V0 V950 V505 (738)
V0 V405 V192 V518 V958 V998 V536 V565 V506 (1077)
V0 V405 V192 V715 V507 (590)
V0 V249 V462 V665 V864 V260 V508 (776)
V0 V405 V192 V851 V420 V89 V931 V871 V70 V509 (920)
V0 V775 V757 V510 (562)
V0 V405 V192 V851 V519 V511 (899)
V0 V405 V192 V451 V885 V134 V546 V875 V539 V991 V157 V493 V512 (732)
V0 V405 V192 V451 V885 V134 V546 V574 V513 (669)
V0 V775 V757 V229 V514 (689)
V0 V405 V192 V451 V885 V134 V546 V875 V539 V991 V251 V236 V515 (709)
V0 V775 V757 V204 V552 V516 (1318)
V0 V950 V989 V834 V816 V517 (806)
V0 V405 V192 V518 (488)
V0 V405 V192 V851 V519 (630)
V0 V405 V192 V451 V885 V134 V546 V659 V466 V699 V520 (745)
V0 V405 V192 V451 V885 V134 V546 V875 V438 V521 (835)
V0 V775 V757 V229 V889 V522 (1013)
V0 V224 V853 V631 V278 V523 (610)
V0 V405 V192 V259 V266 V632 V524 (621)
V0 V405 V126 V525 (534)
V0 V950 V120 V483 V627 V833 V526 (762)
V0 V470 V38 V527 (697)
V0 V224 V853 V631 V809 V528 (613)
V0 V224 V853 V631 V278 V626 V164 V529 (733)
V0 V405 V192 V451 V885 V134 V546 V659 V466 V699 V520 V530 (867)
V0 V405 V192 V451 V885 V134 V546 V875 V539 V991 V839 V892 V531 (842)
V0 V405 V192 V451 V885 V134 V546 V875 V449 V429 V828 V532 (875)
V0 V249 V462 V354 V533 (552)
V0 V405 V192 V451 V885 V134 V546 V659 V337 V534 (1025)
V0 V950 V989 V834 V535 (761)
V0 V405 V192 V518 V958 V998 V536 (704)
V0 V405 V192 V851 V420 V537 (839)
V0 V950 V989 V834 V816 V538 (610)
V0 V405 V192 V451 V885 V134 V546 V875 V539 (471)
V0 V405 V192 V274 V367 V24 V12 V540 (909)
V0 V405 V192 V851 V420 V89 V931 V180 V340 V541 (1072)
V0 V405 V192 V259 V266 V547 V146 V867 V542 (905)
V0 V405 V192 V274 V543 (476)
V0 V405 V192 V851 V987 V895 V364 V544 (657)
V0 V775 V757 V940 V900 V545 (717)
V0 V405 V192 V451 V885 V134 V546 (366)
V0 V405 V192 V259 V266 V547 (642)
V0 V775 V757 V510 V241 V117 V548 (805)
V0 V405 V192 V259 V266 V184 V655 V549 (904)
V0 V479 V550 (778)
V0 V405 V346 V551 (599)
V0 V775 V757 V204 V552 (837)
V0 V405 V192 V259 V266 V547 V146 V173 V742 V553 (1269)
V0 V405 V192 V518 V958 V554 (858)
V0 V405 V192 V518 V958 V555 (734)
V0 V242 V556 (378)
V0 V14 V51 V256 V557 (814)
V0 V405 V192 V851 V420 V89 V931 V180 V340 V558 (926)
V0 V950 V120 V559 (706)
V0 V405 V192 V451 V885 V134 V546 V574 V560 (1000)
V0 V405 V192 V451 V885 V134 V546 V659 V561 (617)
V0 V224 V262 V562 (694)
V0 V242 V116 V563 (605)
V0 V405 V192 V451 V104 V176 V415 V361 V258 V564 (662)
V0 V405 V192 V518 V958 V998 V536 V565 (813)
V0 V405 V192 V851 V987 V895 V121 V128 V566 (1064)
V0 V405 V192 V451 V885 V134 V546 V875 V449 V484 V48 V246 V567 (948)
V0 V950 V989 V834 V106 V568 (744)
V0 V479 V280 V569 (593)
V0 V224 V345 V845 V570 (639)
V0 V242 V116 V563 V403 V571 (829)
V0 V249 V628 V153 V572 (606)
V0 V775 V813 V587 V854 V737 V63 V573 (1230)
V0 V405 V192 V451 V885 V134 V546 V574 (450)
V0 V14 V51 V575 (624)
V0 V950 V989 V834 V816 V538 V980 V576 (1008)
V0 V224 V853 V631 V278 V626 V164 V795 V577 (1070)
V0 V249 V462 V334 V979 V578 (835)
V0 V224 V262 V307 V397 V758 V579 (931)
V0 V224 V262 V307 V787 V580 (825)
V0 V224 V262 V498 V689 V697 V888 V133 V411 V581 (1006)
V0 V249 V582 (822)
V0 V479 V671 V315 V368 V583 (839)
V0 V224 V853 V631 V278 V523 V95 V584 (670)
V0 V405 V192 V851 V987 V895 V896 V585 (1093)
V0 V405 V192 V851 V686 V586 (690)
V0 V775 V813 V587 (462)
V0 V224 V262 V498 V689 V588 (997)
V0 V405 V223 V589 (757)
V0 V405 V346 V54 V590 (1186)
V0 V405 V192 V715 V226 V591 (766)
V0 V405 V192 V715 V592 (459)
V0 V242 V914 V194 V593 (830)
V0 V950 V31 V594 (798)
V0 V405 V192 V274 V543 V595 (1054)
V0 V405 V192 V851 V420 V89 V596 (710)
V0 V224 V262 V498 V18 V790 V731 V196 V776 V597 (800)
V0 V775 V757 V204 V303 V698 V598 (815)
V0 V242 V914 V599 (601)
V0 V405 V192 V715 V600 (697)
V0 V405 V192 V451 V601 (427)
V0 V405 V192 V451 V459 V37 V602 (732)
V0 V405 V346 V54 V100 V603 (758)
V0 V405 V192 V274 V802 V66 V604 (717)
V0 V950 V605 (520)
V0 V405 V192 V451 V601 V918 V495 V606 (655)
V0 V405 V192 V451 V104 V176 V5 V216 V607 (677)
V0 V405 V192 V451 V459 V830 V677 V490 V608 (966)
V0 V405 V192 V851 V686 V609 (763)
V0 V405 V126 V610 (378)
V0 V405 V192 V451 V885 V276 V670 V611 (1068)
V0 V950 V989 V834 V816 V538 V297 V612 (808)
V0 V775 V813 V587 V613 (547)
V0 V479 V671 V315 V614 (786)
V0 V775 V757 V229 V615 (652)
V0 V405 V192 V518 V958 V555 V616 (770)
V0 V405 V192 V451 V104 V617 (777)
V0 V405 V192 V851 V420 V89 V430 V69 V681 V618 (742)
V0 V405 V192 V259 V266 V650 V619 (892)
V0 V405 V126 V525 V620 (552)
V0 V242 V914 V194 V621 (831)
V0 V249 V16 V909 V83 V622 (828)
V0 V405 V192 V259 V266 V632 V524 V639 V623 (798)
V0 V249 V462 V135 V624 (724)
V0 V405 V192 V851 V987 V895 V265 V625 (686)
V0 V224 V853 V631 V278 V626 (593)
V0 V950 V120 V483 V627 (598)
V0 V249 V628 (429)
V0 V405 V192 V451 V885 V134 V546 V875 V449 V429 V880 V629 (744)
V0 V479 V377 V471 V630 (1017)
V0 V224 V853 V631 (329)
V0 V405 V192 V259 V266 V632 (599)
V0 V405 V192 V851 V420 V89 V430 V69 V681 V911 V633 (876)
V0 V405 V192 V851 V783 V634 (711)
V0 V249 V628 V153 V572 V635 (612)
V0 V405 V192 V451 V885 V134 V546 V574 V827 V423 V804 V636 (786)
V0 V479 V280 V245 V41 V637 (591)
V0 V224 V853 V631 V278 V626 V79 V638 (984)
V0 V405 V192 V259 V266 V632 V524 V639 (672)
V0 V405 V192 V518 V381 V640 (758)
V0 V405 V192 V274 V802 V66 V604 V129 V641 (901)
V0 V405 V192 V451 V885 V276 V283 V642 (655)
V0 V470 V341 V643 (929)
V0 V224 V262 V498 V689 V697 V888 V133 V53 V876 V644 (1241)
V0 V950 V120 V43 V15 V645 (891)
V0 V224 V345 V322 V646 (844)
V0 V224 V262 V498 V689 V165 V647 (1048)
V0 V249 V462 V665 V864 V648 (961)
V0 V405 V346 V54 V100 V649 (689)
V0 V405 V192 V259 V266 V650 (725)
V0 V405 V192 V451 V885 V134 V546 V875 V449 V429 V880 V651 (810)
V0 V405 V192 V274 V543 V49 V652 (922)
V0 V950 V989 V97 V421 V653 (801)
V0 V224 V262 V654 (573)
V0 V405 V192 V259 V266 V184 V655 (755)
V0 V775 V656 (758)
V0 V242 V914 V657 (643)
V0 V405 V192 V451 V885 V134 V546 V574 V827 V423 V658 (805)
V0 V405 V192 V451 V885 V134 V546 V659 (426)
V0 V405 V192 V451 V885 V134 V546 V875 V449 V484 V660 (520)
V0 V405 V192 V851 V519 V327 V861 V661 (914)
V0 V405 V192 V259 V266 V547 V146 V85 V662 (755)
V0 V405 V192 V747 V663 (697)
V0 V479 V280 V245 V767 V664 (616)
V0 V249 V462 V665 (581)
V0 V479 V377 V666 (623)
V0 V405 V192 V451 V885 V396 V186 V667 (1136)
V0 V479 V280 V28 V349 V668 (873)
V0 V479 V669 (756)
V0 V405 V192 V451 V885 V276 V670 (907)
V0 V479 V671 (435)
V0 V224 V262 V498 V18 V672 (672)
V0 V405 V192 V259 V673 (688)
V0 V405 V192 V851 V420 V89 V21 V674 (603)
V0 V405 V192 V451 V885 V134 V794 V240 V675 (884)
V0 V405 V126 V894 V472 V726 V676 (716)
V0 V405 V192 V451 V459 V830 V677 (718)
V0 V950 V989 V300 V678 (709)
V0 V224 V345 V845 V570 V679 (929)
V0 V249 V628 V174 V680 (747)
V0 V405 V192 V851 V420 V89 V430 V69 V681 (627)
V0 V405 V192 V451 V885 V134 V546 V574 V827 V423 V804 V682 (649)
V0 V405 V192 V851 V783 V777 V683 (1098)
V0 V405 V192 V715 V226 V684 (774)
V0 V224 V262 V498 V689 V697 V888 V133 V411 V685 (827)
V0 V405 V192 V851 V686 (637)
V0 V405 V192 V451 V885 V134 V546 V574 V827 V687 (619)
V0 V950 V120 V43 V15 V688 (815)
V0 V224 V262 V498 V689 (466)
V0 V405 V192 V451 V104 V617 V690 (824)
V0 V405 V192 V518 V958 V998 V874 V691 (810)
V0 V405 V192 V451 V885 V276 V283 V642 V370 V22 V692 (697)
V0 V775 V757 V510 V241 V693 (1177)
V0 V224 V262 V562 V923 V694 (828)
V0 V405 V192 V451 V104 V695 (682)
V0 V405 V192 V451 V885 V276 V283 V642 V370 V22 V696 (1025)
V0 V224 V262 V498 V689 V697 (473)
V0 V775 V757 V204 V303 V698 (674)
V0 V405 V192 V451 V885 V134 V546 V659 V466 V699 (681)
V0 V405 V192 V715 V321 V700 (568)
V0 V405 V192 V851 V987 V895 V364 V870 V281 V234 V701 (757)
V0 V950 V989 V834 V106 V568 V702 (759)
V0 V242 V485 V842 V819 V984 V703 (653)
V0 V405 V192 V851 V420 V89 V430 V69 V704 (821)
V0 V405 V192 V451 V885 V134 V546 V269 V122 V705 (717)
V0 V405 V192 V851 V987 V798 V706 (619)
V0 V405 V126 V894 V707 (771)
V0 V405 V192 V451 V885 V134 V546 V659 V337 V708 (1008)
V0 V405 V192 V451 V885 V134 V546 V709 (842)
V0 V249 V462 V334 V979 V710 (889)
V0 V950 V261 V711 (934)
V0 V479 V280 V245 V41 V637 V712 (985)
V0 V14 V713 (814)
V0 V405 V192 V274 V543 V49 V67 V714 (781)
V0 V405 V192 V715 (352)
V0 V405 V192 V851 V987 V895 V265 V210 V132 V716 (869)
V0 V405 V192 V451 V104 V176 V227 V934 V717 (927)
V0 V224 V262 V498 V18 V790 V731 V196 V776 V718 (938)
V0 V950 V605 V719 (835)
V0 V405 V192 V851 V783 V447 V720 (748)
V0 V405 V192 V451 V104 V176 V57 V387 V721 (944)
V0 V775 V656 V722 (953)
V0 V405 V192 V463 V723 (596)
V0 V775 V757 V446 V383 V724 (939)
V0 V242 V485 V842 V819 V984 V725 (712)
V0 V405 V126 V894 V472 V726 (651)
V0 V405 V346 V727 (821)
V0 V405 V192 V259 V673 V728 (700)
V0 V405 V192 V451 V885 V134 V546 V574 V827 V687 V729 (698)
V0 V775 V757 V940 V730 (612)
V0 V224 V262 V498 V18 V790 V731 (636)
V0 V405 V192 V851 V420 V89 V267 V414 V732 (934)
V0 V405 V192 V747 V150 V356 V733 (1000)
V0 V405 V192 V259 V266 V632 V524 V639 V68 V734 (878)
V0 V405 V192 V259 V266 V632 V735 (626)
V0 V405 V126 V894 V472 V736 (749)
V0 V775 V813 V587 V854 V737 (646)
V0 V479 V280 V245 V767 V738 (895)
V0 V405 V126 V525 V749 V739 (1160)
V0 V405 V192 V451 V601 V918 V495 V606 V740 (715)
V0 V405 V192 V451 V459 V830 V677 V741 (760)
V0 V405 V192 V259 V266 V547 V146 V173 V742 (819)
V0 V479 V377 V820 V743 (754)
V0 V14 V744 (565)
V0 V405 V192 V274 V802 V840 V313 V745 (953)
V0 V405 V192 V451 V104 V176 V57 V387 V746 (856)
V0 V405 V192 V747 (527)
V0 V950 V120 V483 V627 V833 V748 (877)
V0 V405 V126 V525 V749 (813)
V0 V224 V345 V750 (633)
V0 V405 V192 V715 V507 V751 (607)
V0 V224 V262 V498 V689 V697 V888 V133 V411 V752 (727)
V0 V405 V192 V451 V104 V176 V5 V954 V906 V299 V753 (1099)
V0 V775 V757 V446 V945 V754 (912)
V0 V224 V262 V496 V755 (893)
V0 V405 V192 V715 V321 V700 V323 V756 (1149)
V0 V775 V757 (463)
V0 V224 V262 V307 V397 V758 (640)
V0 V950 V989 V834 V106 V155 V759 (845)
V0 V224 V262 V498 V18 V760 (1012)
V0 V479 V377 V666 V761 (625)
V0 V405 V192 V451 V885 V134 V546 V875 V449 V484 V762 (618)
V0 V249 V462 V665 V298 V235 V763 (747)
V0 V775 V757 V229 V982 V764 (777)
V0 V479 V280 V245 V41 V637 V712 V765 (1013)
V0 V405 V192 V451 V885 V134 V546 V875 V449 V484 V48 V400 V766 (1041)
V0 V479 V280 V245 V767 (598)
V0 V405 V126 V894 V472 V768 (852)
V0 V14 V293 V478 V769 (584)
V0 V224 V262 V498 V689 V697 V888 V133 V993 V770 (741)
V0 V405 V192 V451 V885 V134 V546 V659 V771 (755)
V0 V224 V853 V631 V149 V320 V772 (697)
V0 V405 V346 V54 V100 V773 (683)
V0 V405 V192 V451 V885 V134 V546 V875 V539 V991 V251 V774 (637)
V0 V775 (331)
V0 V224 V262 V498 V18 V790 V731 V196 V776 (749)
V0 V405 V192 V851 V783 V777 (1013)
V0 V224 V853 V631 V278 V523 V95 V778 (1032)
V0 V224 V262 V498 V689 V697 V888 V133 V993 V770 V779 (863)
V0 V405 V346 V54 V100 V916 V780 (820)
V0 V405 V346 V54 V100 V916 V811 V781 (1102)
V0 V224 V262 V498 V18 V790 V731 V196 V782 (917)
V0 V405 V192 V851 V783 (413)
V0 V224 V262 V307 V312 V784 (820)
V0 V950 V989 V834 V785 (662)
V0 V405 V192 V851 V783 V447 V720 V786 (762)
V0 V224 V262 V307 V787 (573)
V0 V405 V192 V518 V381 V640 V788 (993)
V0 V950 V989 V97 V789 (757)
V0 V224 V262 V498 V18 V790 (635)
V0 V775 V757 V510 V241 V117 V791 (839)
V0 V249 V628 V153 V572 V792 (832)
V0 V405 V192 V451 V885 V134 V546 V875 V793 (972)
V0 V405 V192 V451 V885 V134 V794 (715)
V0 V224 V853 V631 V278 V626 V164 V795 (983)
V0 V775 V757 V510 V241 V117 V548 V461 V796 (954)
V0 V405 V126 V525 V76 V797 (678)
V0 V405 V192 V851 V987 V798 (527)
V0 V405 V346 V54 V100 V916 V811 V237 V799 (887)
V0 V775 V813 V587 V854 V800 (776)
V0 V249 V801 (551)
V0 V405 V192 V274 V802 (595)
V0 V405 V192 V803 (807)
V0 V405 V192 V451 V885 V134 V546 V574 V827 V423 V804 (557)
V0 V405 V192 V851 V420 V89 V430 V69 V681 V618 V805 (866)
V0 V249 V462 V354 V806 (758)
V0 V405 V192 V451 V104 V176 V415 V807 (591)
V0 V224 V853 V631 V278 V523 V220 V808 (914)
V0 V224 V853 V631 V809 (594)
V0 V405 V192 V259 V168 V348 V810 (843)
V0 V405 V346 V54 V100 V916 V811 (719)
V0 V249 V462 V354 V533 V812 (702)
V0 V775 V813 (452)
V0 V405 V192 V851 V420 V89 V267 V414 V814 (787)
V0 V405 V192 V851 V420 V89 V430 V69 V681 V285 V815 (1060)
V0 V950 V989 V834 V816 (581)
V0 V405 V192 V518 V958 V998 V536 V817 (768)
V0 V405 V126 V957 V818 (844)
V0 V242 V485 V842 V819 (557)
V0 V479 V377 V820 (753)
V0 V405 V192 V851 V420 V89 V430 V3 V821 (720)
V0 V224 V853 V631 V278 V523 V822 (810)
V0 V405 V192 V274 V543 V49 V67 V714 V823 (968)
V0 V405 V192 V451 V885 V396 V824 (825)
V0 V224 V145 V825 (674)
V0 V249 V628 V153 V865 V826 (778)
V0 V405 V192 V451 V885 V134 V546 V574 V827 (515)
V0 V405 V192 V451 V885 V134 V546 V875 V449 V429 V828 (673)
V0 V405 V192 V451 V885 V276 V829 (720)
V0 V405 V192 V451 V459 V830 (593)
V0 V14 V51 V831 (700)
V0 V405 V192 V451 V885 V134 V546 V659 V337 V832 (782)
V0 V950 V120 V483 V627 V833 (668)
V0 V950 V989 V834 (505)
V0 V224 V262 V498 V18 V672 V437 V60 V835 (978)
V0 V405 V126 V610 V978 V836 (703)
V0 V479 V671 V315 V368 V837 (866)
V0 V405 V192 V518 V381 V838 (915)
V0 V405 V192 V451 V885 V134 V546 V875 V539 V991 V839 (520)
V0 V405 V192 V274 V802 V840 (737)
V0 V405 V126 V525 V841 (580)
V0 V242 V485 V842 (376)
V0 V405 V192 V451 V843 (539)
V0 V405 V192 V851 V420 V89 V931 V871 V844 (685)
V0 V224 V345 V845 (570)
V0 V405 V192 V451 V885 V134 V546 V875 V539 V991 V157 V493 V846 (1076)
V0 V405 V192 V451 V104 V176 V415 V361 V258 V847 (617)
V0 V14 V744 V848 (698)
V0 V405 V192 V451 V885 V134 V546 V574 V849 (489)
V0 V775 V757 V204 V850 (893)
V0 V405 V192 V851 (285)
V0 V405 V126 V610 V978 V2 V852 (1016)
V0 V224 V853 (294)
V0 V775 V813 V587 V854 (554)
V0 V775 V656 V855 (866)
V0 V249 V462 V290 V856 (1128)
V0 V405 V192 V451 V885 V134 V546 V659 V337 V162 V857 (1117)
V0 V405 V192 V715 V321 V700 V858 (618)
V0 V405 V192 V851 V420 V89 V267 V414 V130 V859 (697)
V0 V405 V192 V451 V885 V134 V546 V875 V449 V429 V828 V182 V10 V860 (911)
V0 V405 V192 V851 V519 V327 V861 (840)
V0 V242 V485 V842 V862 (758)
V0 V405 V126 V894 V472 V726 V676 V863 (878)
V0 V249 V462 V665 V864 (593)
V0 V249 V628 V153 V865 (726)
V0 V405 V192 V451 V104 V866 (502)
V0 V405 V192 V259 V266 V547 V146 V867 (903)
V0 V224 V262 V496 V868 (768)
V0 V224 V345 V750 V335 V869 (761)
V0 V405 V192 V851 V987 V895 V364 V870 (655)
V0 V405 V192 V851 V420 V89 V931 V871 (556)
V0 V479 V280 V245 V41 V637 V872 (661)
V0 V249 V462 V665 V864 V260 V873 (691)
V0 V405 V192 V518 V958 V998 V874 (686)
V0 V405 V192 V451 V885 V134 V546 V875 (381)
V0 V224 V262 V498 V689 V697 V888 V133 V53 V876 (808)
V0 V224 V853 V877 (696)
V0 V950 V120 V878 (776)
V0 V405 V192 V851 V686 V586 V879 (725)
V0 V405 V192 V451 V885 V134 V546 V875 V449 V429 V880 (608)
V0 V14 V744 V848 V881 (924)
V0 V405 V192 V451 V459 V882 (568)
V0 V224 V262 V307 V883 (648)
V0 V405 V192 V451 V885 V134 V546 V875 V378 V884 (640)
V0 V405 V192 V451 V885 (272)
V0 V405 V192 V518 V958 V61 V187 V886 (913)
V0 V775 V757 V510 V241 V887 (843)
V0 V224 V262 V498 V689 V697 V888 (505)
V0 V775 V757 V229 V889 (912)
V0 V405 V192 V274 V802 V66 V504 V890 (856)
V0 V405 V192 V274 V891 (863)
V0 V405 V192 V451 V885 V134 V546 V875 V539 V991 V839 V892 (752)
V0 V405 V192 V451 V104 V176 V57 V387 V501 V893 (831)
V0 V405 V126 V894 (631)
V0 V405 V192 V851 V987 V895 (539)
V0 V405 V192 V851 V987 V895 V896 (978)
V0 V405 V192 V274 V543 V49 V897 (697)
V0 V405 V192 V451 V314 V898 (674)
V0 V405 V192 V451 V843 V899 (715)
V0 V775 V757 V940 V900 (543)
V0 V775 V757 V446 V383 V901 (909)
V0 V405 V192 V851 V987 V895 V902 (560)
V0 V405 V192 V851 V420 V89 V267 V414 V130 V903 (790)
V0 V405 V192 V451 V459 V904 (822)
V0 V479 V671 V440 V905 (715)
V0 V405 V192 V451 V104 V176 V5 V954 V906 (806)
V0 V249 V628 V153 V865 V907 (864)
V0 V242 V116 V908 (632)
V0 V249 V16 V909 (722)
V0 V950 V31 V910 (842)
V0 V405 V192 V851 V420 V89 V430 V69 V681 V911 (776)
V0 V405 V192 V451 V885 V134 V546 V875 V912 (474)
V0 V405 V223 V913 (840)
V0 V242 V914 (574)
V0 V405 V192 V451 V885 V142 V309 V915 (862)
V0 V405 V346 V54 V100 V916 (710)
V0 V405 V192 V451 V885 V134 V546 V574 V849 V917 (514)
V0 V405 V192 V451 V601 V918 (629)
V0 V224 V262 V498 V689 V697 V888 V133 V411 V752 V969 V919 (901)
V0 V405 V126 V525 V620 V920 (781)
V0 V249 V628 V467 V963 V39 V391 V921 (896)
V0 V224 V262 V498 V18 V672 V437 V60 V922 (883)
V0 V224 V262 V562 V923 (827)
V0 V405 V192 V451 V885 V396 V924 (810)
V0 V405 V192 V274 V802 V94 V925 (798)
V0 V950 V989 V926 (976)
V0 V249 V927 (644)
V0 V405 V192 V851 V987 V895 V364 V870 V928 (845)
V0 V405 V192 V747 V974 V339 V929 (965)
V0 V405 V192 V715 V321 V700 V323 V930 (723)
V0 V405 V192 V851 V420 V89 V931 (442)
V0 V224 V262 V225 V72 V932 (780)
V0 V224 V853 V631 V933 (695)
V0 V405 V192 V451 V104 V176 V227 V934 (690)
V0 V405 V192 V274 V802 V94 V6 V935 (736)
V0 V775 V757 V940 V936 (663)
V0 V405 V192 V851 V420 V89 V430 V69 V424 V937 (918)
V0 V405 V192 V451 V885 V134 V546 V875 V449 V429 V828 V182 V938 (1060)
V0 V224 V262 V939 (882)
V0 V775 V757 V940 (468)
V0 V405 V192 V851 V420 V89 V430 V941 (693)
V0 V242 V116 V908 V942 (722)
V0 V405 V126 V943 (807)
V0 V224 V262 V498 V689 V697 V888 V133 V993 V770 V779 V944 (978)
V0 V775 V757 V446 V945 (540)
V0 V950 V31 V594 V282 V448 V65 V946 (970)
V0 V405 V192 V274 V802 V66 V947 (762)
V0 V950 V120 V43 V948 (719)
V0 V405 V192 V518 V958 V949 (719)
V0 V950 (383)
V0 V224 V853 V631 V278 V523 V95 V431 V951 (915)
V0 V775 V757 V204 V952 (882)
V0 V224 V262 V953 (723)
V0 V405 V192 V451 V104 V176 V5 V954 (669)
V0 V405 V192 V451 V885 V134 V546 V409 V955 (617)
V0 V775 V757 V956 (567)
V0 V405 V126 V957 (445)
V0 V405 V192 V518 V958 (565)
V0 V405 V192 V715 V959 (491)
V0 V405 V192 V851 V420 V89 V21 V960 (520)
V0 V249 V462 V354 V961 (607)
V0 V405 V346 V54 V100 V916 V811 V237 V962 (914)
V0 V249 V628 V467 V963 (699)
V0 V950 V989 V834 V816 V538 V964 (843)
V0 V405 V192 V259 V266 V965 (659)
V0 V249 V628 V153 V865 V826 V209 V966 (871)
V0 V405 V192 V851 V987 V798 V967 (957)
V0 V405 V192 V747 V481 V968 (752)
V0 V224 V262 V498 V689 V697 V888 V133 V411 V752 V969 (827)
V0 V405 V192 V451 V601 V918 V970 (794)
V0 V405 V192 V451 V885 V134 V546 V659 V337 V971 (671)
V0 V224 V853 V631 V278 V626 V79 V310 V972 (772)
V0 V405 V192 V274 V802 V66 V604 V129 V973 (803)
V0 V405 V192 V747 V974 (532)
V0 V249 V801 V975 (659)
V0 V405 V192 V451 V885 V134 V546 V875 V449 V484 V660 V976 (822)
V0 V405 V192 V451 V885 V134 V546 V875 V539 V991 V251 V977 (665)
V0 V405 V126 V610 V978 (666)
V0 V249 V462 V334 V979 (683)
V0 V950 V989 V834 V816 V538 V980 (774)
V0 V405 V126 V525 V620 V981 (572)
V0 V775 V757 V229 V982 (770)
V0 V224 V262 V498 V689 V697 V888 V133 V411 V983 (866)
V0 V242 V485 V842 V819 V984 (626)
V0 V224 V345 V750 V335 V869 V985 (911)
V0 V249 V462 V334 V979 V986 (787)
V0 V405 V192 V851 V987 (478)
V0 V405 V126 V894 V472 V988 (733)
V0 V950 V989 (399)
V0 V224 V262 V225 V369 V990 (862)
V0 V405 V192 V451 V885 V134 V546 V875 V539 V991 (478)
V0 V479 V992 (516)
V0 V224 V262 V498 V689 V697 V888 V133 V993 (692)
V0 V405 V192 V451 V104 V176 V11 V163 V994 (824)
V0 V405 V126 V525 V620 V995 (924)
V0 V405 V996 (859)
V0 V950 V989 V834 V106 V997 (1010)
V0 V405 V192 V518 V958 V998 (628)
V0 V249 V628 V131 V999 (765)
