2415
1226306347013325
201012011112110200000210022221010000010221001102222101112221212001221111021211220002120112222000111122000221201020121222102211200120120102011000202121101200122221001010102010201201002222020201111210000011102
65700467107726255024
61615424646251242026302446546452
22B139D61B
127251088564167684878168018000801210283476818588547
694993907974651539212929708950514448345789398319887359464
613546585622B4029652561BB
20524236
3241413130343423110013223320200420314243003321311421402422134241413414333042130004321221314002302221432303012320241311340244414031233
4201323223440202123421132212101404122233420133430314023313010223242042202032003001043
110010011010001110100001100000011001001101101011101101110100001100010111110000111000100000011100111000010110000000001010011011011000001101010010010011000101011111010101000011011000101
152544468664785055196852682000390047619797909910806152619309777814773137
202323112003311010213203331033302300133301310013021103313
111303213100401103041
10012211111202022120102120212111011122222212001020221212001001002201200210000001101120222000012212020120212211112002112010212100122221010021000211111210201022002110212120201110
55AA6CD8BA77603AE33414B6074A29BDADE3
10320212133023210132310032303
49769680599931059995935015752
