S: C8 CT CJ CQ D4 D7 D9 DQ S4 S6 H6 H7 H9
W: C5 C7 D2 D3 D8 S2 SJ SK SA H2 H3 H8 HA
N: C2 C6 C9 CA D5 DA S3 S5 ST SQ H4 HQ HK
E: C3 C4 CK D6 DT DJ DK S7 S8 S9 H5 HT HJ
S: C2 C8 CJ D2 D6 D7 DJ S3 SJ SA H3 H9 HK
W: C6 C9 CT D4 D8 S4 S8 ST SQ H2 HT HJ HA
N: C4 C5 CQ CK DQ DK DA S7 S9 H4 H6 H7 HQ
E: C3 C7 CA D3 D5 D9 DT S2 S5 S6 SK H5 H8
S: C2 C4 C7 C8 D3 D5 DT DQ DK S5 ST SA H6
W: C3 C5 CA D6 S3 S6 SK H4 H5 H9 HT HK HA
N: C6 D2 D7 D8 D9 DJ DA S9 SQ H2 H7 H8 HJ
E: C9 CT CJ CQ CK D4 S2 S4 S7 S8 SJ H3 HQ
S: C2 C4 C7 D3 S6 S8 H2 H8 H9 HT HQ HK HA
W: C3 C5 C8 CQ CK S9 ST SJ SK SA H4 H7 HJ
N: C6 CT CJ D5 D6 D7 D9 DQ DK S2 S7 SQ H6
E: C9 CA D2 D4 D8 DT DJ DA S3 S4 S5 H3 H5
S: C3 C6 C7 CA D4 D5 SJ H3 H4 H6 H7 H8 H9
W: C4 C5 C9 D6 D8 D9 DT DA S2 S7 S8 SA HA
N: C2 CJ CQ D7 DQ DK S3 S5 S9 H2 H5 HJ HQ
E: C8 CT CK D2 D3 DJ S4 S6 ST SQ SK HT HK
S: C4 C7 C8 CQ DQ DK S3 S4 S5 ST H2 H5 H8
W: C2 C3 C6 CT CK D3 D5 DA S2 S6 SA HJ HQ
N: C5 D2 D8 D9 DT DJ S7 S8 SJ H3 H9 HT HK
E: C9 CJ CA D4 D6 D7 S9 SQ SK H4 H6 H7 HA
S: C4 C5 CK CA D2 DQ S7 S8 SK H6 H7 HJ HK
W: C6 C7 CJ D5 D8 DA S4 SJ H2 H4 H5 H8 HQ
N: D9 DT DJ DK S2 S3 S5 S6 ST SQ SA HT HA
E: C2 C3 C8 C9 CT CQ D3 D4 D6 D7 S9 H3 H9
S: D3 D4 D7 DJ S3 S5 S9 SA H4 H7 HT HJ HA
W: C2 C5 C7 C8 C9 CA DQ S2 S8 SK H2 H6 H8
N: C6 CT CJ D2 D8 DT DK DA SQ H3 H9 HQ HK
E: C3 C4 CQ CK D5 D6 D9 S4 S6 S7 ST SJ H5
S: C4 C5 C6 CJ CQ D4 DT DA S5 S7 ST SA HQ
W: D5 D7 DJ S3 SK H3 H4 H5 H6 H8 H9 HJ HK
N: C8 CT CK CA D2 D3 D9 S4 S6 S8 SQ H7 HT
E: C2 C3 C7 C9 D6 D8 DQ DK S2 S9 SJ H2 HA
S: C9 CT CJ CK D3 D8 S2 S3 S7 S8 S9 H5 HK
W: CQ CA D2 DT DK S6 ST SQ SA H2 H4 H7 H8
N: C2 C5 D4 D5 D6 D9 DJ DQ DA S5 H6 HT HA
E: C3 C4 C6 C7 C8 D7 S4 SJ SK H3 H9 HJ HQ
S: C5 C9 D3 DK S6 SQ SK SA H3 H5 H7 H8 HA
W: C3 C4 C7 CJ D5 DT DA S3 S9 ST H2 H4 HK
N: C2 C8 CQ CA D2 D4 D7 D8 DJ S4 S5 S7 S8
E: C6 CT CK D6 D9 DQ S2 SJ H6 H9 HT HJ HQ
S: C8 CQ D8 D9 DT DJ DK S2 S5 S9 H9 HT HQ
W: C2 C4 C6 C9 D3 D4 DA S3 S4 SJ H2 HJ HK
N: C3 C5 C7 CK CA D7 S6 S7 ST SK H3 H5 H8
E: CT CJ D2 D5 D6 DQ S8 SQ SA H4 H6 H7 HA
S: C3 C4 C9 CJ CQ D4 D8 D9 DQ DA S9 SQ H7
W: C5 C6 C7 CT CK D5 DK SJ SA HT HJ HQ HA
N: C2 CA DT DJ S4 S5 S6 ST H2 H3 H5 H6 H8
E: C8 D2 D3 D6 D7 S2 S3 S7 S8 SK H4 H9 HK
S: C4 CQ D3 D5 DA SQ SA H2 H3 H7 H9 HT HQ
W: CT CA D2 D4 D7 D9 S4 S7 S8 S9 H6 H8 HA
N: C5 CK D8 DJ S2 S5 S6 ST SJ SK H4 HJ HK
E: C2 C3 C6 C7 C8 C9 CJ D6 DT DQ DK S3 H5
S: C4 C6 CK D8 DT S5 SQ H3 H6 H8 HT HJ HQ
W: C5 C7 D2 D7 DJ DQ S3 ST SJ H2 H4 H5 HK
N: C2 C3 C8 CJ CA D6 DK S2 S4 S7 S9 H7 H9
E: C9 CT CQ D3 D4 D5 D9 DA S6 S8 SK SA HA
S: C2 CT CJ D9 DT S2 S5 ST SQ SK H2 H4 H9
W: C3 C7 CQ CA D4 D8 S3 S8 H7 HT HQ HK HA
N: C4 C5 C6 CK D3 D5 D6 DA S6 S9 H5 H6 HJ
E: C8 C9 D2 D7 DJ DQ DK S4 S7 SJ SA H3 H8
S: C3 C5 C6 CQ D9 S4 S9 SQ SK H2 H6 HT HQ
W: C7 C8 C9 CJ D2 D6 DJ DQ S3 S5 S7 SA HJ
N: C4 CK CA D3 D4 D7 DT DK S2 S6 SJ H3 H9
E: C2 CT D5 D8 DA S8 ST H4 H5 H7 H8 HK HA
S: C4 C7 CJ CQ CK D2 S2 S4 S5 S8 ST H7 H9
W: CA D3 D8 DT DJ S3 S9 H5 H6 H8 HT HJ HK
N: C3 C6 C9 CT D4 D5 D7 DK DA S6 S7 H2 HA
E: C2 C5 C8 D6 D9 DQ SJ SQ SK SA H3 H4 HQ
S: C5 C6 C9 CT D3 D5 D6 DQ S3 H6 H9 HK HA
W: C8 CQ CK CA D4 D7 D8 DK S5 S6 S9 H2 HQ
N: C4 CJ DT DA S2 S7 S8 ST SJ SK SA H3 HT
E: C2 C3 C7 D2 D9 DJ S4 SQ H4 H5 H7 H8 HJ
S: C2 C9 CT CJ D8 DJ DK S2 S3 S7 ST H9 HA
W: C3 C4 C5 C8 D4 D9 DA SJ SK H4 H5 H7 HT
N: C6 C7 CQ CK D7 DT DQ S5 H2 H3 H6 H8 HQ
E: CA D2 D3 D5 D6 S4 S6 S8 S9 SQ SA HJ HK
S: C2 C4 CT CJ CK CA D2 D9 DK S2 S3 S7 H6
W: C6 C7 D3 DQ S4 S6 S8 SJ SQ SA H4 H8 HJ
N: C9 D5 D6 D7 D8 DJ DA S5 H2 H5 H7 HQ HA
E: C3 C5 C8 CQ D4 DT S9 ST SK H3 H9 HT HK
S: C2 C5 CT D7 DT DQ S5 S8 SJ SQ SA H7 HK
W: C6 C7 C8 C9 CQ D2 S2 ST H4 H6 H9 HJ HQ
N: C3 C4 CJ D3 D6 DA S4 S7 S9 SK H8 HT HA
E: CK CA D4 D5 D8 D9 DJ DK S3 S6 H2 H3 H5
S: C2 C4 CT CQ D3 D7 D9 ST SQ H7 H9 HQ HA
W: C6 CA DT DJ DA S2 S5 S8 S9 SJ H3 H4 H5
N: C5 C8 C9 CK D4 D6 DQ S3 S6 S7 SK H2 HT
E: C3 C7 CJ D2 D5 D8 DK S4 SA H6 H8 HJ HK
S: C6 CT CK CA D5 S3 S7 S9 SK H3 H7 H8 HT
W: C2 C3 C5 D2 D7 DT DJ DQ DK S8 SJ H4 H5
N: C4 C7 CJ D6 D8 DA S4 ST SQ H2 H9 HJ HQ
E: C8 C9 CQ D3 D4 D9 S2 S5 S6 SA H6 HK HA
S: C7 C8 CK D4 D6 DJ DQ S4 S5 H2 H4 H5 HA
W: C6 CJ D5 D9 DT S3 S9 SJ SQ H3 H6 H9 HJ
N: C2 C4 C5 CT CQ D2 D3 D7 S8 SA H8 HT HK
E: C3 C9 CA D8 DK DA S2 S6 S7 ST SK H7 HQ
S: C2 CQ DK DA S2 S4 SJ SQ H3 H7 H8 HQ HK
W: C4 C7 C9 CA D4 D5 S6 SA H2 H4 H5 H6 HJ
N: C5 C6 CJ CK D3 D8 DT DJ DQ S3 S7 HT HA
E: C3 C8 CT D2 D6 D7 D9 S5 S8 S9 ST SK H9
S: C2 C5 CA D3 D8 DJ DA S2 S3 SA H2 HJ HA
W: C9 CT CJ CK D2 S5 S9 SQ H3 H4 H5 H8 HK
N: C3 C6 C7 D4 D9 DT DQ S4 S7 SJ SK H7 HQ
E: C4 C8 CQ D5 D6 D7 DK S6 S8 ST H6 H9 HT
S: C3 CT CQ CK D4 D5 D6 D8 DT S4 S7 HJ HK
W: C4 C7 CJ D3 D7 D9 DA S2 S9 ST SK H6 HA
N: C5 C9 D2 DQ S3 SJ SQ H2 H3 H4 H5 H8 H9
E: C2 C6 C8 CA DJ DK S5 S6 S8 SA H7 HT HQ
S: C5 CJ CQ D2 D3 D6 DJ DA S2 ST SJ SA H2
W: C4 CA D4 D5 D8 D9 S3 S5 H6 H8 HT HJ HQ
N: C3 C6 D7 DQ DK S7 S8 S9 SQ SK H3 H4 H7
E: C2 C7 C8 C9 CT CK DT S4 S6 H5 H9 HK HA
S: C3 CQ D5 D9 DA S3 S6 S8 ST SA H4 H8 H9
W: C5 C6 C8 D2 D7 D8 DJ S4 S5 S7 H7 HJ HK
N: C7 CT CJ CK D3 D4 DK SJ SK H2 HT HQ HA
E: C2 C4 C9 CA D6 DT DQ S2 S9 SQ H3 H5 H6
S: C3 C7 CT CK DJ DK S2 S4 S5 S7 SA H8 H9
W: C4 CQ D2 D4 D6 D7 D8 DT S9 SK H3 H4 HT
N: C6 C9 D3 D5 DA S8 ST H2 H6 H7 HJ HQ HA
E: C2 C5 C8 CJ CA D9 DQ S3 S6 SJ SQ H5 HK
S: CT D6 D9 DQ DK S3 S5 S6 ST SA H2 H5 H6
W: C3 C4 C6 C7 D4 D8 DT DA S2 S4 HT HK HA
N: C2 D3 D5 D7 S7 S9 SJ SK H4 H7 H8 H9 HJ
E: C5 C8 C9 CJ CQ CK CA D2 DJ S8 SQ H3 HQ
S: C3 C4 CK CA D4 D6 DJ S2 ST SJ H6 HT HQ
W: C5 C7 C9 CT CQ D9 DA S3 S6 S7 S8 H8 HK
N: C2 C6 C8 CJ D3 D7 SQ H2 H4 H7 H9 HJ HA
E: D2 D5 D8 DT DQ DK S4 S5 S9 SK SA H3 H5
S: C7 CQ CK D2 D4 D7 DT DA S5 S9 ST SQ H9
W: C3 C4 C6 D5 D6 D8 D9 DK S8 H3 H4 H6 HQ
N: C2 C8 C9 D3 DJ DQ S4 S6 SJ H2 H5 HJ HA
E: C5 CT CJ CA S2 S3 S7 SK SA H7 H8 HT HK
S: C4 C8 CT D6 DT DJ DA S4 SJ H6 H8 HK HA
W: C5 CJ CA S2 S6 S7 S8 SK SA H3 H4 H5 HT
N: C2 C3 C6 C7 C9 CK D3 D9 DQ SQ H2 HJ HQ
E: CQ D2 D4 D5 D7 D8 DK S3 S5 S9 ST H7 H9
S: C2 CJ CK D3 D8 S5 S6 S7 S9 H2 H4 H5 HA
W: C7 CT CA D2 D4 D5 D9 SJ H6 H7 H8 H9 HK
N: C3 C8 D7 DT DJ DA S2 S4 S8 SK SA HT HQ
E: C4 C5 C6 C9 CQ D6 DQ DK S3 ST SQ H3 HJ
S: C3 C5 C8 C9 D3 D4 D7 DQ S2 S7 SQ H6 HT
W: C2 C4 D6 D9 S6 ST SJ SA H2 H5 H9 HJ HK
N: C6 C7 CT CJ CA D5 DT DJ S3 S5 S9 SK H7
E: CQ CK D2 D8 DK DA S4 S8 H3 H4 H8 HQ HA
S: CA D3 D7 D8 DT DJ DA S2 SK H5 H6 HT HA
W: C2 C6 CT CJ D6 S3 S6 S7 SQ H2 H4 H8 HQ
N: C3 C7 D2 D4 D9 DQ S4 S5 S8 S9 SA HJ HK
E: C4 C5 C8 C9 CQ CK D5 DK ST SJ H3 H7 H9
S: C6 C9 CQ D2 D4 D5 ST SK SA H3 H5 H8 HJ
W: C2 C3 CJ D7 D8 DK DA S9 H4 H7 HQ HK HA
N: C5 C8 CT CK D3 DQ S2 S5 S8 SJ H2 H6 HT
E: C4 C7 CA D6 D9 DT DJ S3 S4 S6 S7 SQ H9
S: C3 C4 C8 CJ D4 D5 DK S2 S5 ST H9 HJ HA
W: CQ D7 S4 S6 S7 S8 S9 SK H3 H5 H6 H8 HT
N: C2 C5 C9 CT D2 D8 DA S3 SJ SQ H2 H4 HQ
E: C6 C7 CK CA D3 D6 D9 DT DJ DQ SA H7 HK
S: CT CJ CK D2 D6 D7 DJ DQ DA S5 SQ H2 H9
W: C2 C8 D4 D9 DT S3 S6 ST SK H3 H7 HJ HQ
N: C6 C9 CA D3 S4 S7 S8 S9 SJ H5 H6 HK HA
E: C3 C4 C5 C7 CQ D5 D8 DK S2 SA H4 H8 HT
S: C5 C8 CT D7 DJ S2 S8 SJ H3 H6 HT HQ HK
W: C2 CJ CA D2 D6 D8 DT DK S3 S5 ST HJ HA
N: C6 CQ CK D4 DQ DA S6 S7 SA H2 H5 H7 H8
E: C3 C4 C7 C9 D3 D5 D9 S4 S9 SQ SK H4 H9
S: C8 CQ CK CA D2 D7 D9 S3 S9 H4 H5 H6 H7
W: C3 C4 D6 DT DQ DK SJ SA H2 HT HJ HQ HA
N: C2 C5 C7 CJ D4 D8 DA S4 S5 S6 S7 S8 H3
E: C6 C9 CT D3 D5 DJ S2 ST SQ SK H8 H9 HK
S: C3 C5 C6 C7 CK D3 D8 DJ SK H4 HJ HK HA
W: C4 CA D7 DK DA S7 S8 SA H3 H8 H9 HT HQ
N: C8 CT CJ CQ D2 D6 S2 S3 S4 S6 ST H2 H6
E: C2 C9 D4 D5 D9 DT DQ S5 S9 SJ SQ H5 H7
S: C2 C5 C9 CT D2 D8 S2 S6 ST SK H5 H7 H8
W: C6 CK D9 DQ DK S9 SJ SQ H2 H3 H9 HJ HQ
N: C3 C7 CJ CA D3 D4 D6 DJ DA S3 S5 S7 H4
E: C4 C8 CQ D5 D7 DT S4 S8 SA H6 HT HK HA
S: C4 C7 C8 D7 D8 D9 DQ S2 S4 S9 SK HT HJ
W: C2 C3 D3 D6 DT S5 S6 ST H7 H8 HQ HK HA
N: C6 CT CJ CA D2 D4 D5 DA S8 SJ SQ SA H9
E: C5 C9 CQ CK DJ DK S3 S7 H2 H3 H4 H5 H6
S: C2 C7 CT CJ DT S2 SJ SQ SA H3 H6 HT HJ
W: C3 C4 C5 C9 CQ DJ DK S5 H2 H4 H5 H8 HA
N: C8 CK CA D4 D9 DQ DA S3 S7 S8 SK H7 H9
E: C6 D2 D3 D5 D6 D7 D8 S4 S6 S9 ST HQ HK
S: C2 C5 D2 D7 D9 DT DJ DK S4 ST SA H8 HQ
W: C3 C4 C6 CJ CQ DQ S3 S6 SK H2 H4 H9 HK
N: C7 C9 CT CK D6 D8 S5 S7 S9 SQ H5 H6 HJ
E: C8 CA D3 D4 D5 DA S2 S8 SJ H3 H7 HT HA
S: C3 C4 CT CK D3 D5 D6 DQ S3 S4 H7 HT HK
W: C7 C9 D2 D9 DT S2 S7 ST SQ H2 H5 H8 HA
N: C2 C5 CA D4 D7 D8 DJ DK S9 SK SA H6 HQ
E: C6 C8 CJ CQ DA S5 S6 S8 SJ H3 H4 H9 HJ
S: C3 C5 CT CJ D3 D5 D7 S2 S8 S9 SK SA H5
W: C6 D2 D4 D6 D8 D9 DA S5 H4 H7 H8 H9 HK
N: C2 C4 C8 C9 CQ DT DK S3 S4 ST H2 H6 HA
E: C7 CK CA DJ DQ S6 S7 SJ SQ H3 HT HJ HQ
S: C2 C3 C6 CK D3 D4 D8 DJ DK S9 HT HQ HA
W: C7 C8 D6 D7 D9 DA S3 S6 ST SK SA H4 H8
N: C4 C5 CJ CA DT S2 S5 S7 SJ H2 H3 H9 HK
E: C9 CT CQ D2 D5 DQ S4 S8 SQ H5 H6 H7 HJ
S: C3 C8 C9 CQ D3 D8 DJ S4 H2 H3 H4 H7 HJ
W: C2 C4 C5 C6 CT D4 D5 DK S6 S9 H6 H8 HK
N: C7 CK CA D2 D6 D7 D9 DA S2 ST SK H5 HA
E: CJ DT DQ S3 S5 S7 S8 SJ SQ SA H9 HT HQ
S: C2 C5 C6 CT D2 SQ H2 H4 H6 H7 HJ HQ HA
W: C4 C9 CK CA D3 D5 DT DK S5 S7 ST SA HT
N: C3 C7 C8 CJ CQ D4 D9 DQ S4 S9 SK H3 H8
E: D6 D7 D8 DJ DA S2 S3 S6 S8 SJ H5 H9 HK
S: C8 CT CQ CA D3 D6 DJ S5 SK H4 H5 H6 HK
W: C5 D2 D4 DQ DK DA S8 ST SA H7 H8 HT HQ
N: C2 C3 C6 C7 CK D5 D8 D9 S3 S4 SQ H2 HJ
E: C4 C9 CJ D7 DT S2 S6 S7 S9 SJ H3 H9 HA
S: C2 C5 C8 CT CA DK S8 ST SJ SK H3 H6 HA
W: C4 C6 C7 CK D5 D7 DQ DA S6 S7 SQ H2 H4
N: C3 CJ CQ D2 D3 D4 D6 S2 S3 H8 HT HJ HQ
E: C9 D8 D9 DT DJ S4 S5 S9 SA H5 H7 H9 HK
S: CK D6 D8 DK DA S4 S7 ST SJ SK SA H8 HK
W: C2 C4 CA D4 D5 DT S3 S5 S8 H4 H7 HT HJ
N: C3 C5 C7 C8 CT CJ CQ D7 DJ S2 S6 H5 HQ
E: C6 C9 D2 D3 D9 DQ S9 SQ H2 H3 H6 H9 HA
S: CQ D3 D7 S4 S6 S8 S9 SQ H4 H5 H7 HK HA
W: C4 C6 D5 D6 D9 DT DA S2 S5 S7 HT HJ HQ
N: C2 C3 C7 D2 D8 DJ DK S3 ST SJ SA H8 H9
E: C5 C8 C9 CT CJ CK CA D4 DQ SK H2 H3 H6
S: C6 CT CQ CA D4 D8 D9 DJ S4 SJ H5 H7 HJ
W: C2 C3 C4 C5 C9 D5 D7 S7 SK SA H9 HQ HK
N: C8 CJ CK D6 DK DA S2 S6 SQ H4 H8 HT HA
E: C7 D2 D3 DT DQ S3 S5 S8 S9 ST H2 H3 H6
S: C4 C7 C9 CA D8 S2 S4 S7 H2 H7 H9 HT HA
W: C3 C6 D3 D4 D7 DT DJ DA SJ SK SA HQ HK
N: C2 C5 CJ CQ CK DQ S3 S6 SQ H3 H4 H5 H6
E: C8 CT D2 D5 D6 D9 DK S5 S8 S9 ST H8 HJ
S: C6 C9 CK D4 D8 DT DQ DA S5 S6 SJ H2 HJ
W: C5 CQ CA D2 D3 D5 S3 S4 ST SQ H7 HQ HA
N: C3 C4 C8 CJ D6 DK S2 S9 SK H3 H4 H5 H9
E: C2 C7 CT D7 D9 DJ S7 S8 SA H6 H8 HT HK
S: C2 C6 CT CA D7 D8 DK S7 S8 SK H2 H3 H8
W: C4 C8 CQ D6 D9 DJ S2 S4 S9 ST SJ H4 H9
N: C5 CJ CK D2 D3 D4 DA S6 SQ H5 H7 HQ HK
E: C3 C7 C9 D5 DT DQ S3 S5 SA H6 HT HJ HA
S: D3 D9 DJ DQ DA S2 S3 ST SK H2 H3 HJ HK
W: C4 C6 C7 C9 D6 DT S7 S8 S9 H4 H9 HT HA
N: C5 CT CJ CK D2 DK S4 S5 S6 SJ SQ H5 H7
E: C2 C3 C8 CQ CA D4 D5 D7 D8 SA H6 H8 HQ
S: C4 CT CA D2 D3 D4 D7 DT S3 ST SJ H9 HT
W: C6 C7 C9 CK D5 D6 DJ S5 S6 S9 SA H2 HA
N: C2 C8 D9 DK S4 S7 S8 SQ SK H4 H6 H7 HQ
E: C3 C5 CJ CQ D8 DQ DA S2 H3 H5 H8 HJ HK
S: CQ CA D3 D7 D9 DA S3 S7 S8 H4 H6 H8 HQ
W: C5 C6 C7 C8 CJ D2 D4 D8 DJ S9 SK SA H7
N: C2 C4 C9 CT D6 DT S5 ST SQ H2 H3 H5 HT
E: C3 CK D5 DQ DK S2 S4 S6 SJ H9 HJ HK HA
S: C8 CT D5 D6 DK DA S2 S4 SK H7 H8 HQ HK
W: C5 CK D2 D4 D7 D8 D9 S7 ST SJ SA H9 HT
N: C4 C7 C9 CJ D3 DJ DQ S3 SQ H2 H3 H6 HJ
E: C2 C3 C6 CQ CA DT S5 S6 S8 S9 H4 H5 HA
S: CJ D2 D4 D5 D9 S2 S6 ST SK HT HJ HQ HK
W: C2 D3 DA S3 S9 SQ SA H2 H3 H5 H7 H8 HA
N: C3 C4 C5 C6 C9 CT CK D7 S4 S5 S7 H4 H9
E: C7 C8 CQ CA D6 D8 DT DJ DQ DK S8 SJ H6
S: C4 CJ CQ CK D2 D5 D7 DT DJ DA S7 H7 H8
W: C3 C6 C7 D6 DK S9 SQ H3 H4 H9 HT HK HA
N: C2 C5 DQ S4 S6 S8 ST SJ SA H2 H5 H6 HQ
E: C8 C9 CT CA D3 D4 D8 D9 S2 S3 S5 SK HJ
S: CA D2 D9 DK DA S3 S4 S6 S8 SK H2 H6 HQ
W: C6 C7 C8 CT DT S2 S7 ST SJ H3 H7 H8 HJ
N: C2 C3 C9 CJ D4 D6 D7 DQ S5 SA H4 H9 HK
E: C4 C5 CQ CK D3 D5 D8 DJ S9 SQ H5 HT HA
S: CT D3 D9 DA S2 S3 S4 SJ SA H3 H4 H8 HJ
W: C2 C6 CQ CK CA D2 D6 DT DQ SK H6 HQ HK
N: C3 C4 C7 C8 C9 CJ D4 D5 D7 S6 SQ H2 H7
E: C5 D8 DJ DK S5 S7 S8 S9 ST H5 H9 HT HA
S: C3 C7 C8 C9 CT CJ D5 S5 SQ SA H6 HT HJ
W: CA D4 D7 D9 DT DQ DK S4 S6 S9 H8 HQ HA
N: C2 C4 C6 CK D3 D6 DJ DA S7 H2 H3 H7 H9
E: C5 CQ D2 D8 S2 S3 S8 ST SJ SK H4 H5 HK
S: C7 CJ CQ CK D5 D9 DJ S4 S6 H3 H6 HT HK
W: C5 C6 C9 CT D7 DK S2 S7 SA H2 H4 H5 H7
N: C3 C4 C8 D4 DA S3 S9 ST SJ H8 H9 HQ HA
E: C2 CA D2 D3 D6 D8 DT DQ S5 S8 SQ SK HJ
S: C4 CT CK D2 D3 D6 D9 S3 S5 SQ H7 HJ HQ
W: C5 C8 D4 D5 DT DJ S7 SJ SK H4 H5 HT HA
N: C3 C7 CJ CA D7 D8 DK S2 S8 SA H2 H6 H9
E: C2 C6 C9 CQ DQ DA S4 S6 S9 ST H3 H8 HK
S: C5 C9 CJ CA D6 D7 DK S3 S8 SA H8 HT HA
W: C2 C4 CQ CK D5 DQ DA S4 S5 H2 H5 H6 HQ
N: C3 C6 C7 D2 D4 D8 DT S2 S7 S9 SQ SK HK
E: C8 CT D3 D9 DJ S6 ST SJ H3 H4 H7 H9 HJ
S: C4 C5 C6 CA D3 D5 D8 DJ S3 S4 SQ H2 H5
W: C9 CJ CK D2 D4 D6 S2 SK H3 H8 H9 HJ HK
N: C3 C8 CT CQ D7 D9 DA S5 S6 S9 SA H4 H7
E: C2 C7 DT DQ DK S7 S8 ST SJ H6 HT HQ HA
S: C6 D4 D9 DQ S4 S6 SQ H5 H8 H9 HJ HK HA
W: C2 CJ D2 D3 D5 D6 D7 DK S8 S9 SJ H6 H7
N: C4 C7 C9 CT CK DT DA S3 SA H2 H3 H4 HT
E: C3 C5 C8 CQ CA D8 DJ S2 S5 S7 ST SK HQ
S: C8 CQ CA D2 D5 D8 DK S2 S4 H4 HT HJ HA
W: C6 D3 D7 D9 DJ S3 S6 SA H2 H3 H5 H7 H9
N: CT CK D4 D6 DT S5 S9 ST SJ SK H6 H8 HK
E: C2 C3 C4 C5 C7 C9 CJ DQ DA S7 S8 SQ HQ
S: C4 C6 C8 C9 CK D2 DA SJ SK SA H3 H4 HK
W: C3 CT CJ D7 D8 DQ S4 S6 S7 S8 SQ HT HQ
N: C7 D4 D5 D6 D9 DK S2 S3 H2 H6 H8 H9 HA
E: C2 C5 CQ CA D3 DT DJ S5 S9 ST H5 H7 HJ
S: C4 C6 C8 DJ DQ S4 S5 S6 S7 S8 SK H8 H9
W: C5 C7 C9 CJ D4 DT SQ H3 H7 HT HJ HK HA
N: C2 C3 CA D3 D6 D7 D8 DA S2 S3 S9 H2 H4
E: CT CQ CK D2 D5 D9 DK ST SJ SA H5 H6 HQ
S: C3 C4 C9 CJ D4 DQ S5 H3 H4 H9 HJ HK HA
W: CT CK CA D7 D8 DA S3 ST SJ SA H5 HT HQ
N: C6 C8 D2 D3 D5 D9 DJ DK S4 S9 SK H2 H6
E: C2 C5 C7 CQ D6 DT S2 S6 S7 S8 SQ H7 H8
S: C5 C7 C9 CJ D6 DK ST SJ SK SA H5 H6 HQ
W: C4 C8 D2 D3 D7 S2 S5 S6 SQ H3 HT HK HA
N: C2 C3 CT CA D4 DJ DA S4 S7 S8 S9 H7 H9
E: C6 CQ CK D5 D8 D9 DT DQ S3 H2 H4 H8 HJ
S: C2 C5 C6 DJ DK S2 S6 S7 ST H5 H8 HJ HK
W: C4 CQ D2 D4 D5 D7 S4 SJ SK H4 H6 H7 H9
N: C8 CJ CK D3 D6 D9 DQ DA S5 S8 S9 H2 HA
E: C3 C7 C9 CT CA D8 DT S3 SQ SA H3 HT HQ
S: C2 C3 C6 C7 C9 D8 DQ S2 SQ SA H7 H8 HT
W: CK D3 D4 D5 DK DA S6 S7 S8 S9 SK H4 H5
N: C4 C8 CJ D9 DT DJ S4 S5 SJ H3 H6 HJ HK
E: C5 CT CQ CA D2 D6 D7 S3 ST H2 H9 HQ HA
S: C3 C6 C8 C9 CJ CQ D2 S4 ST H3 H7 H9 HT
W: C7 D5 D7 D9 DK S2 S5 S7 S8 SJ SA HQ HA
N: C2 C5 CT D6 D8 DT DJ DQ S3 SK H2 H6 HK
E: C4 CK CA D3 D4 DA S6 S9 SQ H4 H5 H8 HJ
S: CA D6 D7 D8 DA S2 S6 S9 H3 H4 H5 HT HK
W: C3 C7 CJ D2 D3 D9 DJ ST SJ SQ H2 H7 H8
N: C2 C4 C6 C8 CT CK DQ DK S5 S8 SA H9 HA
E: C5 C9 CQ D4 D5 DT S3 S4 S7 SK H6 HJ HQ
S: C2 C3 CA D2 D7 DT DA S3 S5 SA H5 H6 HQ
W: CQ D3 D4 DJ DK S4 S6 S9 SQ SK H8 HJ HA
N: C5 C6 C8 CT CK D6 DQ S2 S8 SJ H2 H9 HK
E: C4 C7 C9 CJ D5 D8 D9 S7 ST H3 H4 H7 HT
S: C5 C7 C8 D3 D5 DJ DA S2 S9 SA H5 H6 HA
W: C4 C6 C9 CQ CA D6 DT S3 S5 S6 ST SK H9
N: C3 CJ D8 D9 DQ S4 S7 S8 H2 H4 HJ HQ HK
E: C2 CT CK D2 D4 D7 DK SJ SQ H3 H7 H8 HT
S: CK D4 D8 DT DQ S3 S5 S6 ST SJ H8 HJ HA
W: C2 C8 CT CJ D3 D6 DJ S2 S7 SK H2 H3 HK
N: C3 C5 C6 CQ CA D2 D5 D7 S8 S9 H4 HT HQ
E: C4 C7 C9 D9 DK DA S4 SQ SA H5 H6 H7 H9
S: D2 D8 D9 DJ DQ DA S5 S9 H2 H4 H6 H7 HT
W: C5 C7 C9 D5 DT S2 S4 S7 ST SK H5 H8 HK
N: C3 C6 CJ CK CA D3 D4 D7 SA H9 HJ HQ HA
E: C2 C4 C8 CT CQ D6 DK S3 S6 S8 SJ SQ H3
S: C9 CK D4 D9 DA S7 ST SJ SK SA H4 H7 HT
W: C5 C6 CQ CA D3 D5 DJ S3 S4 S9 H8 HK HA
N: C4 C7 D6 D7 D8 DT DQ S5 SQ H2 H9 HJ HQ
E: C2 C3 C8 CT CJ D2 DK S2 S6 S8 H3 H5 H6
S: C3 C4 C6 C7 CK D2 D3 D4 D5 S6 H4 H8 HT
W: C2 D6 DT S3 S4 S8 ST SQ SA H2 H5 H9 HA
N: C5 C8 CJ DQ DK S2 S5 SJ SK H3 H6 H7 HQ
E: C9 CT CQ CA D7 D8 D9 DJ DA S7 S9 HJ HK
S: C4 C6 C8 CJ CQ D3 D9 S2 S5 S6 S9 H6 HT
W: C7 C9 CT D4 D7 DQ DK S4 S7 SA H4 H8 HQ
N: C2 C3 D2 D6 DJ DA S8 SJ SQ H7 H9 HJ HA
E: C5 CK CA D5 D8 DT S3 ST SK H2 H3 H5 HK
S: C4 C7 C8 CA D4 D6 DT S4 S7 ST SK H6 HA
W: C2 CT D2 D3 S3 S9 SJ SA H3 H5 H7 H9 HQ
N: C3 C9 CJ CQ CK D5 D8 DQ DK S2 H2 H4 H8
E: C5 C6 D7 D9 DJ DA S5 S6 S8 SQ HT HJ HK
S: C2 C7 C8 CT D3 D5 D6 D7 D9 DT S8 HT HQ
W: C5 CK CA D8 DK S4 S6 S9 ST SA H6 H7 H8
N: C4 C9 CJ CQ DQ DA S3 S7 SK H5 HJ HK HA
E: C3 C6 D2 D4 DJ S2 S5 SJ SQ H2 H3 H4 H9
S: C4 C6 C7 C9 CJ CA D2 D6 S5 S9 H4 H7 HQ
W: C3 CT CQ CK D8 DK ST SK SA H3 H5 H6 H9
N: C2 C8 D3 D4 D5 DJ S2 S3 S6 S8 SJ HJ HK
E: C5 D7 D9 DT DQ DA S4 S7 SQ H2 H8 HT HA
S: C2 C7 CA D3 D7 DT DA S2 S4 S9 ST SQ H5
W: C4 CJ CQ D2 D5 D8 DQ S7 SA H7 H9 HT HJ
N: C5 C6 C9 CT D4 D9 S3 S8 SK H4 H6 H8 HQ
E: C3 C8 CK D6 DJ DK S5 S6 SJ H2 H3 HK HA
S: C5 C6 D2 D4 D7 S3 S4 S6 ST SJ SA H8 H9
W: C8 C9 CJ CA D5 D6 DT DJ S2 SQ SK H3 HK
N: CT CQ D3 D8 DQ S5 H2 H4 H5 H6 HT HJ HA
E: C2 C3 C4 C7 CK D9 DK DA S7 S8 S9 H7 HQ
S: C3 C6 CQ D3 D5 D8 S5 S6 S7 S8 SJ H8 HJ
W: C2 C5 C9 CJ D2 D4 DT S3 ST SQ H4 H5 HA
N: CA D7 D9 DJ DK DA S2 S9 SA H7 HT HQ HK
E: C4 C7 C8 CT CK D6 DQ S4 SK H2 H3 H6 H9
S: C3 C4 C6 CQ CA D2 D5 DK S6 ST SK H2 HQ
W: C2 D3 D6 DT DJ S2 S5 SQ H3 H6 H7 HK HA
N: C5 CJ D8 D9 DQ DA S4 S7 S8 SA H4 H9 HJ
E: C7 C8 C9 CT CK D4 D7 S3 S9 SJ H5 H8 HT
S: C3 C9 CQ CK CA D6 D7 S4 S9 ST SJ H4 H5
W: C2 C4 C6 C7 D5 D8 DT DQ S6 SK H2 H8 HJ
N: C8 CT CJ D3 DJ DA S3 S8 SA H3 H7 HT HA
E: C5 D2 D4 D9 DK S2 S5 S7 SQ H6 H9 HQ HK
S: C3 C7 CJ CQ CK DT DA S4 S9 SJ H3 H9 HK
W: C4 C8 D4 D5 D8 DK S2 S6 S7 S8 H2 H5 HQ
N: C5 C6 CT D6 D7 DQ S3 S5 ST SQ H8 HJ HA
E: C2 C9 CA D2 D3 D9 DJ SK SA H4 H6 H7 HT
