S: C4 C7 CK CA D9 DT DK S2 S8 SK H2 H3 HK
W: C3 C5 CQ D6 DA S3 ST SJ H4 H5 H6 H8 HQ
N: C2 C8 CT CJ D5 DJ S5 S7 S9 SQ SA H9 HA
E: C6 C9 D2 D3 D4 D7 D8 DQ S4 S6 H7 HT HJ
S: C8 CA D7 D8 D9 DT S4 S8 SQ H3 H4 H8 HJ
W: C3 CT D4 D6 DA S5 ST SK H2 H5 H9 HT HK
N: C2 C6 C7 CK D3 D5 DQ S7 SJ SA H7 HQ HA
E: C4 C5 C9 CJ CQ D2 DJ DK S2 S3 S6 S9 H6
S: C8 CQ CA D8 DK S2 S3 SJ H5 HT HQ HK HA
W: C2 C3 C4 C7 CT CK D4 DQ DA S8 SQ SA H4
N: C9 CJ D5 D7 DJ S4 S5 S6 S7 H2 H6 H7 H9
E: C5 C6 D2 D3 D6 D9 DT S9 ST SK H3 H8 HJ
S: CA D2 D5 D7 D9 DK S6 SA H2 H3 HT HQ HA
W: C5 CT D4 DQ S3 S7 S8 ST SJ H6 H7 HJ HK
N: C2 C4 C6 C7 C9 CQ CK D6 S2 S5 S9 SQ H5
E: C3 C8 CJ D3 D8 DT DJ DA S4 SK H4 H8 H9
S: C2 C8 D8 D9 DT S2 S3 S4 SA H3 H7 HJ HQ
W: C3 C4 CQ D4 D7 DK DA S8 SJ SQ H5 H6 H8
N: C5 CT CA D3 D6 DQ S6 S7 SK H2 H4 HT HK
E: C6 C7 C9 CJ CK D2 D5 DJ S5 S9 ST H9 HA
S: CJ CQ CK D2 D9 DT S2 S3 S5 H5 H9 HT HA
W: C4 C7 C8 CA D4 DK S7 SJ SQ H2 H4 H6 HJ
N: C3 C9 D3 D5 DA S6 S8 S9 ST SA H7 HQ HK
E: C2 C5 C6 CT D6 D7 D8 DJ DQ S4 SK H3 H8
S: C2 C3 C5 C6 D7 DQ S8 SK SA H5 H9 HQ HA
W: C8 CJ CA D2 D5 S3 S4 S5 S7 S9 SQ H2 H3
N: C7 CT CQ CK D3 D4 D8 D9 S2 S6 H6 H8 HT
E: C4 C9 D6 DT DJ DK DA ST SJ H4 H7 HJ HK
S: C3 C5 C7 CQ D5 D6 DQ S2 S8 S9 SJ HT HJ
W: C4 C6 CK D8 S4 SQ SK H3 H6 H7 H8 H9 HK
N: CT CJ D3 D9 DK DA S3 S6 S7 ST SA H2 HQ
E: C2 C8 C9 CA D2 D4 D7 DT DJ S5 H4 H5 HA
S: C4 C5 C9 CJ CQ D6 D8 S2 S4 S9 SJ H5 HK
W: CT D2 D5 DT DQ DK S3 S6 SA H6 H7 H9 HJ
N: C3 C7 D9 DJ DA S5 S7 S8 SQ SK HT HQ HA
E: C2 C6 C8 CK CA D3 D4 D7 ST H2 H3 H4 H8
S: C3 CK CA D6 D7 S2 S3 S4 S5 H4 H7 H9 HQ
W: C4 C7 C9 CQ D2 D3 D9 DQ S6 S8 SQ H5 HJ
N: C6 C8 CT CJ D4 DA SK SA H3 H6 HT HK HA
E: C2 C5 D5 D8 DT DJ DK S7 S9 ST SJ H2 H8
S: C4 CQ CK D4 D6 D9 DJ S2 S5 SQ SK H4 HQ
W: C3 C6 C8 CJ CA D2 DQ DA S7 H2 H5 HT HK
N: C2 C7 D5 D8 DT DK S8 ST SJ H3 H6 H9 HJ
E: C5 C9 CT D3 D7 S3 S4 S6 S9 SA H7 H8 HA
S: CJ D6 D8 DT DJ DA S4 S5 S7 SJ SQ H8 HA
W: C2 C4 C9 CQ CA D7 DK S8 SK H3 H5 H9 HJ
N: D2 D3 D4 D5 DQ S2 S6 S9 ST SA H2 H4 H7
E: C3 C5 C6 C7 C8 CT CK D9 S3 H6 HT HQ HK
S: C5 C8 CK D5 D6 D8 DT DJ DK S3 S6 SQ SK
W: C3 CA D7 DA S2 S4 S8 H3 H9 HT HQ HK HA
N: C6 C9 CT D2 D3 S5 S7 ST SA H2 H4 H7 H8
E: C2 C4 C7 CJ CQ D4 D9 DQ S9 SJ H5 H6 HJ
S: C4 C6 CT CK CA D3 D8 DT S4 S9 SK H2 H6
W: C7 C8 C9 DA S2 S3 S5 ST SJ SQ H4 HT HK
N: C2 C3 CJ D9 DJ DQ S7 S8 SA H5 H9 HJ HQ
E: C5 CQ D2 D4 D5 D6 D7 DK S6 H3 H7 H8 HA
S: C4 C8 C9 CT CQ CK CA D7 DT DA S2 H7 HQ
W: C6 D5 D8 DK S3 S8 SA H2 H4 H9 HT HJ HA
N: C2 C5 C7 D3 D4 DJ S4 S5 SJ SQ H3 H5 HK
E: C3 CJ D2 D6 D9 DQ S6 S7 S9 ST SK H6 H8
S: C3 C4 C7 C8 D5 D7 S6 ST SK H2 H3 H5 H8
W: C6 C9 CJ CK D6 D8 DJ DQ S3 S7 S9 HT HJ
N: C2 D4 D9 DK S2 S5 S8 SJ SQ SA H6 HQ HA
E: C5 CT CQ CA D2 D3 DT DA S4 H4 H7 H9 HK
S: C5 C8 CQ CK CA D5 D9 DJ S7 SK H5 HJ HA
W: C3 C7 D2 D3 D8 DQ DK S3 S6 H4 H7 H9 HT
N: C2 C4 C6 CJ DT S4 S5 S9 SJ H2 H3 H6 HQ
E: C9 CT D4 D6 D7 DA S2 S8 ST SQ SA H8 HK
S: C3 C5 CK D3 DQ S2 S6 H3 H4 H5 H8 HT HJ
W: C4 C6 CT CQ CA D5 D6 DA S7 SJ SK H6 H9
N: C2 C9 CJ D2 D4 D7 D8 D9 DJ S9 ST H2 HA
E: C7 C8 DT DK S3 S4 S5 S8 SQ SA H7 HQ HK
S: C3 C5 CT CA D4 S3 S5 S7 SJ SA H7 H8 HJ
W: C4 C7 CJ CQ CK D6 D9 DA S4 SQ H2 H5 H6
N: C2 C6 C8 C9 DT DJ DQ S6 S8 S9 SK H3 H9
E: D2 D3 D5 D7 D8 DK S2 ST H4 HT HQ HK HA
S: C2 C6 C7 CJ CK D8 DQ S4 S7 H2 H9 HQ HK
W: C4 CQ D6 D9 DT S6 SK SA H4 H5 H6 HT HJ
N: C3 C5 C9 D5 D7 DK DA S2 S5 H3 H7 H8 HA
E: C8 CT CA D2 D3 D4 DJ S3 S8 S9 ST SJ SQ
S: C3 C6 C8 CA D7 D8 S4 SJ H3 H4 H5 H6 H7
W: C7 CT CK D3 D9 S2 S6 S7 S9 ST H8 H9 HQ
N: C2 C5 C9 D2 DA S5 S8 SQ SK HT HJ HK HA
E: C4 CJ CQ D4 D5 D6 DT DJ DQ DK S3 SA H2
S: CK D9 DJ DA S2 S3 S4 H3 H6 H9 HJ HQ HA
W: C2 C4 C6 C8 D2 D4 D6 D7 DT DQ H4 H5 H7
N: CJ CQ CA D3 D5 D8 S6 S8 S9 SQ SA H8 HK
E: C3 C5 C7 C9 CT DK S5 S7 ST SJ SK H2 HT
S: CK CA D7 D9 DT DQ S3 S9 SJ SQ SK H3 H6
W: C3 C9 D3 DJ DK DA S4 S5 ST H2 H4 H9 HQ
N: C2 C4 C8 CQ D4 D6 D8 S2 H5 H7 HT HJ HK
E: C5 C6 C7 CT CJ D2 D5 S6 S7 S8 SA H8 HA
S: C2 C4 C7 CT D4 D7 S7 ST SK H2 HJ HQ HA
W: C9 CJ CA D8 DJ DK S2 S5 S6 H3 H4 H9 HT
N: C3 C8 D5 D6 DT DQ S4 S8 S9 SA H5 H8 HK
E: C5 C6 CQ CK D2 D3 D9 DA S3 SJ SQ H6 H7
S: C5 CJ CQ CA D3 D6 D8 DT DA S4 H6 HJ HQ
W: C2 C3 D2 DJ DQ S2 S5 S6 SK H3 H8 HT HK
N: C4 C6 C8 C9 D4 D7 S9 ST SJ H2 H4 H7 H9
E: C7 CT CK D5 D9 DK S3 S7 S8 SQ SA H5 HA
S: C2 C5 C6 C7 D9 DT DJ DK DA S4 SK H2 H7
W: C4 C8 C9 CQ D3 D5 D7 D8 DQ S6 SQ H8 HJ
N: CT CJ CA D4 S5 S7 S8 ST SJ H3 H6 HT HA
E: C3 CK D2 D6 S2 S3 S9 SA H4 H5 H9 HQ HK
S: C5 C7 C9 CT D3 DQ ST SQ SK H6 H7 H8 HQ
W: C2 C3 C4 CA D4 D6 D9 DK S4 S7 S8 SJ HK
N: D2 D5 D7 DT DA S2 S3 S6 SA H3 H4 H5 HT
E: C6 C8 CJ CQ CK D8 DJ S5 S9 H2 H9 HJ HA
S: C3 C4 C7 CA D2 S4 S6 ST SK SA H4 H6 H7
W: C2 C5 C9 CJ D4 D5 D7 D8 DJ S3 S9 HJ HQ
N: C8 CT CQ CK D3 D9 DT S5 S7 SJ SQ H2 HA
E: C6 D6 DQ DK DA S2 S8 H3 H5 H8 H9 HT HK
S: C3 C5 C8 CJ CK D4 D7 S2 S3 S9 H7 HJ HQ
W: C4 C6 C9 CQ D2 D8 D9 DJ DQ S6 S7 H9 HA
N: C2 CT D5 D6 DT DA S4 S5 S8 H2 H4 H8 HK
E: C7 CA D3 DK ST SJ SQ SK SA H3 H5 H6 HT
S: C3 C6 CJ CK D2 DA S5 S8 SJ SQ SA HQ HA
W: C5 CT CQ D3 D6 D9 DT DK S2 H5 H6 HJ HK
N: C7 C8 CA D4 D7 DJ DQ S3 S4 S7 H2 H8 HT
E: C2 C4 C9 D5 D8 S6 S9 ST SK H3 H4 H7 H9
S: C7 C9 CQ D2 D3 D4 D5 D9 DA S2 S3 S8 SQ
W: C5 C6 C8 CT CJ CK D8 DK H3 H6 HT HJ HQ
N: C2 DT DJ DQ S5 S6 S7 S9 SJ SA H2 H7 H9
E: C3 C4 CA D6 D7 S4 ST SK H4 H5 H8 HK HA
S: C2 CT CJ CK CA D3 D9 DJ S4 SJ SK H3 HA
W: C3 C7 CQ D2 D4 DT DQ S3 SA H2 H9 HT HJ
N: C4 C8 D5 D6 D7 DA S5 S6 S9 H5 H6 HQ HK
E: C5 C6 C9 D8 DK S2 S7 S8 ST SQ H4 H7 H8
S: C3 CA D3 D5 S2 S3 S7 S9 SQ H3 H5 H8 H9
W: C5 C9 CJ D9 DT DQ DA S4 S8 H2 H4 H6 HK
N: C4 C6 C7 CK D4 D6 D7 DJ DK SJ H7 HQ HA
E: C2 C8 CT CQ D2 D8 S5 S6 ST SK SA HT HJ
S: C3 C4 C5 C8 C9 CJ DA S7 S8 ST SJ HQ HA
W: C7 CQ D2 D6 D7 DT DQ SQ SK H4 H7 H9 HK
N: C6 CK CA D3 D5 DJ S2 S3 S5 SA H3 H8 HT
E: C2 CT D4 D8 D9 DK S4 S6 S9 H2 H5 H6 HJ
S: C4 C7 D9 DQ DK S8 SJ SQ H2 H5 H6 HT HK
W: C5 CT CQ D2 D5 D6 D8 S5 S7 S9 H4 H9 HQ
N: C2 C3 CK CA D4 D7 S2 S6 SA H3 H8 HJ HA
E: C6 C8 C9 CJ D3 DT DJ DA S3 S4 ST SK H7
S: CT CK D9 DT DJ S2 S5 S7 S9 ST SA H5 HA
W: C4 C9 CJ DK S3 S6 SQ SK H3 H6 H7 HT HK
N: C2 C7 C8 CQ CA D2 D6 D7 DQ DA S4 H4 HQ
E: C3 C5 C6 D3 D4 D5 D8 S8 SJ H2 H8 H9 HJ
S: CT CJ D7 DT DQ DA S5 S8 ST SJ SA HT HA
W: C3 D3 D4 D8 D9 DJ S2 S3 S6 SQ SK H5 H9
N: C2 C4 C5 C6 C7 C8 CK D2 DK H2 H4 H8 HQ
E: C9 CQ CA D5 D6 S4 S7 S9 H3 H6 H7 HJ HK
S: C5 C6 C8 D3 D5 DT S8 SJ H2 H3 H8 HJ HK
W: C7 C9 CJ CQ D4 D6 DK DA S2 S6 SK H5 HT
N: C2 CK CA D7 D8 DJ DQ S5 S7 H4 H6 H9 HA
E: C3 C4 CT D2 D9 S3 S4 S9 ST SQ SA H7 HQ
S: C3 C8 CT D5 D6 DJ DK S2 S6 S7 SJ SA H2
W: C9 CJ CQ CA DA S3 S5 H4 H7 H9 HT HQ HA
N: C2 C7 CK D2 D3 D4 D7 D9 S8 ST SQ H6 HJ
E: C4 C5 C6 D8 DT DQ S4 S9 SK H3 H5 H8 HK
S: C3 C5 C7 C8 CK D2 D3 D9 DQ DA SA H5 H6
W: C4 C6 C9 CT CA S4 S5 ST SK H3 H8 H9 HK
N: C2 CJ D5 D6 DT S2 S3 S6 S7 S8 H7 HT HA
E: CQ D4 D7 D8 DJ DK S9 SJ SQ H2 H4 HJ HQ
S: C2 C5 CA D3 D4 D5 S4 S9 SK H4 H7 H8 HQ
W: C4 C6 C7 D7 DQ DA S8 SQ SA H9 HT HJ HA
N: C9 CT CQ D2 D9 DT S3 S5 S6 ST SJ H3 H5
E: C3 C8 CJ CK D6 D8 DJ DK S2 S7 H2 H6 HK
S: C7 C8 D3 D5 D9 DT DJ DA SA H7 HT HQ HK
W: C4 C5 C9 CJ D2 D6 S2 SJ SQ H6 H8 H9 HJ
N: C2 C6 CT D4 D8 DK S3 S7 S9 H2 H4 H5 HA
E: C3 CQ CK CA D7 DQ S4 S5 S6 S8 ST SK H3
S: C8 CQ D6 D8 D9 DT DQ S5 S7 S8 S9 SQ H3
W: C2 C5 C9 CT CJ CA D5 S2 S4 H7 H8 H9 HK
N: C3 C4 C7 D3 D7 DK DA S3 ST H4 H5 HT HJ
E: C6 CK D2 D4 DJ S6 SJ SK SA H2 H6 HQ HA
S: C5 C7 D7 DQ S2 S4 S5 S6 S8 H3 H7 H8 H9
W: C2 CJ D2 D3 D4 D8 DT DJ S7 S9 SQ SK HA
N: C3 C9 CQ CK D5 D6 D9 S3 ST SA H5 HJ HQ
E: C4 C6 C8 CT CA DK DA SJ H2 H4 H6 HT HK
S: C2 C3 C7 CQ CK D8 DT S2 S4 SQ SA H6 HK
W: C6 C9 CT D5 D9 DA S3 S6 H3 H5 H7 H8 HA
N: C4 D2 D3 D4 D6 D7 DK S5 S7 S8 SJ SK HQ
E: C5 C8 CJ CA DJ DQ S9 ST H2 H4 H9 HT HJ
S: C2 C4 C8 CQ CK D3 D4 D7 D8 DJ S3 H5 HA
W: C3 D5 DA S4 S5 S6 S7 S8 H3 H4 H6 HT HK
N: C9 CT CA DT DK S2 ST SA H2 H7 H8 HJ HQ
E: C5 C6 C7 CJ D2 D6 D9 DQ S9 SJ SQ SK H9
S: C2 C4 CT CJ D6 D7 D8 DT S6 ST H2 H3 HT
W: C9 CQ D3 D5 DJ DQ SJ SQ SK SA H7 H8 H9
N: C3 C6 CK CA D2 D4 D9 DA S3 S5 S8 H6 HK
E: C5 C7 C8 DK S2 S4 S7 S9 H4 H5 HJ HQ HA
S: C8 CJ D3 DQ DA S6 S9 ST SA H3 H5 H6 HK
W: C2 C3 C4 C6 CT D9 S5 S7 SK H4 H7 H8 H9
N: C5 C7 C9 CQ CK CA D5 DT DJ S4 S8 SJ HQ
E: D2 D4 D6 D7 D8 DK S2 S3 SQ H2 HT HJ HA
S: C2 C4 C8 CK D4 D5 DJ S3 S4 S6 SK H4 H8
W: C5 C6 C9 DK DA S5 S7 S9 SQ H3 H5 H7 HT
N: CT CJ CA D3 D6 D7 D8 D9 DT DQ H6 HK HA
E: C3 C7 CQ D2 S2 S8 ST SJ SA H2 H9 HJ HQ
S: C5 CK D6 DJ DA S4 S6 S8 ST SK H2 H6 HA
W: C8 CQ D5 DT DK S7 SJ H4 H7 H8 HT HJ HQ
N: C4 C6 C7 C9 CJ CA D2 D4 D8 DQ S5 H5 HK
E: C2 C3 CT D3 D7 D9 S2 S3 S9 SQ SA H3 H9
S: CT CK D5 D9 S6 S9 SJ SK H3 H6 H7 HJ HQ
W: C3 C6 CQ D3 D4 D6 DT DQ DK S5 H5 HT HA
N: C2 C4 CJ D8 DA S2 S7 ST SA H2 H4 H9 HK
E: C5 C7 C8 C9 CA D2 D7 DJ S3 S4 S8 SQ H8
S: C9 D2 D9 DQ DK S2 S3 ST SJ H6 H7 H8 HA
W: C3 C6 C7 CT CA D3 S5 S6 S7 SQ SA H3 HT
N: C2 C4 C5 CJ CQ D7 DT DA S9 H4 H9 HQ HK
E: C8 CK D4 D5 D6 D8 DJ S4 S8 SK H2 H5 HJ
S: C6 C9 CQ CA D4 D9 S8 SJ SQ SK H8 HT HK
W: C3 CK D6 D7 D8 DQ S2 S5 ST H3 H5 H7 H9
N: C4 C5 C8 CJ D5 DT S6 S9 SA H4 H6 HJ HQ
E: C2 C7 CT D2 D3 DJ DK DA S3 S4 S7 H2 HA
S: C3 CJ CQ D5 D7 DT S4 S5 S7 H6 HJ HK HA
W: C2 C4 C5 C7 CT D4 D8 S2 S8 S9 H3 H7 H8
N: C6 C8 C9 CA D6 D9 DA S3 S6 SJ SA H4 H5
E: CK D2 D3 DJ DQ DK ST SQ SK H2 H9 HT HQ
S: C8 CT CA D2 D8 D9 DT S4 S9 SA H3 HT HK
W: C2 C3 C4 C6 CJ DJ DK DA S2 S3 SJ H9 HA
N: C5 CQ CK D4 D6 S7 S8 ST SQ SK H5 H8 HJ
E: C7 C9 D3 D5 D7 DQ S5 S6 H2 H4 H6 H7 HQ
S: C9 CT CA D2 D4 DQ S5 S9 SA H7 HJ HQ HK
W: C4 C5 C6 C7 D3 D5 D7 S4 S6 SJ SK H2 HT
N: C2 C8 CJ CQ D6 D8 D9 DJ S2 S7 S8 H3 H6
E: C3 CK DT DK DA S3 ST SQ H4 H5 H8 H9 HA
S: C4 C7 CJ CA D8 S9 SJ H2 H5 H8 HT HJ HK
W: D4 D5 D6 D7 D9 DT DJ DA H3 H4 H7 H9 HQ
N: C3 C5 C6 C8 CT D2 DK S2 S4 S5 S7 H6 HA
E: C2 C9 CQ CK D3 DQ S3 S6 S8 ST SQ SK SA
S: C5 C6 CT CJ D2 D3 DK S4 S7 SQ SA H8 H9
W: C7 C8 C9 D8 DT DA S5 S8 S9 ST SK H4 H6
N: C2 C3 C4 CQ CK D7 DJ S2 S3 SJ H3 H7 HQ
E: CA D4 D5 D6 D9 DQ S6 H2 H5 HT HJ HK HA
S: C8 CT CQ D2 D4 D5 D8 S2 S3 S7 S9 H6 HA
W: C3 C5 C6 C7 CJ D7 DA S6 SJ H4 H9 HT HQ
N: C9 CK D6 D9 DT DJ DK S4 S8 SA H2 H7 H8
E: C2 C4 CA D3 DQ S5 ST SQ SK H3 H5 HJ HK
S: C6 C8 C9 CK D5 DT DJ S4 S8 SA H2 H9 HJ
W: C2 CT CJ D3 D4 D7 D8 H3 H4 H7 H8 HT HQ
N: C4 C5 C7 CQ D6 DA S3 S9 ST SQ SK H5 HK
E: C3 CA D2 D9 DQ DK S2 S5 S6 S7 SJ H6 HA
S: C8 CJ CK D6 DJ S5 S6 S7 S8 SA H5 H6 H7
W: C3 C7 CQ D2 D3 D7 D8 DK SJ SK H3 HQ HA
N: C4 CT D4 D9 DQ DA S2 S3 H2 H4 HT HJ HK
E: C2 C5 C6 C9 CA D5 DT S4 S9 ST SQ H8 H9
S: D7 D8 DT DK S3 S8 S9 SQ SA H4 H6 H8 HA
W: C3 CT CJ CQ CA D4 D5 S5 S7 ST SJ H7 HQ
N: C2 C5 C7 C8 D2 D6 DJ S4 S6 H2 HT HJ HK
E: C4 C6 C9 CK D3 D9 DQ DA S2 SK H3 H5 H9
S: C2 C4 C6 C9 CT CK CA DQ S9 SQ SK H9 HQ
W: C5 CJ CQ D2 D3 D4 D6 D7 D9 SJ H3 H7 HT
N: C7 D8 DT DJ DA S3 S7 H2 H5 H6 H8 HJ HK
E: C3 C8 D5 DK S2 S4 S5 S6 S8 ST SA H4 HA
S: CT CQ CK D8 DT DA S3 S4 S7 ST H4 H9 HK
W: C3 C4 C6 C9 D2 DJ S5 S6 S8 H2 H6 HT HA
N: C7 C8 CA D4 D6 DK S9 SQ SK SA H5 H8 HQ
E: C2 C5 CJ D3 D5 D7 D9 DQ S2 SJ H3 H7 HJ
S: C6 C8 CQ D7 D8 D9 DA S2 SJ SK SA H6 HQ
W: C2 C3 C4 CJ CA D2 D4 D5 DQ S5 H4 H7 H8
N: C7 CT D3 DT DJ DK S6 ST SQ H2 H5 HT HJ
E: C5 C9 CK D6 S3 S4 S7 S8 S9 H3 H9 HK HA
S: C2 C8 CJ CQ D4 DT S8 SQ H2 H4 H5 H6 HK
W: C4 CA D3 D6 D7 DK DA S2 S3 S5 SJ SA H9
N: C3 C5 C7 C9 CT D2 D5 DJ S6 S7 H8 HJ HA
E: C6 CK D8 D9 DQ S4 S9 ST SK H3 H7 HT HQ
S: C7 CT CQ D6 D9 DT DQ S2 S6 ST SK H3 H8
W: C3 C4 C6 CK D4 D5 S3 S9 SJ H2 H7 HT HQ
N: C5 C9 CJ CA D2 DJ DA S5 S7 S8 H5 HK HA
E: C2 C8 D3 D7 D8 DK S4 SQ SA H4 H6 H9 HJ
S: C2 C4 C7 C9 CT D8 S3 S8 ST SK H3 H7 H9
W: C8 CA D2 D9 DK S5 S6 S9 SQ SA H5 H8 HA
N: C6 CJ CK D3 D5 D6 DJ DQ DA S2 S4 H2 HT
E: C3 C5 CQ D4 D7 DT S7 SJ H4 H6 HJ HQ HK
S: CQ CK CA D5 D6 DK S9 ST SJ SK H2 H6 H7
W: C3 C5 C8 CT D2 D8 DJ SQ H4 H5 H8 HT HK
N: C2 C4 D4 D7 DT S4 S6 S8 H3 H9 HJ HQ HA
E: C6 C7 C9 CJ D3 D9 DQ DA S2 S3 S5 S7 SA
S: CK CA D2 D4 D5 D7 D8 S6 S8 S9 SQ H3 H6
W: C6 C9 CT D3 DA S3 S4 S7 SA H7 H8 H9 HJ
N: C2 C5 C7 C8 DT DJ DQ DK S5 ST SJ SK HA
E: C3 C4 CJ CQ D6 D9 S2 H2 H4 H5 HT HQ HK
S: C5 C6 CT CK D2 ST SQ H4 H5 H6 H7 HJ HA
W: C2 C4 CQ D5 D7 DJ DQ S4 S9 SK H2 H8 HQ
N: C7 D4 D8 D9 DT DK S2 S7 S8 SA H3 H9 HK
E: C3 C8 C9 CJ CA D3 D6 DA S3 S5 S6 SJ HT
S: C2 C6 C9 CJ CK D3 DA S2 S4 S5 S7 H3 H6
W: C4 C5 C8 CT D2 D7 D9 S9 ST SJ SK H8 HK
N: C3 CA D5 DT DJ S6 S8 SQ H4 H5 H7 H9 HT
E: C7 CQ D4 D6 D8 DQ DK S3 SA H2 HJ HQ HA
S: C3 C5 CT CQ DT DQ DK S7 SQ H6 H8 HK HA
W: C6 C9 CK D6 DA S5 S6 SJ H3 H4 H5 H9 HT
N: C7 C8 CJ D2 D7 D8 S3 S4 S8 ST SA H7 HJ
E: C2 C4 CA D3 D4 D5 D9 DJ S2 S9 SK H2 HQ
S: C5 C6 C7 C8 CK D5 D8 DQ S6 ST H2 HT HJ
W: C2 C9 CT D3 D9 DJ S2 S3 S7 H3 H6 HQ HA
N: C4 CJ CA D2 D4 D6 D7 DT DK SJ SQ H9 HK
E: C3 CQ DA S4 S5 S8 S9 SK SA H4 H5 H7 H8
S: C6 CT D3 D8 D9 DT DJ S2 H7 H8 H9 HT HJ
W: C3 C4 CK D2 D6 D7 S5 S6 SK H3 H6 HK HA
N: C8 C9 CQ CA DK DA S7 S8 SJ SQ SA H2 H4
E: C2 C5 C7 CJ D4 D5 DQ S3 S4 S9 ST H5 HQ
S: C4 C5 C7 CJ D3 DT DJ DQ DK S8 H3 H6 HQ
W: CT CQ CA D2 D4 D7 DA S2 S9 SQ SA H4 H9
N: C2 C6 C8 CK D5 D6 S6 ST H2 H8 HJ HK HA
E: C3 C9 D8 D9 S3 S4 S5 S7 SJ SK H5 H7 HT
S: CT D2 D3 D6 DT S2 S4 SJ SA H5 H6 H7 HK
W: C2 C3 CJ CQ CA D8 DK S3 S6 ST H3 H4 HJ
N: C5 C6 C8 C9 CK D4 D7 DJ S5 S7 H2 H9 HA
E: C4 C7 D5 D9 DQ DA S8 S9 SQ SK H8 HT HQ
S: C5 CT D4 D6 D8 DJ DK S4 S9 SA H3 H6 HJ
W: C2 C4 CJ D5 DT DA S5 S7 H7 H8 HT HQ HA
N: C3 C7 C8 CQ CK D3 S6 ST SQ SK H2 H4 HK
E: C6 C9 CA D2 D7 D9 DQ S2 S3 S8 SJ H5 H9
S: C3 C4 C5 C9 CK CA D8 DT DQ SQ H6 H8 HQ
W: CJ D3 DJ DA S2 S3 S8 SK H4 H7 HT HJ HA
N: C2 C7 C8 CQ D4 D5 D6 D7 S6 S7 S9 SA H9
E: C6 CT D2 D9 DK S4 S5 ST SJ H2 H3 H5 HK
S: C2 C4 C7 CT CA D6 DJ DQ DA S6 SA H2 HQ
W: C8 CJ D5 D7 DK S3 S8 ST SJ SQ SK H7 HA
N: C3 C6 C9 CQ D2 D3 D4 DT S2 S7 S9 H4 HJ
E: C5 CK D8 D9 S4 S5 H3 H5 H6 H8 H9 HT HK
S: C5 CT CJ CA D3 D4 D6 D7 DJ DQ S5 S8 H8
W: C4 C9 D5 DK S2 S4 S6 ST SQ SK H2 H5 HQ
N: C3 C7 CK D2 D8 DT DA SJ H3 H7 H9 HJ HA
E: C2 C6 C8 CQ D9 S3 S7 S9 SA H4 H6 HT HK
S: C9 CK D2 DJ S7 SJ SQ SK SA H6 H7 HT HJ
W: C4 C7 C8 CJ D8 DT DK S2 S9 H2 H4 H8 HA
N: C2 C3 CT D3 D4 D6 D9 DA S6 S8 ST HQ HK
E: C5 C6 CQ CA D5 D7 DQ S3 S4 S5 H3 H5 H9
S: C6 C8 CT CA D2 D3 S7 S9 SK H4 H8 HJ HK
W: C5 C7 CQ D5 D8 D9 DK DA S4 SQ H2 H7 HT
N: C3 C4 C9 D6 DT DJ S5 S8 ST SJ H6 H9 HQ
E: C2 CJ CK D4 D7 DQ S2 S3 S6 SA H3 H5 HA
S: C3 C5 CA D2 D6 D8 D9 S6 S7 ST H4 H9 HK
W: CK D4 DK S4 S5 SJ SQ SK SA H5 H6 H7 HQ
N: C4 C8 C9 CJ D3 D5 D7 DT S2 S3 S8 HT HJ
E: C2 C6 C7 CT CQ DJ DQ DA S9 H2 H3 H8 HA
S: C3 CJ D3 D4 D6 D7 D8 D9 DT S6 SJ H2 H8
W: C2 C4 C5 DJ DQ S5 S8 SQ H4 H9 HT HJ HA
N: C6 C7 C8 CQ CK CA D5 DK S4 S9 H3 H6 HQ
E: C9 CT D2 DA S2 S3 S7 ST SK SA H5 H7 HK
S: C5 CJ CK D9 S2 ST SQ SK SA H4 H7 HJ HA
W: C3 C4 C7 CT CQ CA D6 DK S4 S5 H5 H6 HQ
N: C9 D2 D3 DT DA S3 S6 S7 S8 SJ H2 H3 H8
E: C2 C6 C8 D4 D5 D7 D8 DJ DQ S9 H9 HT HK
S: C5 C7 C8 C9 D4 D7 DJ S4 S8 SQ H4 H6 HJ
W: C4 CJ CQ CK CA DQ S2 S3 S5 S7 H7 H8 HK
N: C2 D2 D5 D8 DA S6 ST SK H2 H3 H9 HT HQ
E: C3 C6 CT D3 D6 D9 DT DK S9 SJ SA H5 HA
S: C2 D2 D5 D6 D7 DJ DA S4 S7 S8 SQ H2 HT
W: C5 C8 C9 CK D3 D4 DT DK S6 SA H5 H9 HK
N: C4 C6 CT CA DQ S2 S3 S9 ST H3 H4 H7 HJ
E: C3 C7 CJ CQ D8 D9 S5 SJ SK H6 H8 HQ HA
S: C4 C8 CJ D8 DJ DA S8 S9 SK H4 H9 HT HK
W: C7 C9 CQ CK D2 D3 S2 S5 S6 ST SA H3 HJ
N: C5 CA D6 D7 D9 DT S4 SJ SQ H2 H5 H7 H8
E: C2 C3 C6 CT D4 D5 DQ DK S3 S7 H6 HQ HA
S: C2 C4 C7 CJ CA DQ S8 ST SQ SK SA H3 H4
W: C5 C8 C9 D2 D4 D5 D7 S4 S5 S7 H2 H7 HT
N: C3 C6 CQ CK D3 D6 DA S2 S9 H5 H9 HQ HA
E: CT D8 D9 DT DJ DK S3 S6 SJ H6 H8 HJ HK
S: C3 C5 CQ D5 D7 DQ S3 S7 S9 SQ H3 H9 HJ
W: C2 C6 D2 D3 D4 DJ DK S6 SA H6 H7 H8 HK
N: CT CK D6 D8 D9 DT S2 S4 SJ SK H2 HQ HA
E: C4 C7 C8 C9 CJ CA DA S5 S8 ST H4 H5 HT
S: C6 C7 C8 D2 D7 DT DQ S2 S5 S9 H6 H9 HJ
W: C9 CJ D3 DK S4 ST SJ SK SA H3 H4 HT HK
N: C4 C5 CQ D4 D6 D9 DJ DA S3 SQ H2 H7 HQ
E: C2 C3 CT CK CA D5 D8 S6 S7 S8 H5 H8 HA
S: C5 C6 C7 CT CJ CA D6 DJ DA SJ SQ SK H4
W: C9 CQ CK D2 D4 D7 D8 D9 S3 S6 S9 SA HA
N: C2 D3 D5 DT S2 S7 ST H2 H3 H6 H7 H8 HJ
E: C3 C4 C8 DQ DK S4 S5 S8 H5 H9 HT HQ HK
S: CJ D5 D6 DK DA S2 S4 S5 S6 S7 ST H6 HQ
W: C3 C6 C7 CQ D8 S3 SQ SA H4 H7 H8 H9 HT
N: C4 C5 C9 CT CK CA D3 D7 DQ SJ H2 H5 HJ
E: C2 C8 D2 D4 D9 DT DJ S8 S9 SK H3 HK HA
S: C4 C5 C7 CA D4 DQ S8 SJ SQ H3 H4 H8 HA
W: C2 CT CQ D2 D5 D6 D9 DK S9 ST H7 HT HJ
N: C3 C8 C9 CJ D3 D8 DJ DA S3 S4 S7 SA H5
E: C6 CK D7 DT S2 S5 S6 SK H2 H6 H9 HQ HK
S: C3 D2 D4 DQ S3 S5 S7 SJ SQ H5 H8 HJ HA
W: C4 C6 CQ CA D5 D6 D9 DK S4 S8 ST SK H4
N: C5 C7 C9 CT CJ D3 D7 D8 DT DJ DA S2 H9
E: C2 C8 CK S6 S9 SA H2 H3 H6 H7 HT HQ HK
S: C2 C3 C4 CA D2 D4 DK S4 SJ H3 H4 H8 HT
W: C7 C9 CT D3 D6 D7 S3 S5 S6 S7 S9 HQ HA
N: C6 C8 CJ CK D8 DT DJ S2 S8 ST H6 H7 HK
E: C5 CQ D5 D9 DQ DA SQ SK SA H2 H5 H9 HJ
S: C9 CQ CA D4 S2 S7 SK SA H3 H5 H7 H9 HJ
W: C5 C6 C8 CT CJ D5 DQ DK S5 S8 H2 HQ HA
N: CK D7 D8 DT DJ DA S9 ST SJ H6 H8 HT HK
E: C2 C3 C4 C7 D2 D3 D6 D9 S3 S4 S6 SQ H4
S: C6 C9 CK CA D2 D4 DQ DK S3 S7 SA H2 H6
W: C2 C3 C8 CJ DJ S2 S5 S9 H5 H7 HJ HK HA
N: C4 C5 C7 CQ D7 D8 D9 S4 S8 SQ SK H3 H4
E: CT D3 D5 D6 DT DA S6 ST SJ H8 H9 HT HQ
S: CK D3 D4 D9 S3 ST SK SA H7 H8 H9 HT HA
W: C3 D5 D7 DK S2 S5 S7 S8 SQ H2 H4 H6 HQ
N: C4 C7 CT CJ CQ CA D6 D8 DT DQ S9 SJ HJ
E: C2 C5 C6 C8 C9 D2 DJ DA S4 S6 H3 H5 HK
