S: C5 CT CA D6 ST SK H2 H3 H4 H9 HT HJ HQ
W: C3 CK D8 D9 DT S5 S6 S8 S9 SJ SA H7 HK
N: C2 C4 C6 C9 CQ D3 DQ DA S3 S4 S7 SQ H5
E: C7 C8 CJ D2 D4 D5 D7 DJ DK S2 H6 H8 HA
S: C8 CT D6 D9 DT DA S5 S7 SQ SA H7 H9 HT
W: C4 C6 C7 D4 D8 DJ S2 S4 S9 SJ H6 H8 HQ
N: C2 C3 C5 CK D2 D3 DQ S6 S8 ST H2 H4 HK
E: C9 CJ CQ CA D5 D7 DK S3 SK H3 H5 HJ HA
S: C3 C5 C8 D2 D6 D7 D9 S7 ST SK H2 H5 HQ
W: C4 CT CJ CK D8 DJ S4 SJ SA H4 H9 HT HA
N: C2 C6 C7 C9 D3 DT DQ DA S6 S8 H3 H6 H7
E: CQ CA D4 D5 DK S2 S3 S5 S9 SQ H8 HJ HK
S: C3 CT D2 D4 D8 D9 DT S3 S8 H3 H4 HJ HA
W: C2 C4 C7 C8 C9 D6 DJ DA S2 ST SK SA HQ
N: C5 CJ CQ D3 D5 DQ S5 S6 S7 SJ H2 H5 H6
E: C6 CK CA D7 DK S4 S9 SQ H7 H8 H9 HT HK
S: C2 C6 CT CJ CQ CK D4 D7 DA SA H3 H5 H8
W: C3 C5 D2 D9 DT S7 S8 SJ SK H6 H7 HQ HK
N: C4 C7 C9 CA D6 D8 S2 S6 SQ H2 H4 H9 HT
E: C8 D3 D5 DJ DQ DK S3 S4 S5 S9 ST HJ HA
S: CJ CQ CK CA D7 S2 S4 SJ SK H2 H5 HK HA
W: C3 C5 C9 CT D3 D5 D6 D8 DQ S6 H7 H8 HT
N: C4 D2 DT S3 S5 S7 S8 ST SQ H6 H9 HJ HQ
E: C2 C6 C7 C8 D4 D9 DJ DK DA S9 SA H3 H4
S: CJ CA D2 DJ DK DA S2 S4 SK H3 H4 H6 H7
W: C4 C8 C9 D3 D8 S3 S5 S8 SJ SA HJ HQ HA
N: C6 C7 CQ D4 D6 DT DQ S6 S7 SQ H2 H8 H9
E: C2 C3 C5 CT CK D5 D7 D9 S9 ST H5 HT HK
S: C2 C8 CJ CQ D7 D8 DT DQ DA S5 S8 SA H4
W: C4 C6 D5 S2 S6 SQ SK H2 H3 H5 H7 HJ HQ
N: C3 C7 CT CK CA D2 D3 D6 D9 DJ DK S4 HA
E: C5 C9 D4 S3 S7 S9 ST SJ H6 H8 H9 HT HK
S: C3 C7 D4 D9 DT DQ S2 S8 SQ H5 H8 H9 HK
W: C4 C9 CT CJ CK CA D2 D5 DJ SK SA HQ HA
N: C2 C5 C6 C8 CQ D3 D8 DK S4 S7 ST H7 HT
E: D6 D7 DA S3 S5 S6 S9 SJ H2 H3 H4 H6 HJ
S: C3 C7 C8 D3 D7 DQ S6 S7 ST SJ H4 H9 HJ
W: C6 C9 CJ D6 D8 DT DJ DA S4 S5 SK H7 HQ
N: C4 CQ CA D5 DK S3 SQ SA H2 H3 H5 H6 H8
E: C2 C5 CT CK D2 D4 D9 S2 S8 S9 HT HK HA
S: C5 C7 CJ CA D8 DT S2 S3 S8 H4 H6 H7 HK
W: C2 C6 C9 CQ D2 D7 DJ S7 ST H5 HJ HQ HA
N: C8 CT CK D5 D6 DQ S4 S6 S9 SJ SK SA H3
E: C3 C4 D3 D4 D9 DK DA S5 SQ H2 H8 H9 HT
S: C5 C7 CJ CK CA D6 DK S5 S7 S8 SK H2 HA
W: C2 C3 C4 C6 C8 CQ DT DQ S3 SQ SA H5 HK
N: C9 D3 DJ DA S6 S9 ST H3 H4 H6 H9 HT HQ
E: CT D2 D4 D5 D7 D8 D9 S2 S4 SJ H7 H8 HJ
S: C2 C6 C8 CA D2 D6 DA S3 S4 S5 S9 H2 H6
W: C3 C4 CT CJ CK D3 D5 DJ DQ DK S8 ST HJ
N: C9 CQ D7 D9 S6 S7 SK SA H3 H4 H8 HQ HA
E: C5 C7 D4 D8 DT S2 SJ SQ H5 H7 H9 HT HK
S: C3 C8 CJ D5 D8 S3 S8 SA H7 H8 HT HQ HA
W: C2 C6 CT D9 DT DK DA S6 S7 SK H2 H5 HK
N: C7 C9 D4 D7 DJ S2 S4 S5 ST SJ SQ H3 HJ
E: C4 C5 CQ CK CA D2 D3 D6 DQ S9 H4 H6 H9
S: C7 CA D6 D7 D8 D9 DK S2 S4 ST SJ SA H9
W: C2 CQ D5 DT DA S6 S8 S9 SK H2 H8 HJ HQ
N: C3 C6 C9 CT CK D2 D3 DQ S3 SQ H4 H7 HA
E: C4 C5 C8 CJ D4 DJ S5 S7 H3 H5 H6 HT HK
S: C4 C5 C8 CJ CA D4 DT DA S2 S3 H7 HQ HK
W: C3 CT DJ DQ S7 S8 SJ SK H3 H6 HT HJ HA
N: C6 C7 C9 D3 D5 D6 S5 S6 S9 ST SA H2 H9
E: C2 CQ CK D2 D7 D8 D9 DK S4 SQ H4 H5 H8
S: C5 C8 CT D4 D6 D7 D9 S4 S5 SA H6 HT HJ
W: C2 CQ CA D2 D8 DT DJ DA S6 ST H5 H7 HQ
N: C7 C9 CJ D3 DK S2 S3 S9 SJ H2 H9 HK HA
E: C3 C4 C6 CK D5 DQ S7 S8 SQ SK H3 H4 H8
S: C7 CJ CK CA D9 DT DJ DK ST SA H6 HT HA
W: C5 C9 CT D3 D4 D7 DA S2 S9 H2 H7 H8 HQ
N: C2 C4 C8 S3 S4 S5 S8 SJ SK H3 H4 H5 HJ
E: C3 C6 CQ D2 D5 D6 D8 DQ S6 S7 SQ H9 HK
S: C2 C3 C7 CT D3 D6 D7 D9 S6 H3 H4 H7 HA
W: C4 C9 D4 D5 DJ S2 S4 S9 SJ SA H8 H9 HJ
N: C6 CQ D2 D8 DQ DA S8 H2 H5 H6 HT HQ HK
E: C5 C8 CJ CK CA DT DK S3 S5 S7 ST SQ SK
S: C6 C8 CK CA D9 DJ DQ DA S3 ST SA H9 HJ
W: C4 D2 D3 D6 D7 S2 S5 S9 SJ SQ H2 H4 H6
N: C7 C9 CT D8 DT DK S4 S8 H3 H5 H8 HT HA
E: C2 C3 C5 CJ CQ D4 D5 S6 S7 SK H7 HQ HK
S: C4 C8 CT CA D4 D5 D7 DK S4 S6 HT HQ HA
W: C5 C7 C9 D2 D6 DT DA S5 ST SJ H4 H7 HK
N: C3 C6 CJ CQ DQ S2 S7 S9 H2 H3 H6 H8 H9
E: C2 CK D3 D8 D9 DJ S3 S8 SQ SK SA H5 HJ
S: C5 C7 CT CJ CQ D5 D8 D9 S2 S6 S8 SJ HK
W: C2 C6 CK CA D4 D6 S3 S4 SQ H2 H3 HJ HA
N: C3 C8 C9 D3 DT DQ DA S5 S9 ST H7 H9 HT
E: C4 D2 D7 DJ DK S7 SK SA H4 H5 H6 H8 HQ
S: C9 CT CJ CK D2 D9 DK S6 ST SJ SQ H8 HJ
W: C3 C4 D4 D6 D7 DQ DA S3 S4 S5 S8 SK SA
N: C2 C6 C7 C8 CQ CA D5 D8 S2 H3 H4 H9 HK
E: C5 D3 DT DJ S7 S9 H2 H5 H6 H7 HT HQ HA
S: C4 C5 C7 C8 D7 S2 S3 S4 S7 H4 H9 HT HK
W: C2 C6 D2 D3 D4 D6 DT S6 S8 SK H3 H5 HJ
N: C3 C9 CQ D5 DK DA S9 ST SQ SA H6 HQ HA
E: CT CJ CK CA D8 D9 DJ DQ S5 SJ H2 H7 H8
S: C9 CT D7 DJ DA S3 S5 S6 ST SQ H8 H9 HJ
W: C2 C5 C7 C8 D3 D6 DT S2 S8 H3 H5 HQ HK
N: C4 CK D2 D4 D8 D9 DK S9 SJ SA H4 HT HA
E: C3 C6 CJ CQ CA D5 DQ S4 S7 SK H2 H6 H7
S: C2 C3 C7 CT CQ D9 DK S4 S5 H4 H5 HQ HA
W: C4 C5 C6 CK D3 D4 D8 DQ S3 SK HT HJ HK
N: C8 C9 CJ D2 DT DJ DA S2 S6 S7 SQ H6 H8
E: CA D5 D6 D7 S8 S9 ST SJ SA H2 H3 H7 H9
S: C8 CT CJ D4 D8 DJ DQ S2 S5 S6 SJ H7 H9
W: C4 C9 CQ CK DT S3 S7 S8 S9 H8 HJ HQ HK
N: C3 CA D5 D6 DK DA SQ SK SA H2 H3 HT HA
E: C2 C5 C6 C7 D2 D3 D7 D9 S4 ST H4 H5 H6
S: C6 C8 D2 D4 D8 D9 DA S2 S5 S8 SK SA HT
W: C2 C5 CJ CQ CK D3 D6 D7 DT DJ DK S9 H5
N: C4 C9 CT S3 S4 ST SQ H4 H8 HJ HQ HK HA
E: C3 C7 CA D5 DQ S6 S7 SJ H2 H3 H6 H7 H9
S: C5 CK CA D3 D5 DT DJ DQ S2 S3 ST H8 HA
W: C7 C8 CT D6 D7 DK S5 S8 S9 H4 H7 HJ HK
N: C6 CJ D2 D8 DA S4 S6 SJ SQ H2 H9 HT HQ
E: C2 C3 C4 C9 CQ D4 D9 S7 SK SA H3 H5 H6
S: C7 C9 D2 D5 DT DJ DQ DK ST SJ H7 H9 HK
W: C6 C8 CT CQ D6 D9 S8 S9 SQ H3 H6 HT HQ
N: C3 C5 D3 D7 S3 S4 S5 S6 S7 H4 H5 HJ HA
E: C2 C4 CJ CK CA D4 D8 DA S2 SK SA H2 H8
S: C2 C3 C7 C8 D5 D6 S3 S4 S8 S9 SK H4 HK
W: CT CK CA D4 D8 DK S6 S7 SQ H2 HT HJ HA
N: C4 C9 CJ D7 DQ S2 S5 ST SJ SA H5 H9 HQ
E: C5 C6 CQ D2 D3 D9 DT DJ DA H3 H6 H7 H8
S: C6 C8 CK CA D5 D8 D9 DT S8 H4 H5 HT HJ
W: C5 D4 D6 DJ DQ DA S2 S9 SA H8 H9 HQ HK
N: C2 C3 C7 C9 CJ D2 D3 D7 DK S4 SJ SQ HA
E: C4 CT CQ S3 S5 S6 S7 ST SK H2 H3 H6 H7
S: C3 C5 C6 C8 CQ D4 D6 DJ S2 S6 SA H2 H3
W: C7 D8 S3 S5 S7 S8 S9 SJ SK H5 H7 H8 HA
N: C2 C9 CA D3 D5 DT DQ DK S4 ST H4 H9 HK
E: C4 CT CJ CK D2 D7 D9 DA SQ H6 HT HJ HQ
S: C4 C6 C7 D2 DK DA S6 ST SQ SK HT HJ HQ
W: C3 C5 CJ CK D3 D6 D7 S2 S4 S5 S7 S9 SA
N: C8 CQ CA D4 D5 D8 D9 H4 H5 H6 H7 H8 HA
E: C2 C9 CT DT DJ DQ S3 S8 SJ H2 H3 H9 HK
S: C3 C5 C8 D5 D8 DT S4 S5 SJ SK H3 H9 HT
W: C7 D3 D4 DQ DK DA S3 S6 S9 SQ H5 H6 HA
N: C6 C9 CQ CK CA D2 D6 DJ S2 ST SA H2 H8
E: C2 C4 CT CJ D7 D9 S7 S8 H4 H7 HJ HQ HK
S: C2 C7 C8 CQ DA S5 SQ H3 H4 H8 H9 HK HA
W: C3 C4 C6 CJ D3 D7 D9 DJ DQ S2 SK H6 HQ
N: C5 CK CA D4 D6 D8 DT S3 ST SA H7 HT HJ
E: C9 CT D2 D5 DK S4 S6 S7 S8 S9 SJ H2 H5
S: C5 C9 CQ D3 D7 D9 DJ DK DA S2 S7 H2 HQ
W: C6 D5 DQ S3 S5 S8 SQ SK SA H5 H8 HK HA
N: C2 C4 C7 CT CK D4 D6 D8 DT S6 S9 H7 HT
E: C3 C8 CJ CA D2 S4 ST SJ H3 H4 H6 H9 HJ
S: C5 CJ D2 D5 DQ S3 S5 S9 ST SQ H4 H6 H7
W: CT CQ CK DT DA S4 S8 SA H3 H8 H9 HT HA
N: C2 C3 C4 C6 C8 C9 DK S2 S7 H2 H5 HJ HQ
E: C7 CA D3 D4 D6 D7 D8 D9 DJ S6 SJ SK HK
S: C6 C8 C9 CJ CK D4 D6 S2 S3 S5 S9 H4 H8
W: C2 C3 C4 CQ D2 D8 D9 ST SK SA H3 H9 HJ
N: D3 D5 DT DQ DK DA S7 S8 H2 H5 H6 H7 HT
E: C5 C7 CT CA D7 DJ S4 S6 SJ SQ HQ HK HA
S: C2 C6 C7 D5 D8 DQ DK S4 SQ H7 H9 HJ HA
W: C4 CT CA D7 D9 DT S3 S6 ST SK H3 H8 HT
N: C9 CQ D2 D4 DJ S7 S8 S9 SJ SA H2 H4 HK
E: C3 C5 C8 CJ CK D3 D6 DA S2 S5 H5 H6 HQ
S: C5 C9 CT CK D8 DT DQ DA S4 S8 SJ H5 H9
W: C8 CQ CA D3 D5 S3 S7 S9 ST SK H3 H8 HQ
N: C2 C4 C6 C7 D6 D7 D9 DK S2 S5 SQ H2 HJ
E: C3 CJ D2 D4 DJ S6 SA H4 H6 H7 HT HK HA
S: C2 C7 C9 CQ D3 D4 D5 S9 SQ SA H3 H6 HT
W: C6 C8 D2 D8 DJ DQ DA S3 SK H2 H5 H8 H9
N: C5 CT CJ CA D7 D9 DK S2 S7 H4 H7 HJ HK
E: C3 C4 CK D6 DT S4 S5 S6 S8 ST SJ HQ HA
S: C2 C4 C5 CQ D4 D6 S5 S6 S7 S8 SQ H7 HA
W: C6 CK D2 D3 DQ DK DA ST SJ SA H6 HJ HQ
N: C3 C9 CJ CA D5 D7 D8 DT DJ S2 S9 H2 HK
E: C7 C8 CT D9 S3 S4 SK H3 H4 H5 H8 H9 HT
S: C3 C5 CJ D3 D9 DJ S2 S3 S6 ST H5 H6 H7
W: C4 C8 CA D2 D6 DT DK SQ H8 H9 HT HJ HK
N: C9 CQ D7 DQ S4 S5 S7 SJ SK SA H3 H4 HQ
E: C2 C6 C7 CT CK D4 D5 D8 DA S8 S9 H2 HA
S: C7 C8 CK D3 D6 D8 DT S4 S6 SK H4 H8 HA
W: C3 C4 C6 C9 CJ D2 D5 DA S2 S7 H3 H5 H7
N: C2 CQ D4 D7 D9 DK S3 S5 S9 H2 HT HJ HQ
E: C5 CT CA DJ DQ S8 ST SJ SQ SA H6 H9 HK
S: C5 CT D6 D8 DT DJ DA SK H7 H8 H9 HJ HA
W: C2 D3 D5 S2 S4 S7 SJ SA H2 H3 H6 HT HK
N: C3 C8 CK CA D2 D7 D9 DK S6 ST SQ H4 H5
E: C4 C6 C7 C9 CJ CQ D4 DQ S3 S5 S8 S9 HQ
S: C4 CT CA D8 D9 DQ DA S2 S5 SK SA H6 H8
W: C2 C8 D2 D3 D5 D7 DT DK S3 S4 S7 S8 HK
N: C3 C6 D4 D6 S9 ST SJ SQ H2 H3 H5 H7 HJ
E: C5 C7 C9 CJ CQ CK DJ S6 H4 H9 HT HQ HA
S: C3 C4 CA DJ S3 S4 S5 S9 ST H4 H6 H9 HK
W: C2 C6 C9 CK D5 D8 DT DK DA S7 SJ SQ HQ
N: C7 CQ D2 D4 D6 D9 S2 S6 S8 SK H8 HJ HA
E: C5 C8 CT CJ D3 D7 DQ SA H2 H3 H5 H7 HT
S: C3 C6 C7 C8 C9 CJ CK D8 S4 S5 S7 SJ H3
W: CA D4 D6 S8 ST SQ H5 H6 H8 H9 HT HJ HQ
N: C2 CT D3 DQ S2 S3 S9 SK SA H2 H4 H7 HK
E: C4 C5 CQ D2 D5 D7 D9 DT DJ DK DA S6 HA
S: C2 C6 CT D9 DK DA S3 S9 SK H4 HT HK HA
W: CQ CK D8 DJ DQ S2 S4 S8 H6 H7 H8 H9 HQ
N: C3 C5 C7 C9 CJ CA D2 D3 S6 SQ H2 H5 HJ
E: C4 C8 D4 D5 D6 D7 DT S5 S7 ST SJ SA H3
S: C2 C3 C5 C7 CK D6 D9 DA S4 S6 SJ H7 H9
W: CJ D5 D7 DT DQ S2 S5 ST SK SA H3 HJ HK
N: CQ CA D2 D3 D8 DJ DK S7 S8 H5 H6 HT HA
E: C4 C6 C8 C9 CT D4 S3 S9 SQ H2 H4 H8 HQ
S: C2 C3 CK CA D3 D8 D9 DT S9 SJ SQ H3 HQ
W: CT CJ CQ D6 DA S4 S5 S6 H2 H6 H9 HJ HK
N: C8 C9 D2 D4 D5 DJ S2 S3 S7 SK SA H8 HA
E: C4 C5 C6 C7 D7 DQ DK S8 ST H4 H5 H7 HT
S: C4 C6 C7 C9 CQ D5 D7 DA S2 S3 S5 S9 SA
W: C3 CT D6 D9 DQ S4 S8 ST H3 H5 H7 H8 HA
N: C2 C8 CK D2 D3 D4 DT DJ DK H6 H9 HT HJ
E: C5 CJ CA D8 S6 S7 SJ SQ SK H2 H4 HQ HK
S: C2 C3 C6 C7 D5 D6 D8 DQ DK S4 S6 SJ SQ
W: CT CJ CA D4 D7 DA S2 H5 H7 HJ HQ HK HA
N: C9 D2 D9 DT DJ S5 S7 S9 ST H2 H3 H6 HT
E: C4 C5 C8 CQ CK D3 S3 S8 SK SA H4 H8 H9
S: C5 CT D5 D6 D8 DT S2 S7 S8 S9 SJ SK H6
W: C6 CQ CA D4 DJ DQ S4 S5 H2 H8 H9 HT HA
N: C2 C3 C4 C7 C8 D3 D7 DK H4 H5 HJ HQ HK
E: C9 CJ CK D2 D9 DA S3 S6 ST SQ SA H3 H7
S: C9 CT CA D4 DJ DK S5 S9 SJ SQ SA H9 HA
W: C3 C6 C7 CQ D6 D8 DA S6 S7 H3 H6 H7 HT
N: C5 C8 CK D3 D5 D7 D9 S3 S8 ST H2 H5 H8
E: C2 C4 CJ D2 DT DQ S2 S4 SK H4 HJ HQ HK
S: CT D6 DT DA S2 S4 S6 S7 SJ H7 H8 H9 HQ
W: C3 C8 CJ D2 D4 DQ DK S8 S9 SK H2 HT HJ
N: C2 C6 C7 C9 CQ D5 D8 DJ S5 ST H3 HK HA
E: C4 C5 CK CA D3 D7 D9 S3 SQ SA H4 H5 H6
S: C4 C8 CA D3 D5 D9 S4 S9 SQ SA H4 H8 HA
W: C2 C6 CT CJ CQ CK DQ DA S8 H2 H6 HJ HQ
N: D2 D4 DT DJ S6 S7 ST SJ H3 H5 H7 H9 HK
E: C3 C5 C7 C9 D6 D7 D8 DK S2 S3 S5 SK HT
S: C2 CQ D2 D9 DA S3 S6 S7 S8 SK H2 H4 H5
W: C9 CK D3 DQ DK S4 SJ SA H3 H6 H7 H8 HJ
N: C5 C6 C8 D4 D5 D6 D7 S2 S5 ST SQ HT HQ
E: C3 C4 C7 CT CJ CA D8 DT DJ S9 H9 HK HA
S: C2 C3 C8 CJ D5 D9 DJ S4 SJ SQ SA H5 HK
W: CT CK CA D3 D6 D7 D8 DK S5 S9 H6 H8 HT
N: C5 C6 CQ D4 S2 S6 S8 H2 H3 H4 H7 HQ HA
E: C4 C7 C9 D2 DT DQ DA S3 S7 ST SK H9 HJ
S: C2 C3 C6 C7 C9 D3 S5 S8 S9 H2 H3 H5 HK
W: C4 CA D2 D7 D9 DK S3 S6 SJ SQ H6 HT HJ
N: C5 CJ CK D5 D8 DT DJ DA S2 S4 SA H4 HQ
E: C8 CT CQ D4 D6 DQ S7 ST SK H7 H8 H9 HA
S: C2 C5 C6 C8 CJ D4 D6 DQ S8 ST H2 H4 HQ
W: C9 CA D9 DJ DK S3 S4 S5 S6 SA H9 HK HA
N: D3 D7 D8 DA S2 S7 S9 SJ SK H3 H6 H7 HJ
E: C3 C4 C7 CT CQ CK D2 D5 DT SQ H5 H8 HT
S: C4 DT S2 S3 S5 S9 ST SJ SK H2 H6 H7 HA
W: C3 C8 CK D2 D5 D9 DK S7 SQ H8 HT HJ HQ
N: C2 C7 C9 CA D3 D4 D6 D7 DJ DQ S8 H9 HK
E: C5 C6 CT CJ CQ D8 DA S4 S6 SA H3 H4 H5
S: C2 C9 CT CJ CK D3 DJ DQ DA S5 H2 H4 HQ
W: C5 CQ D5 D6 DK S4 S7 S9 ST SJ H7 H9 HK
N: C6 C7 D8 D9 DT S2 S6 SQ SK H3 H6 HT HA
E: C3 C4 C8 CA D2 D4 D7 S3 S8 SA H5 H8 HJ
S: C7 CT CJ CK DJ DQ S8 SQ SA H3 H5 H8 HQ
W: D2 D3 D4 D5 D6 S4 S9 ST SJ H4 H6 H9 HT
N: C3 C5 C8 C9 CA D7 D8 DA S5 S6 S7 H7 HK
E: C2 C4 C6 CQ D9 DT DK S2 S3 SK H2 HJ HA
S: C3 C6 C7 D2 D3 D4 D5 D9 DA H3 H4 HT HQ
W: C2 C4 C5 CT CA D8 DJ S5 S8 SJ SA H5 H9
N: C8 C9 CQ D6 D7 DT S2 S6 S7 S9 ST H8 HJ
E: CJ CK DQ DK S3 S4 SQ SK H2 H6 H7 HK HA
S: C4 C7 C9 CQ CK D2 S5 S6 SA H3 H5 H8 HQ
W: C2 C5 C6 C8 D3 D4 DJ DQ DA S8 SQ H2 HA
N: CJ CA D5 D9 S4 S7 S9 SK H4 H6 H9 HT HJ
E: C3 CT D6 D7 D8 DT DK S2 S3 ST SJ H7 HK
S: C4 C5 C9 CJ CQ CA D8 DK SJ SK H3 HJ HA
W: C3 CK D5 D6 D7 DJ DQ S3 ST SQ SA H5 H8
N: C2 C7 CT D2 D4 D9 DT DA S2 S4 H2 H9 HK
E: C6 C8 D3 S5 S6 S7 S8 S9 H4 H6 H7 HT HQ
S: C3 C4 C5 CT CK D3 D6 S4 H2 H5 H6 H9 HJ
W: D2 D7 DT DK S5 S6 S7 ST SA H3 H4 H8 HA
N: D4 D5 D9 DJ DQ DA S8 S9 SQ SK H7 HT HK
E: C2 C6 C7 C8 C9 CJ CQ CA D8 S2 S3 SJ HQ
S: C3 C5 C8 C9 CQ D4 S3 ST SK H6 H9 HJ HK
W: CT D3 D7 DJ DQ DK S2 S6 S7 SJ SQ H2 H7
N: C2 C6 D6 D8 D9 DT DA S4 S9 H3 H4 H5 HA
E: C4 C7 CJ CK CA D2 D5 S5 S8 SA H8 HT HQ
S: C3 C5 C6 C7 CK D7 D9 DA S8 SJ SQ H9 HA
W: C4 C9 CJ D2 D3 D4 DT DJ SK SA H3 H4 HQ
N: C8 D5 D6 DQ S2 S6 S7 H2 H6 H7 H8 HT HK
E: C2 CT CQ CA D8 DK S3 S4 S5 S9 ST H5 HJ
S: C2 C4 C8 D3 D6 D8 DT DQ DK S9 SQ H7 HJ
W: C9 CT D4 D7 S4 ST SJ SK SA H3 H4 H6 H8
N: C3 C6 CK D2 D5 S2 S5 S7 S8 H2 H5 H9 HK
E: C5 C7 CJ CQ CA D9 DJ DA S3 S6 HT HQ HA
S: C7 CK CA D3 D5 DA S7 SQ SA H9 HT HJ HQ
W: C9 CT CQ D2 D4 D6 D8 DT DK SJ H4 H6 H7
N: C3 C4 C6 D7 D9 S3 S4 S6 H2 H5 H8 HK HA
E: C2 C5 C8 CJ DJ DQ S2 S5 S8 S9 ST SK H3
S: C6 C7 CQ CA D2 D7 DJ S3 S4 S5 SA H3 H5
W: C2 C3 C4 CT D3 D4 D8 D9 DA SJ H9 HJ HQ
N: C8 C9 CJ CK DK S2 S7 S8 S9 ST SQ H7 HK
E: C5 D5 D6 DT DQ S6 SK H2 H4 H6 H8 HT HA
S: C9 CT CJ D3 D8 D9 DA S6 S7 S8 SA H5 H9
W: C2 D2 D4 D7 DK S2 S4 S9 SQ H4 H7 HK HA
N: C3 C5 C8 CK CA DT DJ S3 S5 SJ H3 H8 HQ
E: C4 C6 C7 CQ D5 D6 DQ ST SK H2 H6 HT HJ
S: C2 C4 C5 C6 C7 C8 CJ CA D6 S6 S8 SK H4
W: C3 C9 CT CQ D4 D5 DJ DQ SJ H2 H5 H9 HA
N: D2 D3 D7 D9 DK DA S3 S4 S9 H3 H8 HJ HQ
E: CK D8 DT S2 S5 S7 ST SQ SA H6 H7 HT HK
S: C6 CK D3 D8 DJ DK S5 SJ H2 H5 H6 H9 HJ
W: C8 CQ D6 DT DA S2 S4 S6 S7 SK SA HT HQ
N: C3 C4 C7 C9 CT CJ CA D4 D5 D7 DQ ST SQ
E: C2 C5 D2 D9 S3 S8 S9 H3 H4 H7 H8 HK HA
S: C4 CJ CK D2 D3 D6 D8 S6 SJ SK H6 HT HK
W: C2 C5 C6 CT CQ D7 DJ S2 S5 S8 ST H9 HJ
N: C7 C8 D4 D5 DT DQ DK DA S7 S9 SA H3 H5
E: C3 C9 CA D9 S3 S4 SQ H2 H4 H7 H8 HQ HA
S: CK D2 D4 D5 D6 D7 DA S4 S5 S6 H3 H8 HT
W: C6 C7 C8 CT D8 S3 SJ SK H5 H7 H9 HQ HK
N: C2 C3 C4 C5 C9 CJ CA D3 D9 S2 S9 ST SA
E: CQ DT DJ DQ DK S7 S8 SQ H2 H4 H6 HJ HA
S: C2 C3 C8 CJ CQ CK CA DJ DA S2 S4 H7 HK
W: CT D2 D8 DT S3 S7 S8 ST SJ SA H3 H6 HA
N: C5 C7 C9 D3 D4 D7 DQ S6 S9 H4 H8 H9 HT
E: C4 C6 D5 D6 D9 DK S5 SQ SK H2 H5 HJ HQ
S: C4 C5 C9 D2 D6 D9 DT DQ SQ SA H6 H9 HT
W: C7 C8 CJ CQ CA D8 DJ DK DA S4 S6 ST H3
N: C3 C6 CT CK D5 D7 S5 S8 SJ H4 H5 H8 HQ
E: C2 D3 D4 S2 S3 S7 S9 SK H2 H7 HJ HK HA
S: C2 C5 C8 CA DK DA S3 S7 SQ H4 H5 H9 HQ
W: C3 CK D2 D7 D9 DQ S6 SK H6 H7 HJ HK HA
N: C6 C7 CT CJ D3 D6 D8 DT DJ S5 ST SJ H2
E: C4 C9 CQ D4 D5 S2 S4 S8 S9 SA H3 H8 HT
S: C3 C7 CT CJ CQ D3 D5 D8 DQ S4 S6 H3 H8
W: C6 CA D2 DJ DK S2 SJ SK SA H2 H9 HK HA
N: C4 C5 C8 D7 DT DA S3 S7 H4 H5 H6 H7 HQ
E: C2 C9 CK D4 D6 D9 S5 S8 S9 ST SQ HT HJ
S: C6 C7 CT D4 DJ S3 S5 S7 S8 S9 SQ H9 HJ
W: C2 C3 CK D3 D6 D8 D9 DK S4 ST H8 HT HA
N: C9 CJ CQ D2 DQ S2 S6 SJ H2 H4 H5 H6 H7
E: C4 C5 C8 CA D5 D7 DT DA SK SA H3 HQ HK
S: C2 C6 CA DT DQ DK DA S6 S7 S9 SJ H4 HA
W: C3 C4 C5 C7 CJ CK D2 D3 D4 D5 HT HJ HK
N: C8 C9 CT CQ D9 DJ S2 SQ SK SA H5 H7 H8
E: D6 D7 D8 S3 S4 S5 S8 ST H2 H3 H6 H9 HQ
S: C3 C4 C5 D9 DT DJ DK S2 S4 S9 SQ H2 HQ
W: CT CQ CA D4 D7 S3 S7 SJ H4 H7 H8 H9 HJ
N: C2 C7 CJ CK D5 D6 DA S5 S8 SA H3 H5 HK
E: C6 C8 C9 D2 D3 D8 DQ S6 ST SK H6 HT HA
S: C2 CT D6 D8 D9 DK SJ SA H4 H7 HT HJ HK
W: C8 CA D7 DJ DQ S3 S5 S7 S9 ST SK H5 HA
N: C5 C7 CJ CQ CK D5 DA S6 H3 H6 H8 H9 HQ
E: C3 C4 C6 C9 D2 D3 D4 DT S2 S4 S8 SQ H2
S: C5 C8 CT CA D5 D7 D8 DT S8 S9 SJ HK HA
W: C2 C9 CJ DQ DA S2 S3 S6 SK H2 H4 HT HQ
N: C3 C4 C6 C7 D6 DK S4 S5 S7 SQ H3 H6 H9
E: CQ CK D2 D3 D4 D9 DJ ST SA H5 H7 H8 HJ
S: C4 C7 CJ D2 D6 D8 D9 DQ S2 S6 H2 H4 H6
W: C2 C6 C9 CT D4 D7 DA S3 S8 SJ H5 H9 HA
N: C3 C5 C8 CQ CK D5 DT DJ S7 SQ SK H7 HK
E: CA D3 DK S4 S5 S9 ST SA H3 H8 HT HJ HQ
S: C3 C9 CQ D8 DJ DA S5 S7 S8 ST SQ H5 HK
W: C2 C6 C8 D6 DT DQ S3 S4 H3 H9 HT HQ HA
N: C7 CK D2 D3 D4 D5 D7 DK SJ SK H2 H6 HJ
E: C4 C5 CT CJ CA D9 S2 S6 S9 SA H4 H7 H8
S: C6 C7 C8 CQ D6 D7 D9 DT S3 S6 SJ H4 H5
W: C2 C4 CJ CK DQ DK S2 SA H2 HJ HQ HK HA
N: C3 C9 CT CA D2 D3 D4 DJ S4 SK H3 H6 H7
E: C5 D5 D8 DA S5 S7 S8 S9 ST SQ H8 H9 HT
S: C2 CT CQ CK D3 DJ DA ST SJ H6 H8 H9 HQ
W: C8 D5 DQ DK S3 S5 S6 S7 SQ SA H3 HT HJ
N: C3 C4 C6 CA D4 D6 D7 D9 S2 S4 S8 H2 HA
E: C5 C7 C9 CJ D2 D8 DT S9 SK H4 H5 H7 HK
S: C2 C5 C8 CQ CK D9 DT DJ S4 S8 H2 H9 HT
W: CJ CA D5 D6 D7 DQ DK S7 ST H5 H7 H8 HJ
N: C3 C4 C6 C9 D3 D8 DA S2 S6 SJ H3 H6 HA
E: C7 CT D2 D4 S3 S5 S9 SQ SK SA H4 HQ HK
S: C5 C9 CQ D3 D4 D9 S5 SQ SA H3 H8 HT HJ
W: C2 C3 C4 CJ D8 DJ DK S6 ST SK H6 HK HA
N: CT CK CA D6 DT DA S4 S7 H2 H4 H5 H7 HQ
E: C6 C7 C8 D2 D5 D7 DQ S2 S3 S8 S9 SJ H9
S: C6 CT CQ D3 D6 DJ DQ S2 S6 ST H5 H7 HJ
W: C3 C4 C7 C8 CA D8 DT DA S3 S8 SQ SA HT
N: CK D2 D5 D7 D9 S4 S5 H2 H3 H6 HQ HK HA
E: C2 C5 C9 CJ D4 DK S7 S9 SJ SK H4 H8 H9
S: C4 CJ CQ D2 DQ DK S3 S6 SQ H4 HT HJ HK
W: C2 C3 C9 CT D3 D4 D6 DT DA ST H5 H6 H7
N: C6 C8 CA D9 DJ S2 S8 S9 SJ H2 H9 HQ HA
E: C5 C7 CK D5 D7 D8 S4 S5 S7 SK SA H3 H8
S: C5 C8 C9 CK D4 D5 D7 DK S5 SJ H2 H8 HJ
W: CQ D2 D6 D8 DQ S3 S6 S7 SK H6 H7 H9 HK
N: C2 C3 D3 D9 DT DA S2 S4 SQ H3 H4 HT HA
E: C4 C6 C7 CT CJ CA DJ S8 S9 ST SA H5 HQ
S: C8 C9 CK D3 D4 D5 D8 D9 DQ DK SQ H6 H8
W: C3 C5 C6 C7 CT D6 DA S5 H2 H3 H4 H5 H7
N: C2 C4 CQ CA D7 DJ S3 SK H9 HT HJ HQ HA
E: CJ D2 DT S2 S4 S6 S7 S8 S9 ST SJ SA HK
S: C6 C7 CK D5 D8 DT DK S7 S8 SA H2 H3 HT
W: C5 C9 CJ CA D7 D9 S2 S5 SQ SK H8 H9 HQ
N: C2 C4 CQ D2 D4 DQ DA S3 S4 S6 H6 H7 HA
E: C3 C8 CT D3 D6 DJ S9 ST SJ H4 H5 HJ HK
S: C3 C5 CQ D4 D8 D9 DQ DA S3 S5 S7 H5 HK
W: C2 C9 D3 D5 D6 D7 DJ DK S6 S8 H4 HJ HA
N: C4 CT CK CA S2 S4 S9 ST SA H2 H6 H8 HT
E: C6 C7 C8 CJ D2 DT SJ SQ SK H3 H7 H9 HQ
