S: C2 C4 D3 D9 S2 S5 S8 H2 H5 H6 H8 H9 HJ
W: C5 C6 C9 D8 DQ DK DA S4 S7 SK H4 HQ HA
N: C3 CJ CK CA D5 D6 D7 S3 S9 ST SJ H3 H7
E: C7 C8 CT CQ D2 D4 DT DJ S6 SQ SA HT HK
S: C8 CQ CK D6 S9 SK H2 H6 H7 H8 H9 HT HA
W: C2 C4 C6 CT D2 D7 D9 DT S3 S6 S7 SA HK
N: C9 CA D4 D5 D8 DJ DK S2 S5 S8 ST SQ H5
E: C3 C5 C7 CJ D3 DQ DA S4 SJ H3 H4 HJ HQ
S: C4 C5 C7 D3 D7 DQ S3 S5 S6 ST SJ H4 H7
W: C2 C6 C8 CJ CK D6 DT DJ DK H3 H5 H6 HT
N: C3 CT CQ D2 D9 S2 S4 S7 SQ SA H8 H9 HJ
E: C9 CA D4 D5 D8 DA S8 S9 SK H2 HQ HK HA
S: C6 CT CQ D2 D9 DK DA S5 ST SJ SA H4 H9
W: C7 C8 CJ D4 DT DJ DQ S4 S6 S8 H5 H8 HK
N: C2 D3 D6 D7 S2 S7 SQ SK H6 H7 HJ HQ HA
E: C3 C4 C5 C9 CK CA D5 D8 S3 S9 H2 H3 HT
S: C2 D3 D9 DT DQ DA S5 S9 SJ SQ H5 H7 HQ
W: C4 C5 C7 CT CQ CA D4 D7 D8 S2 S4 ST H4
N: C3 C8 CK D5 D6 SK H2 H3 H6 H8 HT HJ HK
E: C6 C9 CJ D2 DJ DK S3 S6 S7 S8 SA H9 HA
S: C6 C8 C9 CK D7 DQ S4 S6 SA H4 H5 H7 HK
W: C5 CT D3 D4 D6 D9 DK S2 S7 SJ SQ H3 H9
N: C2 C3 C7 CA D5 D8 DT DJ DA S5 S8 HT HA
E: C4 CJ CQ D2 S3 S9 ST SK H2 H6 H8 HJ HQ
S: C5 C9 CT CQ D7 DQ S9 SJ H2 H3 H4 HJ HQ
W: C2 C7 D5 D6 DJ DA S6 ST H5 H9 HT HK HA
N: C4 C6 CJ CK D3 D4 D8 S2 S4 S5 SQ H6 H7
E: C3 C8 CA D2 D9 DT DK S3 S7 S8 SK SA H8
S: C5 C6 C7 CJ D9 DJ S3 S4 S6 ST SK HT HQ
W: CT CQ CA D2 D5 DQ DK S5 SJ SQ H2 H3 HJ
N: CK D3 D6 D7 D8 DT DA H4 H5 H8 H9 HK HA
E: C2 C3 C4 C8 C9 D4 S2 S7 S8 S9 SA H6 H7
S: C4 C6 C8 D3 D4 D9 DJ DQ S3 S6 H3 H8 HJ
W: CT CQ CK CA D6 DT DA S5 S7 SJ SK H4 H5
N: C3 C5 C9 CJ D2 D8 S9 ST H6 H7 HQ HK HA
E: C2 C7 D5 D7 DK S2 S4 S8 SQ SA H2 H9 HT
S: C2 C8 CT CK D4 D6 D7 DT S2 S3 SQ SK H9
W: D3 DJ DK S4 S6 S8 ST SJ H3 H4 H7 H8 HT
N: C3 C4 C5 C6 C7 C9 CQ S9 SA H5 H6 HK HA
E: CJ CA D2 D5 D8 D9 DQ DA S5 S7 H2 HJ HQ
S: C2 C9 CJ D3 D6 D8 S4 S5 S9 SK H3 H5 H6
W: C4 CQ D2 D7 DT DJ DQ DK DA HT HJ HQ HK
N: C3 C8 CT CA D9 S2 S8 ST SJ H4 H7 H9 HA
E: C5 C6 C7 CK D4 D5 S3 S6 S7 SQ SA H2 H8
S: C6 C7 CQ D2 D7 D9 DJ DA S3 S8 H3 H5 HJ
W: C5 C8 C9 D6 S2 S4 S6 H2 H4 H6 H8 HT HQ
N: C2 CT CJ CK D5 D8 DK S5 S7 ST SK HK HA
E: C3 C4 CA D3 D4 DT DQ S9 SJ SQ SA H7 H9
S: C7 C8 D3 D6 D8 D9 DT DJ S7 H4 H8 HT HQ
W: C4 C5 C9 CQ D5 D7 DA S2 ST SA H7 H9 HJ
N: C2 C3 C6 CA D2 DK S3 S5 S8 SJ SQ H6 HK
E: CT CJ CK D4 DQ S4 S6 S9 SK H2 H3 H5 HA
S: C9 CJ D3 D6 DT DQ DK S2 S9 ST SJ H7 H9
W: CQ D4 D8 DJ DA S5 S6 S7 H3 H6 H8 HT HJ
N: C5 C7 D2 D9 S3 S4 SQ SK SA H4 HQ HK HA
E: C2 C3 C4 C6 C8 CT CK CA D5 D7 S8 H2 H5
S: CJ CA DT DQ S2 S7 SK H2 H6 H7 HT HQ HK
W: C5 CQ D3 D5 D8 DJ DK S3 S4 SA H4 H9 HJ
N: C2 C3 C4 C8 CT CK D4 D6 DA S5 S8 H3 HA
E: C6 C7 C9 D2 D7 D9 S6 S9 ST SJ SQ H5 H8
S: C6 CJ CA D2 D8 S2 S4 S6 S9 H3 H5 HJ HK
W: C2 D3 D9 DJ S3 S5 ST SK H2 H6 H8 HT HQ
N: C3 C4 C7 C8 CT D5 D6 D7 DT S8 SQ H4 H9
E: C5 C9 CQ CK D4 DQ DK DA S7 SJ SA H7 HA
S: C3 C5 CQ D3 D9 S2 S4 S5 SJ H3 H4 H5 H7
W: C8 CJ CK D4 D5 D8 DJ S7 SQ SK SA H6 HA
N: C2 C4 D2 D6 D7 DQ S3 S6 S8 S9 ST HQ HK
E: C6 C7 C9 CT CA DT DK DA H2 H8 H9 HT HJ
S: C2 C4 C5 C7 C8 CJ D7 DQ S3 SJ H4 HJ HQ
W: C6 CQ CK CA D3 D5 DT S2 S7 SK H6 HT HK
N: C3 CT D4 D8 D9 DJ S6 S9 ST H2 H3 H7 H8
E: C9 D2 D6 DK DA S4 S5 S8 SQ SA H5 H9 HA
S: C2 C7 CT CQ D3 D7 DJ S6 S7 S8 SJ SK SA
W: C8 D5 DK DA S4 H3 H4 H5 H6 H9 HT HJ HK
N: C3 C4 CJ CK CA D2 S3 S5 S9 ST SQ H2 HQ
E: C5 C6 C9 D4 D6 D8 D9 DT DQ S2 H7 H8 HA
S: C2 C3 C6 DK S3 S6 ST SJ SK SA H2 H8 HT
W: C7 C9 CJ CQ CA D4 D8 S5 S7 SQ H4 HK HA
N: D2 D3 D7 D9 DQ S8 S9 H5 H6 H7 H9 HJ HQ
E: C4 C5 C8 CT CK D5 D6 DT DJ DA S2 S4 H3
S: C9 CK D3 D4 DT S9 ST SQ H5 H6 H9 HK HA
W: C4 C8 CA D5 D7 D8 S2 S3 S5 SJ SK H4 H8
N: C2 C3 C7 CJ D6 D9 DK DA S6 SA H3 H7 HT
E: C5 C6 CT CQ D2 DJ DQ S4 S7 S8 H2 HJ HQ
S: C5 C9 CA D5 DQ DA S7 S8 S9 H2 H5 H8 HJ
W: C2 C4 CT CK D2 D3 D7 DT S3 S4 S6 SK HT
N: C6 C7 C8 CJ D4 D8 S2 S5 SJ H9 HQ HK HA
E: C3 CQ D6 D9 DJ DK ST SQ SA H3 H4 H6 H7
S: C3 C4 C9 CT D3 D6 S9 ST SQ SK H3 H8 HJ
W: C2 CJ CQ CA D4 S3 S5 SA H2 H7 HT HK HA
N: C6 C7 C8 D5 D7 D9 DQ S2 S4 S8 H4 H5 H9
E: C5 CK D2 D8 DT DJ DK DA S6 S7 SJ H6 HQ
S: C6 CJ CQ CA D9 DK S4 S6 S8 H2 H3 H8 HK
W: C8 C9 D4 DJ DQ S7 S9 ST SQ SA H6 HT HQ
N: C3 C5 CT CK D5 D6 D7 DT SK H4 H5 H7 HJ
E: C2 C4 C7 D2 D3 D8 DA S2 S3 S5 SJ H9 HA
S: C5 CA D2 D6 D8 DK S3 S9 ST SK H3 H7 HQ
W: C6 CQ D3 D4 D7 DT DJ DA S4 S8 H5 H8 HT
N: C3 C8 C9 CJ CK D5 DQ S2 S5 S7 SA H2 H6
E: C2 C4 C7 CT D9 S6 SJ SQ H4 H9 HJ HK HA
S: C3 C4 CT CJ CQ CA D2 DT S2 S8 H5 HQ HK
W: C2 C5 CK D3 D8 DK S5 S6 ST H3 H4 H6 H8
N: C6 C8 D6 DJ DQ DA S7 SQ SA H7 H9 HT HJ
E: C7 C9 D4 D5 D7 D9 S3 S4 S9 SJ SK H2 HA
S: C4 C5 C7 D7 S2 SK SA H8 H9 HT HJ HK HA
W: C9 CQ D5 D9 DT DJ S6 S7 S8 SJ H4 H5 H7
N: C2 C3 C8 CJ D3 DK S3 S9 ST SQ H2 H6 HQ
E: C6 CT CK CA D2 D4 D6 D8 DQ DA S4 S5 H3
S: CJ D4 D5 DA S3 S5 S9 SK H3 H4 H5 H9 HQ
W: D2 D6 D7 D9 DJ S4 S7 S8 SJ SQ H2 HT HA
N: C2 C3 C4 CT D8 DT DK S6 ST SA H6 H7 HK
E: C5 C6 C7 C8 C9 CQ CK CA D3 DQ S2 H8 HJ
S: C4 C7 C8 D9 DJ S2 S3 S4 S5 HT HJ HK HA
W: C3 C9 CJ DT DK DA S7 SJ SQ H3 H4 H5 HQ
N: C2 CQ D2 D3 D4 D5 D6 D7 D8 S8 ST H8 H9
E: C5 C6 CT CK CA DQ S6 S9 SK SA H2 H6 H7
S: C2 C4 C5 CK D2 D4 D5 D7 DK S5 SK H5 H7
W: C7 CT CQ CA D3 D6 DJ S7 S8 SQ H2 HJ HA
N: C3 C8 C9 CJ D9 DT DQ S9 ST SJ H9 HQ HK
E: C6 D8 DA S2 S3 S4 S6 SA H3 H4 H6 H8 HT
S: CK D3 DT DJ S8 H3 H4 H5 H8 H9 HJ HQ HK
W: C5 C7 C8 C9 CJ D8 DA S3 SJ SK H2 H7 HA
N: C2 C3 CA D4 D5 D6 D7 DQ S2 S4 S5 S7 S9
E: C4 C6 CT CQ D2 D9 DK S6 ST SQ SA H6 HT
S: CJ CA D7 DK S2 S3 S9 ST SJ SK H6 H7 HQ
W: C2 C3 C4 C7 C8 C9 D5 D9 SQ H4 H5 H8 HJ
N: CT CQ D2 D3 D4 DJ DQ DA S4 S5 S7 HT HK
E: C5 C6 CK D6 D8 DT S6 S8 SA H2 H3 H9 HA
S: C3 C5 C9 CT D5 D6 S2 S7 S8 H2 H7 H8 HT
W: C7 CJ D3 D8 D9 DJ DQ S5 SJ H3 H5 HQ HA
N: C2 C4 C8 CK D2 D7 DT S3 S4 S6 S9 ST SQ
E: C6 CQ CA D4 DK DA SK SA H4 H6 H9 HJ HK
S: C4 C7 CQ CK D7 D8 D9 S2 S6 S8 SA H3 H6
W: C8 CT D4 D5 DT DK DA S3 ST SQ H9 HJ HQ
N: C2 C3 CJ DJ DQ S5 S7 S9 SK H2 H4 HT HA
E: C5 C6 C9 CA D2 D3 D6 S4 SJ H5 H7 H8 HK
S: C2 C5 C8 CK D8 ST SA H2 H3 H4 H8 H9 HK
W: C3 C6 C7 CJ CQ D5 D9 DK S2 S3 SJ SQ H6
N: C4 CT CA D4 DQ S4 S7 S8 S9 SK H5 HQ HA
E: C9 D2 D3 D6 D7 DT DJ DA S5 S6 H7 HT HJ
S: C4 C9 CT DA S4 S5 S6 S8 SQ H3 H4 H8 HA
W: C2 CJ CQ CK CA D4 DJ S3 S7 SJ SA H5 H6
N: C3 C5 C7 C8 D6 D8 DT DQ S9 ST H2 H7 H9
E: C6 D2 D3 D5 D7 D9 DK S2 SK HT HJ HQ HK
S: C5 C7 D6 D9 DT DJ DK S7 H2 H3 H4 HT HJ
W: C2 C4 C6 D3 D7 D8 DA S5 ST SK SA H6 HA
N: C9 CJ D4 D5 DQ S2 S3 S4 S6 S9 SJ H5 H8
E: C3 C8 CT CQ CK CA D2 S8 SQ H7 H9 HQ HK
S: C3 C7 CA D3 DK S6 H2 H5 H6 H7 H8 HT HQ
W: C5 C6 C9 CJ CK D5 DT S3 S4 S7 H3 H4 HK
N: C2 C8 D2 D4 D8 DJ DQ S2 S9 SK SA H9 HJ
E: C4 CT CQ D6 D7 D9 DA S5 S8 ST SJ SQ HA
S: C2 CA D2 D3 D4 D5 S2 S4 ST SK SA H9 HQ
W: C7 C8 CJ DK S3 S7 S9 SQ H2 H3 H7 HT HK
N: C4 C5 C6 C9 CK D7 D8 DT S5 S6 S8 H6 HA
E: C3 CT CQ D6 D9 DJ DQ DA SJ H4 H5 H8 HJ
S: C7 C8 CK D4 D7 DT DQ DA S5 S9 H2 HT HQ
W: C2 C4 CJ D9 DJ DK S2 S8 SQ SA H6 H7 HJ
N: C9 CT CQ CA D2 D5 D8 S3 S4 SJ SK H5 H9
E: C3 C5 C6 D3 D6 S6 S7 ST H3 H4 H8 HK HA
S: C2 C4 CJ CA D4 DT S3 S6 S7 H4 H5 H7 HJ
W: C3 C5 C6 C7 CT D6 DJ DQ DK S2 S5 S9 SA
N: C8 D2 D8 DA ST SJ SQ SK H2 H8 HT HQ HA
E: C9 CQ CK D3 D5 D7 D9 S4 S8 H3 H6 H9 HK
S: C3 C5 C7 CJ CK D3 DK DA S4 H2 H8 HT HQ
W: D2 D5 D8 S3 S6 S7 S9 SQ H3 H6 H9 HK HA
N: C4 C6 CQ CA D4 D6 D9 DT S2 SJ SK H5 HJ
E: C2 C8 C9 CT D7 DJ DQ S5 S8 ST SA H4 H7
S: C8 CK S3 S6 S7 S8 S9 SA H3 H4 H6 H7 HK
W: C3 C5 C7 CJ D4 S4 SQ SK H2 H5 H9 HJ HA
N: C4 CT CA D2 D5 D6 D8 D9 DT S2 ST SJ HT
E: C2 C6 C9 CQ D3 D7 DJ DQ DK DA S5 H8 HQ
S: C2 CT CJ CA D3 D4 D5 DQ ST SA H6 HJ HQ
W: C3 C9 CQ CK D6 D9 DJ S4 S5 SJ H8 H9 HT
N: C4 C7 C8 D2 DT S6 S7 S8 S9 SQ H3 H4 HA
E: C5 C6 D7 D8 DK DA S2 S3 SK H2 H5 H7 HK
S: C8 CQ D4 D5 D8 DJ S3 S8 SJ SA H4 HQ HK
W: C3 C4 C9 CK DQ S4 S6 S7 SQ H3 H5 HT HJ
N: C6 CA D3 D6 D7 D9 DA S2 S9 H2 H6 H8 HA
E: C2 C5 C7 CT CJ D2 DT DK S5 ST SK H7 H9
S: C3 C4 C6 C9 CT CA D5 D9 S3 SQ H2 H8 HK
W: C2 C5 C7 C8 CQ D3 D4 S5 S8 SK HT HJ HA
N: CK D6 DT S4 S7 S9 ST H3 H4 H5 H7 H9 HQ
E: CJ D2 D7 D8 DJ DQ DK DA S2 S6 SJ SA H6
S: C4 C5 C6 C8 DJ S2 S6 S9 ST H3 H8 H9 HA
W: C7 CJ D2 D6 D8 DQ DA SJ SQ SA H5 H6 HT
N: C3 CT CK D4 D5 D9 DK S3 S5 SK H4 HJ HK
E: C2 C9 CQ CA D3 D7 DT S4 S7 S8 H2 H7 HQ
S: CK D2 DQ S4 S5 S8 ST SK SA H3 H7 H8 HK
W: C7 C8 CT D4 D8 D9 DJ DK S6 S9 SJ H5 HQ
N: C2 C3 C5 C9 CJ CQ D3 D5 DA S3 H9 HT HA
E: C4 C6 CA D6 D7 DT S2 S7 SQ H2 H4 H6 HJ
S: C4 C9 CT D4 S2 S3 S4 S7 S8 SA H4 HT HJ
W: C6 C7 CQ CA DJ DQ DA SQ H2 H5 H6 H9 HK
N: C2 C3 C5 C8 CJ CK D5 D6 D8 S5 SJ H3 H8
E: D2 D3 D7 D9 DT DK S6 S9 ST SK H7 HQ HA
S: C7 C8 C9 D3 D6 DJ DK S6 SQ H3 H5 H9 HK
W: C6 CJ CQ D8 DT DQ DA S2 S9 H2 H4 H7 HQ
N: C4 C5 CT CK CA D5 S3 S4 S7 SA H6 HJ HA
E: C2 C3 D2 D4 D7 D9 S5 S8 ST SJ SK H8 HT
S: C5 D7 DT S3 S6 S8 ST SQ SK H2 H6 H7 HK
W: C4 CK D3 D4 D6 D9 DJ S4 S7 H4 H5 HJ HQ
N: C2 C6 C9 D2 D5 D8 DA S2 S5 SJ SA H8 HT
E: C3 C7 C8 CT CJ CQ CA DQ DK S9 H3 H9 HA
S: C9 D5 D7 DK S2 S5 S6 S7 S8 S9 SQ SA HQ
W: C5 C6 C8 CJ D2 D3 D4 DT S3 SK H3 H4 HA
N: C2 C4 C7 CT CA D8 D9 ST H5 H8 HT HJ HK
E: C3 CQ CK D6 DJ DQ DA S4 SJ H2 H6 H7 H9
S: C6 D3 D8 DJ S4 ST SK SA H6 H7 H8 H9 HQ
W: C5 CJ D2 D5 D6 S2 S3 S5 H2 H4 HT HK HA
N: C2 C3 C7 C9 CT D7 D9 DT DK DA S8 S9 SQ
E: C4 C8 CQ CK CA D4 DQ S6 S7 SJ H3 H5 HJ
S: C6 C9 CT D8 DQ S2 S8 S9 SQ SK H2 H5 H7
W: C3 C5 C7 D4 D9 DT DJ DA S4 SA H3 H4 HK
N: CQ CK D3 D5 D6 D7 DK S5 S7 SJ HT HJ HQ
E: C2 C4 C8 CJ CA D2 S3 S6 ST H6 H8 H9 HA
S: C4 C5 CJ CK D2 DK S2 S5 S7 S8 SQ SA HA
W: C3 C7 C8 C9 CT CQ D8 D9 S3 H3 H5 H6 H8
N: C2 C6 D3 D4 D7 DT DQ DA ST SJ H4 H7 HT
E: CA D5 D6 DJ S4 S6 S9 SK H2 H9 HJ HQ HK
S: C3 C4 CA D2 D3 D4 D7 S9 H3 H4 H7 H8 HK
W: C2 C6 CQ CK D5 D8 D9 DQ S3 S8 SQ HJ HA
N: C7 C8 C9 DJ DK DA S2 S4 S6 ST H2 H6 HQ
E: C5 CT CJ D6 DT S5 S7 SJ SK SA H5 H9 HT
S: C4 C8 D2 D7 D9 S4 S5 S6 SK H4 HJ HQ HA
W: C7 CT CK D3 D4 D5 DJ DK S8 ST SQ SA H9
N: C2 CJ CA D6 D8 DQ S2 S3 H2 H3 H7 H8 HT
E: C3 C5 C6 C9 CQ DT DA S7 S9 SJ H5 H6 HK
S: C8 CK CA DK S5 S7 S8 S9 H2 H6 H7 H8 HJ
W: C3 C5 CT D6 DJ S3 S6 SK SA H3 H5 HT HQ
N: C2 C9 CQ D3 D5 D8 D9 DT DQ DA SQ H4 HK
E: C4 C6 C7 CJ D2 D4 D7 S2 S4 ST SJ H9 HA
S: C4 C6 C7 CJ CQ CK D2 D7 DK DA SJ H6 HQ
W: C3 C9 CA DT DQ S5 S8 ST SQ SK H7 HK HA
N: C5 D4 D5 D9 DJ S2 S3 S7 S9 H2 H8 HT HJ
E: C2 C8 CT D3 D6 D8 S4 S6 SA H3 H4 H5 H9
S: CQ CK D2 D4 D9 DK S3 S6 S8 ST SA H2 H6
W: C9 CJ D3 D7 D8 DT S2 S4 S5 SJ SQ H8 HJ
N: C3 C4 C5 CT CA D6 DJ DA S9 SK H4 H5 HK
E: C2 C6 C7 C8 D5 DQ S7 H3 H7 H9 HT HQ HA
S: C2 CT CJ D5 DK DA S2 S7 SA H6 H7 HJ HK
W: C3 C6 C9 D2 D3 D7 DT DJ S3 S4 SK H9 HA
N: C7 C8 CQ CK D8 D9 DQ S5 SJ SQ H2 H3 HQ
E: C4 C5 CA D4 D6 S6 S8 S9 ST H4 H5 H8 HT
S: C2 C3 CQ D7 D9 DT S5 S6 SJ SK SA H3 H7
W: C4 C5 C6 C7 CJ D6 S2 S4 ST H2 H4 HK HA
N: C9 CT CK D4 D8 DK DA S7 S8 S9 H5 H6 HQ
E: C8 CA D2 D3 D5 DJ DQ S3 SQ H8 H9 HT HJ
S: CA D4 D5 D6 D8 D9 DQ S2 S4 S6 SK HT HK
W: C3 C5 C6 D2 DK DA S9 ST H2 H3 H4 H7 H8
N: C2 C8 C9 CQ CK D7 DT S3 S7 SJ SA HQ HA
E: C4 C7 CT CJ D3 DJ S5 S8 SQ H5 H6 H9 HJ
S: C4 CT CJ D5 DK S7 S9 SJ SK H2 H6 H9 HA
W: C2 C3 C9 CQ D3 D7 D9 DT DJ H3 H5 HT HQ
N: C7 C8 CK D2 D4 D8 S2 S4 S8 SQ H8 HJ HK
E: C5 C6 CA D6 DQ DA S3 S5 S6 ST SA H4 H7
S: C6 CQ CK CA D5 DJ DK DA S3 S5 S8 SK SA
W: C4 CT D4 D6 D7 D9 S7 H3 H4 H6 H8 HT HA
N: C2 C5 C7 C9 CJ D3 S6 S9 ST SJ SQ H2 H7
E: C3 C8 D2 D8 DT DQ S2 S4 H5 H9 HJ HQ HK
S: C2 C6 CJ CQ D2 D6 D9 DT DQ S8 H5 H7 H9
W: C8 CK CA D5 D8 DA S2 S7 ST H2 H3 H4 HT
N: C5 C7 C9 D3 DJ DK S6 SJ SK H8 HJ HQ HA
E: C3 C4 CT D4 D7 S3 S4 S5 S9 SQ SA H6 HK
S: CQ CK D4 D6 D7 DT S5 SJ SA H4 H5 H7 H8
W: C2 C4 CJ D3 D8 DJ S6 S7 S8 ST SK H3 HT
N: C5 C6 C7 C8 CA D5 S2 S9 SQ H9 HJ HQ HA
E: C3 C9 CT D2 D9 DQ DK DA S3 S4 H2 H6 HK
S: D5 D8 D9 DA S4 SJ SK H3 H5 H7 H8 HJ HA
W: C4 C9 D2 D4 D6 S5 S7 S9 SQ H6 H9 HQ HK
N: C5 CJ D3 D7 DT DJ DQ DK S6 ST SA H4 HT
E: C2 C3 C6 C7 C8 CT CQ CK CA S2 S3 S8 H2
S: C6 C8 CT CJ CQ CA D2 D4 D8 D9 DJ S4 H8
W: C2 C4 CK D6 DQ S9 SK H3 H4 H5 HJ HQ HK
N: C3 C5 C7 D5 DT DA S8 ST SJ SA H2 HT HA
E: C9 D3 D7 DK S2 S3 S5 S6 S7 SQ H6 H7 H9
S: C2 C7 D6 DQ DK S5 S7 SK SA H6 HT HJ HQ
W: C6 C9 CT CQ D4 D9 S3 S8 ST SJ H2 H7 H8
N: C3 C5 C8 CJ CK CA D5 D7 D8 S2 S6 H3 H5
E: C4 D2 D3 DT DJ DA S4 S9 SQ H4 H9 HK HA
S: C4 C9 CQ D5 DJ S2 S5 S7 SJ H4 H5 HQ HK
W: CT CK CA D2 D4 D8 D9 DQ S8 H2 H3 H6 HT
N: C3 C5 C6 C7 C8 CJ D6 D7 DK DA S6 S9 H9
E: C2 D3 DT S3 S4 ST SQ SK SA H7 H8 HJ HA
S: C3 C4 C7 CA D6 DQ DA S2 SQ H5 H8 HJ HQ
W: C2 CQ D2 D5 S3 S6 S8 S9 ST SA H6 HT HA
N: C5 C9 CK D3 D4 D7 D8 D9 DJ DK S5 S7 HK
E: C6 C8 CT CJ DT S4 SJ SK H2 H3 H4 H7 H9
S: C5 C6 CK D2 DQ DK S2 S9 SJ SK SA HJ HQ
W: C2 CA D3 D6 D7 D9 DA S3 S5 H2 H9 HT HK
N: C3 C7 C8 CQ D5 DT DJ S4 S8 ST SQ H4 H6
E: C4 C9 CT CJ D4 D8 S6 S7 H3 H5 H7 H8 HA
S: C4 C9 CJ D2 DK DA S2 S3 ST SQ H7 H8 HQ
W: C2 C8 CK D5 D6 D7 D8 D9 S4 SK SA H3 HA
N: C3 CQ D3 D4 DT DJ DQ S5 S8 H2 H4 H5 H9
E: C5 C6 C7 CT CA S6 S7 S9 SJ H6 HT HJ HK
S: C2 C4 C5 C9 DJ DA S2 S3 S6 S9 H2 H3 H8
W: C8 D4 D6 D8 DK S4 S5 S7 SK H5 H6 H7 HA
N: CQ CA D5 D7 DQ ST SJ SQ SA H4 H9 HJ HK
E: C3 C6 C7 CT CJ CK D2 D3 D9 DT S8 HT HQ
S: C3 D6 DJ S2 S3 S6 SJ SK H3 H9 HJ HQ HK
W: C8 CT CA D2 D3 D7 D9 DK S4 S7 H2 H6 HA
N: C2 C5 C9 CQ D4 D5 D8 DT S9 ST SA H5 H8
E: C4 C6 C7 CJ CK DQ DA S5 S8 SQ H4 H7 HT
S: C5 C9 CT D3 D5 D6 D7 D8 ST SA H5 HT HJ
W: C7 CQ CA DQ S4 S6 SJ SQ H6 H9 HQ HK HA
N: C2 C3 C4 C6 D9 DT DJ DK DA S2 S3 H3 H7
E: C8 CJ CK D2 D4 S5 S7 S8 S9 SK H2 H4 H8
S: C7 CJ CQ D2 D5 D9 DA S5 S7 S8 SJ H8 HQ
W: C3 C4 D4 D6 D7 DT DQ S2 S4 H2 H6 HT HA
N: C8 C9 CT CK DJ S3 S9 SQ SK H3 H4 H9 HJ
E: C2 C5 C6 CA D3 D8 DK S6 ST SA H5 H7 HK
S: C3 C5 CQ D3 D5 D6 D8 S2 S5 S8 H8 HT HJ
W: C4 C6 C8 C9 CT CJ D7 DQ DK S9 H4 H7 HA
N: C2 C7 D4 DT DA S4 S6 ST SJ SK H5 H6 HK
E: CK CA D2 D9 DJ S3 S7 SQ SA H2 H3 H9 HQ
S: C6 CT D4 D7 D8 S3 S6 S9 ST SJ SA H3 H9
W: C2 D2 D3 D5 S4 S5 S7 SQ SK H5 HT HQ HA
N: C5 C8 C9 CJ CK D6 DT S2 S8 H2 H8 HJ HK
E: C3 C4 C7 CQ CA D9 DJ DQ DK DA H4 H6 H7
S: C6 CJ CQ D3 D5 D9 S5 ST SK H3 H6 HT HK
W: C4 C9 CA D2 D4 D7 DT S9 SA H2 H4 H5 H7
N: C2 C3 C7 C8 DJ DQ DK S4 S8 SJ HJ HQ HA
E: C5 CT CK D6 D8 DA S2 S3 S6 S7 SQ H8 H9
S: C2 C9 CK CA D3 D8 S5 S6 S7 H3 H4 H7 H8
W: C5 CT D4 D5 D9 DQ S2 S9 SK H5 H6 HT HA
N: C4 C7 C8 CQ D2 D6 D7 DT DK S3 S8 ST SQ
E: C3 C6 CJ DJ DA S4 SJ SA H2 H9 HJ HQ HK
S: C2 C6 CJ D9 DK S3 S4 S9 SJ SK SA H2 H5
W: C5 C7 C9 D2 D3 D7 DQ S5 S6 ST H3 HQ HK
N: C4 C8 CT D4 D6 DT DJ DA S8 H6 H7 H9 HT
E: C3 CQ CK CA D5 D8 S2 S7 SQ H4 H8 HJ HA
S: C3 C7 D4 D5 D9 DQ DA S3 SQ H3 H9 HQ HA
W: C4 CA D3 DJ S6 S8 S9 SJ H4 H6 H7 H8 HT
N: C2 C5 C8 C9 CT CQ CK DT S4 ST SK H5 HJ
E: C6 CJ D2 D6 D7 D8 DK S2 S5 S7 SA H2 HK
S: C3 C4 C7 D2 D3 DT DJ SK SA H8 H9 HJ HQ
W: C5 C8 CQ D5 D6 D8 D9 S4 SJ SQ H3 H6 HA
N: C9 CT CK CA D4 D7 DQ DA S3 S5 S7 S8 H4
E: C2 C6 CJ DK S2 S6 S9 ST H2 H5 H7 HT HK
S: C5 C8 CJ D2 D6 DT DK DA S3 S7 S8 SA H6
W: C2 C3 C4 D5 S6 S9 SQ H3 H5 H7 HT HQ HK
N: C6 CQ CA D7 D8 D9 DQ S2 SJ H2 H4 H9 HA
E: C7 C9 CT CK D3 D4 DJ S4 S5 ST SK H8 HJ
S: C4 D2 D3 D6 D8 S3 S4 S9 ST H4 H9 HT HA
W: C5 C6 CQ D5 DJ DK S5 S6 SQ H2 H3 H7 HK
N: C2 C3 C7 CJ D9 DQ S2 SJ SA H5 H6 HJ HQ
E: C8 C9 CT CK CA D4 D7 DT DA S7 S8 SK H8
S: C2 C7 C9 CT CJ CQ D6 S2 S4 S6 S7 SA H8
W: CA D4 D5 D7 D9 DJ DQ DA S3 S9 ST H2 HK
N: C4 C5 C6 CK D3 DK S5 SQ H3 H5 HT HQ HA
E: C3 C8 D2 D8 DT S8 SJ SK H4 H6 H7 H9 HJ
S: C2 C5 C7 CJ D3 D8 DT DK S2 S5 S8 H2 HJ
W: C4 C8 C9 D2 D4 D9 DQ S9 SK SA H5 H7 H8
N: C3 D6 DJ DA S3 S4 S6 S7 ST H4 H6 HT HA
E: C6 CT CQ CK CA D5 D7 SJ SQ H3 H9 HQ HK
S: C6 C7 CT CJ CQ D2 D6 DK DA S4 S5 ST HJ
W: C5 C8 C9 D5 D8 DT S3 S6 S8 SJ H3 H6 H8
N: C3 CK DJ DQ S2 S9 SQ SK SA H2 H4 H7 H9
E: C2 C4 CA D3 D4 D7 D9 S7 H5 HT HQ HK HA
S: C8 CJ CK CA D3 D7 D9 DJ S5 S9 SA H4 H7
W: C6 C7 CQ D4 D8 DQ S2 S4 S8 SQ SK H3 H8
N: C5 C9 CT D2 D5 DT DK S6 ST H5 H6 H9 HK
E: C2 C3 C4 D6 DA S3 S7 SJ H2 HT HJ HQ HA
S: C2 C9 D2 D4 D7 DJ DA S5 H2 H5 H8 HQ HK
W: C3 C7 CJ D3 D5 DQ S6 S7 S8 SQ H4 HT HJ
N: C6 C8 CT D8 DK S2 S4 SJ SK H3 H6 H7 H9
E: C4 C5 CQ CK CA D6 D9 DT S3 S9 ST SA HA
S: C7 C8 C9 CQ D7 DQ DK S2 S4 H3 H5 H6 HJ
W: C4 C5 C6 CT CA D2 DT S6 ST H4 H8 HT HA
N: C2 C3 CJ D4 D6 D9 S7 S8 SJ SQ SK H2 HK
E: CK D3 D5 D8 DJ DA S3 S5 S9 SA H7 H9 HQ
S: C3 CT CJ D5 D7 D9 DT DA S3 SA H5 H8 HT
W: C2 C5 C8 CA D6 DK S4 SJ H3 H6 H9 HJ HK
N: C7 CQ CK D2 D4 D8 S2 S6 S8 SK H4 HQ HA
E: C4 C6 C9 D3 DJ DQ S5 S7 S9 ST SQ H2 H7
S: C4 D2 D7 DT DA S4 H3 H5 H6 H7 HQ HK HA
W: C5 C7 CJ CQ D3 D8 DK S3 ST SJ SK SA H9
N: C2 C6 CK D9 DJ S5 S7 S9 H2 H4 H8 HT HJ
E: C3 C8 C9 CT CA D4 D5 D6 DQ S2 S6 S8 SQ
S: C6 C7 C9 CQ CK D4 S3 S4 S5 S6 S8 H6 HA
W: D5 D9 DA S2 ST SJ SA H2 H5 H7 H9 HT HK
N: C2 C4 C5 C8 CT CJ D3 DQ DK S9 SQ SK HQ
E: C3 CA D2 D6 D7 D8 DT DJ S7 H3 H4 H8 HJ
S: C5 CQ CA D2 D4 D6 D7 DQ DK S8 S9 SQ HK
W: C2 C4 CJ CK D8 D9 S3 S6 S7 ST SJ HJ HQ
N: C3 C6 C8 CT DT DA S2 SK H2 H5 H6 H7 HT
E: C7 C9 D3 D5 DJ S4 S5 SA H3 H4 H8 H9 HA
S: C8 C9 CK D4 D6 D7 S6 SQ SA H2 H3 HK HA
W: C5 C6 CT D2 DJ DK DA S3 S8 SK H4 HT HJ
N: C3 CQ CA D3 D8 D9 DQ S4 S9 H6 H8 H9 HQ
E: C2 C4 C7 CJ D5 DT S2 S5 S7 ST SJ H5 H7
S: C2 CJ CK CA D5 D8 S2 S3 SA H5 H9 HK HA
W: C5 C8 CT D6 DT DJ DA S5 S6 ST SJ H7 H8
N: C3 C4 C7 D2 D3 D7 D9 DQ SK H3 HT HJ HQ
E: C6 C9 CQ D4 DK S4 S7 S8 S9 SQ H2 H4 H6
S: C5 CJ D4 D9 DT DJ DK S5 S7 ST H3 HT HA
W: C8 CK D5 D6 D8 S2 S3 S8 SK SA H4 HQ HK
N: C2 C3 C4 C7 C9 D2 D7 DA SJ H5 H7 H9 HJ
E: C6 CT CQ CA D3 DQ S4 S6 S9 SQ H2 H6 H8
S: C3 C5 C6 C8 CJ CK D3 DA S3 S8 SQ H2 H8
W: C9 D6 D9 DJ DQ S6 S7 SK H3 H4 H5 H7 HQ
N: C2 C4 C7 CT D5 D7 D8 DT ST SJ SA HK HA
E: CQ CA D2 D4 DK S2 S4 S5 S9 H6 H9 HT HJ
S: CT D8 S3 S8 S9 ST SQ H2 H3 H5 HT HK HA
W: C2 C5 C8 CK D9 DT DK S2 S6 S7 SA H4 HQ
N: C3 C4 C7 CJ CA D2 D3 D5 S4 S5 SJ H6 H9
E: C6 C9 CQ D4 D6 D7 DJ DQ DA SK H7 H8 HJ
S: C2 C4 CT CK DQ S4 S6 S7 SJ SA H9 HT HA
W: C5 C8 CJ CQ D3 D5 D7 D9 DJ DA SK H3 H4
N: C9 CA D8 DT S2 S9 ST SQ H2 H6 H7 HJ HQ
E: C3 C6 C7 D2 D4 D6 DK S3 S5 S8 H5 H8 HK
S: C7 CT CA D6 D9 S4 S8 SA H3 H8 H9 HT HK
W: C3 C4 CQ D5 DJ DQ DK S3 S5 S7 ST SQ H6
N: C6 CK D2 D3 D7 DT DA S2 S6 H2 HJ HQ HA
E: C2 C5 C8 C9 CJ D4 D8 S9 SJ SK H4 H5 H7
S: C2 C3 C4 C5 C9 CJ S5 S8 ST SJ SK H4 HK
W: CT D2 D4 D7 DT DA S6 H2 H5 H6 H9 HJ HQ
N: C6 C7 CQ CK D6 DQ DK S2 S7 SA H8 HT HA
E: C8 CA D3 D5 D8 D9 DJ S3 S4 S9 SQ H3 H7
S: C2 C3 C8 D3 D6 D9 S3 S6 S8 H2 H3 H4 HT
W: C4 CA D2 DT DJ DK S2 SJ SK H8 H9 HQ HA
N: C5 C6 C7 CT CQ D4 D5 D7 DQ S9 ST HJ HK
E: C9 CJ CK D8 DA S4 S5 S7 SQ SA H5 H6 H7
S: C8 CT D3 D9 DQ S2 S3 S5 S6 SJ H7 HJ HQ
W: C3 C4 CJ D2 D4 D6 S8 S9 ST SQ H4 HT HK
N: C2 C6 CQ D5 DA S4 SK SA H2 H5 H6 H8 HA
E: C5 C7 C9 CK CA D7 D8 DT DJ DK S7 H3 H9
S: C3 C8 CA D2 D4 D6 D7 S3 S6 H4 H9 HJ HQ
W: C4 CQ CK DT DQ DK S7 S8 H2 H5 H8 HT HA
N: C6 D3 D9 DJ S2 S4 S5 S9 ST SQ SK H6 HK
E: C2 C5 C7 C9 CT CJ D5 D8 DA SJ SA H3 H7
S: C2 C4 C5 C8 D4 D8 DJ S5 S6 ST SJ HT HJ
W: C3 CK D6 D9 DT S7 H2 H3 H4 H7 H9 HQ HK
N: C6 C9 D3 D7 DK DA S2 S4 S8 SQ H5 H8 HA
E: C7 CT CJ CQ CA D2 D5 DQ S3 S9 SK SA H6
S: C2 C4 C9 CT CJ D3 S6 ST SQ SK H6 H8 HA
W: C5 CQ D2 D9 DQ DA S3 S5 S9 H2 H9 HJ HK
N: C3 CK CA D4 D5 D6 D7 DJ S2 S8 SA H4 H7
E: C6 C7 C8 D8 DT DK S4 S7 SJ H3 H5 HT HQ
S: CJ CQ D3 D5 DQ S5 S7 SQ H2 H3 H6 H7 HQ
W: C3 C5 C6 C7 CA D4 D9 DJ S2 S8 ST H8 HK
N: C4 C8 CK D6 DT DK S4 S6 SJ SK SA HT HA
E: C2 C9 CT D2 D7 D8 DA S3 S9 H4 H5 H9 HJ
S: C2 C5 C8 D3 D6 D8 DJ DQ DA S5 S6 SQ H6
W: C6 C9 CK D4 D9 DT ST H3 H5 H8 H9 HJ HQ
N: C7 CT CQ D5 D7 DK S2 S3 SJ SK H2 H4 H7
E: C3 C4 CJ CA D2 S4 S7 S8 S9 SA HT HK HA
S: C7 CQ CK CA D9 DT DJ S5 ST H4 H7 HJ HK
W: C2 C3 C5 CJ D4 D5 S2 S6 S7 S9 H2 H9 HQ
N: C6 C8 CT D2 D3 D7 DQ DK S4 SJ H3 H8 HT
E: C4 C9 D6 D8 DA S3 S8 SQ SK SA H5 H6 HA
S: C2 C4 C6 C7 D2 D9 DT DJ DK SQ H8 H9 HK
W: C3 C8 CJ CA D3 D5 DQ S3 S5 S8 H2 H7 HA
N: CQ CK D4 D6 D7 S6 S7 S9 SK SA H5 HJ HQ
E: C5 C9 CT D8 DA S2 S4 ST SJ H3 H4 H6 HT
S: C3 C9 CT CA D3 S2 S8 S9 SQ H3 HT HQ HK
W: C4 C8 D4 D5 D6 D7 D8 DT DJ S5 H2 H7 H9
N: C5 C7 CJ CQ CK D2 D9 DK S4 ST SA H8 HA
E: C2 C6 DQ DA S3 S6 S7 SJ SK H4 H5 H6 HJ
S: C8 CQ CK D2 D6 D7 DQ DK S6 S7 SQ HT HQ
W: C3 C7 C9 CT DT DJ S4 S8 SK H5 H6 H8 H9
N: C4 C5 CJ D5 DA S2 S9 ST SJ SA H3 H4 HK
E: C2 C6 CA D3 D4 D8 D9 S3 S5 H2 H7 HJ HA
S: C2 C6 C7 CA D2 D4 DT S5 S6 SJ H5 H6 HJ
W: C4 CT CK D3 D6 DJ DK S3 S4 SK H2 H4 HA
N: C3 D5 D7 D9 DQ S2 ST SQ SA H3 H8 H9 HQ
E: C5 C8 C9 CJ CQ D8 DA S7 S8 S9 H7 HT HK
S: C3 CT CK D7 DT DJ DA S5 S8 ST H3 H6 H9
W: C2 C4 D3 D5 D8 S3 S4 SJ SQ H4 H8 HT HJ
N: C7 C8 CJ CQ D2 D6 D9 DQ S9 SA H5 H7 HQ
E: C5 C6 C9 CA D4 DK S2 S6 S7 SK H2 HK HA
S: C2 C5 C6 C8 CT D3 DT DJ S4 S6 S8 S9 H3
W: C3 C4 D2 D4 D6 D9 DQ S3 H4 H7 H8 HT HJ
N: C9 CQ CA D5 D7 DK SJ SQ SK SA H5 HK HA
E: C7 CJ CK D8 DA S2 S5 S7 ST H2 H6 H9 HQ
S: C6 C9 D8 DJ DK S5 S7 S8 SQ H5 H6 HJ HK
W: C5 C8 CA D7 S2 S4 S6 SJ SA H4 H8 H9 HT
N: C2 C7 CT CQ D2 D4 D5 DT DQ DA S3 HQ HA
E: C3 C4 CJ CK D3 D6 D9 S9 ST SK H2 H3 H7
S: C7 C8 CA D2 D3 D5 D8 D9 ST SA H2 H3 H9
W: C4 C6 CQ DJ S6 S7 S8 S9 SK H4 HJ HQ HA
N: C9 CJ CK D7 DT DA S3 S4 S5 SJ SQ H5 H6
E: C2 C3 C5 CT D4 D6 DQ DK S2 H7 H8 HT HK
S: C4 C7 C8 CQ CK CA D3 D5 DK S9 HQ HK HA
W: C3 C5 C9 CT D4 DT DA SA H2 H5 H6 H8 HT
N: C2 C6 CJ D7 DJ DQ S4 S6 S7 SJ SK H3 H9
E: D2 D6 D8 D9 S2 S3 S5 S8 ST SQ H4 H7 HJ
S: CT CJ CK D6 DJ DQ DK S6 S7 ST HQ HK HA
W: C3 C4 C5 C8 CA D2 D8 D9 DT SA H2 H4 H6
N: C7 C9 D5 DA S2 S8 SJ SQ H3 H5 H7 H8 HT
E: C2 C6 CQ D3 D4 D7 S3 S4 S5 S9 SK H9 HJ
S: C2 C3 C4 C5 C9 D6 DT S5 ST SK H7 H8 HT
W: CT CK D2 D3 D4 D7 S3 SJ SQ H2 H4 H5 H9
N: C8 CJ CQ D5 D8 DJ DA S4 S6 S7 S9 SA HQ
E: C6 C7 CA D9 DQ DK S2 S8 H3 H6 HJ HK HA
S: C6 C8 CQ CA D6 D9 DT S2 S6 ST SQ HT HK
W: C4 CJ S4 S5 S7 S8 SJ H3 H4 H6 H9 HJ HQ
N: C2 C3 CT CK D2 D5 DJ DA S9 SA H2 H5 H8
E: C5 C7 C9 D3 D4 D7 D8 DQ DK S3 SK H7 HA
S: C3 C5 CK D4 D9 DK S4 S6 S9 SK H6 H9 HJ
W: C7 C8 C9 CT CJ D2 D3 D5 D7 DQ SJ SQ HK
N: C2 C4 CQ DT DA S3 S7 S8 SA H2 H3 H5 HT
E: C6 CA D6 D8 DJ S2 S5 ST H4 H7 H8 HQ HA
S: C4 C6 CJ D3 DT DQ S2 S6 S8 H4 H7 H8 HQ
W: C8 C9 CA D5 D8 DJ DK DA SQ HT HJ HK HA
N: C5 C7 CK D2 D4 D6 S3 S4 S9 SJ SK H5 H6
E: C2 C3 CT CQ D7 D9 S5 S7 ST SA H2 H3 H9
S: C2 C3 C5 CQ D6 D8 DQ S4 S9 SK H7 HT HA
W: C6 C8 C9 CT CK CA D4 DK S2 S6 S7 HJ HK
N: C4 CJ D2 D5 D7 DT DA SJ SA H3 H4 H6 H8
E: C7 D3 D9 DJ S3 S5 S8 ST SQ H2 H5 H9 HQ
S: C3 C5 C7 CK CA D2 D7 D9 DA S4 SA HQ HK
W: CQ D3 D5 D8 DT DQ S2 S5 S8 S9 H3 H4 HJ
N: C2 C9 CJ D4 DJ DK S3 S6 S7 SJ SK H6 HA
E: C4 C6 C8 CT D6 ST SQ H2 H5 H7 H8 H9 HT
S: C5 C6 C9 CJ D2 DJ S2 S8 SA H3 H7 HT HK
W: C4 C7 D3 DQ DA S3 S5 S7 H2 H5 H8 H9 HQ
N: C3 CT CK D4 D6 D9 DT DK S4 ST SK H6 HA
E: C2 C8 CQ CA D5 D7 D8 S6 S9 SJ SQ H4 HJ
S: C4 C5 D5 D7 D8 S2 S4 S5 ST SK H4 HJ HA
W: C3 C6 C8 C9 CJ DT S7 S8 SJ SQ H5 H9 HK
N: C2 C7 CT CQ DQ DA S9 SA H3 H6 H7 H8 HT
E: CK CA D2 D3 D4 D6 D9 DJ DK S3 S6 H2 HQ
S: C2 C3 C6 CT CQ D3 D6 D8 S4 S5 S8 H7 HJ
W: C5 C8 C9 CJ DT DJ DA S7 SJ H2 H4 H5 H6
N: C7 D2 D5 D7 DK S2 S3 S6 SQ H3 HT HK HA
E: C4 CK CA D4 D9 DQ S9 ST SK SA H8 H9 HQ
S: C8 D3 D4 DT DA S3 S9 H3 H4 H5 H8 HK HA
W: C4 C5 C9 CK D2 D5 D6 S4 S6 ST SQ H7 HQ
N: C3 C7 CT CA D8 D9 DJ DQ S2 S8 SK H2 H9
E: C2 C6 CJ CQ D7 DK S5 S7 SJ SA H6 HT HJ
S: C3 C4 CQ CA D5 D6 D9 DT DA S7 SK H2 H3
W: C5 C9 CJ D2 D4 S5 S9 ST H6 H7 H8 HJ HA
N: C7 C8 CT CK D3 DJ DQ DK S2 S3 SQ HQ HK
E: C2 C6 D7 D8 S4 S6 S8 SJ SA H4 H5 H9 HT
S: C5 C7 D2 D5 D7 DK S3 S7 S9 H4 H5 H6 HQ
W: C9 CT CQ DJ DA S2 S5 S6 S8 SQ H7 HK HA
N: C4 C6 CJ CK CA D6 DT ST SJ H8 H9 HT HJ
E: C2 C3 C8 D3 D4 D8 D9 DQ S4 SK SA H2 H3
S: D3 D6 D8 D9 DJ DK DA S8 ST SJ SQ H7 H9
W: C5 C7 C8 C9 CJ CK CA D7 S9 H2 H5 HT HJ
N: C3 C4 CQ DT DQ S2 S4 S5 S7 H3 H6 HK HA
E: C2 C6 CT D2 D4 D5 S3 S6 SK SA H4 H8 HQ
S: C8 DT S2 S3 S4 S9 SQ SK SA H6 H7 HT HJ
W: C4 CK D2 D3 D4 D6 DA S5 S6 S8 H5 HQ HA
N: C2 C5 C6 C7 CT CA D5 D8 DJ DQ ST H2 HK
E: C3 C9 CJ CQ D7 D9 DK S7 SJ H3 H4 H8 H9
S: C7 D2 D7 S2 S3 S7 S8 SA H4 H5 H9 HJ HQ
W: C3 C4 C9 CK D3 D5 DJ DA S6 ST SQ SK H3
N: C8 CJ CA D9 DT S4 S5 H2 H6 H7 HT HK HA
E: C2 C5 C6 CT CQ D4 D6 D8 DQ DK S9 SJ H8
S: C7 C9 CT CJ CQ D4 D5 DQ S3 S4 H2 H4 H7
W: C2 C4 C6 CK D8 DA S2 S8 SQ H5 H8 HQ HK
N: CA D2 D3 D7 D9 DT DK S5 S9 H6 H9 HT HA
E: C3 C5 C8 D6 DJ S6 S7 ST SJ SK SA H3 HJ
S: C6 C9 D2 D5 D6 D8 DT DQ DA S4 S8 H9 HK
W: C5 C7 C8 CK D7 S5 S6 S7 S9 SJ H5 H8 HQ
N: C4 CT CJ CQ DJ S2 SQ SK SA H3 H4 H7 HA
E: C2 C3 CA D3 D4 D9 DK S3 ST H2 H6 HT HJ
S: C2 C8 C9 CJ CK D8 S3 S8 S9 SA H5 H7 H8
W: C5 C6 D4 D6 DQ S4 S5 S7 ST SQ H4 H9 HA
N: C3 C7 D2 D3 D5 DT DK DA H3 H6 HT HQ HK
E: C4 CT CQ CA D7 D9 DJ S2 S6 SJ SK H2 HJ
S: C2 C7 C9 D3 D4 D6 D9 S8 H6 H7 H8 H9 HK
W: C5 C6 CJ CQ D5 D7 S3 S4 S9 ST SA H2 H3
N: C8 CT CK D2 DJ DA S5 S6 SJ SQ HT HJ HA
E: C3 C4 CA D8 DT DQ DK S2 S7 SK H4 H5 HQ
S: C2 C8 C9 CQ DT DJ S2 S5 S8 S9 H6 H7 H8
W: C3 C6 C7 CT CJ DQ S3 ST SQ SK SA H3 HQ
N: CK D2 D3 D5 D6 D7 DA S4 S6 SJ H2 H4 H9
E: C4 C5 CA D4 D8 D9 DK S7 H5 HT HJ HK HA
S: C8 C9 CT CJ CQ D4 DT S4 S6 H4 H7 H9 HT
W: C5 C6 DQ DA S2 S5 SA H2 H5 H8 HQ HK HA
N: C2 C3 C4 C7 CK D2 D6 D7 DJ S3 S9 ST HJ
E: CA D3 D5 D8 D9 DK S7 S8 SJ SQ SK H3 H6
S: C3 C7 CK CA D3 D6 S5 S6 S9 SA H3 HQ HA
W: C8 CQ D5 D7 D8 D9 S2 S8 ST SQ H4 H5 H6
N: C5 C6 C9 CT CJ D2 D4 DT DK S7 H2 H7 H9
E: C2 C4 DJ DQ DA S3 S4 SJ SK H8 HT HJ HK
S: C4 C5 CQ CA D2 D9 S4 S7 S9 SJ SK H8 HK
W: C2 C9 D7 D8 DT DJ DA S8 H2 H6 H9 HQ HA
N: C6 C7 CT D3 D4 D5 S2 S5 ST SA H3 H7 HJ
E: C3 C8 CJ CK D6 DQ DK S3 S6 SQ H4 H5 HT
S: C5 C7 C8 D3 D7 DQ S5 S6 SQ SK H4 H6 HJ
W: C4 C6 CT CJ CK D8 D9 DT S2 S3 S8 ST HQ
N: C3 C9 CQ D4 D6 S4 S9 SA H3 H5 H7 HK HA
E: C2 CA D2 D5 DJ DK DA S7 SJ H2 H8 H9 HT
S: C3 C5 D4 D5 D6 S2 S8 SJ SA H4 H5 H7 HA
W: C2 C8 CT CQ D3 DJ DQ DK S3 S5 SK H6 HQ
N: C4 C6 C9 CJ CK D2 DT DA S4 S9 H3 H9 HK
E: C7 CA D7 D8 D9 S6 S7 ST SQ H2 H8 HT HJ
S: C2 C7 CJ CQ D6 DA S3 S6 S7 S8 H7 H9 HT
W: CA D3 D5 DT DJ DK S9 ST SJ SQ H4 H5 HK
N: C3 C4 C8 CT D2 D4 D8 D9 DQ S2 S5 SK SA
E: C5 C6 C9 CK D7 S4 H2 H3 H6 H8 HJ HQ HA
S: C7 C8 C9 CT D2 D4 D5 D9 DQ S2 SK H2 HK
W: C2 C4 C6 CJ DT DA S4 S6 S7 S8 ST H6 H7
N: C3 C5 CA D3 D7 DJ S5 SQ SA H3 H5 H9 HT
E: CQ CK D6 D8 DK S3 S9 SJ H4 H8 HJ HQ HA
S: C2 D3 D6 DT DJ DK S4 H2 H3 H4 H8 H9 HK
W: C4 C8 CT D8 D9 S5 S6 S7 H7 HT HJ HQ HA
N: C3 C9 CJ CK CA D4 DA S2 S3 S8 ST SK H6
E: C5 C6 C7 CQ D2 D5 D7 DQ S9 SJ SQ SA H5
S: C4 C6 CT D5 D7 D8 DK S3 S8 SJ SK HT HJ
W: C2 C5 C9 CQ D2 D4 D6 DT S4 S7 ST SA H2
N: C8 CA D3 DJ DA S5 S6 S9 SQ H5 H6 H9 HA
E: C3 C7 CJ CK D9 DQ S2 H3 H4 H7 H8 HQ HK
S: CJ D2 D5 D6 D7 D9 DA S2 S3 SQ SA H3 HA
W: C7 CQ CK D4 D8 DJ DQ S5 S9 H2 H5 H9 HJ
N: C3 C4 C8 D3 S6 S7 S8 SK H6 H8 HT HQ HK
E: C2 C5 C6 C9 CT CA DT DK S4 ST SJ H4 H7
S: C6 CQ D2 D3 D4 D5 D8 S2 S5 S8 H3 HK HA
W: C2 C4 C8 C9 CA DQ DA S4 ST SK H2 H7 HQ
N: C5 C7 CT CJ CK DJ SJ SA H5 H6 H9 HT HJ
E: C3 D6 D7 D9 DT DK S3 S6 S7 S9 SQ H4 H8
S: C4 CT CJ D2 D3 D6 D7 DK S4 S5 SA H2 H9
W: C2 C3 CQ CA D4 D5 D8 DA S2 S6 H4 HT HJ
N: C6 C8 C9 CK D9 DQ S3 S7 S8 S9 SJ SQ HQ
E: C5 C7 DT DJ ST SK H3 H5 H6 H7 H8 HK HA
S: C5 C7 CJ D4 D6 DQ SJ SA H2 H4 H5 HT HA
W: C3 C4 CT CQ CA D7 D8 DT DK SK H3 H8 HJ
N: C8 D2 DA S3 S4 S6 S8 S9 ST H6 H7 H9 HK
E: C2 C6 C9 CK D3 D5 D9 DJ S2 S5 S7 SQ HQ
S: C3 C6 C7 C8 CJ D7 S2 S9 SJ SQ H2 H9 HA
W: C2 D2 D3 D4 D5 DT DA SK SA H3 H6 H7 HT
N: C4 C9 CT CQ CK CA D8 D9 DK S5 S6 S7 S8
E: C5 D6 DJ DQ S3 S4 ST H4 H5 H8 HJ HQ HK
S: C6 C8 CJ D6 D7 S2 S3 S4 S9 SQ SA H6 H9
W: C5 CT CQ D3 D5 DJ DQ DA S8 H4 H5 H7 HQ
N: C4 C7 CK CA D8 DT DK S5 S6 H3 HJ HK HA
E: C2 C3 C9 D2 D4 D9 S7 ST SJ SK H2 H8 HT
S: C8 CQ D3 D6 DT DK S3 S7 S9 ST H4 H9 HQ
W: C3 C4 C6 C9 CJ CK CA D8 DA S6 SJ H6 HJ
N: C7 CT D2 D4 D5 DQ S2 S4 SQ H2 H3 H8 HA
E: C2 C5 D7 D9 DJ S5 S8 SK SA H5 H7 HT HK
S: C4 C5 C7 D4 D6 D7 D9 S2 S3 SJ SK H8 HK
W: CT CJ D2 D3 D8 DK S4 S5 S9 ST H6 H7 H9
N: C3 C9 CQ DT DJ DA S6 S7 SQ SA H2 HT HQ
E: C2 C6 C8 CK CA D5 DQ S8 H3 H4 H5 HJ HA
S: C3 C4 C5 D7 DT DJ S7 S8 SK SA H4 H5 H6
W: C8 CT CA D6 D8 D9 DQ S4 S9 ST SQ H3 HA
N: CJ CQ D2 D3 D4 DA S2 S3 H2 H8 H9 HQ HK
E: C2 C6 C7 C9 CK D5 DK S5 S6 SJ H7 HT HJ
S: C2 C6 D5 D8 D9 DT DQ S6 S9 SK H6 HK HA
W: C7 C8 CJ CQ CK CA D3 D4 D7 S5 SJ H8 HQ
N: C3 C5 CT D2 DK DA S2 S4 S7 SA H2 HT HJ
E: C4 C9 D6 DJ S3 S8 ST SQ H3 H4 H5 H7 H9
S: C2 CT CJ CQ D4 DJ DQ S3 S4 H2 H9 HT HK
W: C5 C7 C9 CA D8 DA S2 SA H3 H4 H5 H6 H8
N: C3 C4 C8 D3 D5 D9 DT S6 ST SJ SQ H7 HA
E: C6 CK D2 D6 D7 DK S5 S7 S8 S9 SK HJ HQ
S: C3 C4 CQ CA D2 D6 S5 S6 ST H6 H8 HJ HK
W: C2 C8 C9 CT CK D8 DQ DK S3 S4 H5 H7 HT
N: C6 CJ D3 D4 D5 D7 S2 S7 SQ H2 H9 HQ HA
E: C5 C7 D9 DT DJ DA S8 S9 SJ SK SA H3 H4
S: C2 C3 C4 D5 D9 DT DJ S2 S5 SJ SA H2 H7
W: C6 C7 CT DQ DK S6 S7 S8 S9 SK H6 HJ HK
N: C5 C8 C9 CJ CA D3 D7 S3 H8 H9 HT HQ HA
E: CQ CK D2 D4 D6 D8 DA S4 ST SQ H3 H4 H5
S: C8 CQ D5 D8 DJ S9 SJ SK H5 H6 H8 H9 HA
W: C4 C6 C7 C9 CJ D4 DT S7 S8 SA H2 H7 HQ
N: C3 C5 CT CA D2 D7 DA S2 S3 S5 ST SQ H4
E: C2 CK D3 D6 D9 DQ DK S4 S6 H3 HT HJ HK
S: C4 CJ D5 D7 D8 D9 DQ S2 S3 ST H4 HJ HQ
W: C3 C5 C6 C7 CT DT DA S6 S7 SK H6 H8 HA
N: C8 CK CA D6 S5 S8 S9 H2 H3 H5 H7 H9 HT
E: C2 C9 CQ D2 D3 D4 DJ DK S4 SJ SQ SA HK
S: C3 C5 CK D5 DT DK DA S4 S9 ST SJ HJ HQ
W: C4 C7 C8 CA D7 S5 S7 S8 SQ SK SA H8 HT
N: C2 C9 CQ D2 D3 D4 DQ S3 S6 H2 H6 HK HA
E: C6 CT CJ D6 D8 D9 DJ S2 H3 H4 H5 H7 H9
S: C3 CT D5 D6 DQ S2 S5 S7 S8 H3 H5 H9 HQ
W: CA D2 D7 D9 DA S4 S9 SJ H2 H4 H6 H8 HK
N: C2 C5 C6 CJ CK D3 D8 DT DJ S3 SQ H7 HA
E: C4 C7 C8 C9 CQ D4 DK S6 ST SK SA HT HJ
S: C9 CJ CQ D3 D5 D8 DQ S7 S8 SQ H7 H8 HK
W: C4 C5 D2 D7 D9 DK DA S3 S6 ST H4 H5 H9
N: C2 C6 C7 C8 CA D4 D6 S5 SJ SK H2 HJ HQ
E: C3 CT CK DT DJ S2 S4 S9 SA H3 H6 HT HA
S: C2 C4 C5 C7 C8 C9 D8 DT S2 S5 ST H7 HA
W: C6 CT CJ CK D2 D4 DQ DK S8 SQ H2 H9 HT
N: CA D6 D7 D9 DA S3 S4 SJ SA H4 H5 HJ HQ
E: C3 CQ D3 D5 DJ S6 S7 S9 SK H3 H6 H8 HK
S: C9 CQ CA D4 D6 D8 DK S3 S8 H2 H5 HQ HA
W: C5 C7 C8 D2 D3 D9 S5 SA H4 H7 H9 HT HK
N: C3 C4 C6 CT CJ D5 DT DA S2 S4 S9 H3 H8
E: C2 CK D7 DJ DQ S6 S7 ST SJ SQ SK H6 HJ
S: C8 C9 D7 D8 DQ S2 S7 S8 ST SJ H2 H8 HT
W: C3 C4 C5 C6 C7 CT CQ D9 DA SK H3 H5 HA
N: CJ CK CA D3 D4 D5 DJ DK S3 S5 SQ H9 HK
E: C2 D2 D6 DT S4 S6 S9 SA H4 H6 H7 HJ HQ
S: C6 CQ CA D4 D5 D6 D9 DT S4 S9 H2 H9 HQ
W: C3 C5 C7 C8 CK D3 DQ S3 S8 SQ SA H4 H7
N: C2 C4 C9 CT D2 D8 S2 S7 ST H5 HJ HK HA
E: CJ D7 DJ DK DA S5 S6 SJ SK H3 H6 H8 HT
S: C6 D5 D8 DT DJ DQ S4 S7 SJ H4 H7 H8 HQ
W: C3 C4 C8 C9 CK CA D3 D4 S3 H2 H5 H9 HA
N: CT CJ D6 DK DA S5 S6 S8 ST H3 HT HJ HK
E: C2 C5 C7 CQ D2 D7 D9 S2 S9 SQ SK SA H6
S: C7 C9 CQ D5 S2 S3 S5 S7 S8 H3 H4 HQ HK
W: C4 C5 C6 CJ D8 DT DQ ST SK H2 H7 HJ HA
N: C2 C3 C8 CA D3 D6 D9 DJ DK DA S9 H5 HT
E: CT CK D2 D4 D7 S4 S6 SJ SQ SA H6 H8 H9
S: C2 C3 CJ CQ D3 D8 DT DQ S3 S4 S8 SK H3
W: C4 C5 C6 C7 C9 CT CK D9 DK SA H2 H6 H7
N: C8 D5 D6 D7 S9 ST SJ H4 H8 HT HJ HQ HA
E: CA D2 D4 DJ DA S2 S5 S6 S7 SQ H5 H9 HK
S: CT CQ CA D3 D7 D8 D9 S4 ST SQ H2 H7 HK
W: C6 C7 D2 DJ DK DA S2 S6 S8 SA H4 H5 HA
N: C8 C9 CK D5 D6 DT DQ S3 SJ SK H6 H8 HQ
E: C2 C3 C4 C5 CJ D4 S5 S7 S9 H3 H9 HT HJ
S: C5 C8 C9 CA D4 D9 DA S4 S9 H2 H6 HJ HK
W: C3 C4 CT CJ D2 D7 DT DK S6 S8 ST SK H5
N: C2 C7 CK D5 D8 S5 S7 SJ SA H4 H7 HQ HA
E: C6 CQ D3 D6 DJ DQ S2 S3 SQ H3 H8 H9 HT
S: C3 C6 CK D6 DT DJ S6 S9 SA H5 H6 H8 HT
W: C5 C8 C9 CA D2 D7 D9 DA S8 ST SQ SK H4
N: C2 C4 CJ D4 D5 D8 DQ S2 S7 SJ H2 H3 HK
E: C7 CT CQ D3 DK S3 S4 S5 H7 H9 HJ HQ HA
S: C3 C9 CQ CA DK DA S4 S7 ST SJ H5 H9 HA
W: C2 C4 C5 CJ D3 D5 D8 D9 S3 SQ H2 H3 HQ
N: C7 CK D2 D4 D6 D7 DJ S2 S9 H4 H7 HJ HK
E: C6 C8 CT DT DQ S5 S6 S8 SK SA H6 H8 HT
S: C3 CA D2 D4 D5 D9 DQ DA S7 S9 HT HQ HK
W: C5 C9 CT CJ D3 D7 S4 ST SA H2 H3 H9 HA
N: C4 C7 C8 CQ CK DJ DK S6 S8 SJ SQ H6 H7
E: C2 C6 D6 D8 DT S2 S3 S5 SK H4 H5 H8 HJ
S: C2 C4 CJ CQ D3 D6 S5 S7 ST H2 HJ HK HA
W: CT CK D4 D5 D7 D9 DT DJ S4 H3 H5 H6 HT
N: C8 C9 D8 DK DA S2 S9 SJ SK SA H4 H9 HQ
E: C3 C5 C6 C7 CA D2 DQ S3 S6 S8 SQ H7 H8
S: C2 C4 CT CJ D8 DJ S4 S7 SQ H3 H4 H6 HJ
W: C3 C6 C7 D2 D3 D4 D7 DQ DK S8 S9 H5 HA
N: C9 CQ D5 D6 D9 DA S2 S3 S5 SJ H9 HQ HK
E: C5 C8 CK CA DT S6 ST SK SA H2 H7 H8 HT
S: C3 C4 C5 C7 C9 CT D8 DJ S5 ST SJ SK H5
W: C8 CK CA D4 D6 DQ S2 S6 S8 H2 H3 HQ HK
N: C2 C6 D5 D7 DK DA S4 S7 S9 SQ SA H7 HA
E: CJ CQ D2 D3 D9 DT S3 H4 H6 H8 H9 HT HJ
S: C7 CT D5 S3 S4 S5 SA H2 H3 H4 HJ HK HA
W: C5 C8 CJ CA D6 D7 DJ DQ S6 S7 S8 S9 ST
N: C2 C3 C4 C9 D2 D4 D8 D9 DK S2 SJ H6 HT
E: C6 CQ CK D3 DT DA SQ SK H5 H7 H8 H9 HQ
S: C6 CJ D2 D4 DK S4 ST SQ H2 H4 H6 H7 HA
W: CT CK D3 D5 D6 DJ S2 S6 S7 S8 SA H8 HK
N: C4 C8 C9 D7 D8 DT DA S3 S9 SJ H5 HT HQ
E: C2 C3 C5 C7 CQ CA D9 DQ S5 SK H3 H9 HJ
S: C6 C7 C9 CJ D3 D8 DQ DK S6 H2 H4 HJ HQ
W: CT CK D5 D6 D7 DJ S3 S4 ST SA H3 H7 H9
N: C4 C8 D2 D4 DT S2 S5 S7 SJ SQ H5 H6 HK
E: C2 C3 C5 CQ CA D9 DA S8 S9 SK H8 HT HA
S: C4 C6 CT CK D2 D9 DA S2 S8 H2 H4 H5 HJ
W: CQ D3 D6 DJ S6 S7 S9 ST SA H3 HT HK HA
N: C2 C3 C7 C8 C9 D5 D7 S5 SQ SK H6 H7 H9
E: C5 CJ CA D4 D8 DT DQ DK S3 S4 SJ H8 HQ
S: CQ D4 DT DJ DK S2 S5 S9 H4 H6 H8 HT HA
W: C3 C4 C5 C8 CK D3 DQ S6 S7 SK H2 H3 HQ
N: C7 C9 CJ CA D5 D9 S3 ST SQ H5 H7 H9 HJ
E: C2 C6 CT D2 D6 D7 D8 DA S4 S8 SJ SA HK
S: C2 C6 CJ D3 D5 D7 S5 ST SJ SQ H2 H6 HT
W: C3 C4 C7 C8 CK CA D9 S2 S6 SK H3 H5 HK
N: C5 CT D2 D4 D8 DJ S3 S7 S9 H4 H7 HJ HQ
E: C9 CQ D6 DT DQ DK DA S4 S8 SA H8 H9 HA
S: C7 CJ CA D7 DK DA S4 S6 ST SQ SA H9 HK
W: C2 C3 CK D4 D9 DJ S3 S7 S9 H2 H4 H5 HA
N: C4 C6 C8 CQ D2 D6 S2 S8 SK H3 H6 HT HQ
E: C5 C9 CT D3 D5 D8 DT DQ S5 SJ H7 H8 HJ
S: C3 C4 C9 DJ DK S4 S8 S9 ST SK H2 H7 H9
W: CT CJ CQ D9 DA S3 S6 SJ SA H8 HJ HQ HA
N: C2 C5 C7 CK D2 D3 D5 D6 D7 H3 H4 H6 HK
E: C6 C8 CA D4 D8 DT DQ S2 S5 S7 SQ H5 HT
S: C3 C5 C6 C8 D2 S4 S5 ST SJ H2 H5 HJ HK
W: C4 C7 D3 D4 D6 D8 DQ S3 SK SA H6 H8 H9
N: C2 CQ D5 DT DJ DA S6 S7 S8 H3 H7 HQ HA
E: C9 CT CJ CK CA D7 D9 DK S2 S9 SQ H4 HT
S: C2 C6 CK D5 D9 DA S2 S4 S9 ST SQ H4 HK
W: C3 C5 CJ D2 D4 D8 DT S8 H3 H8 HT HJ HA
N: C4 C9 CQ D3 D6 DJ S3 S5 S6 S7 SA H2 HQ
E: C7 C8 CT CA D7 DQ DK SJ SK H5 H6 H7 H9
S: C4 CT CK D2 D7 DJ DA ST SJ SK H3 H6 H9
W: C2 C9 DQ S2 S3 S4 S5 SQ H2 H4 H5 H8 HQ
N: C3 C7 C8 CQ D4 D8 DK S6 S7 S8 SA H7 HT
E: C5 C6 CJ CA D3 D5 D6 D9 DT S9 HJ HK HA
S: C4 C9 D2 D3 D4 D5 DQ S2 S7 S8 SJ SA H9
W: C5 C7 C8 CT CK D7 D8 D9 S4 S5 S6 H7 HK
N: C2 CQ CA D6 DT S3 S9 SQ H2 H8 HT HJ HQ
E: C3 C6 CJ DJ DK DA ST SK H3 H4 H5 H6 HA
S: C3 CJ CA D6 S6 ST H4 H6 H7 H8 HT HJ HQ
W: C7 C8 C9 CT D3 D8 D9 DJ DQ S3 SA H3 HA
N: C5 CQ D2 D5 DK DA S2 S5 S8 SQ H5 H9 HK
E: C2 C4 C6 CK D4 D7 DT S4 S7 S9 SJ SK H2
S: C5 C9 CT CQ D9 DJ S2 S3 S8 SJ SQ SA H2
W: C4 C7 CJ CA D3 D7 D8 DA S5 S6 S9 H5 HQ
N: C3 CK D2 D4 D6 DT S4 SK H3 H4 H9 HT HA
E: C2 C6 C8 D5 DQ DK S7 ST H6 H7 H8 HJ HK
S: C7 D4 D5 D7 D9 DJ S7 ST SJ SK SA HT HA
W: C2 C4 CJ CQ CK D3 D8 S8 S9 H2 H3 H4 H5
N: C6 C8 C9 CA DT DK S4 S5 S6 H8 HJ HQ HK
E: C3 C5 CT D2 D6 DQ DA S2 S3 SQ H6 H7 H9
S: C2 C7 C9 D4 D9 DT DJ DQ S3 S5 H2 H6 HT
W: C3 CK CA D2 D3 D8 DK S6 S7 S9 SJ H4 H7
N: C4 C6 CT D5 D7 S2 S8 SQ SK H5 H8 HK HA
E: C5 C8 CJ CQ D6 DA S4 ST SA H3 H9 HJ HQ
S: C2 CJ D3 DJ DA S2 S9 ST SJ H4 H7 H8 HA
W: C4 C8 CT CA D4 D8 D9 DT S4 S5 SQ SA H2
N: C3 C7 CQ D5 D6 DQ DK S7 S8 H6 H9 HJ HK
E: C5 C6 C9 CK D2 D7 S3 S6 SK H3 H5 HT HQ
S: C2 C7 CJ CK D3 DA S4 SJ SA H2 H3 H8 HA
W: C8 CA D4 D9 DT S3 S6 S7 S9 SQ H5 H7 H9
N: C3 C5 CT D5 D8 DJ DK S2 S8 SK H4 HT HJ
E: C4 C6 C9 CQ D2 D6 D7 DQ S5 ST H6 HQ HK
S: C6 C9 CJ CA D4 D7 DT DK S2 ST H4 HT HA
W: C2 C4 CQ DA S4 S5 S6 S7 S9 H3 H9 HJ HQ
N: C3 C5 C8 CK D2 D5 D6 D8 DQ H5 H6 H7 HK
E: C7 CT D3 D9 DJ S3 S8 SJ SQ SK SA H2 H8
S: C4 CK D5 D7 DQ DA S4 S7 ST SA H6 H9 HJ
W: C5 C6 C7 C8 CT CA D2 D8 S3 SJ SK H7 HT
N: C9 CJ CQ D3 D4 D6 DJ DK S8 SQ H4 H5 HK
E: C2 C3 D9 DT S2 S5 S6 S9 H2 H3 H8 HQ HA
S: C2 C6 C7 C8 C9 CK CA D3 D7 SK H7 HQ HA
W: C3 C4 C5 D9 DQ DK S2 S3 ST SA H3 H4 HT
N: CQ D2 D4 D5 DJ DA S5 S7 S9 SJ H2 HJ HK
E: CT CJ D6 D8 DT S4 S6 S8 SQ H5 H6 H8 H9
S: C4 C6 C7 C9 CA D6 D9 DK SJ H3 H6 H9 HJ
W: CT CJ CK D2 D3 D4 D8 DJ S7 S8 S9 ST HT
N: C3 CQ DT S3 S4 S5 S6 SK SA H5 H8 HQ HA
E: C2 C5 C8 D5 D7 DQ DA S2 SQ H2 H4 H7 HK
S: C4 C9 CK D3 D6 D9 DJ DK SJ H5 H6 H9 HK
W: C3 C5 D4 DQ S2 S3 S5 S8 ST SK H2 H3 HQ
N: C8 CT CJ CQ D2 D5 DT DA S4 H4 H7 H8 HA
E: C2 C6 C7 CA D7 D8 S6 S7 S9 SQ SA HT HJ
S: C4 C5 C7 C9 CQ D5 DQ DK S3 S4 S5 ST HA
W: CK D2 D3 D6 DJ S6 S7 SQ SA H2 H4 H9 HK
N: C3 C6 C8 CJ CA D9 SK H3 H5 H7 H8 HJ HQ
E: C2 CT D4 D7 D8 DT DA S2 S8 S9 SJ H6 HT
S: C6 C8 CT CJ CK D6 D7 D8 DT ST SQ H8 HT
W: C9 CQ D3 D5 S3 S4 S5 S6 S9 SK SA H3 H9
N: C4 C5 D9 DJ DK DA S7 S8 SJ H5 HJ HK HA
E: C2 C3 C7 CA D2 D4 DQ S2 H2 H4 H6 H7 HQ
S: CA D4 D8 DT DJ DK S3 S4 S5 SQ H4 HT HQ
W: C2 CT CQ CK D5 D6 S2 S7 S8 ST H7 H8 H9
N: C4 C5 C6 CJ D3 D9 S6 S9 SJ H2 H3 H6 HA
E: C3 C7 C8 C9 D2 D7 DQ DA SK SA H5 HJ HK
S: C5 C8 CQ DT DJ DK DA S3 S6 S9 SQ H9 HQ
W: C2 C6 C9 CJ CA D4 D5 S2 SJ H2 H4 H5 HT
N: C3 C4 CT D2 D3 D7 S4 S5 S8 ST SA H8 HK
E: C7 CK D6 D8 D9 DQ S7 SK H3 H6 H7 HJ HA
S: C6 CJ CQ CK D3 D8 D9 S2 S9 H4 H6 HT HA
W: C3 C5 C9 CT D2 D4 D6 DQ S5 SK SA H2 H5
N: C2 C4 D7 DJ DA S3 S6 S7 S8 H3 HJ HQ HK
E: C7 C8 CA D5 DT DK S4 ST SJ SQ H7 H8 H9
S: C8 C9 CK D2 D3 DK S5 ST SQ H6 H9 HJ HK
W: C2 C4 D5 DQ DA S4 S7 S8 S9 H2 H3 H5 HA
N: C5 C6 C7 CT CJ D4 D9 S3 SJ SA H4 H7 H8
E: C3 CQ CA D6 D7 D8 DT DJ S2 S6 SK HT HQ
S: C7 D4 D6 D8 D9 DJ DA S2 S9 SK SA H3 HT
W: C3 C4 C5 C6 C8 CA D3 DQ S5 S7 H5 H6 HJ
N: C2 CJ DT DK S6 S8 ST SJ H2 H8 H9 HQ HA
E: C9 CT CQ CK D2 D5 D7 S3 S4 SQ H4 H7 HK
S: C5 C8 D2 D3 D5 DT S4 S6 S9 SK H3 HT HA
W: CT CJ CK D6 D7 D9 DJ DK S2 S5 SA H9 HK
N: C2 C3 C4 C7 D8 DQ S7 SJ SQ H2 H4 H5 H8
E: C6 C9 CQ CA D4 DA S3 S8 ST H6 H7 HJ HQ
S: C3 C4 C8 C9 CJ D2 D5 DA S3 S7 S9 SJ H4
W: C2 CT CK D9 DJ S4 S6 S8 SQ H3 H8 H9 HQ
N: C5 CA D3 D8 DT S5 ST SK H2 H6 HT HJ HK
E: C6 C7 CQ D4 D6 D7 DQ DK S2 SA H5 H7 HA
S: C4 CT CK D2 D5 DT DA S2 SJ H4 H8 HJ HQ
W: C3 C5 C6 C8 C9 CA D3 D9 S4 ST SA H6 HT
N: CJ CQ D6 DQ S3 S5 S7 S8 SK H3 H9 HK HA
E: C2 C7 D4 D7 D8 DJ DK S6 S9 SQ H2 H5 H7
S: C3 C5 C7 CT CJ D4 D5 D6 DA S4 S8 H6 HT
W: C2 C6 D3 DK S7 ST SJ SQ H3 H5 H7 HJ HK
N: C8 D7 D9 DQ S2 S3 S5 S6 SK SA H8 H9 HQ
E: C4 C9 CQ CK CA D2 D8 DT DJ S9 H2 H4 HA
S: CK D2 D3 S2 S3 S9 ST H4 H5 H7 H9 HQ HA
W: C2 C4 C9 CJ CQ CA D4 DT S7 SJ SQ H3 H6
N: C5 CT D6 D9 DJ S4 S5 S8 SA H2 H8 HT HJ
E: C3 C6 C7 C8 D5 D7 D8 DQ DK DA S6 SK HK
S: C6 C7 C9 CJ D2 D5 D6 D8 H3 H6 H7 H9 HA
W: C2 C3 C5 C8 D7 D9 DQ H4 H8 HT HJ HQ HK
N: C4 CQ CA D3 D4 DT S2 S3 S4 S6 S7 S9 SQ
E: CT CK DJ DK DA S5 S8 ST SJ SK SA H2 H5
S: C2 C5 CJ CQ DJ DK S3 S4 S7 SJ SQ H6 HK
W: C6 D3 D4 D5 D6 D9 DT DA S9 SA H4 H5 H9
N: C4 C7 C8 C9 DQ S2 S6 S8 ST SK H2 H7 HT
E: C3 CT CK CA D2 D7 D8 S5 H3 H8 HJ HQ HA
S: C5 C7 C9 CT D8 D9 S6 S8 SA H8 HT HK HA
W: C3 C4 C6 CJ CK D4 S7 S9 ST SJ H2 HJ HQ
N: C2 CA D3 D5 D7 DT DQ DA S5 H4 H5 H7 H9
E: C8 CQ D2 D6 DJ DK S2 S3 S4 SQ SK H3 H6
S: C9 D6 DJ S3 S4 S7 SJ H2 H4 H6 HT HJ HK
W: C8 CJ CQ CA D2 D4 D7 DK S5 S8 S9 SQ SK
N: C3 C4 C5 CT CK D8 DT DQ DA S2 SA H5 H7
E: C2 C6 C7 D3 D5 D9 S6 ST H3 H8 H9 HQ HA
S: C5 C9 CT CA D7 D9 S7 S9 SJ H8 H9 HT HJ
W: C2 C3 C4 C6 C7 CK D4 D5 DA ST H4 H7 HQ
N: C8 CJ D3 D8 DJ S2 S8 SQ SK H3 H5 H6 HK
E: CQ D2 D6 DT DQ DK S3 S4 S5 S6 SA H2 HA
S: C2 C3 C4 C8 D8 S8 S9 SQ SK H4 H5 H8 HQ
W: C7 D3 D6 D7 DT DQ S7 ST H3 H6 HT HK HA
N: C5 CQ CK D5 D9 DJ DK DA SJ SA H2 H7 HJ
E: C6 C9 CT CJ CA D2 D4 S2 S3 S4 S5 S6 H9
S: C4 C5 CT CA D2 D4 D8 S4 S6 S7 SK SA H5
W: C7 CJ D3 D6 D9 DT DQ DK DA H2 H9 HT HJ
N: C2 C6 C8 C9 DJ S3 S8 S9 SJ H3 H6 H7 H8
E: C3 CQ CK D5 D7 S2 S5 ST SQ H4 HQ HK HA
S: C6 C7 C9 CK CA D5 DJ DK S7 SJ SQ SA H6
W: CJ D7 D8 D9 DT DQ DA S4 H4 H5 HT HJ HA
N: C2 C4 C5 C8 D2 D3 D4 SK H2 H3 H7 H8 H9
E: C3 CT CQ D6 S2 S3 S5 S6 S8 S9 ST HQ HK
S: C5 C7 CA D8 DJ DQ DK S7 S8 SK H3 H4 HJ
W: C2 C8 CJ CQ D9 DT S5 S6 S9 ST SA H8 HQ
N: C9 CT D2 D4 D6 DA S2 SJ H2 H5 H6 H9 HA
E: C3 C4 C6 CK D3 D5 D7 S3 S4 SQ H7 HT HK
S: C3 C7 C8 C9 CT CQ D3 D6 D8 DQ S5 H4 H6
W: C4 C5 CA D4 D9 DT S6 ST SJ SK H3 HK HA
N: C6 CJ D2 D5 D7 DJ S8 SQ H2 H5 H7 H9 HJ
E: C2 CK DK DA S2 S3 S4 S7 S9 SA H8 HT HQ
S: C9 CK CA D4 D6 D9 DQ S4 S8 H4 H5 H7 HT
W: C4 C5 CQ D3 D5 D8 S3 S5 S7 SA H2 H9 HJ
N: C2 C7 C8 CT D2 DA S6 S9 SQ H3 H8 HK HA
E: C3 C6 CJ D7 DT DJ DK S2 ST SJ SK H6 HQ
S: C7 C9 CQ D5 D7 D8 DJ SJ SA H5 H8 H9 HQ
W: C5 C6 CT CK CA D9 DT DK S2 S5 S8 S9 ST
N: C3 C8 CJ D4 D6 DQ DA S6 SK H3 H6 H7 HJ
E: C2 C4 D2 D3 S3 S4 S7 SQ H2 H4 HT HK HA
S: C3 C4 D2 D4 D8 DA S2 S6 S7 SA H7 H8 HA
W: C2 C9 CQ CA DJ DQ DK S5 S8 S9 SJ H4 HQ
N: C6 C8 D3 D9 DT S3 ST SQ H2 H6 H9 HT HK
E: C5 C7 CT CJ CK D5 D6 D7 S4 SK H3 H5 HJ
S: C2 C5 CT D3 D4 DK DA S4 S6 SQ SA H2 H8
W: C4 C6 CA D2 D5 D6 DJ S7 SK H4 HQ HK HA
N: C7 C8 C9 CJ D7 D9 S3 S5 S8 ST H9 HT HJ
E: C3 CQ CK D8 DT DQ S2 S9 SJ H3 H5 H6 H7
S: CJ D9 DT DQ DK S3 ST SA H3 H4 H7 H8 HT
W: C9 CT CK D5 D6 D7 DA S4 S5 S6 S7 HK HA
N: C2 C3 C5 C6 CQ CA D8 DJ S9 SJ SQ H2 HQ
E: C4 C7 C8 D2 D3 D4 S2 S8 SK H5 H6 H9 HJ
S: C8 CT CQ D3 D7 S2 S3 S5 SJ SQ H2 H5 H9
W: C3 C5 C9 D2 D4 D6 D8 DJ S8 ST H8 HJ HA
N: C2 C4 CJ CK DT DQ DK S7 S9 H3 H4 HQ HK
E: C6 C7 CA D5 D9 DA S4 S6 SK SA H6 H7 HT
S: C5 C7 CT D3 D4 D7 DQ S5 ST SQ H3 HQ HK
W: CJ CK DT DJ DK DA S2 S3 S7 S8 H8 H9 HT
N: C2 C3 CA D5 D6 D8 S6 SK SA H2 H5 H6 H7
E: C4 C6 C8 C9 CQ D2 D9 S4 S9 SJ H4 HJ HA
S: C8 CA D4 DJ S5 S7 SK SA H4 H5 H6 H8 HT
W: C9 CQ D8 D9 DK DA S3 ST H2 H7 H9 HQ HA
N: C2 C4 C5 CJ CK D2 D6 DT DQ S4 S6 S8 HJ
E: C3 C6 C7 CT D3 D5 D7 S2 S9 SJ SQ H3 HK
S: CJ CQ D4 D6 D7 D8 DJ DA S5 ST H5 H8 H9
W: C2 C3 C6 C9 CT D2 D3 D9 DQ DK S3 H2 H6
N: C8 CA S2 S7 S8 SJ SQ SA H3 H4 H7 HQ HA
E: C4 C5 C7 CK D5 DT S4 S6 S9 SK HT HJ HK
S: CT CK D4 DT DQ DK S4 S5 S9 H2 H3 H7 HQ
W: C3 C6 C9 CJ D5 D8 DJ S3 ST SK H5 H8 HA
N: C7 CQ CA D2 D3 D6 D9 S6 SJ SQ H6 HT HK
E: C2 C4 C5 C8 D7 DA S2 S7 S8 SA H4 H9 HJ
S: C2 C8 CK D9 DJ DK S4 S5 H3 H4 H6 H9 HK
W: C3 C5 C7 CT CJ D5 D7 DQ S2 S3 S8 H5 HQ
N: C9 CA D2 D4 D6 ST SJ SQ SA H2 H7 H8 HJ
E: C4 C6 CQ D3 D8 DT DA S6 S7 S9 SK HT HA
S: C2 C4 CT D2 D7 D9 DJ DQ S3 S7 S8 H2 H6
W: C6 CK CA D6 DA S9 ST SA H3 H5 H8 H9 HT
N: C3 C5 C7 C8 C9 CJ D4 DT DK S2 S5 S6 HK
E: CQ D3 D5 D8 S4 SJ SQ SK H4 H7 HJ HQ HA
S: C4 C7 CK D4 D9 DQ S2 S3 S5 S8 H3 H7 HQ
W: C3 C8 C9 D6 D8 SJ SQ SA H2 H4 H6 H9 HA
N: C2 C6 CJ D2 D3 D5 DJ DA S6 S7 SK H8 HT
E: C5 CT CQ CA D7 DT DK S4 S9 ST H5 HJ HK
S: C2 C6 D2 DJ DQ S3 S6 S7 SQ H3 H6 H7 HJ
W: C3 C4 D4 D6 DT DK S2 S4 SJ SK H9 HQ HK
N: C7 C8 C9 CT CQ CK CA D3 D7 D9 S9 H5 HT
E: C5 CJ D5 D8 DA S5 S8 ST SA H2 H4 H8 HA
S: C5 C8 CK CA D4 D7 DT S3 S5 S9 H4 HJ HK
W: CJ CQ D2 D5 D6 DA S4 S6 ST H2 H7 H9 HQ
N: C4 C6 CT D8 D9 DJ DK S7 SJ SQ SA H6 H8
E: C2 C3 C7 C9 D3 DQ S2 S8 SK H3 H5 HT HA
S: CQ D5 D6 D8 D9 S8 ST SJ SQ H2 H4 HQ HK
W: C2 C4 CT CJ CA D2 DQ DA S2 S5 S9 H7 HA
N: C3 C5 C6 C7 C8 CK D3 D7 S3 S4 S7 H5 HT
E: C9 D4 DT DJ DK S6 SK SA H3 H6 H8 H9 HJ
S: C3 C8 D2 D4 D8 S6 S8 SJ SA H2 H3 HJ HA
W: C2 C4 CT CK D3 DJ DK S3 H4 H6 H7 HT HQ
N: C6 C7 C9 D6 DT DQ S2 S4 S5 SQ SK H5 HK
E: C5 CJ CQ CA D5 D7 D9 DA S7 S9 ST H8 H9
S: C3 C5 C6 D7 D8 DA S4 S5 S7 SK H6 H9 HT
W: C8 C9 CJ D2 D4 D9 DJ DQ S2 S6 H2 H8 HA
N: C7 CT CQ CA D3 D5 D6 DT S3 S8 ST HJ HK
E: C2 C4 CK DK S9 SJ SQ SA H3 H4 H5 H7 HQ
S: C3 C4 C8 CT D4 D6 D7 S3 S4 S6 S9 H5 H8
W: C7 C9 CJ D5 S5 ST SQ SK SA H4 H6 H7 HA
N: CK D9 DT DQ DA S2 S7 SJ H2 H9 HT HQ HK
E: C2 C5 C6 CQ CA D2 D3 D8 DJ DK S8 H3 HJ
S: C4 C6 C8 CQ D2 DT DK DA S3 S4 SJ H3 HT
W: CT CJ CK D4 D6 DQ S2 S5 S7 SQ SK H6 HQ
N: C2 C3 CA D3 D8 D9 DJ H5 H7 H8 H9 HJ HK
E: C5 C7 C9 D5 D7 S6 S8 S9 ST SA H2 H4 HA
S: C2 CT CK CA D4 D6 DJ S2 ST SK H8 H9 HK
W: C3 C6 C7 D5 D8 D9 DT DQ S5 S7 S9 SQ H2
N: C5 C8 C9 CQ D3 DK S3 S6 S8 H7 HT HJ HQ
E: C4 CJ D2 D7 DA S4 SJ SA H3 H4 H5 H6 HA
S: C7 CT CQ CK D3 D4 S9 SJ SK SA H3 H6 HK
W: C2 C4 C6 D5 D6 D7 D9 DT DJ S7 ST H5 HJ
N: C5 C9 CJ DQ DK S5 S6 H4 H7 H8 HT HQ HA
E: C3 C8 CA D2 D8 DA S2 S3 S4 S8 SQ H2 H9
S: C6 CJ CK D7 DT DA S6 S7 S8 S9 SA HT HQ
W: C3 C4 C8 C9 CQ D8 S3 S4 S5 SJ H7 H8 HK
N: C5 C7 CT D2 D4 D6 ST SK H3 H5 H6 HJ HA
E: C2 CA D3 D5 D9 DJ DQ DK S2 SQ H2 H4 H9
S: C5 C7 D2 D3 D8 DQ H2 H5 H6 H9 HQ HK HA
W: C3 C4 C8 CT CQ CK D4 D6 DK S3 SA H7 H8
N: CJ D7 D9 DT DJ DA S4 S5 SJ SK H3 HT HJ
E: C2 C6 C9 CA D5 S2 S6 S7 S8 S9 ST SQ H4
S: C3 C4 CQ D2 D4 DK S6 S8 SA H3 HJ HQ HA
W: C2 C5 C6 C8 C9 CJ CK D6 S4 S5 SQ H4 H5
N: CT D3 D7 D8 D9 S2 S9 ST SJ H6 H7 H8 HK
E: C7 CA D5 DT DJ DQ DA S3 S7 SK H2 H9 HT
S: C5 C8 CJ D4 D8 S7 S8 SQ H3 H4 H8 HK HA
W: C3 C6 CT CA D3 D5 D9 S4 S9 ST SK HT HQ
N: C4 C7 C9 CK D7 DT DQ DK S2 S3 S5 SJ H5
E: C2 CQ D2 D6 DJ DA S6 SA H2 H6 H7 H9 HJ
S: C7 C8 CJ CQ D8 S5 S6 SJ H2 HT HJ HK HA
W: C3 C4 C9 D4 D6 DA S2 S9 ST SQ H6 H9 HQ
N: C5 C6 CT CK CA D3 D9 DQ DK S3 SK SA H5
E: C2 D2 D5 D7 DT DJ S4 S7 S8 H3 H4 H7 H8
S: C3 C8 CT CQ CA D5 D6 D7 S8 ST SJ H3 HA
W: C2 CJ D8 DT DQ DK DA S5 S7 H5 HT HQ HK
N: C5 C7 CK D9 S2 S3 S4 SK SA H2 H4 H6 H9
E: C4 C6 C9 D2 D3 D4 DJ S6 S9 SQ H7 H8 HJ
S: C4 CT CQ D2 D5 DJ S3 S5 S7 S9 H6 HT HJ
W: C2 C3 C9 CK D4 DT DK S2 SJ SQ H2 H7 HK
N: C5 C8 CJ D7 DQ DA S6 SK SA H3 H4 H5 HA
E: C6 C7 CA D3 D6 D8 D9 S4 S8 ST H8 H9 HQ
S: C6 C9 D3 D6 S2 SJ SA H4 H6 H7 H9 HT HQ
W: C4 C7 CK CA D5 D8 DJ DK S4 S9 HJ HK HA
N: C5 CT CJ CQ D2 DT DQ S5 S6 S7 S8 ST H5
E: C2 C3 C8 D4 D7 D9 DA S3 SQ SK H2 H3 H8
S: C5 CJ CQ CK D2 D3 S4 SJ SK SA H7 H9 HA
W: C4 C8 C9 D4 D6 D8 DT DJ DK S6 S7 ST H2
N: C2 C3 C6 C7 CT D5 D9 DQ S8 S9 SQ H4 H5
E: CA D7 DA S2 S3 S5 H3 H6 H8 HT HJ HQ HK
S: C7 CK D2 D5 D9 DT S2 S4 SQ H2 H6 H9 HT
W: C2 C5 CQ CA DJ DQ DK DA S9 ST SJ SA H4
N: C3 C9 CT D3 D4 D8 S6 S8 H3 H7 H8 HJ HK
E: C4 C6 C8 CJ D6 D7 S3 S5 S7 SK H5 HQ HA
S: C2 C4 CQ D3 D7 D9 DQ DK S2 S7 H2 H8 H9
W: C5 CK D8 DT DJ S3 S8 SJ SK SA H6 HT HQ
N: C8 C9 CA D2 D5 DA S9 ST SQ H3 HJ HK HA
E: C3 C6 C7 CT CJ D4 D6 S4 S5 S6 H4 H5 H7
S: C2 C5 C8 D8 D9 DJ S5 S7 S8 SJ H5 H9 HA
W: CJ CQ CK D4 DT S2 S4 ST SK SA HT HJ HK
N: C3 C4 C6 C7 D5 D6 DQ DA S3 S6 SQ H8 HQ
E: C9 CT CA D2 D3 D7 DK S9 H2 H3 H4 H6 H7
S: C6 C8 C9 D4 D5 D6 DK ST H2 H6 H8 HT HK
W: CT D8 DJ S4 S6 S7 S9 SK SA H3 H4 H7 HQ
N: C4 C5 CA D3 DQ DA S2 S3 S5 S8 SJ SQ H5
E: C2 C3 C7 CJ CQ CK D2 D7 D9 DT H9 HJ HA
S: C5 C6 CT CA D3 DK DA S3 S6 H2 H3 HT HK
W: C2 C4 C7 C8 C9 D9 DJ DQ S2 S9 SQ H5 H9
N: C3 CK D2 D4 D6 D7 D8 DT S7 S8 SJ SA H4
E: CJ CQ D5 S4 S5 ST SK H6 H7 H8 HJ HQ HA
S: C3 C9 CQ D9 DJ DQ S6 ST SQ H4 H7 H9 HA
W: C2 C5 CK D2 D4 D7 DT S3 S7 SJ H3 H8 HQ
N: C6 CT CJ D5 D6 D8 S4 S5 S9 SK SA H6 HT
E: C4 C7 C8 CA D3 DK DA S2 S8 H2 H5 HJ HK
S: C3 C8 CK DJ DK S9 SK SA H2 H5 H9 HQ HA
W: C4 C5 CJ D9 DA S3 S8 SJ SQ H3 H7 H8 HJ
N: C2 C7 C9 CT D2 D3 D4 D5 S2 S4 S5 S7 ST
E: C6 CQ CA D6 D7 D8 DT DQ S6 H4 H6 HT HK
S: C3 C5 C6 CK D2 D4 D9 DT DQ S3 S5 H8 HJ
W: C7 C9 CQ CA D6 DA S2 S9 SJ H4 H5 H6 H9
N: C8 D5 D7 DJ S4 S6 S8 SQ SK H2 H7 HT HA
E: C2 C4 CT CJ D3 D8 DK S7 ST SA H3 HQ HK
S: C4 C8 CQ D9 DA S5 S7 S8 SJ SQ HJ HQ HA
W: C3 C6 CT D5 D6 DJ DK S6 ST H6 H7 H9 HT
N: C9 CJ D7 D8 DT S2 S3 SK SA H2 H4 H8 HK
E: C2 C5 C7 CK CA D2 D3 D4 DQ S4 S9 H3 H5
S: C2 C3 CK D7 D8 DA ST H2 H3 H7 H8 HJ HA
W: CT D9 DT DJ DQ DK S2 S7 S9 SQ SA H9 HT
N: C4 C6 C8 CJ CA D3 D6 S3 S8 SJ SK H6 HK
E: C5 C7 C9 CQ D2 D4 D5 S4 S5 S6 H4 H5 HQ
S: C6 C9 CT D4 D6 D7 DQ DK S5 SA H2 H8 HA
W: C2 C7 CQ CA D2 D5 DT DJ S3 S8 SQ HT HK
N: C5 CJ CK D8 S4 S6 S9 ST SK H4 H9 HJ HQ
E: C3 C4 C8 D3 D9 DA S2 S7 SJ H3 H5 H6 H7
S: C4 C6 C8 CJ CQ CK CA S4 S6 S9 ST H7 HA
W: C2 D3 D9 DQ DK S2 S3 S5 SJ H6 H9 HJ HK
N: C3 C5 C7 CT D2 D6 D7 D8 DJ SA H2 H4 H5
E: C9 D4 D5 DT DA S7 S8 SQ SK H3 H8 HT HQ
S: C2 C8 CJ CA D3 D6 DT DK S6 H4 H6 H7 HK
W: C7 D4 D8 DQ DA S4 S9 ST SQ SK H3 H5 HA
N: C3 C4 C5 C6 C9 CQ D5 D9 DJ S3 S5 H8 H9
E: CT CK D2 D7 S2 S7 S8 SJ SA H2 HT HJ HQ
S: C4 C6 CT DJ DQ DK S5 S8 SJ SK SA H3 HA
W: C2 C8 C9 D3 D4 D8 D9 DT S3 S6 ST H7 HJ
N: C3 C5 D5 D7 DA S2 S4 SQ H2 H5 H8 H9 HQ
E: C7 CJ CQ CK CA D2 D6 S7 S9 H4 H6 HT HK
S: C2 C8 D3 D8 DQ S2 S5 SQ H4 H5 H7 H9 HJ
W: C5 C7 CT CK CA D2 D7 DJ S3 S4 H3 H6 HA
N: C3 C4 C9 D6 DT DA S6 S7 S8 ST HT HQ HK
E: C6 CJ CQ D4 D5 D9 DK S9 SJ SK SA H2 H8
S: C2 C3 C6 CT CK D8 DK S6 SJ H3 H6 HQ HA
W: C5 C8 CQ D3 D4 D5 D6 D9 DJ S2 S4 ST HJ
N: C4 C7 D7 DT S5 S9 SQ SK SA H4 H5 H8 HK
E: C9 CJ CA D2 DQ DA S3 S7 S8 H2 H7 H9 HT
S: C5 C7 C9 CT CA D2 D7 DJ DQ S2 S8 H4 HJ
W: C3 C4 C6 D3 D9 DT DK DA S3 S6 ST H6 HT
N: C2 C8 CQ D4 D6 D8 S5 S7 SJ SA HQ HK HA
E: CJ CK D5 S4 S9 SQ SK H2 H3 H5 H7 H8 H9
S: C3 C4 C6 CJ D3 D4 D6 D9 DK S3 S7 SJ H8
W: C9 CT CA D5 D8 DQ S2 S5 ST SQ H2 H5 HJ
N: C5 C8 CK D7 DT DA S6 S8 S9 H4 HT HQ HK
E: C2 C7 CQ D2 DJ S4 SK SA H3 H6 H7 H9 HA
S: C5 C9 D3 D5 D7 DJ S2 S7 ST SQ SA H2 H3
W: C3 C8 D8 DT DK S3 S5 S6 S9 H6 HT HJ HK
N: C2 C6 C7 CT D2 D4 D9 S4 SK H4 H8 H9 HQ
E: C4 CJ CQ CK CA D6 DQ DA S8 SJ H5 H7 HA
S: C9 CJ CA D3 D4 D7 D8 D9 DT DJ S6 S7 HA
W: C2 C3 C6 C7 D2 DQ DK S3 SQ H6 H7 H9 HK
N: C4 C5 C8 CT CQ CK D6 DA S8 SK SA HT HJ
E: D5 S2 S4 S5 S9 ST SJ H2 H3 H4 H5 H8 HQ
S: CT CQ CA D2 D3 D6 D8 DA S5 ST H5 H6 HJ
W: C3 CK D4 D9 DT DQ S4 S6 SQ SA H9 HQ HK
N: C4 C7 C8 C9 CJ D5 DJ S8 SK H2 H3 H7 HA
E: C2 C5 C6 D7 DK S2 S3 S7 S9 SJ H4 H8 HT
S: C2 CA D4 D8 D9 DQ DK S6 ST SQ H3 H4 HT
W: C6 C7 C8 C9 CT CQ D3 D5 S4 S9 SJ H2 HA
N: CJ CK D2 D6 D7 DT DJ S5 S7 S8 SA H8 HJ
E: C3 C4 C5 DA S2 S3 SK H5 H6 H7 H9 HQ HK
S: C8 D4 D5 D7 DT DQ S7 S9 SQ H4 H7 H8 HJ
W: C4 C7 CT CK CA D2 DK S2 S3 S5 S8 H6 H9
N: C5 CJ D3 D6 DJ DA S4 SA H2 H5 HT HK HA
E: C2 C3 C6 C9 CQ D8 D9 S6 ST SJ SK H3 HQ
S: C3 C5 C8 CT CJ D2 S2 S5 S8 S9 H4 H7 H8
W: C2 C6 C7 CK D3 D6 DQ DK S6 SQ H2 HT HK
N: C4 D4 D5 D8 DJ S3 S4 ST SA H3 H6 H9 HJ
E: C9 CQ CA D7 D9 DT DA S7 SJ SK H5 HQ HA
S: C7 CJ CQ CK D4 DJ DQ DK S6 SK H2 H8 HT
W: C3 C6 CA D2 D5 D8 S2 S5 H3 H5 H6 HK HA
N: C2 C4 C5 C8 C9 CT D3 D6 D9 ST SJ SQ HQ
E: D7 DT DA S3 S4 S7 S8 S9 SA H4 H7 H9 HJ
S: C2 C3 C4 C5 CT CJ D6 D8 DT SJ SK H2 H8
W: C7 C8 CA D2 D4 S2 S4 S8 SQ H4 H7 HQ HK
N: C6 CK D3 D7 D9 DA S3 S7 S9 H3 H6 HT HA
E: C9 CQ D5 DJ DQ DK S5 S6 ST SA H5 H9 HJ
S: C3 C4 C9 CT D3 D8 D9 S3 S4 S5 SK H6 H9
W: C6 CJ CQ CK D6 DT S9 SJ H3 H5 HJ HK HA
N: C2 C5 D2 D7 DJ DA S6 S7 S8 ST SA H7 H8
E: C7 C8 CA D4 D5 DQ DK S2 SQ H2 H4 HT HQ
S: C6 C7 C9 CQ D5 DJ DQ S5 SK H9 HT HQ HA
W: C2 C4 C8 CK CA S3 ST SQ SA H3 H8 HJ HK
N: C3 C5 CT CJ D2 D7 D9 DT DK S4 S6 S7 H5
E: D3 D4 D6 D8 DA S2 S8 S9 SJ H2 H4 H6 H7
S: C4 C8 C9 D8 DJ DQ DA S9 SK SA H8 HJ HA
W: C2 C5 CK D4 D6 D9 DT S5 S8 H5 H7 H9 HT
N: C3 C7 CT CJ D2 D3 DK S2 S4 S6 ST SJ H2
E: C6 CQ CA D5 D7 S3 S7 SQ H3 H4 H6 HQ HK
S: C6 C7 C9 D2 D5 D8 D9 DK S3 S8 S9 H3 HK
W: C2 C5 CK CA D3 DA S6 S7 SJ H2 H4 HT HJ
N: C3 C4 CJ CQ D7 DQ S2 S4 S5 ST SQ SA H7
E: C8 CT D4 D6 DT DJ SK H5 H6 H8 H9 HQ HA
S: CT DJ DA S6 S9 SJ SA H2 H4 H7 HJ HQ HK
W: C2 C4 C9 CJ D3 D5 D6 D8 D9 S5 S8 H5 H8
N: C6 C7 CK CA D2 D4 DQ S2 ST SQ SK H9 HA
E: C3 C5 C8 CQ D7 DT DK S3 S4 S7 H3 H6 HT
S: C3 C5 CT D3 DT DJ DA S6 SQ SK H2 H5 H6
W: C4 C6 C9 CJ CK D6 DK S3 ST SJ HT HK HA
N: CQ CA D2 D4 D8 D9 S8 SA H4 H7 H9 HJ HQ
E: C2 C7 C8 D5 D7 DQ S2 S4 S5 S7 S9 H3 H8
S: C2 C9 CQ D4 D7 DT DK DA SJ H2 H9 HQ HA
W: C4 C8 CJ CK CA D6 S3 S4 S5 SK H6 HT HJ
N: C3 C5 C6 CT D3 D5 DJ DQ S6 S7 H3 H7 H8
E: C7 D2 D8 D9 S2 S8 S9 ST SQ SA H4 H5 HK
S: C2 C4 C5 CQ D4 D6 DQ S4 S5 SQ SA H7 H8
W: C7 C8 CA D3 DJ S3 S7 S8 ST SJ SK H6 HK
N: C6 D2 D7 D9 DK S6 H2 H3 H4 H5 HT HJ HQ
E: C3 C9 CT CJ CK D5 D8 DT DA S2 S9 H9 HA
S: C8 CT CA D2 D7 DT DQ S4 SJ H3 H4 H8 HK
W: C2 C4 C6 CJ D6 DJ S2 S6 SK SA H2 H7 HA
N: C7 C9 CQ D4 D5 DK DA S8 S9 ST H9 HJ HQ
E: C3 C5 CK D3 D8 D9 S3 S5 S7 SQ H5 H6 HT
S: C5 C9 CQ CK D2 D3 D6 DK S8 SQ H4 H6 H9
W: C3 C7 D5 S3 S4 S9 SJ SK SA H2 H5 HT HQ
N: C2 C4 C6 C8 CT D7 D8 DA S6 ST H3 HK HA
E: CJ CA D4 D9 DT DJ DQ S2 S5 S7 H7 H8 HJ
S: C4 C6 C8 DJ DQ DA S7 ST SK SA H3 H7 HJ
W: C2 CQ CA D3 DT S2 S4 S8 SQ H2 H4 H5 HA
N: CJ D2 D6 D8 D9 DK S3 S9 SJ H6 H8 H9 HQ
E: C3 C5 C7 C9 CT CK D4 D5 D7 S5 S6 HT HK
S: C6 C8 CQ D7 DA S3 S9 SJ SK H5 H8 HJ HK
W: C3 C5 C9 CK CA D6 DT DQ S4 S6 S7 SQ H4
N: C2 C7 D2 D3 D8 DK S5 S8 ST H3 H7 HT HA
E: C4 CT CJ D4 D5 D9 DJ S2 SA H2 H6 H9 HQ
S: C3 C4 D3 D6 D9 DT ST H3 H5 H6 HJ HK HA
W: C2 C6 C8 CJ CQ D8 DQ S2 S5 S7 S8 SJ SK
N: C5 C7 CK CA D2 S3 S6 SQ SA H2 H8 H9 HT
E: C9 CT D4 D5 D7 DJ DK DA S4 S9 H4 H7 HQ
