S: C8 CT D5 D8 DK DA S5 S6 SJ SA H5 H8 HK
W: C4 C5 C6 CJ CK D2 DQ S4 S8 SQ H3 H7 HA
N: C3 C9 CQ D3 D4 D7 D9 DT DJ SK H6 H9 HJ
E: C2 C7 CA D6 S2 S3 S7 S9 ST H2 H4 HT HQ
S: C4 C7 C8 C9 D2 D5 DK DA S2 S6 S9 ST SQ
W: C5 CA D6 D7 D8 D9 S4 S8 H2 H3 H4 H6 HQ
N: C2 CJ CQ CK D4 DJ S3 SJ SA H7 H9 HJ HA
E: C3 C6 CT D3 DT DQ S5 S7 SK H5 H8 HT HK
S: C5 C6 CJ CQ D3 D7 DT S2 S3 S9 SJ H2 HQ
W: C3 CT CA D2 D4 D6 DJ S6 S7 SQ H3 H7 HK
N: C2 C9 CK D5 D8 D9 DQ S5 H5 H6 H9 HJ HA
E: C4 C7 C8 DK DA S4 S8 ST SK SA H4 H8 HT
S: C5 CJ D2 D3 D5 D6 D9 S4 S5 SK H3 H6 HQ
W: C4 CA DJ S2 S3 S6 S7 S9 SJ SQ H5 H7 HJ
N: C3 C8 CT CK D8 DK DA SA H2 H8 H9 HT HA
E: C2 C6 C7 C9 CQ D4 D7 DT DQ S8 ST H4 HK
S: CJ D2 D4 D6 DJ S6 S7 S9 SK H8 H9 HJ HK
W: C2 C8 CT D7 DT DA S3 S4 S8 ST SJ SQ SA
N: C3 C6 C7 CK D5 D8 DQ DK S5 H2 H5 H7 HT
E: C4 C5 C9 CQ CA D3 D9 S2 H3 H4 H6 HQ HA
S: C4 C5 D4 D9 DK S9 ST SQ H4 H5 H7 HT HK
W: C6 C7 C9 CJ CA D5 D8 DT S3 S7 SA H3 HQ
N: C3 C8 D2 D3 D6 S2 S5 SJ H2 H6 H8 H9 HA
E: C2 CT CQ CK D7 DJ DQ DA S4 S6 S8 SK HJ
S: C2 C8 CT D2 D3 D4 DK ST SJ SK H2 H4 HQ
W: C3 C5 CA D5 D8 S5 S6 SA H5 H8 H9 HT HJ
N: C6 C7 CK D6 D9 DQ S4 S7 S8 S9 H7 HK HA
E: C4 C9 CJ CQ D7 DT DJ DA S2 S3 SQ H3 H6
S: C3 CJ D3 D4 D7 D9 DT DQ DK S6 H3 H9 HQ
W: C2 C5 C7 C8 CT D8 S2 S4 S8 SK H2 H4 H8
N: C4 C9 CA D5 D6 S5 ST SJ H5 H7 HT HJ HA
E: C6 CQ CK D2 DJ DA S3 S7 S9 SQ SA H6 HK
S: C4 C5 CJ D2 D7 DJ DQ S3 S6 S8 SK HQ HA
W: C2 C8 D3 D9 DT S9 SQ SA H2 H5 H8 H9 HJ
N: C3 C7 CQ CA D4 D5 D6 D8 DA S4 ST H6 HK
E: C6 C9 CT CK DK S2 S5 S7 SJ H3 H4 H7 HT
S: C5 C7 C8 D2 D3 D5 D6 DK S5 S9 H3 H7 H9
W: C2 C4 C6 C9 D4 D9 DJ DQ S3 S6 H2 H5 H8
N: C3 CT CA D8 DT S7 S8 ST SA H4 HT HQ HK
E: CJ CQ CK D7 DA S2 S4 SJ SQ SK H6 HJ HA
S: C5 C6 CT CJ DT S3 S5 ST SQ H3 H5 HT HA
W: C3 C4 D2 D4 D5 D9 DJ DQ S4 S8 H2 H6 HJ
N: C2 C8 CQ CK D3 D7 DA S6 SJ H7 H8 HQ HK
E: C7 C9 CA D6 D8 DK S2 S7 S9 SK SA H4 H9
S: C2 C5 CT D6 D7 D9 DJ S3 S8 S9 SQ H6 HA
W: C6 C7 CA D3 S2 S4 S5 S6 ST SK SA H4 H8
N: C8 CJ CK D2 D4 D8 DQ S7 SJ H2 H3 HQ HK
E: C3 C4 C9 CQ D5 DT DK DA H5 H7 H9 HT HJ
S: C3 C7 CJ CA D4 D5 D8 S4 ST H2 HQ HK HA
W: C5 C6 CT DT S3 S5 S6 S7 SQ SK SA H3 H5
N: CQ D2 D3 D7 DJ DK DA S2 S8 SJ H4 H8 H9
E: C2 C4 C8 C9 CK D6 D9 DQ S9 H6 H7 HT HJ
S: C6 C8 CT CK D8 D9 S5 S7 SJ H5 H7 HT HQ
W: C2 C9 CJ CQ D3 DT DJ DQ S8 H4 H8 HJ HK
N: C5 C7 D2 D4 D7 S2 S4 S9 SK H2 H3 H6 HA
E: C3 C4 CA D5 D6 DK DA S3 S6 ST SQ SA H9
S: C2 C5 CQ D3 D4 DT S7 S8 SJ SQ H2 H4 HJ
W: C3 C4 C7 C9 CK D8 DQ DK S6 S9 H3 H7 HQ
N: C6 CJ D2 D6 D9 DA S4 S5 SK SA H6 HT HA
E: C8 CT CA D5 D7 DJ S2 S3 ST H5 H8 H9 HK
S: C5 C6 CT CA D3 D4 S3 S7 S8 S9 ST H7 HT
W: C2 C8 CJ CQ D2 D5 D9 DT DK S4 H4 HK HA
N: C4 D6 D7 D8 DJ DQ S2 S6 SJ SQ H2 HJ HQ
E: C3 C7 C9 CK DA S5 SK SA H3 H5 H6 H8 H9
S: C2 C6 CQ D2 D5 D7 DK S2 S6 S7 SA H3 HJ
W: CJ CA D6 DT DQ DA S9 ST SJ SQ H4 H5 H7
N: C3 C9 CK D3 D4 D8 S5 S8 SK H2 H9 HQ HK
E: C4 C5 C7 C8 CT D9 DJ S3 S4 H6 H8 HT HA
S: C2 C3 C4 D6 DT DJ SK H2 H3 H6 H7 H9 HA
W: C5 C6 C9 DQ DK S4 S7 S8 S9 SJ SA H5 HT
N: C7 C8 CJ CK D4 D5 D7 D9 DA S3 S6 H4 H8
E: CT CQ CA D2 D3 D8 S2 S5 ST SQ HJ HQ HK
S: CK CA D3 DT DK DA S5 S7 SJ SQ H7 H8 HA
W: C5 C9 DJ S3 S4 S6 S8 ST SK SA H2 H3 HT
N: C4 C6 C7 C8 D6 D8 D9 S2 S9 H4 H5 H6 HJ
E: C2 C3 CT CJ CQ D2 D4 D5 D7 DQ H9 HQ HK
S: C5 C6 C8 CA D6 D8 DK S5 ST H5 H8 HQ HK
W: CT CJ CK D9 DA S2 S4 S7 SJ SA H2 HT HA
N: C3 C7 CQ D2 D3 D5 DT S6 SQ H4 H6 H9 HJ
E: C2 C4 C9 D4 D7 DJ DQ S3 S8 S9 SK H3 H7
S: C6 D3 D4 D8 D9 DA S4 SJ SQ SA H6 H8 HJ
W: C2 C5 C7 CT CA D6 DT DJ S2 H4 H7 H9 HA
N: C4 CJ CQ CK D2 D5 D7 S5 S8 S9 SK H3 HK
E: C3 C8 C9 DQ DK S3 S6 S7 ST H2 H5 HT HQ
S: CT CJ CK CA D5 DA S4 SA H7 HT HJ HQ HK
W: C3 C6 C8 CQ D3 D6 D7 DT DK S6 H2 H8 H9
N: C5 D4 D8 D9 DJ S5 S8 S9 ST SJ SQ H3 H5
E: C2 C4 C7 C9 D2 DQ S2 S3 S7 SK H4 H6 HA
S: C2 C6 CJ CA D6 DT DJ S4 S5 S9 H2 H5 H8
W: C7 C9 CT D2 D3 D7 DQ DK DA S2 ST SK H4
N: C3 C5 C8 CQ CK D4 D9 S8 H6 H9 HQ HK HA
E: C4 D5 D8 S3 S6 S7 SJ SQ SA H3 H7 HT HJ
S: C5 C9 CJ CQ D2 D4 D9 DT DJ SJ SK H9 HK
W: C7 C8 CT D3 D6 S6 S8 S9 H3 H4 H8 HT HA
N: C3 C4 CA D5 DK S2 S4 S5 S7 ST SQ H7 HJ
E: C2 C6 CK D7 D8 DQ DA S3 SA H2 H5 H6 HQ
S: C3 C5 C6 CJ DQ DK S5 S7 SQ H2 H7 HT HJ
W: C4 CT CA D2 D4 D6 D9 S3 S6 S9 SK SA H9
N: C7 C9 D3 D5 DJ DA S4 ST H3 H4 H6 H8 HQ
E: C2 C8 CQ CK D7 D8 DT S2 S8 SJ H5 HK HA
S: C2 C3 C4 CT CJ CA D9 DT DA S5 SQ HJ HQ
W: C6 C8 D2 DK S2 S4 S8 SJ SK H2 H5 HT HK
N: C5 CQ CK D3 D7 DJ DQ S3 S9 H7 H8 H9 HA
E: C7 C9 D4 D5 D6 D8 S6 S7 ST SA H3 H4 H6
S: C5 CJ CQ CK D7 D8 D9 S4 S8 SJ SK H4 HJ
W: C3 C6 C7 CT D2 D3 D6 DJ DK S2 S9 SA H9
N: C8 C9 CA D4 DT DQ DA S5 S6 SQ H6 H8 HQ
E: C2 C4 D5 S3 S7 ST H2 H3 H5 H7 HT HK HA
S: C2 C5 C6 C7 CJ D3 D8 DA SJ SA H3 H7 HJ
W: C3 CT D4 D6 DJ DK S7 S9 SQ H6 HQ HK HA
N: CK DT DQ S2 S3 S6 S8 ST H2 H5 H8 H9 HT
E: C4 C8 C9 CQ CA D2 D5 D7 D9 S4 S5 SK H4
S: C3 C4 C5 C7 CJ D2 D8 DT DQ S6 S7 S8 H4
W: C6 C9 CT CA D4 D9 DA S9 SJ SQ SK H5 H7
N: CQ CK D3 D5 D6 S2 S5 SA H3 H6 H8 H9 HJ
E: C2 C8 D7 DJ DK S3 S4 ST H2 HT HQ HK HA
S: CJ D2 D4 S3 S8 S9 ST SJ SQ SA H9 HQ HK
W: C5 CQ CA D7 D9 DT DK S5 S7 SK H2 H5 H6
N: C6 C8 CK D3 D5 DJ DA S2 S4 S6 H3 H7 H8
E: C2 C3 C4 C7 C9 CT D6 D8 DQ H4 HT HJ HA
S: C5 CK CA D2 DT DJ S2 S3 S6 ST SK H5 H8
W: C4 C7 C8 C9 CJ D7 D9 DQ DA S4 SJ H2 H4
N: C3 C6 CT D3 D4 D5 S5 S8 SA H7 HT HK HA
E: C2 CQ D6 D8 DK S7 S9 SQ H3 H6 H9 HJ HQ
S: C3 C7 CJ CQ D2 D4 S2 S4 S6 SK H3 HJ HA
W: C5 CT D3 D6 D8 D9 S7 SQ H5 H6 H9 HT HK
N: C2 C6 CK CA D7 DT DJ DQ S8 SJ SA H4 H7
E: C4 C8 C9 D5 DK DA S3 S5 S9 ST H2 H8 HQ
S: C5 C9 CJ D5 DT S3 S4 S5 SJ H7 HT HQ HA
W: C4 CT CQ D7 D9 DK DA S8 ST SK H6 H8 H9
N: C2 CA D4 D6 DQ S6 S7 S9 SQ SA H2 H3 H4
E: C3 C6 C7 C8 CK D2 D3 D8 DJ S2 H5 HJ HK
S: CT CQ D6 D8 S2 S4 S5 ST H2 H4 H5 H6 H8
W: C6 CK DT DJ DK DA S6 S7 S9 SA H7 HT HK
N: C3 C4 C8 C9 CJ CA D4 D5 D7 SJ SQ H3 HJ
E: C2 C5 C7 D2 D3 D9 DQ S3 S8 SK H9 HQ HA
S: C3 C4 C5 C8 D3 D4 D6 DT DJ DQ S5 H2 H6
W: C2 C6 CJ D9 S2 S6 S9 SQ SA H3 H4 HK HA
N: C9 CQ CK CA D2 D5 D8 DA S4 SJ SK H5 HJ
E: C7 CT D7 DK S3 S7 S8 ST H7 H8 H9 HT HQ
S: C7 C9 D7 DA S2 S3 S4 S8 H2 H4 H9 HT HA
W: C2 C5 C8 CQ CK D2 D3 D4 DT DQ DK ST HQ
N: C6 CJ CA D8 DJ S5 S6 SJ SK SA H7 HJ HK
E: C3 C4 CT D5 D6 D9 S7 S9 SQ H3 H5 H6 H8
S: C5 C6 C7 C9 CJ D6 DJ DQ DK S5 H3 H4 H8
W: CT CA S3 S7 S9 ST H5 H6 H7 H9 HJ HQ HK
N: C2 C3 C4 C8 D3 D4 D7 DT S4 SJ SA HT HA
E: CQ CK D2 D5 D8 D9 DA S2 S6 S8 SQ SK H2
S: C2 C3 C4 CJ D5 D8 D9 DJ S7 S9 SJ SA H9
W: CA D2 D7 DA S6 S8 ST H2 H3 H6 H7 HQ HA
N: C6 C7 C8 CQ DK S3 S5 SK H4 H5 H8 HJ HK
E: C5 C9 CT CK D3 D4 D6 DT DQ S2 S4 SQ HT
S: C3 C4 CQ D2 D5 D6 D9 DT S4 S7 SQ SA H8
W: C2 C7 C8 C9 CT CK D8 S3 S6 S8 ST SJ HK
N: C5 C6 CA D4 DK DA S2 SK H4 H5 H7 HT HQ
E: CJ D3 D7 DJ DQ S5 S9 H2 H3 H6 H9 HJ HA
S: C4 C5 CQ D5 D8 DA S6 SQ H5 H6 H8 H9 HT
W: C3 C6 C8 D2 D4 D7 S2 S7 S8 SJ H4 HQ HK
N: C2 CT CJ CK CA D6 DJ S4 S5 SA H2 H3 HA
E: C7 C9 D3 D9 DT DQ DK S3 S9 ST SK H7 HJ
S: C6 DJ DK DA S2 S3 S5 S6 SJ SQ SK H7 H8
W: C2 C5 C8 CA D6 D7 S7 ST SA H2 HT HJ HA
N: C4 C9 CQ CK D2 D4 D5 DT DQ S4 H4 H6 H9
E: C3 C7 CT CJ D3 D8 D9 S8 S9 H3 H5 HQ HK
S: C2 C7 D8 DQ S2 S4 S8 S9 ST H5 HJ HQ HK
W: C5 C8 C9 CJ D2 D3 D4 SJ SQ SA H2 H4 HT
N: C6 CT CQ D6 D7 DT DJ DK S6 S7 SK H3 H9
E: C3 C4 CK CA D5 D9 DA S3 S5 H6 H7 H8 HA
S: C4 CA D2 D4 D7 D9 DT DQ H2 H7 H8 H9 HQ
W: C6 C8 D3 D5 D6 DJ S2 S6 S7 ST SQ H5 HJ
N: C2 C9 CJ CQ DK DA S3 S4 SJ SA H3 H4 HA
E: C3 C5 C7 CT CK D8 S5 S8 S9 SK H6 HT HK
S: C5 C9 CJ D2 D8 DQ S9 ST H3 H5 H6 HK HA
W: C3 CT CQ CK D6 DK DA S6 SJ SA H2 H4 HQ
N: C4 C6 C8 CA D3 D4 D5 DT S2 S7 SQ SK H9
E: C2 C7 D7 D9 DJ S3 S4 S5 S8 H7 H8 HT HJ
S: C6 D3 D9 DJ DQ DK S4 S7 SK H2 H4 H7 H9
W: C2 C3 C8 C9 CT CQ D4 D7 DT S3 SQ H3 HT
N: C4 C5 CK D5 D8 S2 S8 S9 SJ H5 H6 H8 HA
E: C7 CJ CA D2 D6 DA S5 S6 ST SA HJ HQ HK
S: C2 C3 CJ CQ D2 D3 DT DJ DA SQ H2 HQ HK
W: CK CA D6 D7 D9 DQ S5 S9 ST SA H5 H6 HJ
N: C4 C6 C7 C8 CT D4 D5 D8 S4 S7 SK H3 H4
E: C5 C9 DK S2 S3 S6 S8 SJ H7 H8 H9 HT HA
S: C4 C6 CK D4 DK S2 S7 ST H3 H7 HT HJ HA
W: C3 C5 C7 D2 DJ S3 S4 S5 S6 S8 SJ H5 HQ
N: C2 CA D3 D5 D6 DQ DA S9 SQ H2 H4 H8 H9
E: C8 C9 CT CJ CQ D7 D8 D9 DT SK SA H6 HK
S: C5 D5 D6 DA ST SJ SA H3 H6 H7 HJ HQ HK
W: C4 C7 D3 D9 DT DK S4 S7 S8 SQ SK H4 HT
N: C2 C6 C8 C9 CJ D4 D8 S3 S6 H2 H5 H8 HA
E: C3 CT CQ CK CA D2 D7 DJ DQ S2 S5 S9 H9
S: C2 CJ D6 D8 DT DJ DK DA S6 S7 H5 H6 HA
W: C5 C8 C9 CK CA D9 S2 S4 SA H2 H7 HQ HK
N: C3 C4 C6 CQ D2 D4 D5 D7 S3 S5 ST H3 H4
E: C7 CT D3 DQ S8 S9 SJ SQ SK H8 H9 HT HJ
S: C2 C3 C7 C8 CT CQ D3 D7 DQ DA S2 S8 H5
W: CJ CK D2 D8 DK S6 S7 S9 SJ H6 H7 H8 HK
N: C9 CA D4 D6 DJ S3 ST SA H2 H3 H9 HT HA
E: C4 C5 C6 D5 D9 DT S4 S5 SQ SK H4 HJ HQ
S: C6 C7 CQ CK D2 DQ S2 S5 S8 ST H2 H7 HA
W: CA D3 D5 D7 D8 DA S3 S6 SJ SA H8 HJ HK
N: C4 CT D4 DJ S4 S7 S9 SQ SK H3 H4 H5 HQ
E: C2 C3 C5 C8 C9 CJ D6 D9 DT DK H6 H9 HT
S: C2 C3 C4 D5 DT DQ DA S5 S8 SQ H6 HJ HQ
W: C9 CJ CQ CK D2 D3 D4 DJ S2 S6 SK SA H2
N: C5 C8 D7 S4 S7 S9 ST SJ H3 H4 H5 H8 HK
E: C6 C7 CT CA D6 D8 D9 DK S3 H7 H9 HT HA
S: C8 D2 D3 D4 D8 D9 DJ DA S4 S7 S8 ST H6
W: C2 C3 C5 C6 CQ CK D7 S2 S6 SQ H3 H5 H9
N: C4 C9 CT CJ D5 S5 S9 SJ SA H2 H4 HK HA
E: C7 CA D6 DT DQ DK S3 SK H7 H8 HT HJ HQ
S: C2 C5 C8 CQ CA D7 D9 DQ SK SA H7 H9 HA
W: C6 CJ CK D3 D8 DT DK S3 SQ H3 H5 H8 HT
N: C4 D4 D6 DA S5 S7 S9 ST H2 H4 HJ HQ HK
E: C3 C7 C9 CT D2 D5 DJ S2 S4 S6 S8 SJ H6
S: C3 C4 D4 DQ DA S2 S3 S8 SJ SK H7 HQ HK
W: C2 C5 C8 CK D3 D5 S4 S5 S7 H2 H3 H8 HA
N: C7 C9 CQ D2 D6 DT DJ DK SQ H4 H6 H9 HJ
E: C6 CT CJ CA D7 D8 D9 S6 S9 ST SA H5 HT
S: C6 C7 C9 CT CA S3 SK H3 H4 H6 H7 HJ HK
W: C3 C5 C8 CK D2 D4 D5 DJ DQ DK ST SQ H9
N: CJ CQ D3 D6 DA S2 S4 S5 S7 SJ SA H8 HQ
E: C2 C4 D7 D8 D9 DT S6 S8 S9 H2 H5 HT HA
S: C5 C7 C8 C9 D4 DT DJ DK S3 H3 H9 HT HQ
W: C2 C4 CQ CK D3 D5 S4 S7 S9 ST SQ SK HK
N: C3 CJ D7 D8 D9 DQ S6 S8 SJ H4 H7 H8 HJ
E: C6 CT CA D2 D6 DA S2 S5 SA H2 H5 H6 HA
S: C6 C9 CK D3 D9 DQ DK SJ H4 H5 H9 HQ HA
W: C2 C7 C8 CJ D7 DT DA S2 S3 S6 S7 H3 HT
N: C3 C4 CA D2 D4 D5 DJ S4 S5 SK SA H2 HJ
E: C5 CT CQ D6 D8 S8 S9 ST SQ H6 H7 H8 HK
S: C2 C3 D6 D7 D9 DQ S2 S4 S9 SK SA H9 HA
W: C8 C9 CQ CK CA D4 D5 DJ S5 H2 H6 H8 HQ
N: C7 D2 D8 DT DA S3 SJ SQ H3 H4 H5 HJ HK
E: C4 C5 C6 CT CJ D3 DK S6 S7 S8 ST H7 HT
S: C2 C4 C7 CA D3 DT DJ S5 S7 SQ H8 HJ HK
W: C3 C6 D7 DK S2 S4 S6 S9 SK SA H2 H5 H7
N: CK D5 D6 D8 D9 DQ S3 S8 ST SJ H3 H6 HT
E: C5 C8 C9 CT CJ CQ D2 D4 DA H4 H9 HQ HA
S: C2 C8 CA D2 D6 D7 DJ S3 SA H3 H5 H6 H9
W: C3 C4 CT DT DQ DA S2 S5 S9 SK HT HK HA
N: C5 CJ CQ CK D3 D4 D5 D8 S7 S8 SJ H7 HQ
E: C6 C7 C9 D9 DK S4 S6 ST SQ H2 H4 H8 HJ
S: C4 CT CA D3 D7 S7 S8 SK H2 H4 H5 HQ HK
W: C3 C7 C8 C9 CJ S2 S5 ST SQ SA H6 HT HJ
N: C2 CQ D2 D4 D5 DT DJ DQ DA S6 S9 SJ H7
E: C5 C6 CK D6 D8 D9 DK S3 S4 H3 H8 H9 HA
S: C2 C8 CA DK S3 S5 SK SA H3 H4 H5 HT HK
W: C6 C9 CT CQ D2 D3 D4 D6 D9 S4 ST H7 HJ
N: C4 CJ CK D5 D7 DJ DA S6 S7 SJ SQ H2 H6
E: C3 C5 C7 D8 DT DQ S2 S8 S9 H8 H9 HQ HA
S: CK DT DJ DQ DA S9 ST SA H6 H7 HQ HK HA
W: C2 C7 CJ CQ D4 D5 D6 DK S6 S8 SQ SK H5
N: C3 C4 C6 C8 C9 CA D2 S2 S4 SJ H9 HT HJ
E: C5 CT D3 D7 D8 D9 S3 S5 S7 H2 H3 H4 H8
S: C4 C6 C7 C8 C9 D7 DJ DA S4 S9 H3 HJ HK
W: CT D2 D4 D9 DQ S2 S3 S7 SJ H4 H5 H8 H9
N: C3 C5 CJ CQ D8 DT DK S6 S8 H2 H6 HQ HA
E: C2 CK CA D3 D5 D6 S5 ST SQ SK SA H7 HT
S: C5 C7 CA D9 DK S9 SQ H2 H4 H9 HJ HK HA
W: C2 CQ D3 D6 DA S5 S7 SJ SK H3 H7 HT HQ
N: C6 C9 CT CK D7 DT DJ S2 S3 S4 S6 H6 H8
E: C3 C4 C8 CJ D2 D4 D5 D8 DQ S8 ST SA H5
S: C5 C6 C8 D4 DT DK DA S3 S4 ST H4 HJ HQ
W: C4 C9 CT CQ D3 D8 D9 DQ S7 SJ SK H8 HA
N: C2 C3 CA D2 D6 D7 DJ S6 S8 H3 H5 H6 HT
E: C7 CJ CK D5 S2 S5 S9 SQ SA H2 H7 H9 HK
S: CJ D3 D6 D8 DQ DK S2 S3 S8 S9 SA H7 H8
W: C2 CT CQ D4 S4 S6 ST SJ SQ H5 H6 HJ HQ
N: C3 C6 C8 CA D7 DT DJ DA S5 H4 H9 HK HA
E: C4 C5 C7 C9 CK D2 D5 D9 S7 SK H2 H3 HT
S: C6 D6 DT DJ S2 S4 S8 ST SJ H4 H5 H7 HJ
W: C3 C4 C7 C9 CK D3 D8 DK S5 S9 SK H3 HA
N: C2 C5 C8 CQ D2 D5 D7 DA S7 SA H2 HQ HK
E: CT CJ CA D4 D9 DQ S3 S6 SQ H6 H8 H9 HT
S: C3 C5 CK D3 D8 DT DJ DQ S4 S6 S9 H7 H9
W: C2 C7 C9 CT CA D4 D5 S3 ST SK H5 HQ HA
N: D6 D9 DK DA S5 S8 SQ SA H2 H3 H6 H8 HJ
E: C4 C6 C8 CJ CQ D2 D7 S2 S7 SJ H4 HT HK
S: C3 C6 C7 CJ CK D5 D6 DQ DA S8 H3 H8 HT
W: C4 C5 C8 C9 D2 D8 DJ S3 S6 SK H4 H6 H7
N: C2 CT CA D4 D9 DT S2 S5 S7 ST SJ H2 H5
E: CQ D3 D7 DK S4 S9 SQ SA H9 HJ HQ HK HA
S: C3 C8 C9 CQ CA D9 DT DA S7 S9 SA H2 H8
W: C6 CJ CK D2 D5 D6 D8 DJ SK H3 H6 H9 HA
N: C5 CT DQ S3 S5 S8 ST SQ H4 H5 H7 HQ HK
E: C2 C4 C7 D3 D4 D7 DK S2 S4 S6 SJ HT HJ
S: C2 C4 C8 CT D2 D8 S3 S4 S6 S7 H2 H7 H8
W: C9 D9 DQ DA S2 S8 ST SJ SK SA H4 H9 HA
N: C6 C7 CQ D3 D5 D6 DT DJ S9 SQ HT HJ HK
E: C3 C5 CJ CK CA D4 D7 DK S5 H3 H5 H6 HQ
S: C6 C8 C9 CQ D2 D5 S4 SQ SA H5 H8 HJ HQ
W: CT D4 DJ DK S3 S5 S7 S8 S9 H2 H3 H6 HK
N: C5 CJ CA D6 D7 D8 DT DA S2 S6 ST H4 HT
E: C2 C3 C4 C7 CK D3 D9 DQ SJ SK H7 H9 HA
S: C3 C8 C9 CT CQ DT DJ DA S5 S9 SJ SK H6
W: C5 C7 D2 D3 D4 D8 DK S3 S6 S7 H2 H4 HQ
N: C4 CK CA D5 D6 D7 S8 ST SQ SA H9 HJ HA
E: C2 C6 CJ D9 DQ S2 S4 H3 H5 H7 H8 HT HK
S: C2 C3 C4 C5 CT CQ CK D4 D7 S5 S9 SQ H4
W: C7 CA D2 D6 D8 DQ DA S2 S4 S6 H7 HT HA
N: C6 C8 CJ D3 D5 D9 DJ S8 SA H2 H5 HJ HQ
E: C9 DT DK S3 S7 ST SJ SK H3 H6 H8 H9 HK
S: CJ D3 D4 DK DA S6 S7 S8 ST SA H6 H7 HA
W: C3 C5 C9 CQ D7 DT DJ S5 SJ SK H8 H9 HT
N: C4 CT CK CA D6 DQ S2 S4 SQ H3 H4 HJ HK
E: C2 C6 C7 C8 D2 D5 D8 D9 S3 S9 H2 H5 HQ
S: C2 C9 CT D8 DJ DK S7 S8 SK H5 H6 H7 H8
W: C3 C6 CK D2 D4 D9 DT S3 S4 ST H2 H4 HK
N: C5 C8 CJ CQ CA D5 S5 S6 SQ SA H9 HJ HA
E: C4 C7 D3 D6 D7 DQ DA S2 S9 SJ H3 HT HQ
S: C6 CK DK S4 S8 SJ SK SA H2 H3 H4 H8 HQ
W: C2 C7 C9 CT D3 D5 D8 DQ DA S9 H6 H7 HJ
N: C3 C5 CJ CQ D4 D7 D9 DT S2 SQ H5 H9 HK
E: C4 C8 CA D2 D6 DJ S3 S5 S6 S7 ST HT HA
S: C8 CT CJ D6 D9 DA S2 S4 S5 SQ SA H4 H8
W: C4 C5 C7 CA D4 D8 DJ DQ S3 S9 SK HT HA
N: CQ CK D2 D3 D5 D7 DT DK S6 ST SJ H5 H6
E: C2 C3 C6 C9 S7 S8 H2 H3 H7 H9 HJ HQ HK
S: C5 D3 D4 D9 DA S6 S9 ST SK SA H4 HJ HA
W: C3 C6 C7 CT CA D7 DQ DK S2 S4 S8 H6 H7
N: C8 CQ D2 D5 D8 DT DJ S5 S7 SQ H5 H8 HT
E: C2 C4 C9 CJ CK D6 S3 SJ H2 H3 H9 HQ HK
S: C3 C5 C6 C7 C9 CQ CK D5 DJ S6 S8 ST HJ
W: C4 C8 D2 D3 D7 DT S4 SQ SK SA H5 H7 HA
N: CT CJ CA D4 D6 DA S2 S7 S9 H6 H8 HT HK
E: C2 D8 D9 DQ DK S3 S5 SJ H2 H3 H4 H9 HQ
S: C3 C4 C9 CT CK D3 S3 S6 S7 H7 HT HQ HA
W: C7 C8 CQ CA D5 D9 S4 S9 ST SK H4 H8 HJ
N: C5 CJ DJ DQ DK S2 S5 S8 SJ SQ H6 H9 HK
E: C2 C6 D2 D4 D6 D7 D8 DT DA SA H2 H3 H5
S: C3 C7 CT CA DT DK S4 H2 H5 H9 HT HJ HK
W: C2 C5 C8 C9 D3 D5 DJ DQ S5 SA H4 H6 H7
N: CJ CQ CK D2 D4 D6 D7 S3 S7 SJ SK H3 HA
E: C4 C6 D8 D9 DA S2 S6 S8 S9 ST SQ H8 HQ
S: C3 C7 D4 DQ S6 ST SQ H2 H3 H5 H6 H8 H9
W: C5 CJ CK CA D3 D8 DT DA S9 SK SA H4 HA
N: C4 CT D5 D7 DJ DK S2 S3 S5 S7 SJ HQ HK
E: C2 C6 C8 C9 CQ D2 D6 D9 S4 S8 H7 HT HJ
S: C5 C7 C8 CK D9 DQ S5 S6 S9 SJ SA H3 HQ
W: CQ D2 D3 D5 D8 DK S2 S3 S7 SQ SK H6 HA
N: C3 C4 C6 CT DT DJ H2 H4 H7 H8 H9 HT HJ
E: C2 C9 CJ CA D4 D6 D7 DA S4 S8 ST H5 HK
S: C2 C4 C7 CA D3 D7 S5 S7 S9 H4 H9 HT HK
W: C6 CJ CQ CK D5 D8 D9 DT DJ ST H3 HJ HQ
N: C5 CT D4 D6 S2 S6 S8 SQ SA H5 H7 H8 HA
E: C3 C8 C9 D2 DQ DK DA S3 S4 SJ SK H2 H6
S: C2 C3 C7 C9 D2 D5 D6 DJ DK S5 S7 ST H7
W: CT CQ D3 D7 D9 DA S3 S6 SA H5 H6 H8 HQ
N: C4 C8 CA D8 DT DQ S2 SJ H3 HT HJ HK HA
E: C5 C6 CJ CK D4 S4 S8 S9 SQ SK H2 H4 H9
S: C2 C4 C6 C8 C9 CJ CK D8 DA SQ H6 H9 HA
W: C7 CA D2 D9 DJ DK S3 S4 S5 S7 SJ H2 HT
N: C3 CT D3 D7 S2 S8 S9 SA H5 H7 H8 HJ HK
E: C5 CQ D4 D5 D6 DT DQ S6 ST SK H3 H4 HQ
S: C4 C6 C8 CQ D4 D6 S4 S6 S9 SK H8 HT HJ
W: C3 C7 CK D5 D8 DQ DK DA S8 ST SJ SQ H9
N: C2 CJ CA D2 D9 DJ S3 S5 H2 H6 HQ HK HA
E: C5 C9 CT D3 D7 DT S2 S7 SA H3 H4 H5 H7
S: C2 C4 C8 D3 DK S8 SJ SQ SK H3 H6 H8 H9
W: C5 C6 CQ CA D5 D6 D7 DT S6 ST SA H2 HQ
N: CJ CK D2 D4 D9 DJ S4 S5 S7 H4 H5 H7 HJ
E: C3 C7 C9 CT D8 DQ DA S2 S3 S9 HT HK HA
S: C3 C5 D5 D7 DT DQ S4 S6 H3 H8 H9 HJ HA
W: C4 CT CJ CK CA D2 D3 D4 D6 SQ H5 H6 HQ
N: C6 C7 CQ D8 D9 DJ DK DA S3 S9 SJ H4 HK
E: C2 C8 C9 S2 S5 S7 S8 ST SK SA H2 H7 HT
S: CK D2 D4 D9 DT DQ S8 S9 SQ SA H2 H3 H7
W: C2 C8 C9 CT D6 D8 DK S3 S6 ST SK H8 HQ
N: C3 C4 C5 C6 D3 D7 S2 S7 SJ H4 HT HJ HA
E: C7 CJ CQ CA D5 DJ DA S4 S5 H5 H6 H9 HK
S: C4 C7 D2 D4 D5 DQ DK S8 ST SJ H6 HQ HA
W: C5 CQ CA D3 DA S2 S5 S6 S9 H3 H7 H8 H9
N: C2 C3 CT CJ D7 D8 D9 SQ H2 H4 H5 HJ HK
E: C6 C8 C9 CK D6 DT DJ S3 S4 S7 SK SA HT
S: C3 C7 C9 CT D3 D5 D7 D8 DA S2 SQ H2 H6
W: C8 D2 DJ S5 S7 S8 ST SA H3 H4 H5 H8 HT
N: C4 C6 CQ CK D9 DT DK S4 S6 S9 SJ HJ HK
E: C2 C5 CJ CA D4 D6 DQ S3 SK H7 H9 HQ HA
S: C2 CQ D3 D5 D6 D7 DK S4 S5 S6 SJ H5 H7
W: C5 C7 C9 CK D4 DQ DA S2 S3 S7 ST H2 H3
N: C3 C6 C8 CT D2 D8 D9 DJ S9 SQ HQ HK HA
E: C4 CJ CA DT S8 SK SA H4 H6 H8 H9 HT HJ
S: C6 C8 CA D5 D7 DK DA S7 SJ SK H6 HQ HA
W: C9 CJ CQ D2 D8 DT S5 S6 SQ H4 H7 H9 HK
N: C2 C7 CT D3 D4 D6 DQ S9 ST SA H3 HT HJ
E: C3 C4 C5 CK D9 DJ S2 S3 S4 S8 H2 H5 H8
S: D2 D7 DT DQ DK DA S9 SQ H3 H6 H7 HJ HA
W: C9 CJ CA D4 D9 S3 S5 S7 S8 SJ SA H5 HK
N: C2 C8 CK D5 DJ S2 S4 ST SK H2 H4 H8 HQ
E: C3 C4 C5 C6 C7 CT CQ D3 D6 D8 S6 H9 HT
S: C3 C4 C8 CT D3 D6 S4 S6 S8 S9 H3 H9 HQ
W: CA D2 D5 D7 D8 DT DJ S3 SJ H4 H5 H6 H7
N: C5 C9 CJ CQ CK S2 S5 ST SA H2 HT HK HA
E: C2 C6 C7 D4 D9 DQ DK DA S7 SQ SK H8 HJ
S: C4 C5 CK D7 S2 S4 S7 SA H2 H4 H6 H7 HJ
W: C2 C3 D5 D9 DT DJ DK S8 SK H8 H9 HK HA
N: C7 C9 CQ D4 DA S5 S6 S9 ST SJ SQ H3 HT
E: C6 C8 CT CJ CA D2 D3 D6 D8 DQ S3 H5 HQ
S: CT D2 D7 S4 S8 H2 H4 H5 H6 H7 H9 HQ HK
W: C2 C5 C7 CK CA D5 D6 D8 D9 DA S6 ST SJ
N: C9 CJ CQ D4 DT S3 S5 S7 SK SA H8 HT HJ
E: C3 C4 C6 C8 D3 DJ DQ DK S2 S9 SQ H3 HA
S: C5 CT D4 D8 S4 SJ SK H5 H8 H9 HT HK HA
W: C3 C7 C9 CQ D2 D9 DK DA S3 S6 SA HJ HQ
N: C6 CJ D5 D7 DT S2 S5 S7 S8 S9 H2 H3 H7
E: C2 C4 C8 CK CA D3 D6 DJ DQ ST SQ H4 H6
S: C4 CT CQ CK D3 D4 DQ S6 ST SJ SK H6 HK
W: D2 D5 D7 D8 DT DJ S3 S4 S9 SA H9 HT HA
N: C3 C5 C8 D9 DK S2 S5 S7 S8 H2 H8 HJ HQ
E: C2 C6 C7 C9 CJ CA D6 DA SQ H3 H4 H5 H7
S: CQ D3 D8 DK DA S2 S4 S9 SJ H3 H5 H7 HJ
W: C7 C8 C9 CA D2 S5 S7 S8 SK H8 H9 HQ HK
N: C2 C6 CT CK D4 DT DQ S3 S6 ST SA H2 HA
E: C3 C4 C5 CJ D5 D6 D7 D9 DJ SQ H4 H6 HT
S: C3 C4 C9 D5 D8 DT DJ S7 SJ SA H8 H9 HK
W: C2 D2 D7 DQ DA S4 ST SK H6 H7 HT HQ HA
N: C6 C7 CT CK D4 D6 DK S3 S8 S9 H3 H5 HJ
E: C5 C8 CJ CQ CA D3 D9 S2 S5 S6 SQ H2 H4
S: C4 C5 CJ D4 ST SJ SK H4 H5 H6 H8 HQ HK
W: C2 CK CA D2 D3 D6 D7 DJ S4 S6 SQ H3 HT
N: C3 C8 C9 CQ D5 D8 DT S2 S3 S5 H2 HJ HA
E: C6 C7 CT D9 DQ DK DA S7 S8 S9 SA H7 H9
S: C3 C6 CJ CA D7 D9 DJ DA S6 S8 H2 H4 H6
W: C4 C7 CT CK D4 D5 S3 S5 SA H5 H7 H8 HT
N: C8 D6 D8 DQ DK S7 S9 SJ SK H3 H9 HJ HK
E: C2 C5 C9 CQ D2 D3 DT S2 S4 ST SQ HQ HA
S: C6 C7 CJ CQ D3 DT DJ DK S5 SQ SK H3 HJ
W: C3 CT CA D4 D9 S3 S6 S8 SJ SA H7 HT HA
N: C2 C4 C8 D5 D7 D8 DA S4 S9 H4 H5 H8 HK
E: C5 C9 CK D2 D6 DQ S2 S7 ST H2 H6 H9 HQ
S: C4 CT CJ CA D6 DA S7 SJ H2 H3 H5 H9 HT
W: C3 CK D5 D8 DJ DQ S2 SK SA H4 H8 HJ HA
N: C5 C9 CQ D2 DK S3 S6 S8 S9 H6 H7 HQ HK
E: C2 C6 C7 C8 D3 D4 D7 D9 DT S4 S5 ST SQ
S: C6 D9 DT S4 ST SJ SQ SA H4 H5 H8 H9 HQ
W: C2 C4 C7 CJ D2 D4 D5 D6 DQ DK S5 SK HJ
N: C5 C9 CT CK D3 D7 DJ S2 S9 H3 H6 H7 HA
E: C3 C8 CQ CA D8 DA S3 S6 S7 S8 H2 HT HK
S: CQ CK CA D5 D6 DK DA S4 S9 SQ H2 H3 H6
W: C4 C5 CJ D2 D3 D4 S2 S3 S5 S6 H4 H8 HT
N: C2 C3 C6 C8 CT D7 D8 DT DJ DQ SA H7 H9
E: C7 C9 D9 S7 S8 ST SJ SK H5 HJ HQ HK HA
S: C2 C4 C6 D2 DJ DA S4 S5 S8 S9 SJ HJ HQ
W: C5 C7 C8 CT CJ CQ CK DK S6 S7 H2 H4 H8
N: D3 D7 D8 DT DQ SQ SK SA H5 H6 H7 H9 HA
E: C3 C9 CA D4 D5 D6 D9 S2 S3 ST H3 HT HK
S: C3 C5 C7 CT CK D4 D8 DQ DA S3 H3 H8 HT
W: C4 C6 C8 D7 DJ S6 S7 S9 SK SA H4 H6 H7
N: C9 CA D3 D5 DT DK S8 ST SJ H5 H9 HJ HQ
E: C2 CJ CQ D2 D6 D9 S2 S4 S5 SQ H2 HK HA
S: C4 C7 C9 CA D6 D8 DJ DA S6 S8 SJ HQ HK
W: C3 C5 C8 CJ CK D5 DQ S2 H2 H5 H7 HJ HA
N: CQ D7 D9 DT DK S5 S7 ST SQ H4 H6 H8 H9
E: C2 C6 CT D2 D3 D4 S3 S4 S9 SK SA H3 HT
S: C5 C6 C8 CA D7 DT S4 S8 ST SK SA H3 H6
W: C9 CK D3 D6 DA S3 SQ H2 H4 H9 HT HK HA
N: C3 C4 CT D2 D4 D9 S7 SJ H5 H7 H8 HJ HQ
E: C2 C7 CJ CQ D5 D8 DJ DQ DK S2 S5 S6 S9
S: CQ CA D2 D4 D7 S5 S7 ST SK H2 H6 HQ HK
W: C9 CT D5 D8 D9 DJ DQ S8 S9 H9 HT HJ HA
N: C3 C4 C5 C7 C8 DT S6 SQ SA H3 H4 H7 H8
E: C2 C6 CJ CK D3 D6 DK DA S2 S3 S4 SJ H5
S: C7 D2 D4 D6 D9 DJ DQ DA S4 S5 SJ H4 HQ
W: C3 C6 C9 D5 D8 DK S2 S3 S6 SK H5 HT HK
N: C2 C4 CJ CQ CK S7 S8 S9 ST SA H2 H3 H9
E: C5 C8 CT CA D3 D7 DT SQ H6 H7 H8 HJ HA
S: C3 C6 CT CA D3 D9 S5 S8 S9 SQ SK H7 HK
W: C2 C9 CK D5 DQ DK DA S4 ST H3 H6 H8 H9
N: C4 C7 C8 CJ D2 D8 DT S3 S7 H2 HT HJ HQ
E: C5 CQ D4 D6 D7 DJ S2 S6 SJ SA H4 H5 HA
S: C7 CQ D6 D7 DT DJ DA S5 S7 SA H2 H6 HJ
W: C4 C5 C8 C9 D3 D5 DQ DK S3 SQ SK H4 HK
N: C3 CJ CK CA S4 S6 S8 SJ H3 H5 H7 H9 HA
E: C2 C6 CT D2 D4 D8 D9 S2 S9 ST H8 HT HQ
S: C2 C3 C4 CK D6 DA S7 SK SA H5 H6 H8 HQ
W: C5 C8 C9 CT D3 D5 D9 S5 S8 SQ H4 HK HA
N: C7 CJ CA D2 D7 DJ DK S3 ST SJ H7 H9 HJ
E: C6 CQ D4 D8 DT DQ S2 S4 S6 S9 H2 H3 HT
S: C2 C6 C9 CJ D2 D4 D8 DQ S2 S5 S6 SK HQ
W: C4 C5 C8 D6 D9 DT ST H3 H4 H5 H7 HJ HA
N: D3 D7 DJ S4 S7 S8 S9 SA H2 H6 H8 HT HK
E: C3 C7 CT CQ CK CA D5 DK DA S3 SJ SQ H9
S: C2 C4 C7 C8 C9 CK CA D9 DJ DK DA SA H7
W: C5 C6 CT D2 D4 D6 D7 D8 S2 S4 S7 HT HQ
N: D3 DT DQ S5 S8 ST SJ SK H3 H5 H8 HJ HK
E: C3 CJ CQ D5 S3 S6 S9 SQ H2 H4 H6 H9 HA
S: C3 C6 CK DT DK S8 ST SJ SA H5 H6 H7 HJ
W: C2 C9 CJ CA D2 D3 DJ DA S4 S6 SQ SK HA
N: C5 C7 D5 D6 D7 D9 DQ S9 H2 H4 H8 H9 HK
E: C4 C8 CT CQ D4 D8 S2 S3 S5 S7 H3 HT HQ
S: C4 C6 C7 CT D4 D6 S4 S5 SA H6 H8 HT HA
W: C2 C9 CQ CK D2 D5 D8 DT DQ S3 S6 ST SQ
N: C3 C8 DK S2 S7 S9 SJ SK H3 H4 H7 H9 HJ
E: C5 CJ CA D3 D7 D9 DJ DA S8 H2 H5 HQ HK
S: C2 C4 C5 CT CQ D3 D7 D9 DT S9 SJ SA H6
W: CJ CK D6 D8 DQ DK DA S2 S5 SQ H4 H7 HK
N: C7 C8 C9 D2 D4 DJ S3 S4 S6 S7 S8 H3 HQ
E: C3 C6 CA D5 ST SK H2 H5 H8 H9 HT HJ HA
S: C2 C5 C7 CT CA D2 D6 S8 SQ H4 H7 H8 HK
W: C6 C8 CJ DT DQ S6 S7 S9 SA H2 H6 HT HQ
N: C3 C9 D3 D4 D5 D8 D9 DA S2 S3 SJ H9 HJ
E: C4 CQ CK D7 DJ DK S4 S5 ST SK H3 H5 HA
S: CQ CA D3 DQ S2 S4 S9 H2 H7 H8 HJ HK HA
W: C2 C4 C6 C8 C9 D4 DT DA S5 S6 SK H5 H6
N: C3 C5 C7 CT CK D8 D9 DJ DK S3 S7 SQ H4
E: CJ D2 D5 D6 D7 S8 ST SJ SA H3 H9 HT HQ
S: C4 C5 CJ D5 DJ DA S4 S9 SJ SA H4 H9 HQ
W: C2 C3 C6 C9 CQ D2 D3 S5 S6 SQ H3 H8 HK
N: CK D7 D9 DT S3 S7 ST SK H2 H5 H7 HT HJ
E: C7 C8 CT CA D4 D6 D8 DQ DK S2 S8 H6 HA
S: C3 CK D5 D7 D8 DT DQ DA S8 SK H3 H6 H8
W: C4 C5 C7 C9 CA D3 D6 ST H2 H7 HQ HK HA
N: C2 C6 D4 DJ DK S6 S7 S9 SJ SQ SA H9 HJ
E: C8 CT CJ CQ D2 D9 S2 S3 S4 S5 H4 H5 HT
S: C2 C3 C4 C9 D4 D6 DT DK S3 S5 SQ HQ HA
W: C5 C6 C8 D7 D9 DA S6 S7 H2 H3 H6 HT HJ
N: C7 CT CQ CK D2 D3 DQ S2 S8 H5 H7 H8 HK
E: CJ CA D5 D8 DJ S4 S9 ST SJ SK SA H4 H9
S: C6 C7 C8 CT D2 D4 DA S2 S3 S7 H4 H9 HA
W: C2 C9 CJ CQ D7 DT S6 ST SK HT HJ HQ HK
N: C4 CK CA D6 D8 D9 DK S4 S5 S9 SQ H3 H8
E: C3 C5 D3 D5 DJ DQ S8 SJ SA H2 H5 H6 H7
S: C8 C9 CA D3 D7 D9 DJ DQ S5 ST SA H4 HT
W: C2 CJ D8 DT DK S2 S3 S6 S9 SK H6 HJ HA
N: C3 C4 C5 C7 CK D5 D6 DA S7 S8 SJ SQ HQ
E: C6 CT CQ D2 D4 S4 H2 H3 H5 H7 H8 H9 HK
S: C3 D3 D6 DT DJ DQ S2 S4 S5 S6 H4 H7 HT
W: C4 C8 D5 DK DA S7 S8 SQ SA H2 H6 H8 HK
N: C2 C7 C9 CJ CQ CK CA D8 D9 S9 H9 HJ HQ
E: C5 C6 CT D2 D4 D7 S3 ST SJ SK H3 H5 HA
S: C3 C5 C6 CJ D4 D5 D7 DJ DQ S9 H2 H3 H7
W: C9 CK D2 DA S3 S5 S6 S7 ST SJ H8 H9 HT
N: C4 C7 C8 CT CA D3 D6 D8 DK SA H4 H5 HK
E: C2 CQ D9 DT S2 S4 S8 SQ SK H6 HJ HQ HA
S: C3 C6 C8 D2 D4 D6 DJ DQ DK DA S7 SK H4
W: C2 C9 CT CA D8 S2 S5 S6 S8 ST H6 H9 HK
N: C4 C5 CK D7 DT S4 SJ SA H2 H8 HT HJ HA
E: C7 CJ CQ D3 D5 D9 S3 S9 SQ H3 H5 H7 HQ
S: C3 C4 C7 CJ CA D5 D6 DQ DK S3 H7 HJ HK
W: C9 CT D2 D8 S6 S9 SJ H2 H4 H6 H9 HT HA
N: C2 C8 CQ D3 D7 DT DJ DA S2 ST SQ H3 H8
E: C5 C6 CK D4 D9 S4 S5 S7 S8 SK SA H5 HQ
S: C4 CJ CQ D7 DQ S2 S8 SQ SK H2 H8 HT HK
W: C3 C6 C7 CA D4 D5 D9 DT DK S3 S7 S9 H9
N: C5 C8 CT D2 D3 D6 DJ DA S6 SJ H5 H6 HA
E: C2 C9 CK D8 S4 S5 ST SA H3 H4 H7 HJ HQ
S: C2 C4 C5 CT CJ D3 D6 D9 DK S6 SK HT HQ
W: C7 C8 C9 D4 D8 DJ S7 S8 SJ SQ H4 H5 H8
N: C3 C6 D7 DQ S2 S4 S5 S9 H3 H6 H9 HJ HA
E: CQ CK CA D2 D5 DT DA S3 ST SA H2 H7 HK
S: C9 D2 D4 D6 D9 DJ S4 S7 SQ H2 H3 H7 H9
W: C5 C6 CK CA D5 DK S6 S8 ST H4 H6 HJ HA
N: C3 C4 C7 C8 CJ D8 DT S2 S5 SJ SA H5 HK
E: C2 CT CQ D3 D7 DQ DA S3 S9 SK H8 HT HQ
S: C8 CQ D3 D5 D6 DT DQ S4 S6 S9 SA H8 HJ
W: C5 D4 D7 DJ DA S2 S5 S7 S8 SJ SQ H4 H5
N: C2 C3 C9 D2 D8 D9 S3 ST SK H7 HQ HK HA
E: C4 C6 C7 CT CJ CK CA DK H2 H3 H6 H9 HT
S: C4 C6 C7 D2 D6 DT DJ H6 H7 HT HJ HQ HK
W: C2 C9 D3 D8 D9 DQ S4 S5 S6 H2 H8 H9 HA
N: C3 C5 CJ CA D5 D7 S2 S7 S8 ST SJ H3 H4
E: C8 CT CQ CK D4 DK DA S3 S9 SQ SK SA H5
S: C5 C9 D8 DK DA S2 S7 S9 H5 H9 HT HQ HA
W: C6 C7 CT CJ D2 D3 D5 DQ SK H3 H6 H7 H8
N: C3 CA D4 D6 D7 DT DJ S3 S6 ST SJ SA HJ
E: C2 C4 C8 CQ CK D9 S4 S5 S8 SQ H2 H4 HK
S: CT CA D3 D4 D5 D7 D9 DQ S3 ST SA H2 H7
W: C2 C7 CK D8 DA S2 S4 S9 SQ SK H4 H6 HJ
N: C3 C4 C8 C9 CQ D6 DT DJ DK S7 S8 H3 HQ
E: C5 C6 CJ D2 S5 S6 SJ H5 H8 H9 HT HK HA
S: C8 C9 D9 DA S2 S3 S4 S7 SQ H2 H3 H4 H6
W: C3 C6 C7 CT CJ CK D4 D7 D8 DT DK H5 HJ
N: C2 C4 D2 D5 D6 S5 S9 ST SJ H7 H8 HT HA
E: C5 CQ CA D3 DJ DQ S6 S8 SK SA H9 HQ HK
S: C2 C5 C7 C9 CT CJ D3 D9 DK DA S3 H8 HK
W: C8 D4 D5 DJ S2 S4 S6 S7 SA H3 H9 HT HQ
N: C3 C6 CK CA D2 D8 DT DQ SJ H2 H4 H7 HJ
E: C4 CQ D6 D7 S5 S8 S9 ST SQ SK H5 H6 HA
S: C3 C5 C8 CT CK D6 D7 S4 SQ H2 H5 HQ HA
W: C7 CJ CQ CA D2 D5 DT SJ H3 H4 H7 HJ HK
N: C2 C6 D4 D9 DJ DK DA S6 S7 S8 S9 SK H9
E: C4 C9 D3 D8 DQ S2 S3 S5 ST SA H6 H8 HT
S: C2 C3 C8 CT D9 S2 S7 SK H3 H4 H8 HJ HA
W: C5 C6 CJ CQ CA D2 DT S4 S6 S9 ST H2 H6
N: D4 D5 D7 D8 DQ DK DA S3 S5 SA H7 H9 HK
E: C4 C7 C9 CK D3 D6 DJ S8 SJ SQ H5 HT HQ
S: C4 C5 C6 CT D4 D6 D9 DT S3 H9 HJ HQ HK
W: CQ D2 D3 DQ DA S5 S6 S9 SJ SQ SK H8 HA
N: C2 C7 C8 CJ CK D5 S7 S8 H2 H4 H6 H7 HT
E: C3 C9 CA D7 D8 DJ DK S2 S4 ST SA H3 H5
S: C6 C8 CJ D3 D6 DQ DK S7 SQ H5 H8 H9 HQ
W: C2 C7 CQ CK D2 D5 D9 DT S6 ST SK H4 HA
N: C3 C5 CA D4 DJ DA S4 S5 S9 SA H2 H3 H6
E: C4 C9 CT D7 D8 S2 S3 S8 SJ H7 HT HJ HK
S: C3 C4 C5 C6 C9 CK D2 D8 S4 S5 SJ SA HA
W: C8 D3 D4 D6 DT S2 S3 S6 S7 ST H6 HQ HK
N: C7 CQ CA D5 D9 DQ DA S8 SK H2 H5 H7 HJ
E: C2 CT CJ D7 DJ DK S9 SQ H3 H4 H8 H9 HT
S: C5 C8 CT CJ CQ D2 D7 D8 DJ S8 ST H8 HT
W: C2 CK CA D9 S2 S4 S7 SK SA H3 H7 H9 HA
N: C6 D3 D5 D6 DT DA S3 S5 S6 S9 SQ H6 HQ
E: C3 C4 C7 C9 D4 DQ DK SJ H2 H4 H5 HJ HK
S: C5 CK D3 D7 DT DK S4 S6 S8 SJ SQ H9 HQ
W: C2 C3 C7 C8 CJ CQ CA D4 D6 S7 SK HK HA
N: C4 C9 D5 D9 S3 S5 S9 H2 H4 H5 H6 HT HJ
E: C6 CT D2 D8 DJ DQ DA S2 ST SA H3 H7 H8
S: C3 C5 C6 C8 CJ CA DA S3 S5 S6 H8 H9 HA
W: CQ D4 D6 DQ DK S2 S7 SQ SA H5 H6 HJ HQ
N: CT D2 D8 D9 DT S4 S9 ST SJ H3 H4 H7 HT
E: C2 C4 C7 C9 CK D3 D5 D7 DJ S8 SK H2 HK
S: C2 C6 CJ CK D5 D6 S5 ST SQ H3 H6 HT HQ
W: C8 CT CQ CA D9 DJ DK S2 S7 SK H7 H9 HK
N: C9 D2 D3 D8 DT DA S3 S4 S8 S9 SJ H2 HJ
E: C3 C4 C5 C7 D4 D7 DQ S6 SA H4 H5 H8 HA
S: C3 CT CK D4 D5 D8 DT S9 SJ SQ H8 H9 HQ
W: C4 D3 DQ DK DA S2 S3 S4 ST SA H6 H7 HJ
N: C2 C6 C8 C9 CQ D6 D7 D9 S6 S8 SK HK HA
E: C5 C7 CJ CA D2 DJ S5 S7 H2 H3 H4 H5 HT
S: C2 C6 C8 D3 D6 D8 D9 DJ ST SA H3 H6 HK
W: C4 C9 CT D7 DT S2 S3 S9 H2 H4 H8 H9 HJ
N: C3 C5 CJ CK D2 D5 DK DA S4 SK H5 HQ HA
E: C7 CQ CA D4 DQ S5 S6 S7 S8 SJ SQ H7 HT
S: C6 C8 CT D4 D7 D8 DK S3 S6 ST SK H7 HJ
W: C9 CK D6 D9 DQ S2 S4 S9 H2 H3 H5 H8 HT
N: C2 C3 C4 C7 CJ CQ D3 D5 SQ SA H4 H9 HQ
E: C5 CA D2 DT DJ DA S5 S7 S8 SJ H6 HK HA
S: C2 CA D4 D6 D9 DA S4 S5 S8 S9 SQ H2 H6
W: C4 C5 C8 C9 CQ D3 DQ S3 ST H7 HJ HQ HK
N: C3 C6 C7 CT CJ D2 D7 D8 S2 SK H3 H5 H9
E: CK D5 DT DJ DK S6 S7 SJ SA H4 H8 HT HA
S: C5 D4 D7 D8 DQ DK DA S2 SK H5 H8 H9 HT
W: C3 C7 CK CA D2 D6 S5 S9 ST SQ H3 HJ HK
N: C4 C6 C8 C9 CT CJ D5 DT S3 SJ SA H2 HA
E: C2 CQ D3 D9 DJ S4 S6 S7 S8 H4 H6 H7 HQ
S: C6 CT CJ CA D4 DJ DK S2 S5 S6 S7 SQ H5
W: C4 C5 C8 C9 CQ D6 D8 DT S9 H3 H9 HK HA
N: C2 C7 D3 D7 S4 S8 ST H2 H4 H6 H8 HT HQ
E: C3 CK D2 D5 D9 DQ DA S3 SJ SK SA H7 HJ
S: C6 C9 CQ D3 D5 D6 S2 S7 SJ SQ H2 H6 H8
W: C5 C7 CT D4 D7 D9 DA S4 S6 SK SA H5 HJ
N: C2 C3 C4 CJ CK D2 DJ DQ DK S3 S8 H7 H9
E: C8 CA D8 DT S5 S9 ST H3 H4 HT HQ HK HA
S: C4 C9 CJ D2 DT DQ S6 S8 S9 SJ HT HJ HQ
W: C2 C5 CK D3 S3 S7 ST SQ SA H2 H4 H5 HK
N: C3 CT CQ CA D4 D5 D7 D8 D9 DJ DA S2 HA
E: C6 C7 C8 D6 DK S4 S5 SK H3 H6 H7 H8 H9
S: C3 C9 CJ CA D4 S2 S7 S9 ST SK H3 HT HK
W: C7 C8 CT CK D6 DT DQ DA S3 S5 S6 SQ HJ
N: C2 CQ D5 D8 D9 DJ SJ H4 H5 H7 H8 H9 HA
E: C4 C5 C6 D2 D3 D7 DK S4 S8 SA H2 H6 HQ
S: C7 C8 D3 D4 D8 DQ DA S3 S5 SQ H3 HQ HA
W: C2 C3 C6 C9 CT S9 SJ H4 H5 H6 H7 H8 HK
N: C4 CJ D6 D7 D9 DK S2 S4 S6 S8 SA H2 H9
E: C5 CQ CK CA D2 D5 DT DJ S7 ST SK HT HJ
S: C7 CK CA D4 D6 D7 D9 S5 ST SA H3 H4 H5
W: C6 C8 CJ D2 D3 D5 D8 DJ S3 H2 H7 HK HA
N: C2 C4 C5 C9 CQ DT DQ S4 S7 S8 SK HT HQ
E: C3 CT DK DA S2 S6 S9 SJ SQ H6 H8 H9 HJ
S: C2 C5 CJ CQ D3 D4 D7 D8 DK S8 SJ H2 H7
W: C3 C4 C6 C8 CT D6 S7 S9 SQ SA H3 H4 H6
N: C7 CK D2 DT DJ S2 S3 S4 H5 HT HJ HQ HK
E: C9 CA D5 D9 DQ DA S5 S6 ST SK H8 H9 HA
S: C6 C9 D3 D4 D9 DT DJ S6 SQ SK H6 H7 HK
W: C3 CJ D5 D7 D8 S2 S3 S4 S7 ST H2 H3 H5
N: C2 C4 C5 C7 CQ CA DQ DA S5 SA H4 H8 HJ
E: C8 CT CK D2 D6 DK S8 S9 SJ H9 HT HQ HA
S: C3 C4 CQ D3 DT DK DA ST SA H6 H7 HT HQ
W: C2 C8 CK D2 D4 D5 D7 D9 DJ S4 SK H3 H4
N: C5 C6 C7 D8 DQ S3 S5 S6 S7 S8 S9 SJ H9
E: C9 CT CJ CA D6 S2 SQ H2 H5 H8 HJ HK HA
S: C5 C7 C8 CJ CQ CA D5 D8 D9 DT DQ DK HQ
W: C2 C3 C6 C9 D2 D3 S3 S5 S9 H3 H4 H5 H6
N: CK D6 DJ S2 S6 S7 SK SA H2 H8 H9 HT HA
E: C4 CT D4 D7 DA S4 S8 ST SJ SQ H7 HJ HK
S: C6 C7 D5 D7 DQ S2 S6 S8 H6 H9 HT HQ HK
W: C4 C9 CA D3 D4 D8 D9 DK S4 S7 ST H8 HJ
N: C3 C8 CK D2 DT S3 S5 S9 SJ SK SA H4 H5
E: C2 C5 CT CJ CQ D6 DJ DA SQ H2 H3 H7 HA
S: C2 C5 C9 D4 D7 DT DK S3 S9 SJ H5 H8 H9
W: C7 C8 CT CQ D2 DJ DQ DA S2 S7 H6 HQ HK
N: C3 C4 C6 CK CA D6 S4 S5 S6 ST SQ SA H4
E: CJ D3 D5 D8 D9 S8 SK H2 H3 H7 HT HJ HA
S: C4 C9 CK D4 DT DJ DA S6 S8 H4 H5 HT HJ
W: C8 CQ D6 D8 D9 S2 S9 SJ SQ SA H2 H6 H7
N: C2 C3 CA D2 D5 DK S4 S5 ST SK H3 HQ HK
E: C5 C6 C7 CT CJ D3 D7 DQ S3 S7 H8 H9 HA
S: C4 C6 C8 CJ D4 DT DQ DK ST SK H5 H7 HT
W: C5 CT CQ CK D2 D3 DJ S6 S8 H8 HJ HK HA
N: C9 CA D7 D8 S5 S9 SQ SA H2 H3 H4 H6 H9
E: C2 C3 C7 D5 D6 D9 DA S2 S3 S4 S7 SJ HQ
S: C3 C5 C6 C8 C9 CA D5 DQ S8 ST SK H6 HK
W: C7 CT CJ CQ D4 DT DJ DA S2 S6 H8 HT HJ
N: C2 D2 D3 D8 D9 DK S3 S4 H2 H3 H7 H9 HA
E: C4 CK D6 D7 S5 S7 S9 SJ SQ SA H4 H5 HQ
S: CJ D2 D3 D8 DK S4 S7 S9 SJ SQ H6 HJ HK
W: C3 CK CA D7 DQ DA S5 S6 H7 H8 H9 HT HA
N: C2 C4 C6 C7 C9 D4 D5 D6 S2 S8 ST H2 H5
E: C5 C8 CT CQ D9 DT DJ S3 SK SA H3 H4 HQ
S: C2 C5 CQ D3 D5 D8 DK DA S8 S9 ST H8 H9
W: C3 C6 CJ CA D6 S2 S4 S6 SQ SA H3 H5 HT
N: C4 C8 CK D2 D4 D7 D9 DT DQ SJ H2 H4 HK
E: C7 C9 CT DJ S3 S5 S7 SK H6 H7 HJ HQ HA
S: C4 C5 C7 D3 D7 DK S6 S8 ST SJ SA H5 H9
W: C6 D5 DT DQ DA S3 S5 SK H2 H4 H8 HJ HK
N: C2 C8 CT CJ CQ D2 D4 D9 S9 SQ H3 H6 H7
E: C3 C9 CK CA D6 D8 DJ S2 S4 S7 HT HQ HA
S: C7 C9 CT CA D4 D5 S5 ST SA H4 H5 HJ HK
W: C4 C6 D3 D8 D9 DJ DQ DA S3 S4 S8 SK H6
N: C2 C5 CQ D6 D7 S2 S6 S7 S9 SQ H3 H8 HT
E: C3 C8 CJ CK D2 DT DK SJ H2 H7 H9 HQ HA
S: C2 C3 C8 C9 CK S2 S6 SJ SQ H7 HT HJ HK
W: C5 C6 C7 D2 D8 D9 DK DA S5 S7 H3 H6 HQ
N: C4 CT CJ D3 D4 DQ S4 S8 S9 SK H2 H5 H8
E: CQ CA D5 D6 D7 DT DJ S3 ST SA H4 H9 HA
S: C8 CJ CK D2 D8 D9 DJ DQ S5 S6 SK H8 HA
W: C3 C4 C5 D5 D6 D7 S2 S7 S9 H3 H7 HT HK
N: C2 C6 C9 CT CA DT DK DA SQ H4 H5 H6 HJ
E: C7 CQ D3 D4 S3 S4 S8 ST SJ SA H2 H9 HQ
S: C7 C9 CJ CA D3 D5 DA S4 S5 SJ SA H7 H9
W: C2 C6 D6 DJ S2 SQ SK H2 H4 H5 H6 HK HA
N: C4 C5 C8 D2 D4 D7 D8 S7 S8 S9 H3 H8 HT
E: C3 CT CQ CK D9 DT DQ DK S3 S6 ST HJ HQ
S: C4 C6 C8 CK D3 DK S2 S3 S5 S7 SQ H6 HT
W: C7 C9 CJ CA D7 D8 DA S8 SJ SA H4 H5 HA
N: C3 D2 D6 DT DQ S4 S6 ST H3 H7 H8 H9 HJ
E: C2 C5 CT CQ D4 D5 D9 DJ S9 SK H2 HQ HK
S: C2 C5 C7 CJ CK D4 D8 DQ DA S2 S5 H9 HT
W: C6 CT CQ CA DT DK S4 S6 S8 S9 ST SK H5
N: C4 C8 C9 D2 D3 D5 D9 S3 SJ SQ H3 H6 HJ
E: C3 D6 D7 DJ S7 SA H2 H4 H7 H8 HQ HK HA
S: C2 D2 D6 D8 DT DQ S3 SJ H5 H6 H8 H9 HA
W: C5 C6 CJ D9 S4 S9 ST SQ SA H7 HT HQ HK
N: C3 C8 CT CA D4 D7 DJ DK S5 S6 S8 SK H3
E: C4 C7 C9 CQ CK D3 D5 DA S2 S7 H2 H4 HJ
S: C4 C8 D2 D4 D8 DJ S2 S4 H2 H8 HT HQ HA
W: C6 CA D5 D6 D7 D9 DT S5 S7 S9 H3 H7 HJ
N: C3 C9 CT CJ CK DK DA S3 S8 SQ SK SA H6
E: C2 C5 C7 CQ D3 DQ S6 ST SJ H4 H5 H9 HK
S: C6 C8 CT CQ CA D3 S2 S3 S7 S8 S9 SJ HK
W: C5 C9 CK D9 DJ DK S6 SQ SK SA H2 H8 HT
N: C4 C7 CJ D2 D6 D7 D8 DQ DA ST H6 H9 HJ
E: C2 C3 D4 D5 DT S4 S5 H3 H4 H5 H7 HQ HA
S: C3 C6 CT CK D3 DA SK H2 H4 H6 H8 H9 HQ
W: C2 C4 C9 CQ D7 DJ DQ S3 S4 S8 SA HJ HK
N: C5 C7 D6 D8 D9 S5 S6 S7 S9 H3 H5 HT HA
E: C8 CJ CA D2 D4 D5 DT DK S2 ST SJ SQ H7
S: C2 C5 C6 D7 DT DJ S4 S6 S7 SJ H6 H8 HJ
W: C8 C9 CT CQ D2 D9 DK DA S3 S5 S8 SQ SK
N: C7 CJ CK D3 D6 DQ ST SA H2 H3 H5 H9 HA
E: C3 C4 CA D4 D5 D8 S2 S9 H4 H7 HT HQ HK
S: C5 C6 C9 CK D4 DT DJ DK S2 H7 H8 HQ HK
W: C3 C8 CQ D3 S6 S9 ST SJ SA H2 H4 H6 HA
N: C4 C7 D2 D6 D7 D9 DA S4 S5 S7 H3 HT HJ
E: C2 CT CJ CA D5 D8 DQ S3 S8 SQ SK H5 H9
S: C5 CT D8 D9 DT S3 S5 S9 SJ H3 H8 HK HA
W: C3 C4 CA D3 DA S4 S6 S7 ST H2 H5 H6 H7
N: C2 C8 CK D4 D5 D6 DJ DQ SQ SK H4 H9 HT
E: C6 C7 C9 CJ CQ D2 D7 DK S2 S8 SA HJ HQ
S: C4 C8 CJ CQ D2 D6 D8 S4 S7 S9 ST SQ H4
W: C6 C9 CT CK D4 D5 DK S3 S5 SJ H5 H9 HK
N: C3 C7 D7 D9 DT DQ S2 S8 SA H6 H7 HT HA
E: C2 C5 CA D3 DJ DA S6 SK H2 H3 H8 HJ HQ
S: C3 C5 CK D7 DK S2 S6 SJ H4 H7 HT HJ HQ
W: C8 C9 CT CQ CA D8 S4 S5 ST H3 H5 H8 H9
N: C2 C4 CJ D2 D3 D5 DT DA S3 S7 SK SA HA
E: C6 C7 D4 D6 D9 DJ DQ S8 S9 SQ H2 H6 HK
S: C6 C9 CA D7 D8 DT DK DA S6 SQ H6 HQ HA
W: C2 C3 C7 CJ CQ DQ S4 S7 S9 SK H3 H8 H9
N: C4 CT D5 DJ S8 ST SJ SA H5 H7 HT HJ HK
E: C5 C8 CK D2 D3 D4 D6 D9 S2 S3 S5 H2 H4
S: C3 C5 CQ D8 DT DK S2 S4 S7 S8 H3 H5 H9
W: C4 C7 CK DQ DA S3 S5 S6 ST SJ SA H8 HA
N: C2 C9 CA D3 D5 D9 DJ H6 H7 HT HJ HQ HK
E: C6 C8 CT CJ D2 D4 D6 D7 S9 SQ SK H2 H4
S: C8 CJ CQ CA D2 D6 DJ S3 S5 H7 H8 HQ HK
W: C3 C5 C7 C9 D3 D8 DQ DK DA S8 S9 SK H3
N: C2 CK D4 D5 D9 S2 S6 SJ H2 H4 H5 H6 HA
E: C4 C6 CT D7 DT S4 S7 ST SQ SA H9 HT HJ
S: C4 C7 CT CJ CQ D4 S2 S5 ST SJ H7 H8 HA
W: C2 C3 C5 C6 CA D9 DT S4 S9 SK H3 H4 HQ
N: CK D5 D7 D8 DJ DQ S6 S8 SA H5 H6 H9 HT
E: C8 C9 D2 D3 D6 DK DA S3 S7 SQ H2 HJ HK
S: C2 C6 CJ CA DA S4 S6 S7 S9 ST H2 H7 H8
W: C3 C4 C8 D3 D6 DT S8 SQ SK SA H5 HQ HA
N: C5 C7 D8 D9 DJ DK S2 S5 SJ H3 H4 HT HK
E: C9 CT CQ CK D2 D4 D5 D7 DQ S3 H6 H9 HJ
S: C3 C6 C8 CT CJ D6 DT DJ S3 H4 H5 H9 HT
W: C2 C4 C9 CA D4 D7 DQ DA S2 S5 SJ H6 HQ
N: C5 CQ D8 S6 S9 SQ SA H3 H7 H8 HJ HK HA
E: C7 CK D2 D3 D5 D9 DK S4 S7 S8 ST SK H2
S: C2 C7 D8 D9 DA S3 S5 SQ H3 H4 H6 H9 HT
W: C4 C5 C6 C9 CJ CQ S6 S8 ST SK SA H5 HJ
N: C3 C8 CT D4 D7 DT DK S4 S7 S9 SJ HK HA
E: CK CA D2 D3 D5 D6 DJ DQ S2 H2 H7 H8 HQ
S: C2 C9 CJ CQ D2 D4 D6 D8 S2 S8 H7 H8 H9
W: C4 C7 CK D5 DA S6 S9 SJ SK SA H2 H5 HT
N: C5 C6 CA D3 D7 D9 DQ DK S4 S5 H3 HJ HQ
E: C3 C8 CT DT DJ S3 S7 ST SQ H4 H6 HK HA
S: CK D3 D4 D5 DQ DK S5 S6 S8 SQ H2 H7 HK
W: C4 C5 C6 C8 CT D7 D8 DT S2 S9 ST H6 H8
N: C2 C3 C9 CQ CA D2 DA S7 SA H9 HT HQ HA
E: C7 CJ D6 D9 DJ S3 S4 SJ SK H3 H4 H5 HJ
S: C8 CA D3 D6 DQ DK S2 S9 SQ H3 H6 H9 HA
W: C2 C5 D4 D5 D8 D9 DT DA S6 S8 ST H8 HJ
N: C3 C6 C7 C9 CJ DJ S3 S7 SK SA H2 H5 HT
E: C4 CT CQ CK D2 D7 S4 S5 SJ H4 H7 HQ HK
S: C3 C7 CJ CA D8 DK DA S5 S6 SQ SA H7 HK
W: CQ CK D2 D5 D6 D7 DJ S2 S4 SJ H2 H6 H8
N: C4 C8 CT D3 DT S3 S8 ST H3 HT HJ HQ HA
E: C2 C5 C6 C9 D4 D9 DQ S7 S9 SK H4 H5 H9
S: C4 C8 C9 CJ D2 D3 D4 D7 DJ S6 S7 SK HQ
W: C6 CT CA D5 D9 DQ S9 SJ SQ H3 H6 HT HA
N: C2 C7 CQ CK D8 DA S2 H2 H5 H7 H9 HJ HK
E: C3 C5 D6 DT DK S3 S4 S5 S8 ST SA H4 H8
S: CA D2 D9 DA S3 S4 S5 SJ SK SA H7 HT HA
W: C2 C3 C7 CQ D5 DT S2 S7 S9 H3 H5 H9 HK
N: C4 C8 CT D4 D7 D8 DJ DQ S6 S8 H2 H4 HJ
E: C5 C6 C9 CJ CK D3 D6 DK ST SQ H6 H8 HQ
S: C7 C9 CK D3 D5 D6 D7 DT S9 ST SJ H6 HK
W: C3 CT CA D2 D8 DJ DA S4 S6 H7 H9 HJ HQ
N: C4 C8 D9 DQ DK S2 S5 SA H2 H4 H5 HT HA
E: C2 C5 C6 CJ CQ D4 S3 S7 S8 SQ SK H3 H8
S: C9 CJ CA DK S2 S4 S9 SK H3 H4 HT HQ HA
W: C2 C3 C6 C8 D3 D4 D7 S3 S5 S8 ST H5 H6
N: D5 D6 DJ DQ DA SJ SQ H2 H7 H8 H9 HJ HK
E: C4 C5 C7 CT CQ CK D2 D8 D9 DT S6 S7 SA
S: C2 C6 C7 D8 S5 S9 ST SJ SA H5 HJ HK HA
W: C4 CK D5 D6 D9 DT DQ S3 S4 H6 H7 HT HQ
N: C3 C5 C9 CA D4 DJ DA S2 S6 S7 SK H3 H9
E: C8 CT CJ CQ D2 D3 D7 DK S8 SQ H2 H4 H8
S: C2 C3 C5 C8 D6 D7 S2 S3 S6 S7 S9 H3 H5
W: CJ CA D2 DT DQ DA ST SQ SA H8 H9 HJ HK
N: C6 CQ CK D4 D8 DJ DK SK H2 H4 H7 HQ HA
E: C4 C7 C9 CT D3 D5 D9 S4 S5 S8 SJ H6 HT
S: C5 C7 C9 CT D5 D6 DJ DK DA S8 S9 ST SA
W: C8 D3 D4 DT S7 H4 H5 H6 H7 HJ HQ HK HA
N: C3 C6 CQ D9 DQ S4 S6 SJ SK H2 H3 H8 H9
E: C2 C4 CJ CK CA D2 D7 D8 S2 S3 S5 SQ HT
S: C6 CA D2 D6 D7 DA S6 S9 SJ H3 H4 HJ HQ
W: C3 C4 C8 CJ D5 DK S2 S8 SA H5 H7 HT HK
N: C5 C9 CK D3 D4 D9 DJ DQ S3 S7 H2 H8 H9
E: C2 C7 CT CQ D8 DT S4 S5 ST SQ SK H6 HA
S: C3 C6 C8 CA DJ DA S2 SQ SK SA H6 H8 HK
W: CJ D4 D5 D9 S3 S6 ST H4 H5 H9 HJ HQ HA
N: C2 C5 CQ CK D2 D6 D7 D8 S4 S5 H3 H7 HT
E: C4 C7 C9 CT D3 DT DQ DK S7 S8 S9 SJ H2
S: C2 C3 CA D6 D7 DT DJ DK S7 SK H2 H7 H8
W: C6 C8 C9 D3 D4 D5 S6 S9 ST SA H6 HJ HA
N: C4 C5 C7 D2 DQ DA S2 S4 SJ SQ H9 HT HQ
E: CT CJ CQ CK D8 D9 S3 S5 S8 H3 H4 H5 HK
S: C4 C6 C8 CQ CK D6 DK DA S6 S7 H5 HJ HA
W: C5 CJ D9 DT DQ S2 S4 S9 SJ H2 H7 H9 HQ
N: C2 C3 CT D2 D4 D5 D8 DJ SK SA H3 H4 H6
E: C7 C9 CA D3 D7 S3 S5 S8 ST SQ H8 HT HK
S: C6 C7 C8 C9 D3 DK S2 S5 S7 ST SK HT HQ
W: C4 C5 CA D2 D4 D7 DJ S3 S8 SA H4 H9 HK
N: CK D5 D6 D8 D9 DT DA SJ SQ H5 H6 H8 HJ
E: C2 C3 CT CJ CQ DQ S4 S6 S9 H2 H3 H7 HA
S: C2 C7 C9 CT CQ D4 D9 DT S3 S4 S9 SJ H6
W: C3 C4 C5 C6 C8 D8 DQ DA SA H3 H5 HQ HK
N: CA D2 D3 D5 DK S6 SK H2 H4 H8 H9 HT HA
E: CJ CK D6 D7 DJ S2 S5 S7 S8 ST SQ H7 HJ
S: C6 C8 C9 CJ DT DQ DK S8 S9 SQ H2 HQ HK
W: C4 C7 CQ CA D3 D7 D8 S2 S4 S7 SK SA HA
N: C3 C5 D9 DJ S3 ST SJ H3 H4 H6 H7 H8 H9
E: C2 CT CK D2 D4 D5 D6 DA S5 S6 H5 HT HJ
S: C2 C3 CJ CA D5 D8 D9 DJ S4 SJ SQ HJ HK
W: C6 C9 CK D7 DK S3 S8 S9 SA H7 H9 HT HQ
N: C4 C7 C8 CQ D2 D3 DT DQ S5 S6 S7 ST HA
E: C5 CT D4 D6 DA S2 SK H2 H3 H4 H5 H6 H8
S: C4 C7 CJ CK D3 D4 D5 D7 S2 SJ SA H8 HA
W: C8 CT CQ D6 DT S3 S7 S9 SK H5 HT HQ HK
N: C2 C3 C6 C9 CA D8 DJ DQ DA S5 S8 H3 H6
E: C5 D2 D9 DK S4 S6 ST SQ H2 H4 H7 H9 HJ
S: C2 CT CJ D5 D6 DJ S2 S4 S9 SA H7 HT HJ
W: C3 CQ D2 D3 S5 S7 ST SJ SK H2 H6 H9 HK
N: C5 C6 C7 D4 D7 D9 DT DK DA S3 H8 HQ HA
E: C4 C8 C9 CK CA D8 DQ S6 S8 SQ H3 H4 H5
S: C4 C9 CT D3 D5 D6 D8 S7 S9 H2 H4 HK HA
W: C3 CQ D4 DK S5 S8 SK SA H5 H8 H9 HJ HQ
N: C5 C8 CK D2 D7 D9 DT DJ DQ S2 ST H6 H7
E: C2 C6 C7 CJ CA DA S3 S4 S6 SJ SQ H3 HT
S: C5 C7 CT CQ D4 D5 D7 D8 DJ S3 S7 HJ HK
W: C3 C6 C8 D3 DA S5 S6 SJ SQ SK H3 HT HQ
N: C2 C4 C9 CA D6 D9 DQ S4 ST SA H7 H8 HA
E: CJ CK D2 DT DK S2 S8 S9 H2 H4 H5 H6 H9
S: C9 CA D2 D5 D9 DJ S6 S9 SK H2 H3 H4 H8
W: C4 C6 CT CQ D6 S2 S3 S7 SQ H7 HJ HQ HA
N: C2 C5 C8 CK D8 DT DK DA S5 SA H5 H6 HT
E: C3 C7 CJ D3 D4 D7 DQ S4 S8 ST SJ H9 HK
S: C8 C9 D2 DA S7 S9 ST SQ SK H2 H3 HJ HK
W: C3 C5 CJ CK D3 D4 D5 DK S3 S4 S5 H8 HA
N: C4 C6 CT CA D6 D8 DT DJ DQ S6 SA H7 HT
E: C2 C7 CQ D7 D9 S2 S8 SJ H4 H5 H6 H9 HQ
S: C5 D3 D6 D7 S3 S4 S5 S7 SA H2 H4 HT HQ
W: C2 C8 CQ CK D4 DJ DQ S2 SJ SQ SK H3 H5
N: C3 CT CJ D9 DT DA S6 S9 H6 H8 H9 HJ HA
E: C4 C6 C7 C9 CA D2 D5 D8 DK S8 ST H7 HK
S: C5 C8 CA D3 DQ S3 SQ SA H2 H5 H8 H9 HK
W: C6 CJ CQ D5 DT DJ S4 S6 S8 SJ H3 H7 HJ
N: C2 C3 D2 D4 D6 D7 D8 DK S9 H4 HT HQ HA
E: C4 C7 C9 CT CK D9 DA S2 S5 S7 ST SK H6
S: C6 CJ D3 D5 D6 D7 S2 S3 S5 S9 SJ H3 HK
W: CT D4 D8 DJ S6 S7 S8 SQ SA H5 H6 H8 H9
N: C4 C5 C7 C8 CQ CK DQ DA S4 ST H7 HT HQ
E: C2 C3 C9 CA D2 D9 DT DK SK H2 H4 HJ HA
S: C3 C5 D2 D4 D7 DJ DK S5 S7 H7 HJ HQ HA
W: C8 C9 CJ CA D3 D5 D6 S4 SK H2 H5 H8 HT
N: C6 C7 CT CQ CK DT DQ S6 SJ SQ H3 H4 H6
E: C2 C4 D8 D9 DA S2 S3 S8 S9 ST SA H9 HK
S: C2 C7 CT D2 D3 D8 DT S3 S5 ST SQ H7 H9
W: C4 C5 CJ D4 D6 DK DA SJ SA H4 H5 H8 HQ
N: C6 C8 C9 CA D5 D7 D9 DQ S2 S6 S8 H2 H6
E: C3 CQ CK DJ S4 S7 S9 SK H3 HT HJ HK HA
S: C2 C4 C8 CJ D4 D5 DJ DQ DA S9 H2 H4 HJ
W: C5 C6 C7 CT D7 D9 DT S2 S3 S7 H8 HK HA
N: C9 CA D2 D6 DK S5 S8 SJ SQ SA H6 H7 HT
E: C3 CQ CK D3 D8 S4 S6 ST SK H3 H5 H9 HQ
S: C5 C9 CT D2 D4 D8 DJ DQ S5 SK H5 H8 HQ
W: C3 C4 D9 DT S4 SJ H2 H3 H4 H6 HT HJ HA
N: C6 C7 CK CA D3 D6 D7 DA S8 S9 SA H7 HK
E: C2 C8 CJ CQ D5 DK S2 S3 S6 S7 ST SQ H9
S: C6 C7 CJ CQ D3 D5 DQ DA S3 SK SA H7 H9
W: C5 C9 D4 D7 D9 DK S5 S7 SQ H3 H6 HT HA
N: C3 CA D2 D8 DJ S4 S9 SJ H2 H4 H8 HJ HQ
E: C2 C4 C8 CT CK D6 DT S2 S6 S8 ST H5 HK
S: C2 C8 CQ CA D4 DT S3 S5 S6 SA H2 H7 H9
W: C7 D7 D8 DJ DK DA S2 S7 H5 H8 HT HQ HK
N: C4 C5 C6 CT CJ D2 D5 D6 D9 S4 SQ H4 HA
E: C3 C9 CK D3 DQ S8 S9 ST SJ SK H3 H6 HJ
S: C5 CJ D8 S5 S7 S9 H2 H3 H6 H7 H8 HT HK
W: C4 C6 C7 D3 D6 D7 DT DQ S3 S6 ST SK H5
N: C2 C8 C9 CT CK CA DJ S2 SJ SQ H4 HJ HA
E: C3 CQ D2 D4 D5 D9 DK DA S4 S8 SA H9 HQ
S: C4 C7 C8 C9 CT D2 DT DK H4 H5 H6 H8 HK
W: C6 CA D5 D8 DA S3 S4 S6 S9 SJ H2 HT HQ
N: C5 CQ CK D3 D7 DJ DQ S8 ST SQ SK H7 HA
E: C2 C3 CJ D4 D6 D9 S2 S5 S7 SA H3 H9 HJ
S: C3 C4 C7 D2 D3 D7 DJ S7 SQ H6 H9 HJ HK
W: C2 C6 C9 CT CQ D4 D9 DA S8 S9 H2 H7 HT
N: C5 C8 CJ CA D5 D6 D8 DT S6 SJ H3 H5 HQ
E: CK DQ DK S2 S3 S4 S5 ST SK SA H4 H8 HA
S: C3 C7 D3 D5 D7 S3 S7 S8 ST SK SA H9 HA
W: C2 C8 DK S2 S4 S5 S9 SQ H6 H7 H8 HQ HK
N: C6 C9 CJ CA D4 D9 DT DJ DA S6 SJ H3 H5
E: C4 C5 CT CQ CK D2 D6 D8 DQ H2 H4 HT HJ
S: C8 CJ D3 D6 D8 DK S2 S5 S8 SK H3 H5 HK
W: C6 C9 CT CK CA D4 D9 S6 S9 SJ SA H4 HJ
N: C2 C5 C7 CQ D7 DJ DQ ST SQ H2 H6 H7 HQ
E: C3 C4 D2 D5 DT DA S3 S4 S7 H8 H9 HT HA
S: C3 CT CQ CK CA D2 D9 DT S4 SJ H5 H6 H8
W: C2 C8 D4 D5 DJ DQ DK S2 S7 S9 SK HT HJ
N: C5 D3 D6 D8 DA S3 S5 S6 H4 H7 H9 HK HA
E: C4 C6 C7 C9 CJ D7 S8 ST SQ SA H2 H3 HQ
S: C2 C6 D2 D3 D9 DT S3 S5 SA H6 H7 H8 H9
W: C3 C4 CT CK CA D4 S4 S6 S8 SJ H3 HJ HQ
N: CQ D5 D6 D7 DJ DK S9 SQ H2 H4 H5 HK HA
E: C5 C7 C8 C9 CJ D8 DQ DA S2 S7 ST SK HT
S: C3 C4 D5 DJ S2 S5 S6 SJ SQ H5 HT HJ HQ
W: CA D3 D4 D6 D7 D9 DQ DA S4 SA H2 H8 HA
N: C6 C7 C8 C9 DK S3 S8 ST H4 H6 H7 H9 HK
E: C2 C5 CT CJ CQ CK D2 D8 DT S7 S9 SK H3
S: C2 C4 C8 CJ CA D7 D8 D9 DT S6 S7 SQ HQ
W: C5 CT CQ D3 D5 DK S3 SA H3 H6 H7 H8 HJ
N: C6 C7 D4 DJ S5 S8 ST SK H2 H9 HT HK HA
E: C3 C9 CK D2 D6 DQ DA S2 S4 S9 SJ H4 H5
S: CT CJ CK CA D6 D7 D8 DT S5 S8 H3 H6 H9
W: C5 C7 C8 D4 DK S4 S6 ST SQ SK H4 HT HK
N: C2 C3 C6 D2 D3 D9 DQ S2 SJ H2 H5 H8 HJ
E: C4 C9 CQ D5 DJ DA S3 S7 S9 SA H7 HQ HA
S: C7 CT CA D2 D9 DT S7 SQ SA H2 H3 H6 H8
W: C4 C6 CJ D4 D5 D6 D8 S8 SJ SK H4 HK HA
N: C5 C8 CQ CK D7 DQ DK S2 S3 S5 S9 H5 H9
E: C2 C3 C9 D3 DJ DA S4 S6 ST H7 HT HJ HQ
S: DT DJ DA S4 S5 SJ SQ H2 H3 H6 HJ HQ HA
W: C2 C3 C4 C5 C7 CQ CK D9 DK S8 ST SA H5
N: C6 C8 CT CJ D3 D5 D8 S3 S6 SK H7 HT HK
E: C9 CA D2 D4 D6 D7 DQ S2 S7 S9 H4 H8 H9
S: C4 C7 D2 D6 D9 DT S4 SQ SA H2 H5 HT HA
W: C2 C9 CK D7 DA S2 S6 S8 SJ H3 H4 H9 HQ
N: C3 C5 C6 CJ CQ CA D3 D5 DQ DK ST H8 HK
E: C8 CT D4 D8 DJ S3 S5 S7 S9 SK H6 H7 HJ
S: C5 CA D3 D7 S5 S6 ST SQ H3 H5 HT HQ HK
W: C6 C7 CT CJ D2 DJ S2 S3 S4 S7 SJ SA HJ
N: C3 C8 C9 CQ D4 D6 D9 DQ S8 SK H7 H8 H9
E: C2 C4 CK D5 D8 DT DK DA S9 H2 H4 H6 HA
S: C2 C7 C8 D4 DT DQ DK S2 S6 SQ H3 H9 HT
W: C3 CQ CK D7 DJ S3 S5 S8 S9 SA H5 HK HA
N: C4 C6 C9 CT CJ CA D3 D5 D9 S4 H2 H4 HQ
E: C5 D2 D6 D8 DA S7 ST SJ SK H6 H7 H8 HJ
S: C5 C6 D2 D7 DQ ST SJ SQ SK SA H2 H8 H9
W: D5 D6 D9 DJ DK DA S4 S5 S6 S8 H3 HJ HA
N: C2 C3 C4 C9 CJ CQ D4 DT S9 H4 H5 HQ HK
E: C7 C8 CT CK CA D3 D8 S2 S3 S7 H6 H7 HT
S: C4 C5 CT CQ CA D3 DT DA S3 S5 S8 H3 HJ
W: C6 C7 C8 D8 D9 S2 S7 S9 SQ H2 H8 HT HA
N: C2 C9 CK D2 D4 D5 D6 D7 DQ DK SK H6 H9
E: C3 CJ DJ S4 S6 ST SJ SA H4 H5 H7 HQ HK
S: C4 C8 CJ DJ DK S4 SK SA H2 H7 H8 HT HQ
W: C9 CT CQ D4 D5 D6 D7 D8 S3 S5 S7 SQ HK
N: C2 C5 C7 CA D2 D3 D9 DQ ST H3 H4 H5 H6
E: C3 C6 CK DT DA S2 S6 S8 S9 SJ H9 HJ HA
S: C3 CT CJ CQ D5 DK ST SJ SQ H5 H6 H8 HK
W: C5 C7 C9 D8 DA S3 S4 S8 S9 SA H2 HJ HQ
N: C4 C6 C8 CA D3 D4 DT DJ S2 S6 S7 H9 HA
E: C2 CK D2 D6 D7 D9 DQ S5 SK H3 H4 H7 HT
S: C6 CT CK D2 D4 D9 DJ DK S7 SK H6 HQ HK
W: C2 C8 D3 D5 D7 DA SJ SQ SA H3 H4 H7 H9
N: C4 C5 C9 CJ DT DQ S4 S6 S9 H2 H5 HJ HA
E: C3 C7 CQ CA D6 D8 S2 S3 S5 S8 ST H8 HT
S: C5 CK CA D5 D8 D9 DT S3 S8 ST H6 H7 HJ
W: C2 C4 C8 D3 D7 S2 S4 S7 SJ SK H2 H3 HK
N: C6 D2 D4 D6 DJ DK S6 SQ H4 H8 H9 HT HQ
E: C3 C7 C9 CT CJ CQ DQ DA S5 S9 SA H5 HA
S: C8 D3 D6 D7 DQ S2 S6 S7 S9 SQ H3 H9 HT
W: C3 C4 C6 C7 CJ CA DJ DK DA H4 HJ HQ HK
N: CT CQ D2 D4 DT S3 S4 S5 S8 SK H2 H5 H8
E: C2 C5 C9 CK D5 D8 D9 ST SJ SA H6 H7 HA
S: C7 C9 CT CJ D2 D3 D4 D8 D9 DK DA H2 HJ
W: C2 CA DT DQ S4 S7 S8 ST SJ SA H4 H6 HQ
N: C3 C5 C8 CQ D5 D6 D7 S3 S5 SQ H9 HT HK
E: C4 C6 CK DJ S2 S6 S9 SK H3 H5 H7 H8 HA
S: C2 C3 C5 C7 C9 CJ D8 D9 DA S2 S6 S9 H9
W: CQ D3 D5 D7 DK S3 S5 ST SA H2 H7 HT HK
N: C8 D2 DT DQ S7 S8 SJ SK H3 H4 H6 HJ HQ
E: C4 C6 CT CK CA D4 D6 DJ S4 SQ H5 H8 HA
S: C4 CJ D2 D3 D6 D9 DQ DK DA SQ SK H4 H7
W: C3 C5 C8 D8 DT S2 S6 ST SJ H3 HT HJ HK
N: C6 C9 CT CA D4 S3 S4 S5 S9 SA H5 H8 H9
E: C2 C7 CQ CK D5 D7 DJ S7 S8 H2 H6 HQ HA
S: C3 CT CA D5 D9 DT S5 S8 SK H5 HJ HK HA
W: C2 CQ CK D4 D6 DA S9 SQ SA H2 H9 HT HQ
N: C6 C7 C9 CJ D7 D8 S3 S4 S7 ST SJ H4 H6
E: C4 C5 C8 D2 D3 DJ DQ DK S2 S6 H3 H7 H8
S: C2 C9 D2 DT DQ DK S2 S5 S6 H6 H9 HT HK
W: C4 C8 CJ D4 D6 D9 DA S4 S8 SJ SQ H8 HJ
N: CQ D3 D7 D8 DJ S3 S9 ST SK SA H2 H4 HA
E: C3 C5 C6 C7 CT CK CA D5 S7 H3 H5 H7 HQ
S: C4 C8 C9 CK D4 D5 DQ S9 SJ SK H7 HT HQ
W: C5 CA D2 D3 D7 D8 DT DJ DK S6 S8 H3 HJ
N: C3 C7 CT S3 S4 S5 S7 ST H2 H4 H6 H9 HA
E: C2 C6 CJ CQ D6 D9 DA S2 SQ SA H5 H8 HK
S: C2 C7 CJ D3 D4 D8 D9 DT S6 H2 H9 HT HQ
W: C5 CK D2 DJ S2 S9 ST SK SA H5 H7 H8 HK
N: C9 CT CQ D6 D7 DK S4 S5 SJ SQ H3 H6 HA
E: C3 C4 C6 C8 CA D5 DQ DA S3 S7 S8 H4 HJ
S: C7 D2 D3 D4 D6 D8 S9 SA H2 H3 H4 H5 H8
W: C2 C6 C9 CQ CK D9 DT DJ DQ S3 S5 SK HJ
N: C8 CA D5 DK DA S2 S4 S6 S7 ST H9 HK HA
E: C3 C4 C5 CT CJ D7 S8 SJ SQ H6 H7 HT HQ
S: C2 C6 C7 CJ CQ DT DJ DQ S4 SQ SA H8 HQ
W: C4 C5 C8 CT CA D4 D5 S7 S9 H9 HT HJ HK
N: C3 C9 D3 D6 D9 DK DA S3 S6 SK H4 H7 HA
E: CK D2 D7 D8 S2 S5 S8 ST SJ H2 H3 H5 H6
S: C2 CQ D2 D4 D9 S2 S4 S9 ST SQ H8 H9 HJ
W: C3 C4 C6 C7 C9 CT CK DJ DA S6 H4 H7 HK
N: C5 CA D5 S3 S5 S7 SJ SK SA H3 H5 HQ HA
E: C8 CJ D3 D6 D7 D8 DT DQ DK S8 H2 H6 HT
S: C5 C8 CT CQ D9 DA S2 SJ SA H4 H9 HJ HQ
W: C3 C4 C7 D2 D8 DT DJ DQ S4 S8 SK HK HA
N: C9 CA D6 D7 DK S6 S7 S9 ST H2 H6 H7 H8
E: C2 C6 CJ CK D3 D4 D5 S3 S5 SQ H3 H5 HT
S: C4 CJ CQ D8 DT DJ S2 S6 SJ SK H4 HT HQ
W: C2 C8 CT CA D2 D7 DK DA S7 S8 SA H2 HK
N: C3 C5 C9 D3 D5 D6 DQ S5 ST SQ H3 H5 H6
E: C6 C7 CK D4 D9 S3 S4 S9 H7 H8 H9 HJ HA
S: C8 D2 D5 D6 DA S4 S8 S9 SJ H3 H6 HT HA
W: C2 C3 C4 C6 D8 DK S2 S3 SQ H4 H9 HJ HQ
N: C7 C9 CT CJ CQ D4 DQ S6 ST SK SA H5 H7
E: C5 CK CA D3 D7 D9 DT DJ S5 S7 H2 H8 HK
S: C4 C8 C9 CQ D2 D6 D9 DT DQ DK S6 S7 SA
W: C3 CJ CK D3 D4 D7 D8 S3 S4 S5 SQ H8 HK
N: C2 CA D5 DA S2 SJ H3 H4 H5 H7 H9 HT HJ
E: C5 C6 C7 CT DJ S8 S9 ST SK H2 H6 HQ HA
S: C6 CK CA DA S2 S6 S8 SQ SA H5 H7 H8 HJ
W: C2 C3 C4 C8 C9 CJ D8 S4 H3 H4 H9 HQ HK
N: C5 C7 CT CQ D3 D6 D9 DT DJ DK H2 H6 HT
E: D2 D4 D5 D7 DQ S3 S5 S7 S9 ST SJ SK HA
S: C3 C7 CQ D3 D4 DT DQ S2 SK H3 H4 HQ HA
W: C2 C4 C9 D8 DJ DA S5 S7 S8 ST H2 H8 HK
N: C5 C6 C8 CT CK D5 D6 DK S4 S9 SJ SQ HJ
E: CJ CA D2 D7 D9 S3 S6 SA H5 H6 H7 H9 HT
S: D3 D6 D7 D9 DQ DA S3 S4 S7 SQ H3 H9 HJ
W: C5 C6 C8 CK CA D5 D8 DJ S9 SK H7 HT HQ
N: C2 C3 C4 C7 CQ D4 DT S2 S6 ST H4 H5 H8
E: C9 CT CJ D2 DK S5 S8 SJ SA H2 H6 HK HA
S: C4 C5 C7 C8 CJ CA D2 D8 DT DK ST H8 HT
W: C9 CT D4 D5 S3 S4 S5 S9 SQ SK H2 HJ HA
N: C2 CQ D3 D6 D9 DA S7 S8 H3 H5 H7 H9 HQ
E: C3 C6 CK D7 DJ DQ S2 S6 SJ SA H4 H6 HK
S: C2 C3 C4 C7 C8 CJ D4 D9 DT DQ S2 S8 HT
W: C6 CK CA D3 D5 D6 DA S9 SJ SQ H3 H8 H9
N: CT CQ D2 D7 D8 DK S3 S4 S5 S7 H2 H5 HA
E: C5 C9 DJ S6 ST SK SA H4 H6 H7 HJ HQ HK
S: C7 C8 C9 CA D2 D8 D9 DA S6 S7 SJ H5 H8
W: C2 C3 CT D4 D6 DT DJ DQ S9 H2 H3 HJ HA
N: C6 CK D3 D5 D7 DK S3 S8 SQ SA H6 HT HQ
E: C4 C5 CJ CQ S2 S4 S5 ST SK H4 H7 H9 HK
S: C8 CJ CQ D3 D4 DA S6 S8 SQ SK H5 H6 HK
W: C2 D2 D5 D8 D9 DJ S3 S7 SA H3 H7 H8 HT
N: C3 C4 C5 C7 C9 D6 D7 DK S2 S9 SJ HJ HA
E: C6 CT CK CA DT DQ S4 S5 ST H2 H4 H9 HQ
S: C9 CQ DJ S7 S8 S9 SK H3 H5 H7 HT HJ HQ
W: C4 C6 C7 CJ D2 D5 D7 DA S2 S3 ST H9 HK
N: C5 C8 CK CA D3 D4 D6 D8 D9 DK S5 S6 SQ
E: C2 C3 CT DT DQ S4 SJ SA H2 H4 H6 H8 HA
S: C6 CJ D3 D6 D7 DJ S3 S8 SJ SK H4 H6 HQ
W: C5 C8 C9 CQ CK D8 DK DA S7 SQ H8 H9 HJ
N: C2 C3 C4 C7 CT D2 D4 D5 DQ S5 S6 H7 HA
E: CA D9 DT S2 S4 S9 ST SA H2 H3 H5 HT HK
S: C7 C8 CA D6 D8 D9 DK S7 S8 SK H4 HT HQ
W: C4 D2 D3 D7 DT DQ S2 S5 S6 ST SJ H5 H6
N: CT CJ CQ CK D5 DJ DA S3 S4 S9 H3 H9 HA
E: C2 C3 C5 C6 C9 D4 SQ SA H2 H7 H8 HJ HK
S: C3 C4 CT D9 DJ DA S2 S4 S9 SK SA HT HJ
W: C2 C6 C7 CK CA D2 D7 S6 S7 ST SJ H4 H9
N: C5 C8 C9 CQ D3 D4 D6 D8 DQ S3 S5 H5 H8
E: CJ D5 DT DK S8 SQ H2 H3 H6 H7 HQ HK HA
S: C2 C8 CJ CK DQ S5 S6 S7 S8 H4 H9 HQ HK
W: C3 C7 CQ D3 D5 D7 DT DK DA SJ H5 H6 H8
N: C5 C9 CT CA D4 D8 S3 S4 ST SK H3 HT HJ
E: C4 C6 D2 D6 D9 DJ S2 S9 SQ SA H2 H7 HA
S: C4 CA D4 D7 D8 DT DA SK SA H2 H7 H8 HT
W: C5 C7 CT CJ CK D2 D9 DK S3 S4 S5 S8 SQ
N: C2 C6 C9 D5 DJ DQ S9 SJ H5 H9 HJ HQ HA
E: C3 C8 CQ D3 D6 S2 S6 S7 ST H3 H4 H6 HK
S: C4 C7 D2 D3 D7 D8 S3 S9 SQ H2 H3 H7 HT
W: C5 C8 CJ D5 DJ DK S4 S5 S8 SK H5 HJ HK
N: C2 C6 C9 CT CK CA D9 DA S6 S7 ST SA HQ
E: C3 CQ D4 D6 DT DQ S2 SJ H4 H6 H8 H9 HA
S: D7 S4 S9 ST SK H2 H3 H4 H5 H7 H8 HT HJ
W: C2 C5 C9 CQ CK CA D3 D8 DT DK S6 SJ HQ
N: C3 C4 CT D5 DJ DQ DA S2 S3 S5 H6 H9 HA
E: C6 C7 C8 CJ D2 D4 D6 D9 S7 S8 SQ SA HK
S: C2 C4 C5 C9 CJ D6 DJ S7 S9 SJ SA H2 H9
W: C8 CK D5 D9 DT DQ S2 S6 SQ SK H3 H6 HA
N: C3 CT D7 D8 DA S3 S4 S5 ST H4 H8 HT HQ
E: C6 C7 CQ CA D2 D3 D4 DK S8 H5 H7 HJ HK
S: C2 C3 C8 C9 D5 DT DA SQ H6 H7 HJ HK HA
W: C5 C6 CK D2 DK S6 S9 SK SA H2 H4 H9 HQ
N: CT CJ CA D4 DQ S3 S4 S5 S7 SJ H5 H8 HT
E: C4 C7 CQ D3 D6 D7 D8 D9 DJ S2 S8 ST H3
S: C6 C9 CQ D5 D8 S6 S7 SQ SA H5 H6 H7 HA
W: C2 C5 D2 D6 DJ DK S2 S5 ST SJ H2 H4 HK
N: C4 CT CJ D3 D4 D9 DT S3 S4 S9 SK H9 HJ
E: C3 C7 C8 CK CA D7 DQ DA S8 H3 H8 HT HQ
S: C8 D9 DT DQ DK S4 S5 H2 H3 H5 H9 HJ HA
W: C3 C4 C5 C6 CT CA D4 DA S2 SK SA HT HK
N: C7 CJ CK D3 D5 D6 S8 S9 SJ SQ H4 H6 H8
E: C2 C9 CQ D2 D7 D8 DJ S3 S6 S7 ST H7 HQ
S: C4 C5 C6 C7 CQ CA D9 DA S2 S3 S7 H6 HJ
W: D3 D4 D5 DJ DQ SJ H3 H4 H5 H9 HT HK HA
N: C2 C3 C8 CK D6 D8 DT DK S5 SK H7 H8 HQ
E: C9 CT CJ D2 D7 S4 S6 S8 S9 ST SQ SA H2
S: C2 C6 CJ CA D6 D7 DT S3 S5 SJ H2 H6 H8
W: C9 D4 D8 DJ DK S4 S6 S8 SK H5 H7 HT HQ
N: C4 C7 C8 CT CK D5 D9 S9 ST SA H3 H4 H9
E: C3 C5 CQ D2 D3 DQ DA S2 S7 SQ HJ HK HA
S: C2 C5 CT CJ CQ CK CA D8 S3 S4 S5 SA H4
W: C6 C7 D2 D3 D6 D7 DK DA S6 SQ H3 H6 HQ
N: C4 C9 D4 DT S2 S7 S8 S9 SJ H2 H9 HJ HA
E: C3 C8 D5 D9 DJ DQ ST SK H5 H7 H8 HT HK
S: C3 C4 C5 C9 D5 D8 DJ S2 S4 S6 SJ H5 HT
W: C2 D4 D6 DA S5 S8 S9 SQ H4 H7 HJ HQ HK
N: C7 CJ CK CA D3 D9 DT S3 S7 ST SK H2 HA
E: C6 C8 CT CQ D2 D7 DQ DK SA H3 H6 H8 H9
S: C2 C7 CT CQ D4 DQ S3 S4 S9 SJ SQ SA H7
W: C6 C9 CA D2 D6 D7 DT DJ S2 S7 SK H3 H5
N: C3 C4 C5 C8 D5 D9 DA S6 ST H2 HT HJ HK
E: CJ CK D3 D8 DK S5 S8 H4 H6 H8 H9 HQ HA
S: C2 C3 C6 C7 D4 D7 DA S2 S3 S6 SK SA H5
W: C5 C9 CT D8 D9 DK S5 S7 H3 H8 HQ HK HA
N: C4 CJ D2 D5 D6 DT DQ S9 ST H2 H4 H7 HJ
E: C8 CQ CK CA D3 DJ S4 S8 SJ SQ H6 H9 HT
S: C4 C5 C6 C9 CT CK D2 DT DK S4 S7 S9 ST
W: C3 C8 CJ CA D4 D9 DA S5 S8 H2 H6 H7 HJ
N: D7 D8 DQ S3 SQ SK SA H3 H5 H8 H9 HQ HA
E: C2 C7 CQ D3 D5 D6 DJ S2 S6 SJ H4 HT HK
S: C3 C9 CQ CK CA D7 DQ S3 S6 SJ SQ SK H8
W: C2 C5 C6 C8 D3 D6 D9 DA S4 S5 H3 H9 HK
N: C7 D2 D5 D8 DT DK S2 S7 S8 S9 H4 HQ HA
E: C4 CT CJ D4 DJ ST SA H2 H5 H6 H7 HT HJ
S: C3 C9 D2 D7 DJ DK S3 S4 S5 S8 S9 H4 H9
W: C6 C7 CQ D4 D8 DQ S2 S6 H5 H6 HJ HQ HA
N: C4 CJ CK D5 D6 D9 DA S7 SJ SQ SA H3 H7
E: C2 C5 C8 CT CA D3 DT ST SK H2 H8 HT HK
S: C8 CT CK CA D8 DJ DK S8 ST SK H3 H4 H8
W: C2 C5 CQ D7 D9 S4 S5 S6 SA H2 H7 HK HA
N: C3 C4 CJ D4 D5 DT DA S2 SJ SQ H6 HT HQ
E: C6 C7 C9 D2 D3 D6 DQ S3 S7 S9 H5 H9 HJ
S: C4 C7 CT CK D8 DJ DQ S2 S4 S5 SK H4 HJ
W: C2 C3 C5 C9 CQ D2 D5 D9 S9 ST SA HK HA
N: C8 CJ D3 DT DA S3 S6 SJ SQ H3 H5 H9 HQ
E: C6 CA D4 D6 D7 DK S7 S8 H2 H6 H7 H8 HT
S: C2 C5 C6 CQ D2 D4 D8 DT DJ SJ H6 HJ HA
W: C3 C4 C7 CK CA D5 DK S2 S5 S9 H3 H4 HK
N: C9 CT CJ D3 D6 D9 DA S4 S7 SK SA H7 H9
E: C8 D7 DQ S3 S6 S8 ST SQ H2 H5 H8 HT HQ
