S: C2 C4 C6 D4 D6 D9 S3 H2 H3 HT HJ HQ HK
W: C8 D7 S5 S7 S8 S9 SJ SQ SK H5 H6 H7 H9
N: C3 C9 CJ CQ CK D2 D5 D8 DT DJ DA S6 H4
E: C5 C7 CT CA D3 DQ DK S2 S4 ST SA H8 HA
S: C6 C8 CK D4 D5 D8 S4 S6 SJ SQ H2 H5 HT
W: C3 C9 CT CQ D2 D3 DK DA S9 ST H8 HQ HA
N: C2 C5 D6 D7 DT DQ S2 S3 SK H3 H9 HJ HK
E: C4 C7 CJ CA D9 DJ S5 S7 S8 SA H4 H6 H7
S: C3 CJ D6 DQ DK S2 S3 S8 H4 H5 H9 HT HQ
W: C5 C8 CK D4 DT DJ S5 S6 ST SA H2 H3 H7
N: C2 C4 C6 D2 D3 D5 D7 D8 S7 S9 H8 HK HA
E: C7 C9 CT CQ CA D9 DA S4 SJ SQ SK H6 HJ
S: C6 C8 CT D2 D4 D9 DK DA S4 S9 H5 H7 H8
W: CJ CK D5 D8 DT S3 S5 S7 SQ SA H4 H6 HJ
N: C4 C7 CQ CA D6 D7 DJ DQ S2 S6 ST HQ HA
E: C2 C3 C5 C9 D3 S8 SJ SK H2 H3 H9 HT HK
S: C3 C6 CJ D7 D8 D9 DJ S6 SK H2 H6 HT HA
W: C4 CK CA D6 DT S9 ST H4 H5 H9 HJ HQ HK
N: C5 C7 C8 CQ D2 D3 DK DA S5 SQ SA H3 H8
E: C2 C9 CT D4 D5 DQ S2 S3 S4 S7 S8 SJ H7
S: C8 D2 D4 D7 DT DQ S3 S6 ST SK H3 H5 H7
W: C4 C9 D5 DJ DA S7 S8 S9 SQ H2 H4 H9 HJ
N: C5 C6 C7 CT CJ D9 DK S2 S4 S5 SJ H8 HA
E: C2 C3 CQ CK CA D3 D6 D8 SA H6 HT HQ HK
S: C4 C8 CQ D3 D4 D6 S2 S3 S7 SQ H7 H8 HJ
W: C5 CA D2 D7 D9 DT DK S4 SK SA H2 HT HK
N: C3 C9 CT CJ D5 S6 S8 H3 H4 H5 H6 H9 HQ
E: C2 C6 C7 CK D8 DJ DQ DA S5 S9 ST SJ HA
S: C4 C8 CK CA D2 DT DK DA S5 S8 H3 H6 HK
W: C2 C6 C9 D7 D8 D9 S2 S7 SJ H8 H9 HJ HA
N: C5 C7 CT D3 D5 D6 S3 S4 S6 S9 SA H5 HT
E: C3 CJ CQ D4 DJ DQ ST SQ SK H2 H4 H7 HQ
S: C2 C3 C7 D3 D5 D6 D8 DQ S9 SA H7 HT HK
W: C4 C8 D7 DT S4 S5 S6 SQ SK H4 H8 H9 HA
N: C9 CQ D2 D4 DJ S2 S3 S7 S8 ST SJ H3 H6
E: C5 C6 CT CJ CK CA D9 DK DA H2 H5 HJ HQ
S: C5 C9 CA D2 D3 DT DK S3 S6 S8 SK H8 HA
W: C2 C6 C7 CQ CK D8 S2 S7 ST SA H3 H5 HJ
N: C3 CT CJ D5 D7 D9 DJ DQ S5 H2 H6 H9 HT
E: C4 C8 D4 D6 DA S4 S9 SJ SQ H4 H7 HQ HK
S: C2 C6 C7 D6 DT DJ S2 S3 S7 S8 H8 H9 HQ
W: C8 CK D5 D8 DK DA S4 S5 H4 H6 H7 HJ HA
N: C3 C5 C9 CT CA D3 D4 S6 ST SJ SQ H3 HK
E: C4 CJ CQ D2 D7 D9 DQ S9 SK SA H2 H5 HT
S: C4 C5 CT D2 D9 DJ DQ SQ H5 H9 HJ HQ HK
W: C2 C3 C8 CQ D3 D5 S2 S7 S8 S9 SA H4 H8
N: C6 C7 C9 CJ DT S3 ST SJ SK H2 H6 H7 HT
E: CK CA D4 D6 D7 D8 DK DA S4 S5 S6 H3 HA
S: CK D5 D7 DT DK S3 S4 S7 ST H4 H9 HT HQ
W: C3 C7 C8 C9 CQ D9 DQ S5 S6 H2 H3 H5 HK
N: C5 C6 CT CJ CA D4 D6 S2 S9 SJ SK SA HJ
E: C2 C4 D2 D3 D8 DJ DA S8 SQ H6 H7 H8 HA
S: C5 CJ CK D2 D4 D9 S4 S5 SJ H3 H4 H6 H8
W: C4 C6 D5 D7 DT S2 S3 S7 S9 SK SA H9 HA
N: C2 C3 C7 C9 CQ D8 DJ S8 ST H5 HT HQ HK
E: C8 CT CA D3 D6 DQ DK DA S6 SQ H2 H7 HJ
S: C3 CQ D2 D3 D4 D7 DT S3 S6 SK SA H5 HT
W: C2 C4 CA D5 DQ DK S4 S5 S8 H2 H4 H8 HJ
N: C5 C8 CK D6 D8 DJ S7 SJ SQ H3 H6 HK HA
E: C6 C7 C9 CT CJ D9 DA S2 S9 ST H7 H9 HQ
S: C3 CJ D4 D5 D6 D7 D8 S5 H5 H7 H8 HT HA
W: C6 C8 C9 D2 D3 D9 DT DJ DQ DK S9 H6 HJ
N: C2 C5 CA DA S3 S6 SJ SQ H2 H3 H9 HQ HK
E: C4 C7 CT CQ CK S2 S4 S7 S8 ST SK SA H4
S: C3 C4 CT CQ D7 D9 DT DK S7 SQ SA H2 HJ
W: C5 C9 CJ CK D2 D3 SK H5 H6 H7 H9 HK HA
N: C2 C6 C7 D6 D8 DJ DA S2 S4 S6 SJ H4 H8
E: C8 CA D4 D5 DQ S3 S5 S8 S9 ST H3 HT HQ
S: C2 C3 C5 C9 CJ CK D2 D6 D8 D9 ST SK H8
W: C4 C6 CQ D4 DJ S2 S3 S6 S9 SA H6 H7 HQ
N: C8 CT DQ DK DA S7 SJ SQ H2 H3 H4 H5 HK
E: C7 CA D3 D5 D7 DT S4 S5 S8 H9 HT HJ HA
S: C6 C7 C8 CK D4 DQ DA S2 S5 S8 SA H4 HT
W: C9 CJ D3 DT DJ DK S3 S6 H6 H9 HJ HQ HA
N: C3 C4 C5 CT D2 D5 D6 D8 S4 ST SQ H2 H3
E: C2 CQ CA D7 D9 S7 S9 SJ SK H5 H7 H8 HK
S: C2 C4 CQ D7 D8 D9 DA S2 SA H4 H6 HQ HK
W: C5 C6 C9 CJ CA D4 DK S6 S7 S9 SJ H2 HT
N: C3 CK D6 S3 S4 S8 ST SQ H3 H5 H7 H8 H9
E: C7 C8 CT D2 D3 D5 DT DJ DQ S5 SK HJ HA
S: C6 CJ D8 DT DQ S2 SJ H4 H6 H7 HJ HK HA
W: C2 C3 CQ CA D2 D9 DJ DK S4 S5 ST H2 HT
N: C5 C7 CK D3 D7 DA S3 S9 SQ SK H5 H9 HQ
E: C4 C8 C9 CT D4 D5 D6 S6 S7 S8 SA H3 H8
S: C5 C9 CJ D6 DJ S4 S9 H4 H7 H8 H9 HQ HK
W: C3 C4 C6 C7 D2 D3 D4 DT S3 S6 S7 SK H2
N: C2 CT CK D5 D7 DQ DK DA S8 SJ H3 HJ HA
E: C8 CQ CA D8 D9 S2 S5 ST SQ SA H5 H6 HT
S: C8 CQ CA D6 D8 S4 S9 SA H2 H3 H6 H8 HA
W: C5 C6 CJ CK D4 DA S2 S3 S8 ST SJ HT HK
N: C2 C3 C4 C7 CT D2 D9 DJ DK S5 S6 H5 HQ
E: C9 D3 D5 D7 DT DQ S7 SQ SK H4 H7 H9 HJ
S: C7 D6 D9 DT S2 S4 S6 S8 S9 H3 H8 H9 HA
W: C2 C4 C8 CT D4 D5 D7 S3 S5 SJ SQ H6 HJ
N: C3 C5 CJ CK DJ DQ DK DA S7 ST H2 H4 HK
E: C6 C9 CQ CA D2 D3 D8 SK SA H5 H7 HT HQ
S: C3 C5 CQ D3 S5 S7 S8 SJ SK SA H4 H7 H8
W: C2 C9 D4 D7 D8 D9 DT DK S2 S6 H3 H6 HJ
N: CT CJ D5 DA S3 S4 S9 ST SQ H2 H9 HQ HA
E: C4 C6 C7 C8 CK CA D2 D6 DJ DQ H5 HT HK
S: C5 C9 D3 D4 DK DA S7 S8 SQ H8 H9 HJ HK
W: C8 CT D6 D7 D9 DT DQ S4 S9 SJ SA H4 HQ
N: C2 C4 C6 D5 D8 S5 S6 ST H2 H5 H6 H7 HT
E: C3 C7 CJ CQ CK CA D2 DJ S2 S3 SK H3 HA
S: C9 D4 D7 DT DJ DQ DA S9 SJ SQ SK H7 HJ
W: C4 C5 C6 C8 CJ D5 S2 S8 ST H3 HT HQ HK
N: C3 CT CQ D2 D8 S4 S5 S6 H2 H4 H5 H6 HA
E: C2 C7 CK CA D3 D6 D9 DK S3 S7 SA H8 H9
S: C3 C4 C9 CQ CK D7 DA S3 S9 ST SQ SK HJ
W: CA D3 D6 D8 DT DJ DK S2 H2 H5 H6 HQ HK
N: C8 CJ D2 D5 D9 S4 S5 S6 S8 SJ H3 H9 HT
E: C2 C5 C6 C7 CT D4 DQ S7 SA H4 H7 H8 HA
S: C3 C5 C9 CJ CQ D9 DT DK S8 SJ SA H2 H4
W: C6 D2 S2 S4 S6 S9 SK H5 H6 H7 H9 HT HJ
N: C7 C8 D6 D7 D8 DQ DA S7 ST SQ HQ HK HA
E: C2 C4 CT CK CA D3 D4 D5 DJ S3 S5 H3 H8
S: C3 C5 C6 C9 CQ D7 DK S3 S4 S9 H2 H5 HJ
W: C4 CA D3 DJ DQ S8 ST SJ SQ SK SA H6 H7
N: C2 C8 CK D2 D4 D6 S6 S7 H4 H8 HT HQ HK
E: C7 CT CJ D5 D8 D9 DT DA S2 S5 H3 H9 HA
S: C2 C3 C6 CT D3 D7 D9 DA S5 S7 ST H3 HT
W: C4 C8 C9 CK CA D4 D6 D8 DK S9 SQ H5 H6
N: C5 C7 CJ D2 DQ S3 S8 H2 H4 H7 H9 HK HA
E: CQ D5 DT DJ S2 S4 S6 SJ SK SA H8 HJ HQ
S: C4 C7 CT CK D3 DJ S2 S3 S4 S9 SJ H7 HK
W: C3 CJ CQ D6 D9 DQ S5 ST SK H3 H5 HQ HA
N: C6 C8 C9 D5 DK S6 S7 S8 H4 H6 H8 H9 HT
E: C2 C5 CA D2 D4 D7 D8 DT DA SQ SA H2 HJ
S: C3 C4 C5 C8 C9 CJ CQ CK DJ H6 H7 HJ HK
W: C2 CT CA D6 D8 DT S2 S6 ST SQ H4 H5 HA
N: C7 D3 D5 D9 DK DA S4 S8 S9 SK H2 H8 H9
E: C6 D2 D4 D7 DQ S3 S5 S7 SJ SA H3 HT HQ
S: CQ CK D3 DT S2 S6 S8 ST SJ SA H5 H9 HJ
W: C2 C6 C8 D4 D7 D8 D9 DJ SK H2 H3 H4 H8
N: C5 C7 C9 CT CJ D2 D6 DK S4 S9 SQ H6 HQ
E: C3 C4 CA D5 DQ DA S3 S5 S7 H7 HT HK HA
S: C2 C8 CK CA D7 D8 DA S5 S6 H3 H6 H8 HK
W: C4 C5 C9 D2 D6 DT DK S2 S4 SJ H4 H7 H9
N: C3 CT CQ D3 D5 DQ S3 S7 ST SQ SK H2 HQ
E: C6 C7 CJ D4 D9 DJ S8 S9 SA H5 HT HJ HA
S: C7 C9 CT CJ D2 D3 DA S7 S9 ST H5 HK HA
W: C3 C6 CK D8 D9 S3 S4 S5 SJ H3 H4 H9 HT
N: C2 CQ D5 D6 D7 DT DJ DQ DK S6 H6 H7 H8
E: C4 C5 C8 CA D4 S2 S8 SQ SK SA H2 HJ HQ
S: C3 C5 CJ D2 D3 D4 D9 DA S2 SA H7 HT HQ
W: C4 C6 C7 C8 CK CA DJ DQ DK S3 H2 H3 H8
N: C9 CQ D8 DT S5 S6 S7 S9 SJ H5 H9 HJ HA
E: C2 CT D5 D6 D7 S4 S8 ST SQ SK H4 H6 HK
S: C3 C5 CA D2 D4 D9 DA ST SJ SK H7 H9 HK
W: CJ D3 D5 D7 DT S2 S3 S6 S7 SQ H6 HT HA
N: C6 C7 C8 CT D6 D8 DQ S5 S8 SA H3 H4 HQ
E: C2 C4 C9 CQ CK DJ DK S4 S9 H2 H5 H8 HJ
S: C6 C9 CT D9 DT DQ S4 S8 ST SJ SQ H8 HA
W: C7 D3 D4 DA S2 S6 S9 SK H3 H4 H9 HT HK
N: C5 CJ CQ CA D6 D7 DK S3 S7 H2 H6 HJ HQ
E: C2 C3 C4 C8 CK D2 D5 D8 DJ S5 SA H5 H7
S: C6 C8 CT CJ D8 DJ S8 S9 ST SQ SA H3 H8
W: C2 C5 C9 D5 D6 D7 DA S5 S6 H7 H9 HJ HK
N: C4 CA D3 DT DQ DK S2 SJ H2 H5 H6 HT HA
E: C3 C7 CQ CK D2 D4 D9 S3 S4 S7 SK H4 HQ
S: C7 C9 D2 DK DA S5 S7 S8 SA H6 H9 HT HJ
W: C3 D6 D7 DJ DQ S3 SJ SQ SK H3 H4 H8 HA
N: C4 C5 C6 CJ CK CA D4 D5 D8 DT S6 S9 ST
E: C2 C8 CT CQ D3 D9 S2 S4 H2 H5 H7 HQ HK
S: C3 C8 CT CA D6 D9 DJ S5 S6 S7 S9 SQ HQ
W: C4 C6 C7 CJ CQ CK D7 DT SA H3 H5 HT HK
N: C9 D4 D8 DQ DK DA S2 S4 SK H4 H6 H7 H9
E: C2 C5 D2 D3 D5 S3 S8 ST SJ H2 H8 HJ HA
S: C4 CT D2 D5 D8 S5 S6 SA H4 H6 H8 HQ HK
W: C3 C9 D4 D7 DJ DQ DK S3 S4 S7 S8 ST HJ
N: C2 C5 C6 C7 CQ D3 D9 SQ SK H7 H9 HT HA
E: C8 CJ CK CA D6 DT DA S2 S9 SJ H2 H3 H5
S: C5 C7 C9 CJ D2 DT DA S5 ST SJ HT HK HA
W: C6 C8 CA D5 D8 S4 SK SA H2 H3 H8 H9 HJ
N: C4 CQ D3 D6 D7 D9 S2 S3 S6 H4 H5 H6 HQ
E: C2 C3 CT CK D4 DJ DQ DK S7 S8 S9 SQ H7
S: C5 CK D6 D8 DQ DK S4 S5 S6 SA H6 HT HA
W: C7 C9 D3 D4 D9 DT DA S3 S9 ST H3 H5 H9
N: C3 C8 CQ D2 D7 DJ S2 S7 H7 H8 HJ HQ HK
E: C2 C4 C6 CT CJ CA D5 S8 SJ SQ SK H2 H4
S: C3 C7 CJ CA D2 D7 D8 DA S4 S5 SJ H9 HQ
W: C2 C5 C8 C9 DT DJ S2 S8 S9 SQ H4 H6 H8
N: C6 CT CQ D5 D6 DK S3 S6 H2 H5 H7 HT HJ
E: C4 CK D3 D4 D9 DQ S7 ST SK SA H3 HK HA
S: C4 C5 C8 D5 DJ S7 S8 ST H4 H7 HT HJ HQ
W: C2 C3 C6 C9 CQ CK D7 DT DK SK H2 H8 HA
N: CA D4 D6 D8 DQ DA S2 S4 S5 S6 SA H5 H6
E: C7 CT CJ D2 D3 D9 S3 S9 SJ SQ H3 H9 HK
S: C4 C8 CT D2 D3 D4 D8 DT S3 S7 ST H2 H5
W: C3 C6 CJ CK CA D5 D6 DA S6 SK H6 H9 HJ
N: C2 C5 C7 C9 D7 D9 DJ S4 SQ H7 H8 HT HA
E: CQ DQ DK S2 S5 S8 S9 SJ SA H3 H4 HQ HK
S: C7 CA D7 DK S4 S5 S8 SK SA H2 H4 H6 HJ
W: C2 C6 C8 CT CJ D2 D9 S3 SJ SQ H3 H5 HA
N: C3 C4 C9 CQ CK D4 D5 D6 D8 DT ST H9 HT
E: C5 D3 DJ DQ DA S2 S6 S7 S9 H7 H8 HQ HK
S: C6 CQ D5 D7 DQ DA S4 S7 ST SJ SQ HK HA
W: C5 C8 CJ D3 D6 D9 DT S2 S6 S9 H2 H3 H8
N: C3 CT DJ S8 SA H4 H5 H6 H7 H9 HT HJ HQ
E: C2 C4 C7 C9 CK CA D2 D4 D8 DK S3 S5 SK
S: C2 C4 C8 CJ D7 S3 S5 S6 H6 H7 H8 HT HQ
W: C5 C6 D2 D3 D4 D8 DK DA S2 S9 SJ SQ HJ
N: CT CQ CA D5 DT DQ S4 S7 ST H2 H3 H5 HA
E: C3 C7 C9 CK D6 D9 DJ S8 SK SA H4 H9 HK
S: C5 CT D2 D8 DT DQ SJ SA H3 H5 HT HK HA
W: CJ D3 D6 D7 DK S2 S5 S6 S8 S9 H6 H7 H9
N: C3 C7 C8 D5 DJ DA S3 S7 ST SQ H4 H8 HJ
E: C2 C4 C6 C9 CQ CK CA D4 D9 S4 SK H2 HQ
S: C2 C4 C9 CK D2 D4 D9 S2 S9 SK H2 H9 HA
W: D7 D8 DQ DK DA S4 S6 S7 SQ H3 H4 HT HJ
N: C3 C5 CQ D3 D5 D6 DT DJ ST H6 H7 H8 HK
E: C6 C7 C8 CT CJ CA S3 S5 S8 SJ SA H5 HQ
S: CJ D3 D4 D5 D7 DA S2 SQ SK H4 H5 H9 HA
W: C3 DT DJ DK S4 S6 S8 S9 SJ H2 H3 HT HJ
N: C6 C7 C8 CT CA D6 DQ S3 S5 ST H7 HQ HK
E: C2 C4 C5 C9 CQ CK D2 D8 D9 S7 SA H6 H8
S: C6 C8 C9 CJ D5 D7 D8 DK S4 SJ SA H3 H6
W: C2 C4 C7 CT D3 DJ S2 S8 S9 H2 HQ HK HA
N: CQ CK D9 DT DQ S6 ST SQ SK H5 H7 H9 HT
E: C3 C5 CA D2 D4 D6 DA S3 S5 S7 H4 H8 HJ
S: C8 CQ DT DJ DK SJ SK SA H5 H6 H8 H9 HK
W: C4 C5 CK CA D4 D6 S3 S5 S7 S8 S9 H4 HA
N: C3 C6 CT CJ D7 D8 D9 DQ DA S2 ST H3 HQ
E: C2 C7 C9 D2 D3 D5 S4 S6 SQ H2 H7 HT HJ
S: C4 C5 CQ CA D6 DT DK S6 ST SJ H2 H4 H8
W: C2 C8 CK D2 D4 D5 D9 DQ S7 S8 H3 H5 HT
N: C3 C6 C9 CJ D8 DA S9 SQ SA H6 H9 HQ HA
E: C7 CT D3 D7 DJ S2 S3 S4 S5 SK H7 HJ HK
S: C4 C5 C6 CJ D9 S4 S6 ST SQ SA H5 H7 HA
W: D3 D4 D7 DQ S3 S5 S7 S8 H3 H4 H9 HJ HK
N: C2 C7 CT CA D5 D8 DJ DK SJ SK H2 H8 HT
E: C3 C8 C9 CQ CK D2 D6 DT DA S2 S9 H6 HQ
S: C6 CK D7 DJ DK S9 SJ SQ H2 H7 H8 HJ HA
W: C2 C3 C5 C7 C8 CJ DT DQ S6 SA H5 H9 HQ
N: CT CA D2 D4 D5 D6 DA S3 S4 S5 S8 H4 HK
E: C4 C9 CQ D3 D8 D9 S2 S7 ST SK H3 H6 HT
S: C2 C3 C6 C9 CJ D5 D8 DK S6 S7 S8 SQ HT
W: C7 CQ D4 D6 D7 D9 S4 S5 SJ H6 H9 HJ HA
N: C4 C5 CT CA D3 DT DJ DQ S2 SK H5 H7 HK
E: C8 CK D2 DA S3 S9 ST SA H2 H3 H4 H8 HQ
S: C8 CK CA D2 D3 S2 S5 S7 S8 SK SA H6 HK
W: C4 C5 C7 CQ D4 D6 D7 DT S9 ST SQ H8 H9
N: CT CJ D5 DQ DK DA S3 S6 SJ H3 H4 H7 HQ
E: C2 C3 C6 C9 D8 D9 DJ S4 H2 H5 HT HJ HA
S: C2 C9 CJ CQ CA D4 DT S7 H3 H4 H9 HT HA
W: CT D2 D6 DJ DQ DA S3 S4 S8 S9 H6 HQ HK
N: C4 C5 C7 C8 D7 D8 DK S6 ST SJ H5 H7 HJ
E: C3 C6 CK D3 D5 D9 S2 S5 SQ SK SA H2 H8
S: C3 C6 D4 D9 DT DQ S3 S9 H3 H7 H9 HT HA
W: C4 C7 C9 CQ D5 S5 SJ SQ SK SA H6 H8 HJ
N: C5 C8 CT CJ CA D2 D3 S6 S8 ST H2 H5 HQ
E: C2 CK D6 D7 D8 DJ DK DA S2 S4 S7 H4 HK
S: C2 C5 C6 CQ DQ S2 S4 S6 S8 H4 H6 H7 HT
W: C7 CJ D5 D6 D7 D9 DJ DK S3 S9 HJ HQ HA
N: C3 C9 D2 D4 DT DA SK SA H2 H5 H8 H9 HK
E: C4 C8 CT CK CA D3 D8 S5 S7 ST SJ SQ H3
S: C5 CT CA D5 D7 DT DJ S4 S6 S7 SJ SQ SA
W: C9 D2 D6 D8 D9 DK S2 ST H4 H7 H8 HT HJ
N: C3 C4 C6 C7 CJ D3 D4 DQ S5 S9 SK HQ HA
E: C2 C8 CQ CK DA S3 S8 H2 H3 H5 H6 H9 HK
S: C5 CQ D3 D6 S2 S3 S4 S6 S9 SJ H4 H6 HT
W: C3 C9 CK D5 DJ DA S5 S8 SQ SK H9 HJ HQ
N: C2 C6 C8 D2 D9 DT DQ DK S7 H2 H3 H5 HK
E: C4 C7 CT CJ CA D4 D7 D8 ST SA H7 H8 HA
S: C6 CK D3 S4 S7 ST SJ SQ H2 H4 H8 HT HK
W: C2 C4 C7 CQ D2 DJ DA S3 S5 SA H3 H9 HJ
N: C5 C9 CJ D5 D6 D7 D9 DT DK S2 S8 H6 H7
E: C3 C8 CT CA D4 D8 DQ S6 S9 SK H5 HQ HA
S: C6 CK CA D8 S3 S4 SK SA H4 H5 H6 H8 HA
W: C7 C8 D3 D4 D5 DT DJ DQ S5 S7 H3 HT HJ
N: C4 CJ D6 D7 D9 DK DA S8 S9 SJ SQ H7 HQ
E: C2 C3 C5 C9 CT CQ D2 S2 S6 ST H2 H9 HK
S: C3 C5 C6 C8 C9 CT D6 DT S9 ST H3 H4 HQ
W: C2 D8 DJ DK DA S4 S5 S6 SQ SK H8 H9 HA
N: CJ CK CA D3 D5 D7 D9 S2 S8 SJ H2 H5 H7
E: C4 C7 CQ D2 D4 DQ S3 S7 SA H6 HT HJ HK
S: C6 CT CQ CK CA D2 D3 DJ S5 S7 H6 HJ HA
W: C7 C9 CJ D5 D7 DQ DK S3 S9 SK H2 H4 HK
N: C2 C3 C4 D4 D6 D8 S2 S8 ST SQ H3 H5 H9
E: C5 C8 D9 DT DA S4 S6 SJ SA H7 H8 HT HQ
S: C8 CT CA D4 DA S5 S7 S9 SJ H5 H7 HQ HK
W: C3 C4 C6 CJ CQ D3 D8 S8 SK H2 H6 HT HA
N: C2 C5 C7 C9 D9 DJ S3 S4 S6 SA H4 H8 H9
E: CK D2 D5 D6 D7 DT DQ DK S2 ST SQ H3 HJ
S: C4 CJ D3 D6 DQ S5 S7 ST SA H2 H8 HK HA
W: C2 C3 CT CK D7 D8 DK S2 S9 SQ H4 HJ HQ
N: C6 C7 C8 CQ D4 DJ DA S3 S6 S8 H3 H5 HT
E: C5 C9 CA D2 D5 D9 DT S4 SJ SK H6 H7 H9
S: C6 C9 CK D2 D4 D9 S7 S8 SK H4 H5 HJ HA
W: C2 CJ CQ CA D6 DQ DA S4 S5 SQ H8 HT HK
N: C7 D5 D7 DK S2 S3 ST H2 H3 H6 H7 H9 HQ
E: C3 C4 C5 C8 CT D3 D8 DT DJ S6 S9 SJ SA
S: C4 C9 CQ CK D7 D9 DT S4 S5 H5 H8 HT HK
W: C3 C5 CT D3 D4 D8 DJ S3 S6 S7 H2 H3 H6
N: C2 C6 C7 CA D5 DA S2 S8 S9 SJ SQ SK HQ
E: C8 CJ D2 D6 DQ DK ST SA H4 H7 H9 HJ HA
S: C2 C4 CQ D4 DJ DK DA S2 ST H5 H8 H9 HK
W: C6 C8 CJ CK CA D6 DQ S5 S6 S7 SA HJ HA
N: CT D5 D7 D9 DT S3 S4 S8 S9 H2 H4 H6 H7
E: C3 C5 C7 C9 D2 D3 D8 SJ SQ SK H3 HT HQ
S: D5 D6 D9 DQ S4 S9 SJ SQ H3 H4 H9 HQ HK
W: C2 C4 C5 C6 C7 CQ D4 DA S3 S5 S7 H6 H7
N: C3 C8 C9 CJ D2 DJ DK SK SA H2 H5 H8 HT
E: CT CK CA D3 D7 D8 DT S2 S6 S8 ST HJ HA
S: C4 C7 C8 CT CJ CA D2 DT S2 S7 SJ H5 HA
W: C2 C6 CQ D3 D7 DQ DA S8 S9 H4 H8 HT HK
N: C3 C5 D8 DJ S3 S5 S6 ST SQ SA H3 H7 HJ
E: C9 CK D4 D5 D6 D9 DK S4 SK H2 H6 H9 HQ
S: CJ D9 DJ DQ S2 S3 S4 SQ SK SA H8 HT HK
W: C3 C7 D2 D4 D6 DA S6 S7 H2 H3 H9 HQ HA
N: C2 C6 C8 C9 CQ D3 D5 DT DK S9 SJ H4 H5
E: C4 C5 CT CK CA D7 D8 S5 S8 ST H6 H7 HJ
S: C2 C4 CT CK D2 D3 D4 D7 S6 S8 ST H9 HT
W: C7 CJ D9 DT DQ DA S3 S4 SJ SK SA H3 HK
N: C3 C5 C9 CQ CA D5 DJ DK S5 S7 H2 HQ HA
E: C6 C8 D6 D8 S2 S9 SQ H4 H5 H6 H7 H8 HJ
S: C6 CQ CA D3 D4 D5 D6 DA S7 S9 H2 H9 HJ
W: C2 C7 CJ D2 DQ S2 S3 S5 SK H6 H7 H8 HA
N: C8 C9 CT CK DJ S4 S6 S8 ST SA H4 HT HK
E: C3 C4 C5 D7 D8 D9 DT DK SJ SQ H3 H5 HQ
S: C7 CT CQ DQ DA S3 S4 S7 S9 H3 HT HJ HQ
W: C2 C4 C6 C8 CK D2 D4 D6 DJ S8 SA H2 H7
N: C9 CA D3 DT S2 S5 ST SJ SQ H4 H9 HK HA
E: C3 C5 CJ D5 D7 D8 D9 DK S6 SK H5 H6 H8
S: C5 C7 C8 C9 CT D6 DQ DA S3 SJ SA H5 H8
W: D2 D3 D4 D9 S2 S5 S7 S8 ST SK H3 HT HQ
N: CJ CQ D5 D8 DT DJ DK S6 S9 SQ H4 H7 HJ
E: C2 C3 C4 C6 CK CA D7 S4 H2 H6 H9 HK HA
S: C2 C3 C4 C9 CT D2 D5 DT DJ SQ H2 H4 H8
W: C5 CJ CK D3 DK DA S6 S8 S9 SK H9 HJ HA
N: CQ CA D6 D7 DQ S3 S5 S7 ST SJ SA H7 HQ
E: C6 C7 C8 D4 D8 D9 S2 S4 H3 H5 H6 HT HK
S: C3 C4 CQ CA D2 D3 DK DA S3 S5 H2 H3 HT
W: CT D4 D6 D7 DT DQ S8 S9 ST SJ SK H4 HQ
N: C6 C7 CJ D5 D9 S4 S6 S7 SQ SA H6 H9 HJ
E: C2 C5 C8 C9 CK D8 DJ S2 H5 H7 H8 HK HA
S: C4 C7 CQ D6 D8 DQ DK S5 SQ H2 H5 H8 HJ
W: C6 CA D9 DJ DA S2 S6 S8 SK H4 H9 HQ HA
N: C2 C5 C9 CJ CK D5 D7 S3 S4 S7 S9 SJ H7
E: C3 C8 CT D2 D3 D4 DT ST SA H3 H6 HT HK
S: C3 C5 D5 D7 D8 S6 S7 ST SJ SK H3 H7 HQ
W: CT CQ D2 D4 DQ DK S3 S5 S8 S9 SA H6 H9
N: C7 C8 C9 CK CA D3 H2 H4 H5 H8 HT HJ HK
E: C2 C4 C6 CJ D6 D9 DT DJ DA S2 S4 SQ HA
S: C2 C5 CJ CQ CK D3 DT S4 S7 S8 ST H9 HJ
W: C4 C8 CA D5 DK S6 S9 H3 H4 H5 H8 HT HQ
N: C6 C7 C9 D2 D8 DJ DQ S3 S5 SJ H6 H7 HK
E: C3 CT D4 D6 D7 D9 DA S2 SQ SK SA H2 HA
S: C6 C7 CT CA D2 D4 D6 DJ S5 S7 S9 H2 H5
W: C2 C3 C4 C5 C9 CK D8 S6 ST SQ H4 H7 HJ
N: C8 CQ D3 D7 DQ S2 S3 S8 SK H3 H6 HT HK
E: CJ D5 D9 DT DK DA S4 SJ SA H8 H9 HQ HA
S: C4 C6 C7 CJ CK D3 D8 D9 S4 S6 SQ SK HQ
W: C2 C3 D6 D7 DJ DQ S3 S9 ST SA H5 H8 H9
N: C8 CT D5 DK S2 S5 S8 SJ H2 H3 H6 HT HJ
E: C5 C9 CQ CA D2 D4 DT DA S7 H4 H7 HK HA
S: C8 D2 D5 D7 DJ DQ S2 S4 S8 S9 SK H4 HJ
W: C5 C6 C7 CT CA DK S5 S6 ST H2 H6 HT HA
N: C3 CJ CK D3 D4 D9 DT S3 S7 H5 H7 H9 HQ
E: C2 C4 C9 CQ D6 D8 DA SJ SQ SA H3 H8 HK
S: C2 C3 C6 D5 D7 DT DQ DA S8 SJ SK HQ HA
W: CJ D6 D9 S2 S3 S5 S7 SA H2 H3 H6 H7 H9
N: C8 C9 CT CK D2 D3 D8 DK S9 SQ H5 HJ HK
E: C4 C5 C7 CQ CA D4 DJ S4 S6 ST H4 H8 HT
S: CJ CQ D3 D7 DQ DA S4 S6 ST H4 H5 HJ HQ
W: C3 C4 C5 C6 C8 DK S2 S8 S9 SJ SQ H2 H6
N: C2 CT CA D5 D9 DT DJ S7 H3 H7 H8 H9 HA
E: C7 C9 CK D2 D4 D6 D8 S3 S5 SK SA HT HK
S: C3 C6 CA D9 DK DA S5 S7 SK H3 H4 H6 HA
W: C8 C9 CT CJ D2 D4 DQ S3 S4 S8 SA H2 HK
N: C4 C7 CQ D5 D8 S2 S6 S9 ST SJ H5 H7 H8
E: C2 C5 CK D3 D6 D7 DT DJ SQ H9 HT HJ HQ
S: C3 C4 C7 C8 CJ D2 DT DK DA S9 H4 H7 HQ
W: C2 CT CQ CK D7 D9 S2 S7 SA H2 H5 H6 H8
N: C5 C6 C9 CA D4 D6 D8 S4 S6 SJ SQ H9 HJ
E: D3 D5 DJ DQ S3 S5 S8 ST SK H3 HT HK HA
S: C2 C3 C4 C5 CT DJ S5 ST SK SA H2 HT HA
W: C7 C9 CJ CK CA D4 DT DQ DK S3 S8 SJ HJ
N: C6 D6 D7 D8 D9 S4 S6 SQ H3 H6 H7 H8 H9
E: C8 CQ D2 D3 D5 DA S2 S7 S9 H4 H5 HQ HK
S: C3 C4 C7 D3 D6 DQ S7 S8 S9 ST H5 H6 HQ
W: C6 CJ CK D5 D9 DA S5 SJ SK SA H4 H7 HK
N: C5 C9 CQ CA D4 D8 DT DK S4 S6 SQ H3 HA
E: C2 C8 CT D2 D7 DJ S2 S3 H2 H8 H9 HT HJ
S: C8 CJ CQ D2 D6 D9 S2 S3 S4 S6 SA HK HA
W: C5 C6 C7 CA DT DJ S5 SJ H3 H6 H7 H8 HT
N: C3 C9 CK D3 D5 D7 S7 S8 ST SQ SK H2 H5
E: C2 C4 CT D4 D8 DQ DK DA S9 H4 H9 HJ HQ
S: C8 C9 CA D6 D9 DK DA S3 S4 S5 SJ SA HA
W: C4 C5 CT S2 S7 S8 S9 ST H3 H5 H7 H8 HT
N: C2 CQ CK D3 D4 D5 D7 D8 DT DQ SQ HJ HK
E: C3 C6 C7 CJ D2 DJ S6 SK H2 H4 H6 H9 HQ
S: C8 C9 CK D4 D6 D7 DJ DQ S6 S7 S9 HJ HQ
W: C6 CJ D3 D8 DK DA S2 SQ SK H3 H5 H9 HK
N: C3 C5 CT CQ CA D5 D9 DT S4 S5 S8 H2 HA
E: C2 C4 C7 D2 S3 ST SJ SA H4 H6 H7 H8 HT
S: C2 C4 CJ D3 D4 D6 D7 DJ S5 S6 SA H5 H8
W: D2 D5 D8 DT DQ S4 S7 S9 ST SJ H9 HQ HK
N: C3 C5 CQ CK CA D9 DK DA S2 S8 H3 H4 H6
E: C6 C7 C8 C9 CT S3 SQ SK H2 H7 HT HJ HA
S: C2 C9 CT CJ CA D3 D9 DJ S6 S9 ST HT HQ
W: C3 C5 C6 CQ CK D8 DT DQ DK S3 S4 S7 SJ
N: D2 D4 D6 DA S8 SQ SA H3 H4 H5 H7 HJ HK
E: C4 C7 C8 D5 D7 S2 S5 SK H2 H6 H8 H9 HA
S: CA D2 D3 D6 D7 DQ DK DA S4 SK H2 H3 H5
W: C3 C4 C7 C8 C9 S3 S5 S9 SJ SA H7 H8 HA
N: C6 CT CK D4 D5 DJ S6 S7 H4 H9 HT HJ HK
E: C2 C5 CJ CQ D8 D9 DT S2 S8 ST SQ H6 HQ
S: C3 CT CQ CK D5 D9 DT DQ DA S2 S3 SJ HK
W: C2 C5 C7 CA D3 D4 S5 S8 ST SA H2 H9 HT
N: C6 C9 D2 D6 D8 DK S4 S7 SQ SK H3 H4 H8
E: C4 C8 CJ D7 DJ S6 S9 H5 H6 H7 HJ HQ HA
S: C5 CA D2 D4 DJ DK S7 SJ SA H6 H7 HJ HK
W: C3 C8 CJ D5 D8 DQ S4 SK H2 H3 H8 HT HA
N: C4 C9 CQ D3 D6 DA S5 S6 S8 S9 SQ H4 H5
E: C2 C6 C7 CT CK D7 D9 DT S2 S3 ST H9 HQ
S: C2 C4 C9 CK D3 D7 DA S9 H5 H6 HT HK HA
W: CJ CQ CA D4 DJ S5 S6 S7 S8 SQ SA H4 HJ
N: C5 C6 D6 D8 D9 DT DQ S2 S3 SJ SK H3 HQ
E: C3 C7 C8 CT D2 D5 DK S4 ST H2 H7 H8 H9
S: C4 CA D2 D4 D7 DJ S5 ST SQ H3 H4 H7 HK
W: C3 CT CQ D6 D9 DQ S3 S8 S9 H2 H5 H8 HA
N: C2 C5 C9 CK D3 D8 DK DA S2 S4 SJ SK H9
E: C6 C7 C8 CJ D5 DT S6 S7 SA H6 HT HJ HQ
S: C7 CQ CK D6 D9 DA S4 S7 SQ H3 H6 H7 H9
W: C2 CT D2 DQ DK S8 ST SJ SA H4 H5 HT HK
N: C5 C6 C8 C9 CA D7 DJ S2 S5 S6 H2 H8 HJ
E: C3 C4 CJ D3 D4 D5 D8 DT S3 S9 SK HQ HA
S: C7 CJ D3 D7 D8 DT DQ DA S4 S8 H5 H8 HK
W: C2 C3 C5 C6 C8 C9 CA DK S3 S5 SK H7 HA
N: C4 D4 D9 S2 S6 S7 S9 SJ SQ H4 H6 HT HJ
E: CT CQ CK D2 D5 D6 DJ ST SA H2 H3 H9 HQ
S: C5 C8 CJ D2 D5 D6 DQ S4 S8 ST SA H2 H9
W: C4 C9 CQ CA DT S9 SJ SQ SK H3 H5 H6 HT
N: C2 C6 C7 CT D4 D7 D8 D9 DA H4 HJ HQ HA
E: C3 CK D3 DJ DK S2 S3 S5 S6 S7 H7 H8 HK
S: C3 C7 C9 D4 D5 D7 DA S3 S4 ST SQ HJ HK
W: CT DT DJ DQ S6 S8 S9 SA H4 H7 H8 HT HQ
N: C2 C4 C8 CJ CK D2 D8 S7 SJ SK H2 H6 HA
E: C5 C6 CQ CA D3 D6 D9 DK S2 S5 H3 H5 H9
S: C9 CT D4 D8 DQ DK S4 S7 SJ SQ SK SA H8
W: C5 C8 CJ CK D5 S5 S9 H3 H4 HT HJ HQ HA
N: C2 C3 C4 C6 C7 D2 D6 D7 DJ DA S2 S3 H7
E: CQ CA D3 D9 DT S6 S8 ST H2 H5 H6 H9 HK
S: C6 CT CJ D5 D9 S4 S6 S7 SQ SK H6 HJ HQ
W: C2 C4 C7 CK D4 D6 D7 DJ S3 S5 SA H7 HA
N: C5 C8 D2 D3 D8 DK DA S8 S9 SJ H2 H8 HK
E: C3 C9 CQ CA DT DQ S2 ST H3 H4 H5 H9 HT
S: C9 CT CA D4 D5 D6 D8 S4 S9 SQ H4 H5 H8
W: C2 C3 C5 CK D2 D7 D9 DK DA S2 H6 H9 HT
N: C6 C8 CJ DT DQ ST SJ SK SA H3 H7 HJ HA
E: C4 C7 CQ D3 DJ S3 S5 S6 S7 S8 H2 HQ HK
S: C2 C3 C6 CJ DA S5 S7 SQ H5 H7 HT HJ HK
W: C4 C7 CA D5 D9 DT DQ S6 ST SA H4 H8 H9
N: C5 C9 CQ CK D6 D7 D8 DK S9 SJ H2 H3 HQ
E: C8 CT D2 D3 D4 DJ S2 S3 S4 S8 SK H6 HA
S: C2 C7 CK D4 D6 D7 S3 S5 S6 H3 H6 H9 HA
W: C3 C8 CT D2 D9 DT DQ DA S2 S7 S9 ST H4
N: CJ CQ D3 D5 D8 S4 SQ SA H2 H5 H7 HJ HQ
E: C4 C5 C6 C9 CA DJ DK S8 SJ SK H8 HT HK
S: C2 C8 DK S4 S7 S8 SA H3 H8 H9 HT HQ HK
W: C3 CQ CA D2 D3 D4 D5 D9 S6 SQ SK H4 H5
N: C5 D7 D8 DT DJ DQ S2 S5 S9 ST SJ H2 HA
E: C4 C6 C7 C9 CT CJ CK D6 DA S3 H6 H7 HJ
S: C2 C5 CK D5 D6 D9 DJ DK S5 S7 ST SA H3
W: C9 CQ D2 D4 D7 DQ S2 SQ H2 H4 HT HK HA
N: C3 C4 C6 CJ D8 S3 S6 S8 S9 SK H6 H9 HQ
E: C7 C8 CT CA D3 DT DA S4 SJ H5 H7 H8 HJ
S: C5 C8 CT CA DJ DA SJ SA H6 HT HJ HK HA
W: C2 C6 C7 CJ D3 DT S2 S3 S6 H3 H4 H8 HQ
N: CQ CK D2 D4 D5 D8 DQ DK S9 ST SQ H5 H9
E: C3 C4 C9 D6 D7 D9 S4 S5 S7 S8 SK H2 H7
S: C4 C9 CT D3 D9 DK DA S2 S9 H5 H9 HQ HK
W: C2 C5 C8 CJ CA D2 D8 S8 ST SJ H4 H8 HA
N: C7 D4 D7 DQ S3 S4 S5 S6 SQ SK H3 H7 HT
E: C3 C6 CQ CK D5 D6 DT DJ S7 SA H2 H6 HJ
S: C7 CJ CA DQ DK S3 S4 S5 S8 S9 SQ H9 HQ
W: C3 C5 C9 CT CQ CK SK SA H2 H3 H7 HT HA
N: C4 C8 D3 D6 D8 DT S2 S7 SJ H4 H6 H8 HJ
E: C2 C6 D2 D4 D5 D7 D9 DJ DA S6 ST H5 HK
S: C2 C6 C7 CT CK D2 D4 DK S3 S4 H2 H5 H7
W: C8 C9 CA D9 DT DJ S7 S9 SQ SA H6 H9 HT
N: C5 CJ CQ D3 D7 S2 S6 ST SJ H3 H4 HJ HA
E: C3 C4 D5 D6 D8 DQ DA S5 S8 SK H8 HQ HK
S: C9 CT D3 D4 D5 DQ S3 S7 S8 SA H5 H9 HQ
W: C6 C8 CA D6 D8 D9 DT DJ DK S2 S5 SQ HT
N: C2 C4 CJ D2 D7 DA S6 S9 ST SJ H3 HJ HK
E: C3 C5 C7 CQ CK S4 SK H2 H4 H6 H7 H8 HA
S: C5 CT D3 D4 D7 DA S2 S5 S7 SJ SQ HT HJ
W: C6 C9 CK CA S3 S4 S8 S9 H2 H3 H7 H8 HK
N: C4 C7 C8 CJ D2 D6 D9 DQ DK SK SA H4 H5
E: C2 C3 CQ D5 D8 DT DJ S6 ST H6 H9 HQ HA
S: C7 C8 CT CK D5 D8 DJ DA S4 SK H5 HT HK
W: C4 CJ D2 D9 DK S2 S5 S7 ST H7 H8 H9 HA
N: C2 C3 C5 C6 D6 DQ S3 S6 S9 H3 H4 H6 HJ
E: C9 CQ CA D3 D4 D7 DT S8 SJ SQ SA H2 HQ
S: C2 C5 C6 CK D6 DK S3 SJ SK H2 H3 H6 HA
W: C9 CQ CA DT DJ DQ S5 S7 S9 H5 HT HQ HK
N: C3 C8 CJ D3 D4 D7 DA S4 SQ H7 H8 H9 HJ
E: C4 C7 CT D2 D5 D8 D9 S2 S6 S8 ST SA H4
S: C6 C8 CK D2 D3 D4 D5 D7 DQ S8 S9 SA H5
W: C3 D6 D9 DT DJ DK S2 S7 SJ H2 H4 H9 HT
N: C2 C7 CT CJ DA S3 S4 S6 SQ H6 H8 HJ HA
E: C4 C5 C9 CQ CA D8 S5 ST SK H3 H7 HQ HK
S: C3 CT CQ D5 DT S8 S9 SA H7 H8 HJ HK HA
W: C2 C4 C9 CA D6 D7 D9 DK S3 S4 S6 H2 H5
N: C5 CJ CK D2 D3 D4 DJ S5 ST SJ SQ H3 H4
E: C6 C7 C8 D8 DQ DA S2 S7 SK H6 H9 HT HQ
S: C5 CJ D2 D5 D8 D9 S3 S5 S7 ST H6 H8 HA
W: C3 C6 C9 CK CA D7 DQ DK S2 SK H3 H5 HT
N: C7 C8 CQ DT S4 S9 SJ SQ H2 H9 HJ HQ HK
E: C2 C4 CT D3 D4 D6 DJ DA S6 S8 SA H4 H7
S: C4 C7 CA DK S8 SQ H2 H4 H5 H6 H7 HT HQ
W: C6 CT D7 D8 DT DJ DA S2 S6 ST H8 HK HA
N: C8 CQ CK D3 D4 D6 DQ S4 S5 S7 SJ H3 H9
E: C2 C3 C5 C9 CJ D2 D5 D9 S3 S9 SK SA HJ
S: C3 D2 D3 D8 S3 S5 S7 S8 ST SK H2 H5 H6
W: C4 C8 C9 CT CJ CA DA S2 S9 SA H3 H8 HK
N: C7 D4 D5 D6 D9 DT DK S4 S6 SJ H4 H9 HT
E: C2 C5 C6 CQ CK D7 DJ DQ SQ H7 HJ HQ HA
S: C6 CJ D6 D9 DK DA S5 SA H5 H6 H9 HT HQ
W: CT CQ CK D2 D5 D7 S3 S6 S7 S9 SQ H7 HJ
N: C7 C8 C9 CA D3 D8 DQ S8 ST SJ H2 H4 HK
E: C2 C3 C4 C5 D4 DT DJ S2 S4 SK H3 H8 HA
S: C2 C5 C6 C7 CA D4 D6 S3 S6 S9 SA H3 H5
W: C8 CJ D9 DJ S2 S5 S7 H2 H6 H9 HQ HK HA
N: C4 C9 CQ CK D8 DA S4 S8 SJ SQ H4 HT HJ
E: C3 CT D2 D3 D5 D7 DT DQ DK ST SK H7 H8
S: C4 C6 CT CJ D5 D7 D9 DQ S3 ST SQ H2 H8
W: C8 C9 D2 D3 D4 DT S2 S8 SK SA H3 HT HA
N: C5 C7 CA DK DA S7 S9 SJ H5 H6 H9 HQ HK
E: C2 C3 CQ CK D6 D8 DJ S4 S5 S6 H4 H7 HJ
S: C7 CJ CK D7 DQ S2 S3 S6 ST SK H3 HT HQ
W: C3 C4 C6 C9 CQ D2 D3 DT DK SJ H4 HJ HK
N: C2 C8 D4 D5 D6 D9 DJ S5 S8 H5 H6 H9 HA
E: C5 CT CA D8 DA S4 S7 S9 SQ SA H2 H7 H8
S: C4 C6 CT CJ CK D3 DK DA S7 S9 H6 HT HQ
W: C3 C5 C7 C8 CA D4 D5 D7 S3 S5 SJ SK H4
N: CQ D2 D6 D8 D9 DQ S2 S4 SQ SA H5 HK HA
E: C2 C9 DT DJ S6 S8 ST H2 H3 H7 H8 H9 HJ
S: C3 C7 CJ D3 D5 D7 DQ SA H3 H4 HT HQ HK
W: C4 C6 CA D4 DJ DA S2 S4 S8 ST H7 H8 H9
N: C8 C9 CT CQ CK D2 D6 D8 D9 S5 SJ H6 HJ
E: C2 C5 DT DK S3 S6 S7 S9 SQ SK H2 H5 HA
S: C2 C3 C4 CT CJ D4 DT S6 ST SK H3 H7 H8
W: C9 D7 D9 DJ DK DA S2 S5 SA H2 H6 H9 HK
N: C5 C6 CK CA D3 D5 D6 D8 DQ S3 S7 S9 HJ
E: C7 C8 CQ D2 S4 S8 SJ SQ H4 H5 HT HQ HA
S: C4 C5 CA D4 DT DQ ST SJ SQ H2 H5 HJ HA
W: C2 C3 C8 CQ CK D3 DJ SK H3 H6 H7 H8 H9
N: C6 C7 C9 CT D2 D5 D7 D8 D9 S6 SA HQ HK
E: CJ D6 DK DA S2 S3 S4 S5 S7 S8 S9 H4 HT
S: CQ D2 D6 DQ S4 S6 S8 H2 H4 H6 H7 HK HA
W: C2 C6 C7 CT CJ CK D5 S5 ST SK H5 H9 HJ
N: C3 C4 C8 CA D3 D8 DJ DK S2 S9 SQ H3 HQ
E: C5 C9 D4 D7 D9 DT DA S3 S7 SJ SA H8 HT
S: C4 C5 CT CA D4 DT DQ DK S8 SK H7 H9 HK
W: C2 C8 D5 DJ DA S4 S5 S6 SJ SA H2 H4 H8
N: C3 C6 C7 C9 CQ D7 D8 D9 S2 S3 S9 SQ HA
E: CJ CK D2 D3 D6 S7 ST H3 H5 H6 HT HJ HQ
S: C8 C9 CQ CK CA D3 D6 S8 S9 H3 H4 H7 HQ
W: C5 CJ D8 DJ DK S3 S7 ST SQ SA H8 H9 HK
N: C2 C3 C4 C6 C7 CT D2 D5 D9 S4 SK H2 HA
E: D4 D7 DT DQ DA S2 S5 S6 SJ H5 H6 HT HJ
S: C5 C6 CJ CA D2 D8 ST H2 H3 H4 H9 HT HQ
W: C2 C7 C8 CT CK D5 D6 D9 DT S2 S8 SJ HK
N: C3 C4 C9 CQ D3 DK S3 SQ SK SA H5 H6 H7
E: D4 D7 DJ DQ DA S4 S5 S6 S7 S9 H8 HJ HA
S: C2 C5 C8 CQ D3 DA S4 S5 SQ SK H6 H8 HA
W: C7 CJ CA D5 D7 DT DJ S7 SA H2 H3 H7 HT
N: C3 C4 C6 CT D2 D4 D8 D9 S3 ST SJ H5 HK
E: C9 CK D6 DQ DK S2 S6 S8 S9 H4 H9 HJ HQ
S: C4 C8 D3 D4 D6 DQ DA S6 SK H7 HQ HK HA
W: C3 C6 CT CQ D7 D8 DK S2 S7 SQ H2 H5 HJ
N: C5 C7 CJ D5 D9 DJ S3 S8 S9 ST H3 H4 HT
E: C2 C9 CK CA D2 DT S4 S5 SJ SA H6 H8 H9
S: C7 CK D8 DT DQ S4 S5 S7 S8 ST SQ H4 H6
W: C2 C9 CT CJ CQ D5 D6 S6 S9 H5 H7 H8 HJ
N: C3 C5 D3 D9 DJ S2 S3 SK SA H2 HT HQ HK
E: C4 C6 C8 CA D2 D4 D7 DK DA SJ H3 H9 HA
S: C4 C8 C9 CJ D3 D7 DQ S5 ST SK H3 HQ HA
W: C6 C7 CK D6 D9 S3 S6 SQ SA H2 H4 H7 HJ
N: C3 C5 CT CQ CA DK S2 S4 S7 S8 H6 H8 H9
E: C2 D2 D4 D5 D8 DT DJ DA S9 SJ H5 HT HK
S: C3 C6 C7 D2 DT DQ DA S4 S5 S8 SA HJ HQ
W: C2 D4 D5 D7 D8 D9 S6 H3 H5 H6 H7 HT HA
N: CJ CK CA D6 DK S2 S3 S7 SJ SQ SK H8 H9
E: C4 C5 C8 C9 CT CQ D3 DJ S9 ST H2 H4 HK
S: C2 C3 C7 C8 CK D3 D5 DT DA S7 SQ H3 HQ
W: D2 D8 S2 S3 S5 S6 H7 H8 H9 HT HJ HK HA
N: C4 C9 CQ D6 D7 DJ DQ S4 S8 ST H2 H4 H5
E: C5 C6 CT CJ CA D4 D9 DK S9 SJ SK SA H6
S: C3 CJ CQ D2 D4 D7 DJ DQ S7 SK H5 H8 HQ
W: C5 C6 CA D8 DA S6 ST H3 H6 H7 H9 HT HA
N: C2 C4 C7 C9 D5 DT S4 S5 S9 SJ SA H2 HK
E: C8 CT CK D3 D6 D9 DK S2 S3 S8 SQ H4 HJ
S: CT CQ CA D5 D6 DT S3 S6 SQ SK H6 H8 HK
W: C7 C8 C9 D4 D8 DJ DA S7 S8 H2 H5 HT HA
N: C4 C6 CJ D2 D9 S5 S9 ST SJ H3 H7 H9 HQ
E: C2 C3 C5 CK D3 D7 DQ DK S2 S4 SA H4 HJ
S: C5 CJ CK D3 DQ DK S2 S7 SJ SQ SA H8 HT
W: C6 C7 CT CA D2 D4 H2 H4 H5 H6 H7 HQ HA
N: C2 C3 C9 CQ D5 D6 D7 D9 S6 S8 ST SK H9
E: C4 C8 D8 DT DJ DA S3 S4 S5 S9 H3 HJ HK
S: C2 C3 C4 CK D5 D7 D9 DA S4 H3 H6 H8 HQ
W: C5 CT CQ CA D4 S5 S7 SK SA H2 H5 HJ HK
N: C6 C8 D2 D6 DT DJ S2 S3 S6 S8 SJ SQ HT
E: C7 C9 CJ D3 D8 DQ DK S9 ST H4 H7 H9 HA
S: C3 CJ CK CA D3 D4 D8 DK S3 SQ H8 HT HK
W: C4 C5 D2 D5 DT DA S6 S7 S9 ST H5 H6 HQ
N: C6 C9 CT DJ DQ S5 S8 SJ SK SA H2 H7 H9
E: C2 C7 C8 CQ D6 D7 D9 S2 S4 H3 H4 HJ HA
S: C2 C8 CQ D5 D6 DJ S2 S5 SQ H6 H8 HT HJ
W: C3 C5 C6 D3 D4 D9 DT S3 S7 ST SK H2 H3
N: C4 C7 C9 CT CJ CA DQ DK S8 S9 H4 H5 HK
E: CK D2 D7 D8 DA S4 S6 SJ SA H7 H9 HQ HA
S: C5 C7 CJ D2 D3 D5 D7 DJ S6 S7 H7 HT HK
W: C2 C8 CK CA D6 S5 S8 SJ SQ H3 H4 HJ HQ
N: C9 CT D8 D9 DQ DA S2 S4 S9 SK SA H2 HA
E: C3 C4 C6 CQ D4 DT DK S3 ST H5 H6 H8 H9
S: C3 C6 D2 DT DQ DK S2 S4 S5 S8 SA H5 H6
W: C7 C8 CQ CA D4 D7 D8 DA ST SJ H4 H7 H8
N: C2 C9 CT CJ CK D5 DJ S7 SQ H3 HT HK HA
E: C4 C5 D3 D6 D9 S3 S6 S9 SK H2 H9 HJ HQ
S: C6 C8 D3 D7 D9 DQ S3 S4 S9 ST H2 H3 HT
W: C3 C5 CK D4 D8 DT DJ S5 SK H6 H7 H8 HA
N: CT CQ CA D5 DA S6 S7 SQ SA H4 H5 H9 HJ
E: C2 C4 C7 C9 CJ D2 D6 DK S2 S8 SJ HQ HK
S: C5 CJ CK D4 D7 D8 S5 ST H7 H8 HT HK HA
W: C3 C4 C9 D3 D9 DT DK S2 S3 S4 S8 H2 HJ
N: C8 CT CQ CA D2 D5 D6 DA S7 S9 SQ SA H5
E: C2 C6 C7 DJ DQ S6 SJ SK H3 H4 H6 H9 HQ
S: C6 C9 CA D5 D8 DT DJ H4 H7 H8 HT HQ HK
W: C3 C7 CJ CK D3 D7 DQ S4 S5 S9 ST H5 HA
N: C2 C5 C8 CT D4 D6 S2 SJ SA H2 H3 H9 HJ
E: C4 CQ D2 D9 DK DA S3 S6 S7 S8 SQ SK H6
S: C4 C7 C8 D2 D6 D7 S2 S4 S7 H3 H4 HJ HQ
W: D4 D5 D8 DJ DA S3 S6 ST SQ SA H2 H5 H6
N: C2 C3 D3 DK S5 S9 SJ SK H8 H9 HT HK HA
E: C5 C6 C9 CT CJ CQ CK CA D9 DT DQ S8 H7
S: C8 CT CK D5 D6 D7 DT S5 S8 S9 SJ H9 HT
W: C4 C5 D4 D8 DJ DA ST SQ SA H4 H7 H8 HK
N: C3 C6 C7 C9 CA D2 D3 D9 S2 S3 H2 H6 HJ
E: C2 CJ CQ DQ DK S4 S6 S7 SK H3 H5 HQ HA
S: C5 C6 D2 D7 S4 S7 SA H2 H4 H7 H8 HT HK
W: C2 C4 C7 CJ CK D5 D6 DJ S2 ST SJ H6 HQ
N: C8 C9 D4 D8 D9 DT DQ DK S3 S5 S6 SQ H3
E: C3 CT CQ CA D3 DA S8 S9 SK H5 H9 HJ HA
S: C2 C7 CK D4 D8 DQ S2 S7 SJ SK H2 H9 HK
W: C4 C5 C9 CJ D6 DT S6 S8 SA H4 H5 H6 HA
N: C6 CQ D3 D7 D9 DK DA S3 S5 H7 H8 HT HJ
E: C3 C8 CT CA D2 D5 DJ S4 S9 ST SQ H3 HQ
S: C3 C4 C8 CJ D4 D5 D7 D9 DA S3 ST H3 HA
W: C6 C7 C9 D8 S5 S9 SJ SQ SK SA H9 HT HQ
N: C5 CT D2 D3 D6 DJ DQ S8 H2 H4 H5 H8 HK
E: C2 CQ CK CA DT DK S2 S4 S6 S7 H6 H7 HJ
S: C3 C6 D5 S2 S5 S6 S8 SJ SK H5 H7 HJ HQ
W: C4 C8 C9 CT CA D4 D6 D9 DK S3 S9 H3 HT
N: C2 CJ CQ CK D2 D3 D8 DJ DQ S4 S7 SQ HK
E: C5 C7 D7 DT DA ST SA H2 H4 H6 H8 H9 HA
S: C2 C3 D2 D6 D8 DJ DQ DA S4 S8 H2 HJ HA
W: C6 C8 C9 CT CQ CA D4 S7 SK SA H8 HT HQ
N: C7 CJ D3 D7 D9 DK S2 S5 S6 ST SQ H3 H4
E: C4 C5 CK D5 DT S3 S9 SJ H5 H6 H7 H9 HK
S: C2 C4 D4 D6 D7 DK DA S5 S6 SQ H7 HT HK
W: C6 CJ CK CA D9 DT S2 S8 ST SJ H2 H6 H8
N: C7 C9 CT D2 D3 D5 DJ S3 S9 SA H4 HJ HQ
E: C3 C5 C8 CQ D8 DQ S4 S7 SK H3 H5 H9 HA
S: C8 CT CJ CQ D3 D7 S2 S6 S8 SJ SK H6 HK
W: C3 C4 C5 C6 D9 DQ DA ST SQ H4 H5 HT HJ
N: C7 CK CA D2 D4 D5 D6 S4 S7 SA H9 HQ HA
E: C2 C9 D8 DT DJ DK S3 S5 S9 H2 H3 H7 H8
S: CJ D2 D3 D9 DA S2 S4 S7 S8 SQ H5 H6 H8
W: C6 C8 CQ CA D5 D7 DT DQ S6 ST SJ SK H9
N: C2 C3 C5 C9 D4 D6 D8 S3 S5 S9 SA H3 H7
E: C4 C7 CT CK DJ DK H2 H4 HT HJ HQ HK HA
S: C2 C7 CK D2 D5 D6 DJ S7 S8 SJ H5 H9 HQ
W: C3 C4 C5 C6 CT CJ D3 D7 D9 DT S3 HJ HA
N: CA D4 D8 DQ DK DA S2 S4 S5 S9 SK H2 HK
E: C8 C9 CQ S6 ST SQ SA H3 H4 H6 H7 H8 HT
S: C4 C9 CT D2 D4 DQ DK S7 H2 H3 H9 HQ HA
W: C7 C8 CJ CQ CA D6 D9 DJ DA S2 H5 H6 H7
N: C3 C5 C6 D3 D7 S3 S4 S5 S6 S8 SK H4 HT
E: C2 CK D5 D8 DT S9 ST SJ SQ SA H8 HJ HK
S: C4 C6 D3 D5 D6 D8 DJ S3 S4 SQ SA HK HA
W: C7 CJ CQ CA DA S8 SK H2 H3 H6 H8 H9 HJ
N: C5 C8 CK D4 D7 D9 DQ S2 ST SJ H4 H7 HT
E: C2 C3 C9 CT D2 DT DK S5 S6 S7 S9 H5 HQ
S: C4 D3 D6 D7 D8 DQ S2 S8 H4 H6 H9 HQ HK
W: C5 C7 D2 D4 D5 D9 DK S4 S7 S9 ST SK H2
N: C3 C6 C8 C9 CK CA DT DA S3 S5 H3 H5 H7
E: C2 CT CJ CQ DJ S6 SJ SQ SA H8 HT HJ HA
S: C4 C7 CJ D3 D4 D5 S7 S8 ST SQ H3 H6 HJ
W: C2 C5 C8 C9 CQ CK DA S2 S4 S6 SJ HT HK
N: C6 CT CA D2 D7 D8 DT S5 S9 SK SA HQ HA
E: C3 D6 D9 DJ DQ DK S3 H2 H4 H5 H7 H8 H9
S: C3 C4 C5 CQ D3 S5 S8 S9 ST SA H2 H3 H7
W: C2 C6 C8 D5 D7 D8 DT DJ DQ S7 H6 H8 HT
N: C7 CJ CK D2 D4 D6 DK DA S2 S3 S6 H5 HJ
E: C9 CT CA D9 S4 SJ SQ SK H4 H9 HQ HK HA
S: C3 C9 CK D4 D8 S2 S6 S8 ST H3 H5 H8 HA
W: C2 CT CJ CQ D2 D6 D9 DQ S5 S7 H2 H4 HK
N: C4 C6 CA D3 DK DA S3 S4 SQ H7 H9 HT HJ
E: C5 C7 C8 D5 D7 DT DJ S9 SJ SK SA H6 HQ
S: C6 C9 CJ D2 DQ S6 S7 S8 ST SJ SK H7 HT
W: C8 CK D6 D8 D9 DJ DK DA S5 S9 SQ H2 HJ
N: C2 C5 CT CA D7 S2 S4 H3 H4 H6 H8 H9 HA
E: C3 C4 C7 CQ D3 D4 D5 DT S3 SA H5 HQ HK
S: C3 C7 D3 D7 D9 DT S6 S8 ST SQ H6 H8 HJ
W: C6 C8 CJ CQ CK D6 DQ DA S7 S9 SK H9 HQ
N: C2 C4 C5 CA D4 DJ DK S3 SJ SA H7 HK HA
E: C9 CT D2 D5 D8 S2 S4 S5 H2 H3 H4 H5 HT
S: C5 D6 D8 DK S3 S6 S7 S9 SA H2 H7 HT HK
W: C3 C6 CQ CK D5 D7 DT S4 S8 SJ H4 H9 HA
N: C2 CJ D2 D3 D9 DJ DQ S5 ST SK H3 H6 H8
E: C4 C7 C8 C9 CT CA D4 DA S2 SQ H5 HJ HQ
S: C3 CT CJ D3 D4 DK DA S2 S5 S7 H4 H5 HT
W: C4 C6 CQ CK S3 S4 S8 SJ SA H6 H7 H8 HA
N: C2 C8 C9 D6 DT DJ DQ S9 ST SK H2 HJ HQ
E: C5 C7 CA D2 D5 D7 D8 D9 S6 SQ H3 H9 HK
S: C2 CA D3 D7 DQ DA S4 S6 ST SA H2 H5 HQ
W: C3 C4 C5 C7 D4 D6 SJ SK H4 H7 H8 HK HA
N: C8 CK D5 D8 DT DJ S7 S8 SQ H3 H6 H9 HJ
E: C6 C9 CT CJ CQ D2 D9 DK S2 S3 S5 S9 HT
S: C5 C6 D2 D3 D7 D9 DK S3 ST SK H5 H8 HK
W: C3 CQ D4 D5 D8 DJ DQ DA S4 SA H2 H3 HT
N: C2 C4 C7 C8 CJ CK DT S2 S7 SJ H9 HJ HA
E: C9 CT CA D6 S5 S6 S8 S9 SQ H4 H6 H7 HQ
S: C7 CJ D5 D8 D9 DT DK DA S5 S8 ST H3 HK
W: C3 C4 C8 C9 CQ CA D2 D6 S6 SA H2 HQ HA
N: C2 C5 C6 D4 D7 S2 S3 S7 S9 SK H8 HT HJ
E: CT CK D3 DJ DQ S4 SJ SQ H4 H5 H6 H7 H9
S: C8 D6 DQ DK S7 S8 SK SA H2 H5 H7 H9 HK
W: C3 C5 C7 D2 D5 DJ S5 S9 ST SQ H6 H8 HT
N: C2 C4 CJ CK D7 DT DA S2 S3 SJ H3 HJ HA
E: C6 C9 CT CQ CA D3 D4 D8 D9 S4 S6 H4 HQ
S: C4 C8 CJ CA D2 D6 D8 DK DA S2 S7 H4 HJ
W: C2 C3 C6 CK D9 S4 S6 SQ H2 H5 H6 H8 HT
N: C5 C9 CQ D3 D5 D7 DJ DQ ST SK H3 H9 HK
E: C7 CT D4 DT S3 S5 S8 S9 SJ SA H7 HQ HA
S: C5 C7 C9 CK D2 D7 D8 D9 DJ S3 SJ H6 HA
W: C8 CJ D3 DT DK S6 SA H4 H8 H9 HT HJ HK
N: C2 C4 C6 CQ D4 D6 S5 S8 S9 SQ SK H2 H3
E: C3 CT CA D5 DQ DA S2 S4 S7 ST H5 H7 HQ
S: C3 C5 C8 D3 D5 D6 D7 S2 H2 H3 H4 H5 H6
W: CJ CQ D8 DT DQ S4 S9 ST SJ SA H8 HT HQ
N: C4 C6 C9 CT DJ DK DA S3 S7 SQ SK H9 HK
E: C2 C7 CK CA D2 D4 D9 S5 S6 S8 H7 HJ HA
S: C5 C6 CT DJ DK S3 S4 S6 H4 H5 H9 HJ HK
W: C2 C3 CQ D5 D6 D7 DT DQ DA S5 S9 H6 HT
N: C8 CJ D2 D4 D9 S8 ST SQ SK H7 H8 HQ HA
E: C4 C7 C9 CK CA D3 D8 S2 S7 SJ SA H2 H3
S: C6 C7 CT CJ CK D3 D6 D8 DJ DA H4 H5 HQ
W: CA D5 DT DQ DK S6 S7 S8 SQ H6 H8 HJ HA
N: C4 CQ D7 S3 S4 S5 SJ SK SA H3 H7 HT HK
E: C2 C3 C5 C8 C9 D2 D4 D9 S2 S9 ST H2 H9
S: C6 D2 D3 D5 DQ DA S3 S8 SA H4 H9 HJ HQ
W: C2 C8 C9 D7 DT S2 S6 SJ SK H2 H5 H8 HA
N: C4 C7 CQ CK D4 D8 D9 DJ S7 S9 H6 H7 HK
E: C3 C5 CT CJ CA D6 DK S4 S5 ST SQ H3 HT
S: C9 CJ D2 D3 D6 D8 DQ DA H3 H5 H7 HJ HA
W: C7 CQ D4 D7 S2 S3 S5 S7 SJ SK H4 HT HK
N: C2 C3 C4 C6 CA D5 D9 S6 S9 ST SQ SA HQ
E: C5 C8 CT CK DT DJ DK S4 S8 H2 H6 H8 H9
S: C6 CA D3 DQ S4 S5 S6 S8 SQ SK SA H8 HT
W: C7 CQ D2 D5 D9 DT S3 ST SJ H3 H5 H6 HA
N: C2 C4 C5 C8 CJ CK D6 D7 DA S9 H4 HJ HQ
E: C3 C9 CT D4 D8 DJ DK S2 S7 H2 H7 H9 HK
S: CT CJ CK D6 DT S6 S7 S8 SJ SQ SK H6 H8
W: C2 C3 C7 CA D4 D9 DQ S2 S3 S5 H2 H3 HK
N: C5 C6 D7 D8 DJ S4 S9 ST SA H5 H7 H9 HQ
E: C4 C8 C9 CQ D2 D3 D5 DK DA H4 HT HJ HA
S: C2 C5 C6 C7 CK D3 D4 D6 DJ DK DA S6 HA
W: C3 C4 C8 CQ D7 D8 DT S3 S7 H2 H3 H6 HJ
N: CA D2 S2 S4 S5 S8 SJ SK SA H8 H9 HT HK
E: C9 CT CJ D5 D9 DQ S9 ST SQ H4 H5 H7 HQ
S: C4 C5 CA D3 D5 D6 D8 D9 DK SQ HJ HQ HA
W: CQ DQ DA S3 SJ SA H2 H3 H4 H5 H6 H7 HK
N: C2 C3 C6 C7 D4 DT DJ S2 S4 S5 S7 H9 HT
E: C8 C9 CT CJ CK D2 D7 S6 S8 S9 ST SK H8
S: C3 C4 C5 CJ D4 D5 D7 S2 S3 ST H2 H4 H6
W: C2 CQ CK D3 D6 D8 DA S6 S9 SA H7 H9 HA
N: C7 C8 C9 CT D2 DT DJ DK S4 S7 SK HT HJ
E: C6 CA D9 DQ S5 S8 SJ SQ H3 H5 H8 HQ HK
S: C9 D3 D6 S3 S8 SQ H2 H4 H5 H6 H7 H8 H9
W: C4 C6 CK CA D5 DJ DK DA S4 S9 SK HQ HA
N: C2 C5 CT CJ CQ D7 D8 D9 DT DQ S2 S5 HJ
E: C3 C7 C8 D2 D4 S6 S7 ST SJ SA H3 HT HK
S: C5 C6 CJ D8 S3 S4 S7 SJ SQ H2 H7 HJ HA
W: C3 C8 C9 D2 D4 D6 D9 DJ DQ S2 S9 SK H8
N: C4 CQ CA DT S5 S6 S8 ST H3 H4 H5 HQ HK
E: C2 C7 CT CK D3 D5 D7 DK DA SA H6 H9 HT
S: C2 D2 D7 DJ DQ DA S2 S4 ST H7 H8 H9 HJ
W: C4 C9 CJ D4 D5 D6 DT S7 S8 S9 H3 HQ HK
N: C5 C6 C8 D3 DK S3 S6 SJ SQ SA H2 H4 H5
E: C3 C7 CT CQ CK CA D8 D9 S5 SK H6 HT HA
S: C2 C3 C4 D3 D4 D5 D8 DK S2 S8 S9 H6 H9
W: C6 C8 D2 D9 DT S4 ST SQ SK H2 H3 H4 HA
N: C7 CT CK D6 DJ DQ DA S3 S5 S6 H7 HQ HK
E: C5 C9 CJ CQ CA D7 S7 SJ SA H5 H8 HT HJ
S: C6 C9 CK D2 D5 D9 DT S4 SQ H7 H8 H9 HT
W: D3 D4 D6 D8 DA S3 S5 S8 H3 H5 HQ HK HA
N: C3 C7 CJ CQ CA DQ S2 S6 S7 ST SA H2 H6
E: C2 C4 C5 C8 CT D7 DJ DK S9 SJ SK H4 HJ
S: C3 C4 CT CA D5 D7 D9 S3 S4 SA H5 H7 HT
W: C5 C8 C9 CJ D3 D6 DA S5 S7 S8 S9 SK HQ
N: C2 C7 CK D2 D4 DT DQ DK S2 S6 H2 H9 HJ
E: C6 CQ D8 DJ ST SJ SQ H3 H4 H6 H8 HK HA
S: C2 C6 C7 C8 CT D3 D5 D9 DT SQ H9 HJ HK
W: CJ CQ D6 DQ S3 S4 S7 ST SK H2 H4 H6 HQ
N: C3 C9 CK D2 D4 DJ DA S2 SJ SA H8 HT HA
E: C4 C5 CA D7 D8 DK S5 S6 S8 S9 H3 H5 H7
S: C3 C4 C5 CA D2 DT S2 S5 S7 SK H7 HJ HK
W: CQ D6 D7 D9 DJ DQ DK S8 S9 ST SA H3 HA
N: C6 C9 CJ CK D4 D5 D8 DA S3 SQ H5 H8 HQ
E: C2 C7 C8 CT D3 S4 S6 SJ H2 H4 H6 H9 HT
S: C5 C9 CK D2 D5 DQ S9 SQ H7 H8 H9 HT HK
W: C2 C4 CQ D4 D6 DK S5 S8 ST SA H2 H5 HQ
N: C3 CT D7 D8 D9 DT DJ DA S2 S4 S7 SK H4
E: C6 C7 C8 CJ CA D3 S3 S6 SJ H3 H6 HJ HA
S: C4 CT D2 D6 DT DQ S5 S6 S7 SJ SK SA HK
W: C8 C9 CQ D5 DJ DK S8 S9 SQ H3 H4 H6 HT
N: C7 CA D4 D7 D9 DA S2 S3 S4 H2 H7 H8 HQ
E: C2 C3 C5 C6 CJ CK D3 D8 ST H5 H9 HJ HA
S: C2 C5 CQ D2 DJ DQ DK S2 S7 SJ H3 H4 HJ
W: C9 CT CJ D8 S5 S8 ST H5 H7 H8 HT HQ HA
N: C3 C4 C7 CA D5 D7 S9 SQ SK SA H2 H6 HK
E: C6 C8 CK D3 D4 D6 D9 DT DA S3 S4 S6 H9
S: C2 C7 CT D3 D8 S7 S8 S9 ST SJ H6 H8 H9
W: C5 C8 CJ CA D2 D5 S2 S3 SQ H3 HT HQ HA
N: C6 C9 CQ CK D6 D7 D9 S4 S6 SK SA H4 H5
E: C3 C4 D4 DT DJ DQ DK DA S5 H2 H7 HJ HK
S: C6 C8 D2 D4 D9 DA S3 S5 S7 SQ SA H9 HJ
W: C4 CQ CA D8 DT DQ DK S4 S8 H2 H4 H8 HT
N: CT CJ CK D3 D5 D6 D7 DJ S2 ST SJ H3 H7
E: C2 C3 C5 C7 C9 S6 S9 SK H5 H6 HQ HK HA
S: C5 D4 D8 DT S2 ST SJ SK H2 H3 H5 H7 H9
W: C3 C4 C9 CT CQ CK D2 D9 DA S3 S5 S8 SA
N: C6 C7 C8 CJ D3 DJ DQ S4 S9 SQ H6 HQ HA
E: C2 CA D5 D6 D7 DK S6 S7 H4 H8 HT HJ HK
S: C2 CA D2 D4 DJ DQ DK ST SJ H4 H5 H8 HA
W: C3 C4 CJ CQ CK D5 D8 DT DA S5 S7 S9 H6
N: C7 C8 D3 D9 S3 S4 S6 S8 H2 H3 H7 H9 HT
E: C5 C6 C9 CT D6 D7 S2 SQ SK SA HJ HQ HK
S: C9 CK D2 D3 D6 DA S4 S5 S6 SJ H3 H9 HT
W: C3 C7 CT CJ DT DK S8 SQ SA H2 H6 H8 HQ
N: C8 CQ CA D4 D8 D9 DQ S7 S9 ST SK HK HA
E: C2 C4 C5 C6 D5 D7 DJ S2 S3 H4 H5 H7 HJ
S: C5 CJ D6 D7 S2 S6 S9 SJ SK H2 H5 H7 H9
W: C4 C7 C9 CT CQ CK DJ DK S3 HT HQ HK HA
N: C2 C3 C6 C8 CA D4 DT DQ S4 S7 H4 H6 HJ
E: D2 D3 D5 D8 D9 DA S5 S8 ST SQ SA H3 H8
S: C3 C4 C6 CK CA D6 D9 S8 S9 SK H2 H9 HA
W: D3 D5 DJ DK S2 S5 S6 S7 ST SQ H4 H5 H6
N: C2 C5 C7 CJ D2 S3 S4 H3 H7 H8 HT HJ HK
E: C8 C9 CT CQ D4 D7 D8 DT DQ DA SJ SA HQ
S: C3 C5 CT CJ CA DJ DK S3 S4 S6 SQ H7 HK
W: C4 C8 CK D5 D8 D9 S2 S8 SA H2 H5 H6 HJ
N: C6 C9 CQ D2 D3 D6 DA S5 S7 S9 SJ H9 HT
E: C2 C7 D4 D7 DT DQ ST SK H3 H4 H8 HQ HA
S: C6 D2 D3 D4 D7 DJ DK S3 S9 H5 H9 HQ HA
W: C3 C5 C8 C9 CA D9 DT DQ DA S4 H2 HT HJ
N: CT CJ CQ CK D5 D6 S5 S8 ST SJ SA H7 H8
E: C2 C4 C7 D8 S2 S6 S7 SQ SK H3 H4 H6 HK
S: C5 C8 CJ CQ DJ DK S8 ST SQ SA H3 HK HA
W: C6 CK D2 D3 D5 D7 S4 S6 SJ H4 H6 H7 H8
N: C3 C4 C7 C9 CA D6 DT S2 S9 SK H2 H5 HT
E: C2 CT D4 D8 D9 DQ DA S3 S5 S7 H9 HJ HQ
S: C6 CJ D6 DQ DK S3 S8 H2 H7 H8 HQ HK HA
W: C8 CK D2 D5 DJ S4 S6 SQ SK SA H3 H5 H6
N: C3 C4 C5 C9 D3 D4 D7 D9 S2 S5 S7 ST HT
E: C2 C7 CT CQ CA D8 DT DA S9 SJ H4 H9 HJ
S: CA D7 D9 DQ S2 S3 S6 S7 SJ SA H2 H4 HA
W: C4 C6 CT CJ D4 S5 S8 H3 H5 H7 HT HJ HK
N: C3 C7 C9 CQ D2 D3 D6 DT DK S4 SQ H6 HQ
E: C2 C5 C8 CK D5 D8 DJ DA S9 ST SK H8 H9
S: C5 C6 C9 CA D6 D9 DJ S2 S5 SQ H3 H4 HA
W: C3 C4 C8 CQ D2 D5 D7 DT DK S7 S8 SJ H5
N: C2 C7 CT D4 D8 DA S6 S9 SK SA H6 HJ HK
E: CJ CK D3 DQ S3 S4 ST H2 H7 H8 H9 HT HQ
S: C3 C7 C9 CK D5 D7 S2 S3 SK SA H9 HT HK
W: C6 CA D4 D6 D8 DQ S5 S7 S8 S9 SJ H3 HJ
N: C4 C8 CQ D3 D9 DT DA S6 ST SQ H4 H7 HA
E: C2 C5 CT CJ D2 DJ DK S4 H2 H5 H6 H8 HQ
S: C3 C4 CT CJ DK DA S9 SA H2 H5 H7 H9 HT
W: C2 C6 CK CA D3 D7 D8 S6 S7 ST SQ HQ HK
N: C7 D2 DQ S2 S4 S5 S8 SJ SK H3 H4 H6 HJ
E: C5 C8 C9 CQ D4 D5 D6 D9 DT DJ S3 H8 HA
S: C9 CA D6 DJ DQ S4 ST SA H2 H5 HT HQ HK
W: C3 C5 C6 C7 CT CJ CK D4 D8 DT DA S6 S7
N: C4 C8 CQ D5 D9 DK S3 S9 SK H4 H6 H7 H8
E: C2 D2 D3 D7 S2 S5 S8 SJ SQ H3 H9 HJ HA
S: C8 CK D4 D8 DT SJ SK H4 H5 H6 H7 H9 HT
W: C2 C6 CT CA D2 D7 D9 DK S2 S7 S9 H2 H8
N: C3 C4 C7 CQ D3 D5 DJ S3 S4 ST SQ H3 HJ
E: C5 C9 CJ D6 DQ DA S5 S6 S8 SA HQ HK HA
S: C4 C5 C8 CT CJ CK D6 D7 S5 S7 H2 H5 HT
W: C7 D3 D4 D5 D9 DK DA S8 S9 ST SJ H3 HA
N: C3 C6 CQ D2 D8 DQ SQ SA H4 H6 H7 H8 H9
E: C2 C9 CA DT DJ S2 S3 S4 S6 SK HJ HQ HK
S: D7 D8 DT S4 S5 S6 S7 S9 ST SJ H6 HT HQ
W: C3 C4 CT CQ CK CA D4 DK S2 S8 H2 H4 HK
N: C2 C5 CJ D2 D3 D6 D9 DA SK H5 H7 H9 HA
E: C6 C7 C8 C9 D5 DJ DQ S3 SQ SA H3 H8 HJ
S: C9 CQ CK DK S2 S3 S4 S8 S9 ST SK H3 H9
W: C3 CT CJ CA D7 S5 S6 SJ SA H5 HT HQ HK
N: C5 C6 C7 D2 D3 D4 D9 DT S7 H6 H7 HJ HA
E: C2 C4 C8 D5 D6 D8 DJ DQ DA SQ H2 H4 H8
S: C2 C3 CQ CK D5 S2 S5 S6 S7 S9 SJ H8 HJ
W: C6 CT CJ D3 D9 DT DK DA SQ H2 H3 HT HQ
N: C4 C9 D7 D8 DJ DQ S4 SA H5 H6 H7 H9 HA
E: C5 C7 C8 CA D2 D4 D6 S3 S8 ST SK H4 HK
S: C4 C6 CQ D2 D8 D9 DQ S2 S9 ST H7 H8 HT
W: C7 C8 C9 D3 D5 D6 DJ S3 S7 SK H4 H9 HK
N: CK CA D7 S5 S6 S8 SJ SA H2 H3 H6 HJ HQ
E: C2 C3 C5 CT CJ D4 DT DK DA S4 SQ H5 HA
S: C2 C8 CJ CA D8 DK SA H2 H4 H7 HT HJ HK
W: CT CQ D3 D9 DJ S6 S7 ST SK H3 H6 H9 HQ
N: C3 C4 CK D6 D7 DT DQ S2 S3 S4 SJ H5 H8
E: C5 C6 C7 C9 D2 D4 D5 DA S5 S8 S9 SQ HA
S: C2 C7 C8 C9 CK D2 D5 DJ DQ S5 H2 H3 H6
W: C4 C5 C6 CT CQ DT DA S3 S4 ST SQ HK HA
N: C3 D3 D4 D7 S6 S7 S8 SK SA H4 H7 HT HQ
E: CJ CA D6 D8 D9 DK S2 S9 SJ H5 H8 H9 HJ
S: C5 C9 CK D3 D4 D7 D8 DQ SK H4 H5 H9 HA
W: C8 CQ D2 D9 DJ DK S2 S4 S9 ST SJ H3 HQ
N: C6 D5 D6 DA S3 S7 S8 SA H2 H6 H8 HJ HK
E: C2 C3 C4 C7 CT CJ CA DT S5 S6 SQ H7 HT
S: C2 C6 C9 D6 D8 D9 DJ DK DA S3 S6 S7 H9
W: C8 D3 D4 D7 DT S5 SQ SK SA H5 H7 HK HA
N: C3 C4 C7 CT CK D2 D5 DQ S2 H2 H3 H4 HT
E: C5 CJ CQ CA S4 S8 S9 ST SJ H6 H8 HJ HQ
S: C3 C4 CK CA D6 DT S4 S8 SK H3 H5 HT HK
W: CQ D2 D8 DK DA S2 S6 SJ SA H2 H7 H9 HQ
N: C9 CT CJ D3 D4 DJ S3 S7 S9 ST SQ HJ HA
E: C2 C5 C6 C7 C8 D5 D7 D9 DQ S5 H4 H6 H8
S: C8 C9 CT CA DJ DA S4 ST SJ H2 H8 H9 HA
W: C3 C4 C7 CJ D4 DQ DK S3 S6 SA HJ HQ HK
N: C2 C6 CQ D2 D5 D7 D8 S7 S9 H3 H4 H7 HT
E: C5 CK D3 D6 D9 DT S2 S5 S8 SQ SK H5 H6
S: C4 CJ S5 S6 S8 SJ SQ H2 H6 H7 HT HQ HA
W: C2 C8 CQ CA D3 DT DQ DK S3 S4 ST SA H9
N: C3 C9 CT D4 D6 D7 D9 S7 S9 SK H4 H5 H8
E: C5 C6 C7 CK D2 D5 D8 DJ DA S2 H3 HJ HK
S: C2 C5 C7 CJ CK D8 DJ S5 SJ SQ H4 H7 H9
W: C8 CT D3 D4 D7 DA H2 H3 H5 H6 HT HJ HQ
N: C4 CQ D6 DQ DK S2 S3 S4 S6 S7 S8 ST HK
E: C3 C6 C9 CA D2 D5 D9 DT S9 SK SA H8 HA
S: C7 C8 CJ CQ D6 D7 DQ DA S6 SJ H8 H9 HJ
W: C5 C9 CT D3 DT DK S3 S9 ST H6 HQ HK HA
N: C2 C3 CK CA D5 D9 S5 S7 S8 H2 H4 H5 H7
E: C4 C6 D2 D4 D8 DJ S2 S4 SQ SK SA H3 HT
S: CJ D3 D8 DJ S5 ST H4 H8 H9 HT HJ HQ HK
W: C2 C4 C6 C9 CK D2 D4 D5 D6 DT DQ S7 SK
N: C3 C5 C8 CA DK DA S2 S8 SA H2 H5 H6 HA
E: C7 CT CQ D7 D9 S3 S4 S6 S9 SJ SQ H3 H7
S: C3 C6 C7 C9 CK D2 D4 D6 D7 S2 SJ H3 H4
W: C2 CT CA D3 DT S3 S7 S9 SA H5 H6 HQ HA
N: C4 C5 CJ D8 DQ DA S5 S6 ST H2 H8 H9 HT
E: C8 CQ D5 D9 DJ DK S4 S8 SQ SK H7 HJ HK
S: C2 C6 CK CA D2 D7 DJ DK S6 S9 SQ SA H8
W: C7 C8 C9 D5 D6 D8 DT DA S5 H4 HT HJ HK
N: C5 CQ D4 DQ S3 S8 ST SK H2 H5 H6 H9 HA
E: C3 C4 CT CJ D3 D9 S2 S4 S7 SJ H3 H7 HQ
S: C2 CJ DT DJ DK DA S5 S9 ST SA H5 H7 HJ
W: CQ D6 D9 S3 S6 S8 SQ SK H2 H8 HT HQ HK
N: C3 C4 C6 C7 C8 CT CK D5 D7 S4 SJ H3 H9
E: C5 C9 CA D2 D3 D4 D8 DQ S2 S7 H4 H6 HA
S: C2 C5 C8 CK D6 DT S2 S3 S5 ST H5 HQ HK
W: C7 CT CQ D5 DJ DA S7 S8 SJ H3 H4 H6 HT
N: C3 C6 C9 CJ D4 D7 D8 D9 DQ DK S9 H8 HA
E: C4 CA D2 D3 S4 S6 SQ SK SA H2 H7 H9 HJ
S: C2 C4 C8 CK CA D7 D9 DK DA S5 SK H6 HQ
W: C6 C9 D3 D4 DT S3 S4 S8 SJ H7 HT HK HA
N: C3 CT CJ CQ D5 DQ S2 S6 ST SQ SA H4 HJ
E: C5 C7 D2 D6 D8 DJ S7 S9 H2 H3 H5 H8 H9
S: C9 CK D7 DJ S6 ST SQ SK H2 H6 H7 HJ HK
W: C3 CT CQ D4 D8 DT S3 S5 S8 S9 SA H4 HA
N: C5 C6 C7 C8 CJ D3 D9 DK S7 H3 H8 HT HQ
E: C2 C4 CA D2 D5 D6 DQ DA S2 S4 SJ H5 H9
S: C2 C5 CK CA D2 D3 DQ DK S2 S5 S7 H8 HA
W: C4 C8 C9 CT CJ CQ D5 DJ S9 SQ SA HJ HQ
N: C3 C6 D4 D9 DT S4 S8 SJ H5 H6 H7 H9 HT
E: C7 D6 D7 D8 DA S3 S6 ST SK H2 H3 H4 HK
S: C2 D2 D4 DT DQ DA ST SK H2 H3 H8 HT HQ
W: C3 C4 C5 C9 D6 S3 S7 SQ SA H5 HJ HK HA
N: CT CJ CK CA D3 D5 D9 DJ DK S6 S9 H4 H6
E: C6 C7 C8 CQ D7 D8 S2 S4 S5 S8 SJ H7 H9
S: C6 C8 C9 D5 DJ DQ S4 S9 SJ SK H5 H8 HA
W: CJ D2 D3 DT DA S3 S5 SQ H2 H6 H7 HQ HK
N: C2 C7 CK CA D4 D6 D7 D9 S6 S7 S8 H9 HT
E: C3 C4 C5 CT CQ D8 DK S2 ST SA H3 H4 HJ
S: C5 C9 CJ CQ CK DJ S4 S5 S8 SJ SK H6 HT
W: C4 C7 CA D9 DT DK S7 S9 ST H3 HJ HQ HK
N: C2 C6 CT D3 D4 DQ DA S2 H4 H5 H8 H9 HA
E: C3 C8 D2 D5 D6 D7 D8 S3 S6 SQ SA H2 H7
S: C4 C6 C8 D6 D9 S5 S6 S9 ST SQ H5 HQ HK
W: C2 C9 CT D3 D4 D7 DQ DK DA S2 H6 H7 H9
N: C5 CJ CQ CK D2 S3 S4 S7 SA H2 H3 H8 HJ
E: C3 C7 CA D5 D8 DT DJ S8 SJ SK H4 HT HA
S: C2 C4 CJ CK D5 D6 DQ DA S2 ST H2 H6 HJ
W: C3 C5 C9 D4 D7 D8 DT DJ S3 S4 S8 H3 HQ
N: C7 C8 D2 D9 S7 S9 SJ SK H4 H8 H9 HT HA
E: C6 CT CQ CA D3 DK S5 S6 SQ SA H5 H7 HK
S: C4 CK CA D4 D6 D8 D9 S5 S7 S8 S9 SK HK
W: C5 C6 CT D3 D7 DT S3 S6 ST H2 H6 HT HA
N: C2 C7 CJ CQ D5 DJ S4 SA H3 H5 H7 H8 H9
E: C3 C8 C9 D2 DQ DK DA S2 SJ SQ H4 HJ HQ
S: C3 CJ CK D2 D4 D9 S6 ST SQ H4 H9 HJ HQ
W: C4 C8 CA D3 D5 D7 DT S7 S8 SA H2 H7 H8
N: C7 C9 CT CQ DQ S2 S3 S9 SJ H3 H5 H6 HA
E: C2 C5 C6 D6 D8 DJ DK DA S4 S5 SK HT HK
S: C3 C6 C9 CA D2 D8 D9 S5 H2 H6 H9 HT HJ
W: C2 D3 D5 D7 DJ DK S2 S3 S7 S8 SQ H4 HQ
N: C4 C5 C8 CT CJ CQ D4 D6 ST SA H5 H8 HK
E: C7 CK DT DQ DA S4 S6 S9 SJ SK H3 H7 HA
S: C2 C4 D2 D4 D9 S2 ST SK H2 H4 H9 HT HQ
W: C3 C5 C6 CJ CK D6 D7 D8 DK SJ SQ SA H7
N: C8 C9 CQ D5 DT DQ DA S3 S4 H3 H5 H6 HJ
E: C7 CT CA D3 DJ S5 S6 S7 S8 S9 H8 HK HA
S: C4 C7 C8 C9 CJ D3 D4 DT DQ S5 H6 HJ HQ
W: CQ D6 D9 DJ DK S4 S6 S7 SK SA H2 H7 HK
N: C2 C3 CK D2 D7 D8 DA S3 S8 S9 ST H5 HA
E: C5 C6 CT CA D5 S2 SJ SQ H3 H4 H8 H9 HT
S: C5 C7 CT CJ CK D2 D4 D6 D9 DT S2 H6 HQ
W: C3 C6 D7 DK DA S4 S7 S8 SJ H8 H9 HJ HA
N: C8 CA D3 D5 DJ DQ S6 ST SA H2 H7 HT HK
E: C2 C4 C9 CQ D8 S3 S5 S9 SQ SK H3 H4 H5
S: C3 C7 CT D3 D5 DT S3 S7 S8 ST H4 H8 HQ
W: C5 CJ D8 D9 DQ DK DA S5 SQ SK SA H5 H6
N: C2 C6 C8 CQ CA D2 DJ S4 S9 SJ H9 HK HA
E: C4 C9 CK D4 D6 D7 S2 S6 H2 H3 H7 HT HJ
S: C2 C3 C7 CT CJ DJ DK SK H2 H3 H5 H6 HA
W: C5 C8 C9 CQ CK D4 D8 D9 S9 SQ SA H8 HT
N: C4 CA D2 D3 DA S2 S3 S5 S6 ST HJ HQ HK
E: C6 D5 D6 D7 DT DQ S4 S7 S8 SJ H4 H7 H9
S: C2 C8 D3 D4 D7 D8 D9 DJ DQ DA S2 SK HA
W: C5 CT CA D2 D5 DT S3 S6 SJ H2 H4 HT HQ
N: C7 C9 CJ CQ CK S4 S5 S9 SQ SA H6 H8 H9
E: C3 C4 C6 D6 DK S7 S8 ST H3 H5 H7 HJ HK
S: C5 C6 C8 CT CQ CK D2 D8 D9 DA S7 S8 S9
W: C3 CJ CA D3 D6 DJ SJ H3 H6 H7 H8 HQ HA
N: C4 C7 D5 DT DQ S2 S4 S5 ST SA H4 H9 HK
E: C2 C9 D4 D7 DK S3 S6 SQ SK H2 H5 HT HJ
S: C7 C8 CQ D2 D6 DJ DK S7 S8 H2 H6 H7 HK
W: C3 C5 D4 D5 D7 D8 S3 S5 SA H3 H5 HJ HA
N: CT CJ CK CA D9 DQ S4 S6 ST SK H4 H8 H9
E: C2 C4 C6 C9 D3 DT DA S2 S9 SJ SQ HT HQ
S: C2 C5 CJ CK D2 D3 D5 S4 S5 H5 H6 HQ HA
W: C3 C9 CT CA D4 D7 S8 S9 ST SJ H2 HT HK
N: C4 C6 C8 CQ D6 D8 DJ DQ S3 S7 SQ SA HJ
E: C7 D9 DT DK DA S2 S6 SK H3 H4 H7 H8 H9
S: C4 C6 D5 D8 D9 DK S3 S4 ST SJ H4 H7 H9
W: C7 D6 D7 S2 S5 S7 S8 SQ H2 H5 H8 HJ HQ
N: C2 C3 C5 CT CJ CK D3 DT S6 S9 H3 H6 HT
E: C8 C9 CQ CA D2 D4 DJ DQ DA SK SA HK HA
S: C2 CT CJ CK D3 D8 DJ S2 S5 S9 SA H7 HQ
W: C7 CQ D5 D7 DT DQ DA S6 S7 H3 H9 HT HJ
N: C3 C4 C5 C6 C9 D9 S4 S8 SJ SQ H4 H8 HK
E: C8 CA D2 D4 D6 DK S3 ST SK H2 H5 H6 HA
S: C3 C4 C5 D4 D6 D8 S9 SJ SK H2 H7 H9 HA
W: C6 C9 D3 D5 DK DA S8 ST SQ SA H4 HJ HQ
N: C2 C7 CQ D2 D7 D9 DT S3 S4 S7 H6 HT HK
E: C8 CT CJ CK CA DJ DQ S2 S5 S6 H3 H5 H8
S: C2 C3 C4 CA D4 DA S2 S6 S8 S9 H4 H9 HJ
W: C5 C8 C9 CT D3 D7 D8 DT S4 SA HT HQ HA
N: C7 CK D5 D9 DQ DK S7 SJ SQ H3 H6 H8 HK
E: C6 CJ CQ D2 D6 DJ S3 S5 ST SK H2 H5 H7
S: C2 C3 CK CA D4 D6 DQ S5 ST H3 H4 H7 H8
W: C5 C6 D2 D8 D9 DA S3 SJ SK SA HJ HQ HK
N: C7 C8 CJ D3 D5 DT DJ S6 S7 S8 SQ H9 HA
E: C4 C9 CT CQ D7 DK S2 S4 S9 H2 H5 H6 HT
S: C2 C6 C7 C9 D7 DT S7 S8 SJ SQ SK H5 HA
W: D3 D5 DJ DK S2 S3 S4 S9 ST H3 H8 HJ HQ
N: C3 C4 C5 C8 CK D2 D4 D6 D9 DA S6 H6 H7
E: CT CJ CQ CA D8 DQ S5 SA H2 H4 H9 HT HK
S: C9 CQ CA D9 DQ DA S4 S7 S9 SJ H4 H5 H8
W: C3 D2 D3 D6 DT S2 ST SK H3 H7 H9 HQ HK
N: C7 C8 D4 D7 D8 DJ DK S3 S5 S6 S8 SA HJ
E: C2 C4 C5 C6 CT CJ CK D5 SQ H2 H6 HT HA
S: C3 C5 C6 C8 D5 DK S9 SK H3 H7 H9 HT HA
W: CT CJ D4 D8 S2 S5 S8 SQ SA H4 H5 HJ HQ
N: C2 C7 CQ D2 D3 DT DQ DA S3 S7 H2 H6 HK
E: C4 C9 CK CA D6 D7 D9 DJ S4 S6 ST SJ H8
S: C2 C9 CA DJ S5 S9 SJ SQ SA H6 H8 H9 HJ
W: C5 C7 C8 CT CJ CK D4 D5 D8 S3 S8 H5 HQ
N: C3 C6 D3 D6 D9 DQ DA S6 S7 ST H2 HK HA
E: C4 CQ D2 D7 DT DK S2 S4 SK H3 H4 H7 HT
S: C4 C5 CK D2 D4 D5 S3 S7 SK H3 H4 H9 HQ
W: C3 C6 C9 CT D3 D8 DT S8 SJ SA H2 H5 HT
N: C2 C7 C8 CQ CA D6 DQ DA S6 ST H8 HK HA
E: CJ D7 D9 DJ DK S2 S4 S5 S9 SQ H6 H7 HJ
S: CJ CQ DT DQ DK S2 S7 S9 SA H2 H4 H7 HT
W: C4 C5 C6 C9 CT CK D4 D5 D8 DA SK H9 HJ
N: C2 C3 C7 D6 D9 S4 S6 S8 SJ H5 HQ HK HA
E: C8 CA D2 D3 D7 DJ S3 S5 ST SQ H3 H6 H8
S: C2 C4 C5 C6 C9 CJ DT S5 SQ SA H3 H5 H7
W: C3 C8 CA D2 D6 D8 DJ DQ S3 S4 SJ SK H9
N: C7 CQ CK D5 D9 S6 S8 H4 H8 HT HQ HK HA
E: CT D3 D4 D7 DK DA S2 S7 S9 ST H2 H6 HJ
S: C3 D2 D3 D4 DQ S3 S8 SK H2 H3 H9 HT HK
W: CK D7 DK S5 S6 S7 S9 ST SJ SQ H4 H7 H8
N: C4 C5 C7 C8 C9 CT CJ CQ CA D5 DJ H6 HQ
E: C2 C6 D6 D8 D9 DT DA S2 S4 SA H5 HJ HA
S: C2 C5 C7 C9 CT CK D9 DT DQ S6 S7 ST H6
W: C3 CQ CA DJ DK DA S2 SQ H2 H7 H8 HK HA
N: D3 D4 D6 D7 D8 S4 S8 S9 SJ H9 HT HJ HQ
E: C4 C6 C8 CJ D2 D5 S3 S5 SK SA H3 H4 H5
S: C3 C6 D2 D5 D8 DJ DQ S4 ST SK H3 H6 H9
W: C5 C7 CJ CA D6 DA S5 S7 S8 S9 H4 HT HQ
N: C2 C4 C8 C9 CT D9 DT S2 SJ SQ SA H2 HA
E: CQ CK D3 D4 D7 DK S3 S6 H5 H7 H8 HJ HK
S: C3 D3 D4 D8 DT S5 S8 SQ H2 H3 H5 HQ HA
W: C4 C6 C8 D2 D5 D6 DQ DK DA S2 S3 SJ HT
N: C2 C5 C7 C9 CQ CA D7 DJ S6 S9 H6 H7 H8
E: CT CJ CK D9 S4 S7 ST SK SA H4 H9 HJ HK
S: CK D6 D8 D9 DT S4 S6 S7 ST SQ SA H5 HA
W: C2 C4 C5 C8 D2 D4 D5 DQ DK SJ H7 H9 HT
N: C3 C6 C9 CJ D3 DJ S3 S5 SK H3 H4 H6 H8
E: C7 CT CQ CA D7 DA S2 S8 S9 H2 HJ HQ HK
S: C4 C6 CT CA D2 D4 DT H3 H4 H6 HT HQ HA
W: CJ D8 DJ DK DA S2 S3 S6 S7 SQ SA H7 HK
N: C2 C3 C7 CQ D5 D7 D9 DQ S8 SJ SK H8 H9
E: C5 C8 C9 CK D3 D6 S4 S5 S9 ST H2 H5 HJ
S: C2 CQ D2 D8 S3 S7 ST SA H5 H9 HT HK HA
W: C3 C7 C9 D6 D7 S5 S8 SJ SQ SK H2 H3 HQ
N: C5 CK CA D4 D5 D9 DT DQ DA S9 H4 H7 HJ
E: C4 C6 C8 CT CJ D3 DJ DK S2 S4 S6 H6 H8
S: C2 CT CJ CK DJ DQ S9 SQ SA H2 H4 HQ HA
W: C4 C5 C8 D5 D7 D9 DT S3 S5 SJ H3 H9 HT
N: C6 C9 CA D2 D3 D8 S2 S6 S8 H5 H7 HJ HK
E: C3 C7 CQ D4 D6 DK DA S4 S7 ST SK H6 H8
S: CJ CA D5 S6 SA H2 H4 H6 H8 HJ HQ HK HA
W: C4 C5 C6 C8 CK D9 DT DJ DQ S9 H3 H9 HT
N: C2 CT D2 D4 D8 S2 S4 S5 S7 ST SK H5 H7
E: C3 C7 C9 CQ D3 D6 D7 DK DA S3 S8 SJ SQ
S: C2 C4 C9 CT CK D6 D9 DQ S8 H3 H6 H7 H9
W: C6 C7 CQ CA D3 D4 D7 S2 S3 S5 S6 SJ H8
N: C3 C8 D2 D5 D8 S9 SQ SK HT HJ HQ HK HA
E: C5 CJ DT DJ DK DA S4 S7 ST SA H2 H4 H5
S: C8 C9 CQ CA D2 D8 DK S2 S7 S8 SQ H2 H8
W: C3 CJ CK D3 D7 DQ S3 S4 S5 SA H3 H9 HQ
N: C4 C5 C6 C7 CT D9 S9 ST SJ H4 H7 HT HJ
E: C2 D4 D5 D6 DT DJ DA S6 SK H5 H6 HK HA
S: C3 C4 CQ D4 D5 D7 D9 DT DQ SJ SQ SA H9
W: C5 C8 CT CJ D8 DJ S6 S9 H2 H6 H7 HQ HK
N: C2 C6 C7 C9 CK D6 DK DA S2 S5 S7 S8 SK
E: CA D2 D3 S3 S4 ST H3 H4 H5 H8 HT HJ HA
S: C6 CT CQ CK D5 D6 DJ DA S3 S8 ST SQ H5
W: C3 C7 CA D2 D9 DK S5 S6 S7 H7 HJ HQ HA
N: C2 C4 C5 C9 CJ D3 DT S9 SK H2 H3 H4 HT
E: C8 D4 D7 D8 DQ S2 S4 SJ SA H6 H8 H9 HK
S: C2 C3 CT CJ D4 DJ S2 S3 S6 SK SA H4 HQ
W: C5 C7 C8 D2 D5 D6 D8 DQ S4 S8 H7 H8 HT
N: C6 CQ CA DT DK DA ST SJ H5 H6 H9 HJ HA
E: C4 C9 CK D3 D7 D9 S5 S7 S9 SQ H2 H3 HK
S: C5 C8 CT CQ CA D6 DA S5 S7 SK H2 H3 HJ
W: C3 C7 C9 D3 D4 D5 D8 S2 S9 H6 H7 H8 H9
N: C6 CK D2 D7 D9 DT DJ DQ DK S6 S8 ST HT
E: C2 C4 CJ S3 S4 SJ SQ SA H4 H5 HQ HK HA
S: C2 CT CK D2 D4 DJ DQ DA S8 H2 H4 H8 HQ
W: C3 C7 C8 CQ D5 S2 S6 S7 S9 SJ SK SA HK
N: C4 C5 C6 C9 CJ CA D6 D7 D8 DK S3 ST H3
E: D3 D9 DT S4 S5 SQ H5 H6 H7 H9 HT HJ HA
S: C2 C4 C8 CT D5 D8 D9 DK DA S4 S5 S8 H3
W: C3 C9 CK CA D3 D7 DQ S3 S6 S7 ST H2 HQ
N: CJ D2 D4 DJ S2 SJ SQ SK SA H6 H7 H8 HA
E: C5 C6 C7 CQ D6 DT S9 H4 H5 H9 HT HJ HK
S: CT D2 D3 DK S4 S5 S6 S7 S9 SJ SA H8 HT
W: C4 C6 C9 CQ D5 D6 DT DJ DA ST H2 H3 H7
N: C7 D4 D7 D9 S2 S3 S8 SQ H4 H5 H6 HJ HK
E: C2 C3 C5 C8 CJ CK CA D8 DQ SK H9 HQ HA
S: C2 C5 CT CA D6 S3 S4 S5 S6 S9 ST SK HA
W: C3 C4 C6 CQ D4 D5 D7 D9 DT DK SJ HT HQ
N: C8 C9 CJ CK D2 D3 DQ DA S2 SA H2 H3 H7
E: C7 D8 DJ S7 S8 SQ H4 H5 H6 H8 H9 HJ HK
S: CT CQ D3 DK DA S3 S7 SQ SA H6 H7 H9 HA
W: C2 C8 C9 D5 D8 D9 DJ S2 S6 S9 H3 H8 HT
N: C4 C5 C6 C7 CK D6 DT DQ ST SK H4 HJ HQ
E: C3 CJ CA D2 D4 D7 S4 S5 S8 SJ H2 H5 HK
S: C5 D4 D6 D9 DQ S4 S9 SJ SA H3 H4 H7 HA
W: C6 C7 CQ CK D7 DT DA S2 S5 S7 SQ H9 HK
N: C2 C4 CT D2 D3 D8 DK S6 S8 ST H6 H8 HT
E: C3 C8 C9 CJ CA D5 DJ S3 SK H2 H5 HJ HQ
S: C2 C4 C5 CK CA D2 D4 D8 DT DQ S6 SK HQ
W: C3 C9 CJ D3 D7 DK S2 S3 S5 S8 H2 H6 HJ
N: C7 CQ D5 D6 D9 DJ DA S4 S7 H4 H7 HK HA
E: C6 C8 CT S9 ST SJ SQ SA H3 H5 H8 H9 HT
S: C4 CJ CK D4 D6 D8 DQ S4 S8 SJ H6 H7 H9
W: C6 D5 D7 S2 S3 S6 S7 ST SK SA H4 HK HA
N: C2 C7 CT CQ D3 DJ DK DA S5 SQ H5 HJ HQ
E: C3 C5 C8 C9 CA D2 D9 DT S9 H2 H3 H8 HT
S: C5 CT CQ D4 S6 S7 S9 ST SJ H4 H7 HQ HA
W: C2 C7 D2 D6 D7 DQ S2 S5 SA H2 H3 H5 H9
N: C3 C4 C6 C8 CJ CA D9 DJ DA S3 S4 SQ H6
E: C9 CK D3 D5 D8 DT DK S8 SK H8 HT HJ HK
S: C3 C8 CT D4 D5 D6 DQ S8 ST H8 HT HJ HQ
W: C4 C6 CJ CA D3 D9 S4 S5 SJ SQ SK H2 H5
N: C2 C5 C7 CK D2 D7 D8 DT DJ DK DA H3 H6
E: C9 CQ S2 S3 S6 S7 S9 SA H4 H7 H9 HK HA
