S: C7 CQ D3 DA S3 SJ SQ SK SA H5 H6 HJ HA
W: C2 C3 C4 C8 CJ D2 D9 DK S2 S5 S7 H2 H3
N: C5 C6 C9 CA D4 D5 D7 D8 S9 ST H8 H9 HT
E: CT CK D6 DT DJ DQ S4 S6 S8 H4 H7 HQ HK
S: C6 C7 C9 CT D9 DQ DA S5 ST H2 H5 H7 H8
W: C4 C8 CQ D2 D6 S3 S6 S7 S9 SQ H6 HQ HA
N: C2 CK D3 D4 D7 S2 S4 SK SA H3 H9 HT HJ
E: C3 C5 CJ CA D5 D8 DT DJ DK S8 SJ H4 HK
S: C3 D2 D4 D6 DT DA S3 S4 S6 S8 SQ H9 HK
W: C2 C8 CK CA D3 DQ S5 S9 H3 H4 H7 HT HQ
N: C4 C5 C7 C9 CT D9 DK S2 ST H5 H6 HJ HA
E: C6 CJ CQ D5 D7 D8 DJ S7 SJ SK SA H2 H8
S: C2 CK D4 D6 D7 DQ SJ H3 H5 H8 H9 HQ HA
W: C6 CJ CA D2 DT S2 S5 S6 S8 S9 SK H2 H6
N: C3 C4 C5 CT D5 DJ DA S7 ST SA H4 HT HK
E: C7 C8 C9 CQ D3 D8 D9 DK S3 S4 SQ H7 HJ
S: C5 C7 C9 CQ DT S2 S9 SJ SQ SK H7 H9 HK
W: C3 C6 C8 D2 D3 D4 DQ DK S3 S5 H3 H5 H6
N: C2 CK CA D5 D6 D7 D8 D9 DJ S7 H2 HT HJ
E: C4 CT CJ DA S4 S6 S8 ST SA H4 H8 HQ HA
S: C7 CA D2 D5 D6 DQ DK S2 ST SQ SA H2 HJ
W: C2 C3 C5 CK D7 D8 DA S3 S4 S5 S8 SJ H5
N: C6 C8 C9 CJ D9 H3 H4 H6 H8 H9 HT HQ HK
E: C4 CT CQ D3 D4 DT DJ S6 S7 S9 SK H7 HA
S: C2 C7 C8 CK D3 D7 S2 S5 SQ H3 H4 H5 H7
W: C3 C6 C9 CQ CA D6 D8 DK S4 S8 SJ H2 HJ
N: C4 C5 D4 D9 DA ST SK SA H6 H9 HT HQ HK
E: CT CJ D2 D5 DT DJ DQ S3 S6 S7 S9 H8 HA
S: C8 D5 D7 D9 DA SQ H3 H4 H5 H7 H8 H9 HA
W: C5 C9 CT CQ CA DJ DQ S3 S5 S8 SA H6 HT
N: C2 C4 C6 C7 D2 D6 DT DK S2 S6 H2 HJ HQ
E: C3 CJ CK D3 D4 D8 S4 S7 S9 ST SJ SK HK
S: C2 C4 CK D4 D6 D7 DK S3 S5 SQ H9 HT HQ
W: C3 C5 CT D3 D8 DJ DQ DA S6 S9 ST SJ H3
N: C7 C8 C9 D2 D5 S2 S7 SA H2 H5 H7 H8 HJ
E: C6 CJ CQ CA D9 DT S4 S8 SK H4 H6 HK HA
S: C5 C9 CK D2 D7 DQ DK DA S5 ST SK H3 H4
W: C2 C4 C8 D4 D5 D8 S2 S9 H2 H8 H9 HT HQ
N: C6 C7 CT CJ CA D6 D9 DT DJ S4 S7 SJ H7
E: C3 CQ D3 S3 S6 S8 SQ SA H5 H6 HJ HK HA
S: C5 C9 D3 D7 D8 S3 S4 S5 S8 SJ H5 H8 HT
W: C4 CQ CA D5 DQ S2 S6 S7 SK H4 H7 HJ HQ
N: C3 C8 CT CK D2 DT DJ DA ST SQ H3 H9 HK
E: C2 C6 C7 CJ D4 D6 D9 DK S9 SA H2 H6 HA
S: C6 C8 CJ CQ CK D4 D5 DA S8 SA H5 H8 HK
W: C9 CA D7 S4 ST SJ SQ H2 H3 H7 HT HJ HQ
N: C2 C5 D2 D3 D6 D8 DQ DK S6 S7 SK H6 HA
E: C3 C4 C7 CT D9 DT DJ S2 S3 S5 S9 H4 H9
S: C7 CT CK D3 D6 DJ S3 S4 S6 S8 SA H6 H8
W: C6 C9 CJ CA D2 DT S7 SJ H2 HJ HQ HK HA
N: C4 D4 D5 D7 DQ DK DA S9 SQ H4 H5 H9 HT
E: C2 C3 C5 C8 CQ D8 D9 S2 S5 ST SK H3 H7
S: C2 C5 CK DJ DQ S3 S4 S6 ST SJ H2 HT HQ
W: C3 C6 C7 D2 D4 D5 D6 S9 SA H4 H7 H8 HA
N: C4 C8 CT CJ CQ CA D3 D7 SK H5 H6 HJ HK
E: C9 D8 D9 DT DK DA S2 S5 S7 S8 SQ H3 H9
S: CQ CK D8 DT S2 S3 S6 SK H3 H7 H8 H9 HJ
W: C6 C7 C8 C9 D5 D9 DJ DA ST SJ H4 H6 HT
N: C5 CT CJ CA D2 D4 D6 D7 DQ S7 H5 HQ HK
E: C2 C3 C4 D3 DK S4 S5 S8 S9 SQ SA H2 HA
S: C3 C6 C8 CQ D8 S2 S4 S8 S9 SA HT HQ HK
W: C5 C9 CJ D3 D6 D9 DT S5 S6 SQ H4 H8 HJ
N: C2 C7 CT CK CA D2 D4 DK ST SJ SK H6 H9
E: C4 D5 D7 DJ DQ DA S3 S7 H2 H3 H5 H7 HA
S: C2 C3 C6 C8 C9 DT S3 S6 SK H2 H5 H7 HA
W: CA D5 D7 D8 DK DA S2 S4 S9 SQ H8 HT HJ
N: C4 C7 CT CJ CQ D2 D4 S8 H3 H4 H6 HQ HK
E: C5 CK D3 D6 D9 DJ DQ S5 S7 ST SJ SA H9
S: C4 CK DJ DA S5 SJ SA H2 H4 H5 H6 H8 HK
W: C2 C9 CT CJ D5 D6 D7 D8 D9 SQ SK HT HA
N: C5 C8 CA D2 D3 DT DQ DK S2 S4 S6 S8 ST
E: C3 C6 C7 CQ D4 S3 S7 S9 H3 H7 H9 HJ HQ
S: C8 C9 CT D6 DJ DK DA S5 ST SK SA HT HA
W: CJ D2 D3 D4 S4 S9 SQ H2 H5 H7 H8 H9 HK
N: C3 CK D8 D9 DT DQ S2 S7 SJ H3 H4 H6 HJ
E: C2 C4 C5 C6 C7 CQ CA D5 D7 S3 S6 S8 HQ
S: C2 CK D2 D6 DT S2 S5 SK H7 H9 HT HK HA
W: C3 C4 C5 C6 C8 D5 D9 DQ S3 SQ H2 H3 H4
N: CT CJ CQ D3 D7 DK DA S6 S9 ST SA H5 HJ
E: C7 C9 CA D4 D8 DJ S4 S7 S8 SJ H6 H8 HQ
S: C5 C8 D4 D6 D9 DT DQ S6 S8 ST SJ SA H4
W: C2 C4 C6 CT D5 D8 DJ S2 S3 S9 SK H3 HQ
N: C9 CJ D2 D3 S4 S5 S7 H5 H7 H8 H9 HT HA
E: C3 C7 CQ CK CA D7 DK DA SQ H2 H6 HJ HK
S: C2 C7 CJ D2 D4 D6 D8 S6 S7 S8 H6 H7 H9
W: C5 C9 CQ D7 D9 DT DJ DQ DK DA SK H2 HJ
N: C6 C8 CT D5 S3 S4 S5 S9 SQ SA H8 HK HA
E: C3 C4 CK CA D3 S2 ST SJ H3 H4 H5 HT HQ
S: C3 CJ CQ D7 D9 DT DJ DQ S4 S8 SQ H8 H9
W: C4 C5 C7 C8 C9 D2 D8 S6 SJ H2 H6 HJ HQ
N: CT CK D6 DK DA S3 S7 SK H3 H4 H5 HK HA
E: C2 C6 CA D3 D4 D5 S2 S5 S9 ST SA H7 HT
S: C2 C4 C6 DJ DQ S8 SK H2 H3 H5 HJ HQ HA
W: C7 C9 CQ D4 D5 DK DA S5 S9 SQ H6 HT HK
N: C3 C5 CT DT S3 S4 S6 S7 SJ SA H4 H7 H9
E: C8 CJ CK CA D2 D3 D6 D7 D8 D9 S2 ST H8
S: C2 C3 C7 CT D3 DA S5 S6 SK H5 H6 H9 HT
W: C4 C5 C6 C8 CQ D8 DJ DQ S7 S9 ST SA H2
N: CJ D4 D5 D9 S2 S3 S8 SJ SQ H3 HJ HQ HK
E: C9 CK CA D2 D6 D7 DT DK S4 H4 H7 H8 HA
S: CT CJ CQ D6 D7 DA S3 S5 S7 SJ SK H5 HA
W: C4 C9 CK D2 D3 DT DQ S4 S6 S9 ST H2 H4
N: C3 C5 C8 D4 D8 S8 H3 H6 H7 H8 H9 HT HQ
E: C2 C6 C7 CA D5 D9 DJ DK S2 SQ SA HJ HK
S: C4 C5 C6 CT CQ DT DK S4 S7 SA H2 H3 HJ
W: C2 C7 D4 D8 D9 DJ DQ DA S9 SK H8 H9 HQ
N: C3 C8 CJ CK D3 D6 S2 S3 S5 ST SQ H4 H7
E: C9 CA D2 D5 D7 S6 S8 SJ H5 H6 HT HK HA
S: D5 D9 DJ DQ S8 S9 ST H3 H8 HJ HQ HK HA
W: C5 C6 C7 C8 D3 D4 DT DK DA S5 S6 SK SA
N: C2 C4 C9 CT CQ D2 D8 S3 S4 S7 H2 H5 H6
E: C3 CJ CK CA D6 D7 S2 SJ SQ H4 H7 H9 HT
S: CT CJ CQ D7 D8 S3 H3 H7 H8 H9 HJ HQ HK
W: C2 C4 C5 CA D4 D5 D9 DJ S2 S8 S9 SA H6
N: C6 C7 C8 CK D2 D3 D6 DK S4 SJ SQ H5 HA
E: C3 C9 DT DQ DA S5 S6 S7 ST SK H2 H4 HT
S: C3 C4 C8 CT CK CA D2 D6 S7 SJ H7 HQ HA
W: C7 CJ CQ D3 D5 D7 DT DQ DK S9 ST H2 H8
N: D4 D8 D9 DA S3 S5 S8 SQ H3 H9 HT HJ HK
E: C2 C5 C6 C9 DJ S2 S4 S6 SK SA H4 H5 H6
S: C4 C5 C6 CT D7 D9 DQ S6 SQ SA H6 HQ HA
W: D5 D6 D8 S3 S4 S5 S7 S9 SK H7 H8 H9 HK
N: C9 CJ CQ CK CA D2 D3 D4 S2 S8 H3 H4 HJ
E: C2 C3 C7 C8 DT DJ DK DA ST SJ H2 H5 HT
S: C3 CA D9 DT DJ DA S9 SQ H2 HT HJ HQ HA
W: C2 C8 C9 CQ D2 D4 D8 DQ S5 S7 H4 H8 HK
N: C4 C6 C7 CJ D6 D7 S2 S3 S6 S8 ST SA H3
E: C5 CT CK D3 D5 DK S4 SJ SK H5 H6 H7 H9
S: C5 CT CK CA D2 D6 DK S4 S5 S8 SJ H7 H8
W: C8 CJ D9 DT S6 S9 SK H2 H9 HT HJ HQ HK
N: C2 C3 C7 CQ D3 D4 DJ DQ S3 ST SQ H4 HA
E: C4 C6 C9 D5 D7 D8 DA S2 S7 SA H3 H5 H6
S: C2 C6 D6 D8 D9 DT ST SQ H3 H5 H8 HQ HK
W: C7 C8 CQ CK D5 DA S5 S7 S9 SJ HT HJ HA
N: C3 C9 CT CA D2 D7 DQ S4 S8 SK H2 H4 H7
E: C4 C5 CJ D3 D4 DJ DK S2 S3 S6 SA H6 H9
S: C2 D2 DT DQ S2 S3 S9 ST SK SA H2 H5 HQ
W: C4 C8 CJ CQ D5 DJ S4 S5 SJ H4 H6 H9 HA
N: C3 C5 CK CA D3 D6 DK S6 SQ H8 HT HJ HK
E: C6 C7 C9 CT D4 D7 D8 D9 DA S7 S8 H3 H7
S: CK CA D3 D4 DQ DA S6 S7 SJ SA H5 HJ HK
W: D2 D6 D7 D9 DJ DK S4 S9 SQ SK H2 H8 HT
N: C2 C3 C5 C8 C9 CJ CQ S3 H3 H4 H6 H7 HQ
E: C4 C6 C7 CT D5 D8 DT S2 S5 S8 ST H9 HA
S: C6 CJ D3 D5 D9 DQ DK DA S3 S6 H3 H5 H7
W: C2 C5 C7 DT S2 S8 ST SA H4 H6 HT HQ HA
N: C3 C4 C9 CQ CA D4 D6 D8 S4 SQ SK H8 HK
E: C8 CT CK D2 D7 DJ S5 S7 S9 SJ H2 H9 HJ
S: C3 C7 CJ D3 D4 D6 DK SQ SK H2 H4 H6 HJ
W: C2 C4 C5 CQ CA D9 DJ DA S3 S4 H8 H9 HA
N: C6 C9 CK D5 D7 DQ S2 S5 S7 S9 SA HT HQ
E: C8 CT D2 D8 DT S6 S8 ST SJ H3 H5 H7 HK
S: C6 C8 C9 CT CK D9 S6 ST SQ H2 H8 HJ HQ
W: C2 CQ D3 D4 D8 DA S3 S8 S9 SJ H3 H7 H9
N: C4 C7 CJ D2 D5 D7 DT DK S2 S7 H5 HT HK
E: C3 C5 CA D6 DJ DQ S4 S5 SK SA H4 H6 HA
S: C4 C8 C9 CJ CQ D3 DT DK S8 S9 SA H3 HA
W: C5 C6 CA D2 D5 D9 ST SQ H6 H7 H8 HJ HQ
N: C3 C7 CT CK D4 D6 D8 S3 S4 SJ SK H5 HT
E: C2 D7 DJ DQ DA S2 S5 S6 S7 H2 H4 H9 HK
S: C3 CA D2 D3 D6 D8 DJ DK DA S2 S9 ST SJ
W: C2 CT CK S6 SK SA H3 H4 H5 H6 H8 HT HK
N: C5 C7 C8 C9 D4 DT DQ S3 S4 S8 H9 HQ HA
E: C4 C6 CJ CQ D5 D7 D9 S5 S7 SQ H2 H7 HJ
S: C3 C4 C7 CJ CA D7 DK S4 S8 H2 H6 H8 HT
W: C2 C6 C8 C9 CK D2 D3 D4 D9 S5 SA HJ HQ
N: CQ DQ DA S6 S7 ST SJ SK H3 H4 H9 HK HA
E: C5 CT D5 D6 D8 DT DJ S2 S3 S9 SQ H5 H7
S: C2 CK CA D3 D4 D5 D6 S5 S9 SA HT HJ HA
W: C7 C8 CT CJ D9 S3 ST SJ SK H4 H5 H6 H9
N: C3 C4 C6 C9 DA S2 S4 S6 S8 SQ H2 H3 HQ
E: C5 CQ D2 D7 D8 DT DJ DQ DK S7 H7 H8 HK
S: C2 C3 C5 C9 CK D7 DJ S8 S9 ST H4 H6 H8
W: CT CJ D4 D6 DQ DA S2 S3 S6 H5 HT HJ HK
N: C4 CQ D9 DT S7 SJ SQ SK H2 H3 H7 H9 HA
E: C6 C7 C8 CA D2 D3 D5 D8 DK S4 S5 SA HQ
S: C2 C7 C8 C9 CJ D6 D7 S3 SJ SQ H5 H7 HT
W: C4 CT CQ CK D4 D8 D9 DK DA ST H4 H6 HQ
N: C3 C6 D2 D5 DJ DQ S6 S7 S9 SK H3 H8 HK
E: C5 CA D3 DT S2 S4 S5 S8 SA H2 H9 HJ HA
S: C5 C7 CQ D5 D6 D7 D9 S3 H2 H5 H8 HQ HA
W: C6 C8 C9 CT CA D2 D4 DQ DK S8 SQ SA HJ
N: C3 CJ D3 D8 DJ DA S2 S6 S7 ST SJ H3 H7
E: C2 C4 CK DT S4 S5 S9 SK H4 H6 H9 HT HK
S: C5 C8 CJ CQ CA D4 D7 DT DQ SJ H3 H9 HA
W: C6 CT D2 D3 DK S3 S6 S8 ST SQ H8 HT HJ
N: C2 C3 C4 C9 D8 D9 S2 H2 H5 H6 H7 HQ HK
E: C7 CK D5 D6 DJ DA S4 S5 S7 S9 SK SA H4
S: C2 C7 CQ D2 D3 D4 S3 ST SJ SK SA HT HK
W: C4 C6 CJ D5 D6 D8 DK S7 S9 SQ H5 H7 H8
N: C5 C8 CT D9 DT DQ DA S5 S8 H2 H3 HJ HA
E: C3 C9 CK CA D7 DJ S2 S4 S6 H4 H6 H9 HQ
S: C2 C3 CJ CQ D6 DT DJ DQ S8 ST SJ SK H2
W: C4 C5 C8 CT D3 S2 SQ H3 H5 H7 H9 HQ HA
N: CK CA D2 D7 D9 S4 S5 S9 SA H4 H6 HT HK
E: C6 C7 C9 D4 D5 D8 DK DA S3 S6 S7 H8 HJ
S: C5 C6 C8 S4 S6 SA H2 H4 H7 H8 H9 HJ HQ
W: C2 C4 C7 CT D6 DT DQ S7 ST SJ SK H3 H5
N: C9 CK CA D2 D3 D4 D5 D9 DK S8 S9 HK HA
E: C3 CJ CQ D7 D8 DJ DA S2 S3 S5 SQ H6 HT
S: C3 C7 CQ CK D9 DJ DK S3 S5 S8 ST SQ H3
W: C4 C9 D4 D5 D6 DT S2 S4 S9 SA H5 H6 HA
N: C2 CT CA D2 D3 D7 DQ S7 SK H4 H8 HJ HK
E: C5 C6 C8 CJ D8 DA S6 SJ H2 H7 H9 HT HQ
S: C2 C3 C7 C9 CJ DQ S3 SJ SQ H3 H6 HT HJ
W: C5 C6 C8 CK CA DK S4 ST SK H5 H8 H9 HA
N: CT CQ D2 D3 D4 D5 D6 D7 D8 D9 S5 S7 H7
E: C4 DT DJ DA S2 S6 S8 S9 SA H2 H4 HQ HK
S: C2 C8 CQ D2 D7 DA S7 S8 S9 SQ H4 HT HA
W: D3 D4 DT DQ DK S2 S5 SK SA H3 H9 HJ HQ
N: C3 C6 C9 CT CJ CK CA D5 D9 ST SJ H7 H8
E: C4 C5 C7 D6 D8 DJ S3 S4 S6 H2 H5 H6 HK
S: C3 C4 C7 C9 CK D2 D4 D9 S5 S6 S9 SA H6
W: CJ D3 D6 DT DJ DQ ST SQ H2 H3 H7 H8 HT
N: C5 CQ CA D7 D8 DK DA S7 S8 H4 H9 HJ HQ
E: C2 C6 C8 CT D5 S2 S3 S4 SJ SK H5 HK HA
S: C3 C4 CT D3 D5 DQ DA S6 SQ H8 HT HQ HK
W: C9 CJ D2 DT DJ DK S4 S7 S8 SK H2 H4 HA
N: C2 C7 C8 CQ CA D4 D6 D7 D8 S2 S5 S9 HJ
E: C5 C6 CK D9 S3 ST SJ SA H3 H5 H6 H7 H9
S: C3 C5 C6 CA D4 D9 DK S3 S9 SA H2 H6 H7
W: CT D3 D5 D6 D7 DA SK H4 H8 HT HQ HK HA
N: C2 C4 C9 CK D2 DT DQ S2 S6 S8 ST H3 HJ
E: C7 C8 CJ CQ D8 DJ S4 S5 S7 SJ SQ H5 H9
S: C2 C5 C6 C8 DT S3 S4 S6 S8 H2 H5 H9 HT
W: C3 CJ D3 D5 D9 S2 S7 ST H4 H6 H8 HK HA
N: C4 C7 CT CQ D2 D4 D6 D8 DK DA S5 SJ H7
E: C9 CK CA D7 DJ DQ S9 SQ SK SA H3 HJ HQ
S: C8 CK D2 D4 DQ S4 S6 SJ SK H2 HT HJ HQ
W: C2 C4 C9 CQ CA D5 DK DA S3 H5 H9 HK HA
N: C3 CJ D6 D7 D9 DJ S2 S5 ST SA H3 H4 H6
E: C5 C6 C7 CT D3 D8 DT S7 S8 S9 SQ H7 H8
S: C3 C5 C9 CK D4 DA S7 SJ H3 H5 H6 H7 HQ
W: C2 C4 C8 CA D3 D5 D8 DT S4 S6 H2 H9 HA
N: C6 D6 D7 D9 DJ DK S3 S5 S9 ST SK H4 H8
E: C7 CT CJ CQ D2 DQ S2 S8 SQ SA HT HJ HK
S: C3 CQ D4 D5 D7 D8 D9 DJ ST SA H3 HT HJ
W: C4 CT CJ DT DA S7 S8 SQ H2 H4 H8 H9 HK
N: CK CA D3 DQ S3 S6 S9 SJ SK H6 H7 HQ HA
E: C2 C5 C6 C7 C8 C9 D2 D6 DK S2 S4 S5 H5
S: C4 DQ S5 S8 SJ SQ SK SA H2 H5 H6 H8 HA
W: C3 C7 CK CA D4 D8 DK S2 S4 S7 S9 H4 HJ
N: C5 C8 C9 CT D2 D5 D6 D7 DT S6 ST H9 HQ
E: C2 C6 CJ CQ D3 D9 DJ DA S3 H3 H7 HT HK
S: C2 C4 C7 CT D2 D5 D7 DJ S8 SK H6 H8 HA
W: CJ CK D3 D6 D8 S2 S6 S9 SJ SA H2 H5 HT
N: C5 C6 C8 D4 D9 DT DA S3 S4 ST SQ HJ HQ
E: C3 C9 CQ CA DQ DK S5 S7 H3 H4 H7 H9 HK
S: C6 C7 CJ D5 D7 DQ DK S6 S7 SJ SQ SA H2
W: C4 C8 C9 CQ CK D3 D9 S8 S9 SK H6 HJ HK
N: CT CA D2 D8 DJ S2 S4 S5 ST H4 H7 HQ HA
E: C2 C3 C5 D4 D6 DT DA S3 H3 H5 H8 H9 HT
S: C6 CQ CK D4 D6 D9 DK S4 SQ H5 H7 H9 HK
W: C3 C7 D3 D7 D8 SJ SA H3 H4 H6 H8 HJ HQ
N: C2 C8 CJ CA D2 D5 S5 S7 S8 S9 ST SK HT
E: C4 C5 C9 CT DT DJ DQ DA S2 S3 S6 H2 HA
S: C7 D7 DJ DQ DK S2 S8 SJ H3 H7 H9 HK HA
W: C6 C8 CT D2 D3 DT S6 S7 H2 H4 H8 HJ HQ
N: C3 C5 CJ CQ CK CA D5 D6 D8 D9 DA S5 HT
E: C2 C4 C9 D4 S3 S4 S9 ST SQ SK SA H5 H6
S: C4 C8 C9 CJ CQ CA S3 S7 SJ H3 H4 H9 HK
W: C3 C6 D2 D5 D8 DJ SK SA H2 H6 HJ HQ HA
N: C5 C7 CK D4 D6 D9 S2 S8 S9 ST H5 H7 H8
E: C2 CT D3 D7 DT DQ DK DA S4 S5 S6 SQ HT
S: C4 C6 CK D5 D6 DT DA S3 S7 S9 SQ H6 HJ
W: C2 C3 CJ CQ CA D3 D4 DJ DQ S6 S8 HK HA
N: C5 C7 C8 C9 CT D8 DK SK SA H2 H4 H8 H9
E: D2 D7 D9 S2 S4 S5 ST SJ H3 H5 H7 HT HQ
S: C8 CT D2 D4 DQ S2 S9 ST H2 H3 H5 H8 HT
W: C5 D3 D8 DK S3 S7 SJ SK SA H4 H7 HJ HA
N: C3 C4 C9 CK D5 D9 DJ DA S5 S6 S8 SQ HQ
E: C2 C6 C7 CJ CQ CA D6 D7 DT S4 H6 H9 HK
S: CJ D2 D7 D8 DK S3 S4 S7 SQ SK H2 H4 HK
W: C2 C3 C4 C8 D6 D9 S2 S5 S6 ST SA H9 HT
N: C7 CK CA D4 D5 DT DJ DQ S8 H3 H5 H6 HA
E: C5 C6 C9 CT CQ D3 DA S9 SJ H7 H8 HJ HQ
S: C2 C6 C7 CQ D5 D6 D7 D9 DJ S4 ST H2 HT
W: C4 C8 C9 CT CJ DT DQ DK S7 SA H3 H5 HJ
N: C5 CK D3 D4 D8 S2 S3 S5 SJ SK H6 H8 HA
E: C3 CA D2 DA S6 S8 S9 SQ H4 H7 H9 HQ HK
S: C2 D3 D6 D8 D9 S2 S9 SJ SQ H5 H6 H9 HK
W: C5 C6 C7 C9 CK CA D4 D7 DJ S4 H2 H4 HQ
N: C3 C4 D2 DK S7 S8 ST SA H3 H8 HT HJ HA
E: C8 CT CJ CQ D5 DT DQ DA S3 S5 S6 SK H7
S: C3 C6 C8 C9 CT CQ D4 DK DA S9 H5 H8 HK
W: CJ CK D2 D5 D9 S2 S7 ST SA H4 H6 H7 H9
N: C2 C4 C7 CA D6 DJ S5 S8 H2 H3 HT HQ HA
E: C5 D3 D7 D8 DT DQ S3 S4 S6 SJ SQ SK HJ
S: C9 CJ CQ CK CA D3 D4 DA S4 H6 H7 HT HA
W: C3 C4 C5 C7 D2 D6 D7 S3 S9 SK H2 H3 H5
N: C2 C6 C8 DJ DQ S5 S6 S7 SQ SA H4 HJ HK
E: CT D5 D8 D9 DT DK S2 S8 ST SJ H8 H9 HQ
S: C8 CK D9 DK S2 S6 SJ H3 H4 H9 HT HQ HA
W: C3 C4 C7 C9 CT D5 D8 DT DJ DQ DA SK H7
N: C5 C6 CQ D2 D3 S4 S5 S9 SQ H2 H8 HJ HK
E: C2 CJ CA D4 D6 D7 S3 S7 S8 ST SA H5 H6
S: C6 C7 CT CK D5 D6 DT DQ DK S6 ST H5 H7
W: C5 C8 CJ CQ D4 S2 S8 SQ H4 H6 H9 HJ HK
N: C3 C4 C9 D2 D7 D9 DA S7 S9 SA H2 H3 HQ
E: C2 CA D3 D8 DJ S3 S4 S5 SJ SK H8 HT HA
S: CJ CK CA D2 D8 DJ S4 S5 S6 S8 SK H6 HA
W: C3 C4 C7 D9 DT DQ DK S7 SJ SQ H2 H3 HJ
N: C2 C6 C8 C9 CT D3 D4 D5 D6 DA H4 H7 H9
E: C5 CQ D7 S2 S3 S9 ST SA H5 H8 HT HQ HK
S: C4 C5 C9 CT CA D4 D6 D8 DJ DQ DK S2 H6
W: C2 C3 CQ D3 D7 S6 S8 ST SK H4 H8 H9 HJ
N: C6 CK D2 D9 S3 S4 S9 SQ H3 H7 HT HQ HK
E: C7 C8 CJ D5 DT DA S5 S7 SJ SA H2 H5 HA
S: C3 C8 D3 D8 D9 S7 S8 ST SK H2 H6 H8 HJ
W: C4 C6 CJ D5 DQ DA S2 S3 S9 SQ H3 H5 H9
N: C2 C7 C9 CQ D2 D6 D7 DJ DK S6 SJ H7 HA
E: C5 CT CK CA D4 DT S4 S5 SA H4 HT HQ HK
S: C5 C6 C8 C9 D2 D3 D9 DJ S2 S6 SJ H5 HK
W: C2 C4 CJ CK D4 D7 DT S5 SK H3 H7 HT HJ
N: C3 CT CQ CA D5 DK DA S3 S9 SQ SA H4 H9
E: C7 D6 D8 DQ S4 S7 S8 ST H2 H6 H8 HQ HA
S: C4 C8 D5 DJ S3 S5 S8 ST SQ SA H4 H5 HJ
W: C2 C3 C6 C7 CQ S9 SJ SK H3 H6 H7 H8 HA
N: C5 C9 D3 D4 D6 D7 DT S2 S4 H2 H9 HQ HK
E: CT CJ CK CA D2 D8 D9 DQ DK DA S6 S7 HT
S: C2 C5 CT D2 D7 D8 DT DQ S5 H2 HT HJ HA
W: C3 C4 C6 C7 CJ CA DJ DA S7 SJ SA H4 H9
N: C9 D5 DK S2 S3 S8 ST H3 H5 H6 H7 H8 HQ
E: C8 CQ CK D3 D4 D6 D9 S4 S6 S9 SQ SK HK
S: C5 C8 D3 D5 D8 DA S2 S5 SJ H3 H5 H6 H8
W: C2 CQ CK CA D2 DJ DQ DK S9 H4 H7 HJ HK
N: C7 C9 CT D4 D7 D9 S4 S6 ST SQ H9 HT HA
E: C3 C4 C6 CJ D6 DT S3 S7 S8 SK SA H2 HQ
S: C5 C8 CJ D8 DT DA S5 S6 H3 H9 HJ HQ HA
W: C2 C4 C6 C9 CQ CK CA D5 D6 S9 SK SA H7
N: C3 CT D2 D7 D9 DJ DQ DK S8 ST H5 H6 HT
E: C7 D3 D4 S2 S3 S4 S7 SJ SQ H2 H4 H8 HK
S: C7 C8 C9 CJ CA D8 DT DQ S3 S5 H3 HK HA
W: D3 D9 DJ S4 S7 S8 ST SK H4 H6 H7 H8 HT
N: C2 C4 C5 CT CQ CK D5 D6 DA S2 S6 SQ H9
E: C3 C6 D2 D4 D7 DK S9 SJ SA H2 H5 HJ HQ
S: C9 CT CJ CA D3 D4 DQ S2 H4 H5 H6 H7 H9
W: C2 C3 C4 C7 CK D6 S3 ST SK H2 H3 H8 HQ
N: C8 D2 D5 D7 DT DJ DK S4 S6 S8 SQ HT HJ
E: C5 C6 CQ D8 D9 DA S5 S7 S9 SJ SA HK HA
S: C3 C4 C6 C9 CK D2 D4 S3 SJ SQ H2 HJ HK
W: C8 CJ D6 D9 DJ DQ DK S4 S5 SA H3 H9 HQ
N: C2 C7 D3 D7 D8 DT S7 S8 S9 ST H4 H5 H7
E: C5 CT CQ CA D5 DA S2 S6 SK H6 H8 HT HA
S: C8 CT D3 D6 DA S3 S6 S7 SA H2 H6 H8 HT
W: C5 C7 D2 D5 D7 DQ DK S2 S8 S9 SJ H3 H5
N: C2 C4 C9 CJ CQ CK D4 D8 DT S4 S5 ST SQ
E: C3 C6 CA D9 DJ SK H4 H7 H9 HJ HQ HK HA
S: CT CJ D8 D9 DT DA SQ SA H4 H7 HJ HQ HK
W: C2 D2 D4 DJ DK S4 S9 SJ H3 H5 H6 H8 HA
N: C4 C5 C9 D3 D6 D7 DQ S2 S7 S8 ST H2 H9
E: C3 C6 C7 C8 CQ CK CA D5 S3 S5 S6 SK HT
S: D2 D5 D7 DA S4 S5 S6 S7 S9 H2 H5 H7 HJ
W: C3 C6 C8 CQ CK CA D4 DJ SA H4 H8 HQ HK
N: C2 C4 C5 C9 CJ D3 DQ S2 S3 SQ SK H3 H6
E: C7 CT D6 D8 D9 DT DK S8 ST SJ H9 HT HA
S: C2 C5 C8 CT CJ D6 D8 DQ S6 S8 SJ H5 H7
W: C4 C6 CQ D3 DA S4 S5 S7 S9 SQ SK SA HJ
N: C9 CK D2 D7 DT DJ S3 H2 H4 H6 H9 HT HA
E: C3 C7 CA D4 D5 D9 DK S2 ST H3 H8 HQ HK
S: C5 C9 CJ CQ D2 D4 D6 DT DK S7 SK HK HA
W: CT D8 DA S3 S4 S6 S9 ST H6 H8 H9 HJ HQ
N: C3 C4 CK CA D5 S5 S8 SQ H2 H4 H5 H7 HT
E: C2 C6 C7 C8 D3 D7 D9 DJ DQ S2 SJ SA H3
S: C2 CJ CK CA D2 DJ S2 S3 S7 S8 S9 H4 HA
W: C8 CQ D4 D7 D9 DQ DA S6 H2 H3 H5 H9 HJ
N: C3 C6 C7 C9 DT S4 S5 ST SJ SQ H8 HT HK
E: C4 C5 CT D3 D5 D6 D8 DK SK SA H6 H7 HQ
S: C2 C4 C8 C9 D2 D6 D7 DK S2 S4 S5 SK HA
W: C5 C6 C7 CQ D3 S3 S6 S9 SJ H3 H4 H7 H8
N: CT CJ CA D4 D8 DJ DQ DA S8 H6 H9 HQ HK
E: C3 CK D5 D9 DT S7 ST SQ SA H2 H5 HT HJ
S: C7 CJ D2 DQ S2 S3 S5 S7 SJ H5 H8 HQ HA
W: C3 C6 CQ CK CA D3 D9 DA S9 SK SA H9 HT
N: C2 C4 C5 C8 D6 D7 DT DJ S8 H2 H6 H7 HJ
E: C9 CT D4 D5 D8 DK S4 S6 ST SQ H3 H4 HK
S: C9 CQ D8 DQ S2 S6 S8 SJ SA H4 H5 HJ HQ
W: C4 C6 C7 C8 CT D2 D5 DT DJ S7 S9 ST H6
N: C5 CJ CK D4 D6 D7 D9 DK S3 S5 SQ HT HK
E: C2 C3 CA D3 DA S4 SK H2 H3 H7 H8 H9 HA
S: C2 CT CQ CA D4 D9 S4 ST H2 H5 H6 H7 H9
W: C4 C6 C7 C9 D3 D7 DT S5 S6 SJ SQ SK SA
N: D5 DJ S2 S7 S8 S9 H3 H4 H8 HJ HQ HK HA
E: C3 C5 C8 CJ CK D2 D6 D8 DQ DK DA S3 HT
S: C7 C9 CQ CK D2 D6 D8 S4 S5 ST H4 HQ HK
W: C3 C5 C8 D3 D4 D7 S6 SK SA H2 H3 H6 HA
N: C2 CJ D9 DJ DQ DK DA H5 H7 H8 H9 HT HJ
E: C4 C6 CT CA D5 DT S2 S3 S7 S8 S9 SJ SQ
S: C3 C5 C6 C9 CJ CA D2 DQ S2 S5 S8 S9 HJ
W: C4 CQ D8 S3 S4 S7 ST SQ SA H7 H8 H9 HQ
N: C7 C8 CK D3 D6 D7 DK DA S6 H6 HT HK HA
E: C2 CT D4 D5 D9 DT DJ SJ SK H2 H3 H4 H5
S: C3 C8 CT CJ D4 DT DA S2 S5 S7 H4 H6 H7
W: C2 C5 C7 D2 S8 S9 SJ SQ SK H2 H9 HJ HA
N: C4 CK D3 D6 D7 D8 DJ DQ DK S6 H5 H8 HQ
E: C6 C9 CQ CA D5 D9 S3 S4 ST SA H3 HT HK
S: C6 C9 CJ CK D4 D5 D6 DA S2 S3 S8 SJ SA
W: C3 C4 C5 D3 D8 DJ DQ S4 S7 H5 H8 HQ HA
N: C8 CQ D2 D7 D9 DT DK S6 SK H3 H4 HJ HK
E: C2 C7 CT CA S5 S9 ST SQ H2 H6 H7 H9 HT
S: C9 CQ CK D2 S2 S3 S4 S8 S9 SQ HJ HQ HA
W: C4 C7 CT CJ D7 D9 DK DA SJ H4 H7 H8 HT
N: C2 C3 C6 CA D4 D5 D6 DT S6 SK H6 H9 HK
E: C5 C8 D3 D8 DJ DQ S5 S7 ST SA H2 H3 H5
S: C8 C9 CQ D4 D6 D8 DA S3 S6 H2 H5 H8 HQ
W: C3 C5 CK CA D3 D7 DT S2 S4 S5 H3 H6 HT
N: C2 CT CJ DJ S7 S8 ST SJ SQ H4 H7 HJ HA
E: C4 C6 C7 D2 D5 D9 DQ DK S9 SK SA H9 HK
S: C7 CJ CK D3 D7 DT S4 S9 SK H4 H6 H9 HJ
W: C6 D2 D5 D6 D9 S3 S6 SJ SA H5 H7 HQ HK
N: C4 C5 CT CQ DJ DQ DA S2 S8 SQ H2 H8 HA
E: C2 C3 C8 C9 CA D4 D8 DK S5 S7 ST H3 HT
S: C2 C5 C9 CA D5 D8 DJ S2 S6 SQ H9 HT HA
W: C3 C6 CK D3 DT DK DA S5 S8 SJ SA HJ HK
N: C8 CJ D2 S3 S7 S9 ST SK H2 H4 H5 H7 H8
E: C4 C7 CT CQ D4 D6 D7 D9 DQ S4 H3 H6 HQ
S: C5 C6 C7 C8 CT D2 DQ DK DA S9 SA H3 HK
W: C2 C4 C9 CJ CQ CK CA S5 S8 SQ H8 H9 HJ
N: C3 D3 D5 DT S3 S4 S6 S7 SJ H6 H7 HT HA
E: D4 D6 D7 D8 D9 DJ S2 ST SK H2 H4 H5 HQ
S: C3 C8 C9 CT CJ CQ DK S7 SJ SK H2 H4 H7
W: C2 C4 C7 CK D6 D7 D8 D9 S4 ST H5 H9 HT
N: C5 CA D2 D4 DT DQ S5 S6 S9 SQ H3 HK HA
E: C6 D3 D5 DJ DA S2 S3 S8 SA H6 H8 HJ HQ
S: C3 C6 C7 CK D2 D8 D9 S4 S6 ST SJ H3 H6
W: C4 C8 DT DJ S5 S9 SQ SK SA H5 H7 H9 HA
N: C2 C9 CQ D3 D5 D7 DQ DA S2 S3 HT HJ HQ
E: C5 CT CJ CA D4 D6 DK S7 S8 H2 H4 H8 HK
S: C4 D5 D7 DQ S2 S3 S8 SQ H2 H6 HJ HQ HK
W: C3 C6 C7 C9 CT CA DA S5 ST SA H4 H7 HT
N: C2 C5 CJ CK D2 D9 DJ S6 S7 SJ SK H3 H9
E: C8 CQ D3 D4 D6 D8 DT DK S4 S9 H5 H8 HA
S: C3 C5 C6 C8 C9 CA D5 D8 DJ DQ S4 SJ HQ
W: C2 CT CK D2 D4 S6 ST SQ SK H3 H5 H8 HT
N: C7 CJ CQ DK S7 S8 S9 SA H2 H6 H7 H9 HK
E: C4 D3 D6 D7 D9 DT DA S2 S3 S5 H4 HJ HA
S: C4 C8 CT CQ D3 D6 D9 DT DK S8 ST H3 H9
W: C3 C7 DJ S3 S4 S6 S7 S9 SJ SQ H4 HT HK
N: C2 C6 C9 CJ D5 D7 D8 DQ S2 S5 H5 H7 HJ
E: C5 CK CA D2 D4 DA SK SA H2 H6 H8 HQ HA
S: C4 C6 C8 CT CA D7 D9 DT DJ DK S3 ST H5
W: C2 D3 D6 DA S2 S7 S8 S9 SQ H3 H9 HT HQ
N: C3 C5 C9 CQ D5 DQ S4 S6 SK H6 H8 HK HA
E: C7 CJ CK D2 D4 D8 S5 SJ SA H2 H4 H7 HJ
S: C5 C9 CT D2 D3 DJ DK S2 S6 S8 SA H5 HA
W: C2 C7 C8 D5 D7 DQ DA S5 S7 ST SQ H7 HT
N: C6 CQ CK D8 S3 S4 S9 SJ SK H3 H6 HJ HK
E: C3 C4 CJ CA D4 D6 D9 DT H2 H4 H8 H9 HQ
S: C5 D3 D5 D9 DJ ST SQ H2 H4 H6 H8 H9 HT
W: CT CJ CK CA D2 DQ S6 S7 SJ SK SA HQ HK
N: C6 C7 C8 C9 CQ D4 D6 D8 S4 S5 H7 HJ HA
E: C2 C3 C4 D7 DT DK DA S2 S3 S8 S9 H3 H5
S: C2 C5 C7 D3 DT S2 S5 S9 SQ SK H2 H4 H5
W: C9 CA D4 D5 DQ DA S3 S4 S7 HT HJ HQ HK
N: C3 C4 CT CQ D6 D7 D9 S6 S8 SA H6 H9 HA
E: C6 C8 CJ CK D2 D8 DJ DK ST SJ H3 H7 H8
S: C5 C8 C9 D4 D7 S4 ST H3 H4 H5 H6 H8 H9
W: C2 C4 C7 CJ CQ DQ DA SK SA H7 HJ HQ HA
N: C6 D2 D3 D6 D9 DT DJ S2 S5 S7 S9 SJ H2
E: C3 CT CK CA D5 D8 DK S3 S6 S8 SQ HT HK
S: C2 C6 C9 CJ CQ DJ DA S3 S6 SA H2 H4 HA
W: C4 C7 CK CA D4 D5 D7 ST SQ SK H5 H9 HK
N: C3 C8 D6 D8 D9 DQ DK S4 S8 S9 H6 H7 H8
E: C5 CT D2 D3 DT S2 S5 S7 SJ H3 HT HJ HQ
S: C4 CJ CA D2 D6 DK S2 S3 ST H4 H6 H8 HQ
W: C5 C6 C8 D5 D8 DT DQ DA S7 SA H3 H5 HK
N: C7 C9 CQ CK D3 D4 D9 S6 S8 SJ SK H2 HA
E: C2 C3 CT D7 DJ S4 S5 S9 SQ H7 H9 HT HJ
S: C4 CJ CK D6 D7 S2 S7 SJ H2 H6 H8 HT HQ
W: C2 C3 C5 C8 CT CQ CA D5 DJ DQ S4 S8 H4
N: C6 C7 C9 D2 DK S3 S5 S9 SK H5 H7 HK HA
E: D3 D4 D8 D9 DT DA S6 ST SQ SA H3 H9 HJ
S: C2 C6 C9 CJ CQ CA D6 D9 DT DJ DK SK HT
W: C5 C7 C8 CT D3 D8 DQ S5 S7 S8 H5 HJ HQ
N: C3 C4 D2 D4 DA S4 SJ H2 H3 H6 H8 H9 HA
E: CK D5 D7 S2 S3 S6 S9 ST SQ SA H4 H7 HK
S: CT CQ CA D4 D6 DJ DK S6 ST SK H3 H7 H9
W: C5 C7 D7 D8 DA S2 S5 S7 H4 H5 HT HQ HK
N: C3 C8 CJ D2 DT S3 S8 S9 SJ SQ H6 H8 HA
E: C2 C4 C6 C9 CK D3 D5 D9 DQ S4 SA H2 HJ
S: C4 CJ D3 D4 D6 DJ SA H2 H5 H6 H7 H8 HT
W: C5 C7 C8 CT D8 DQ DA S2 S8 H3 HQ HK HA
N: C2 C3 C9 D2 D5 D7 S5 S6 S9 ST SJ H4 H9
E: C6 CQ CK CA D9 DT DK S3 S4 S7 SQ SK HJ
S: C9 D5 DT DQ S6 S8 SJ SQ SK H6 H7 H9 HT
W: C2 C6 C7 C8 CJ D6 D8 DJ S7 S9 H3 H4 HA
N: C3 C4 C5 CT D3 D4 D9 DA S2 S3 H5 H8 HK
E: CQ CK CA D2 D7 DK S4 S5 ST SA H2 HJ HQ
S: C3 C7 CK D2 D9 DJ DA S5 S6 S8 H2 H6 HT
W: C2 DK S3 S7 S9 ST SJ SQ SK H3 H4 H9 HJ
N: C8 CQ CA D3 D4 D6 D8 DT S2 SA H7 H8 HA
E: C4 C5 C6 C9 CT CJ D5 D7 DQ S4 H5 HQ HK
S: C3 C4 CJ CQ D3 DT DJ DQ S2 SK H3 H6 H9
W: C7 C8 CT CK D2 D6 D9 DA S3 S8 H7 HT HJ
N: C2 C5 CA D4 D7 D8 S4 S5 S7 SQ H4 H5 HA
E: C6 C9 D5 DK S6 S9 ST SJ SA H2 H8 HQ HK
S: C7 CQ CA D9 DT S3 S6 SJ H6 H7 H9 HT HJ
W: C2 D3 D4 D7 DA S8 S9 ST SK H3 H4 HK HA
N: C4 C5 C8 C9 CT CJ D2 D6 DJ DK S5 SQ H5
E: C3 C6 CK D5 D8 DQ S2 S4 S7 SA H2 H8 HQ
S: C2 C4 C7 D3 D5 D7 D9 S4 S5 S7 S9 SJ H6
W: C5 CA D6 DJ DK S3 S8 SQ SA H3 H4 H9 HT
N: C6 C8 C9 CT CJ DQ DA S2 ST H2 HQ HK HA
E: C3 CQ CK D2 D4 D8 DT S6 SK H5 H7 H8 HJ
S: C3 C4 D2 D3 D5 D7 DJ S2 S3 S4 H2 H5 H8
W: C5 D4 D6 DT DQ DA S5 S9 SK H6 H7 HT HJ
N: C2 CJ CK CA D8 D9 DK S8 ST SA H9 HQ HA
E: C6 C7 C8 C9 CT CQ S6 S7 SJ SQ H3 H4 HK
S: C3 C6 C7 CA DT S7 ST H2 H4 H5 H7 H8 HT
W: C4 C9 CJ D3 D4 D7 D9 DJ DA S2 HJ HK HA
N: C2 C5 C8 D5 D6 D8 DK S6 S9 SJ SQ H3 H9
E: CT CQ CK D2 DQ S3 S4 S5 S8 SK SA H6 HQ
S: C2 C6 C7 CK CA D3 D4 S2 S4 S7 H5 H9 HT
W: C3 C4 C8 C9 D2 D7 D8 DJ DQ S3 S8 SJ HK
N: CJ D9 DT S5 S6 S9 ST SQ SK SA H3 H4 HA
E: C5 CT CQ D5 D6 DK DA H2 H6 H7 H8 HJ HQ
S: C9 CT CA D3 D4 D5 S3 S6 S9 H3 H4 H6 HT
W: C4 C5 CJ D2 S2 S4 S5 S7 H8 H9 HJ HQ HA
N: C3 C6 C8 CQ CK D6 D8 DJ DK SK SA H2 HK
E: C2 C7 D7 D9 DT DQ DA S8 ST SJ SQ H5 H7
S: C5 C7 C9 D3 D4 D7 DT S3 S4 S6 ST H6 HT
W: C8 CT D5 D8 DQ S2 S7 S8 SJ SA H2 H4 H5
N: C4 CJ CA D2 D6 DJ DK DA S5 H7 HJ HQ HA
E: C2 C3 C6 CQ CK D9 S9 SQ SK H3 H8 H9 HK
S: C4 C6 C9 CQ CA D8 D9 S6 SA H2 H5 H7 HT
W: C8 CJ D2 D3 D4 D7 DT DA S2 S9 ST H3 H6
N: C3 C7 CT CK D5 D6 DK S4 S7 SJ H4 HQ HK
E: C2 C5 DJ DQ S3 S5 S8 SQ SK H8 H9 HJ HA
S: C2 C3 C6 CJ CQ D5 S2 S6 SJ SA H5 HT HJ
W: C5 C9 CK CA D7 DJ DQ S9 ST SQ H8 H9 HQ
N: C8 CT D2 D4 D8 DT DA S4 S7 S8 H7 HK HA
E: C4 C7 D3 D6 D9 DK S3 S5 SK H2 H3 H4 H6
S: C3 C7 CT CK D8 DK SJ SA H2 H3 H5 H7 HA
W: C5 C9 D5 D6 D7 DJ DQ S5 S6 S8 SQ SK H9
N: C2 C4 D2 D4 DT DA S2 S3 S9 ST H4 H6 HJ
E: C6 C8 CJ CQ CA D3 D9 S4 S7 H8 HT HQ HK
S: C8 C9 CA D5 D7 D8 DQ S7 S8 SJ H4 HQ HK
W: C3 CT CK D9 DT DA S2 SK SA H2 H7 H9 HA
N: C6 D2 D4 D6 DJ S3 S4 S5 H3 H5 H6 HT HJ
E: C2 C4 C5 C7 CJ CQ D3 DK S6 S9 ST SQ H8
S: CQ CA D3 D7 DQ DK S4 S5 S6 S8 SK H8 HQ
W: C4 C6 C8 D4 DJ DA S3 SQ SA H2 H5 H7 HK
N: C3 C5 C9 CT CJ CK D6 D9 S7 S9 H3 H4 HT
E: C2 C7 D2 D5 D8 DT S2 ST SJ H6 H9 HJ HA
S: C2 C8 CJ CK D5 D7 S4 S6 S7 S8 SA H6 HQ
W: C5 C6 C7 CT CA D4 D8 DQ S9 H2 H3 HJ HK
N: C3 D6 D9 DK S5 ST SQ SK H5 H8 H9 HT HA
E: C4 C9 CQ D2 D3 DT DJ DA S2 S3 SJ H4 H7
S: CT CJ D6 D9 DQ DK S3 S5 S9 SQ H7 H8 HK
W: CQ D2 D4 D5 DA S4 S6 SK H4 H5 H6 H9 HT
N: C2 C3 C4 C5 C6 DT S2 S8 ST SJ H3 HJ HA
E: C7 C8 C9 CK CA D3 D7 D8 DJ S7 SA H2 HQ
S: C9 CT CQ D3 D6 S2 S5 S9 SA H2 H4 HT HQ
W: C2 C5 C7 CJ D2 D8 DT DK DA S3 SJ H7 HA
N: C4 CK CA D4 D9 DQ S4 S6 S7 SK H3 HJ HK
E: C3 C6 C8 D5 D7 DJ S8 ST SQ H5 H6 H8 H9
S: C2 C4 CK D5 DJ DA S3 S5 SJ H6 H8 HT HK
W: C7 C8 C9 D2 D4 D7 DT S4 S7 ST H2 H4 HA
N: C3 CJ CA D6 DK S2 S6 SQ SK H3 H5 H9 HJ
E: C5 C6 CT CQ D3 D8 D9 DQ S8 S9 SA H7 HQ
S: C3 C9 CT CJ D6 D8 DK S3 ST H3 H4 H5 HT
W: C6 D2 D3 D4 D7 DJ DQ DA S5 H8 H9 HK HA
N: C5 C8 CQ CA DT S4 S6 S8 SJ SQ SK H7 HQ
E: C2 C4 C7 CK D5 D9 S2 S7 S9 SA H2 H6 HJ
S: C9 CT CA D3 D7 DK S9 SJ SK H2 H4 H8 HK
W: C4 C6 CJ CQ D4 DT DA S6 S7 SA H5 H9 HT
N: C2 C5 C7 C8 D5 D9 DJ S3 S8 SQ H6 HJ HQ
E: C3 CK D2 D6 D8 DQ S2 S4 S5 ST H3 H7 HA
S: C3 C7 C9 D4 D7 DT S3 S5 H3 H4 H8 H9 HT
W: C2 C8 CQ CA D3 D9 DK S4 SQ SK H2 H7 HK
N: C5 CJ D8 DQ S2 S6 S7 S9 ST SA H5 HJ HA
E: C4 C6 CT CK D2 D5 D6 DJ DA S8 SJ H6 HQ
S: C2 C4 CA D4 DJ DK S3 ST SJ H2 H4 H5 H6
W: C3 C6 CJ CQ D2 D3 D6 D7 S2 S7 S8 SA H7
N: C5 C7 D5 DT DQ DA S4 S6 S9 SQ SK H3 HT
E: C8 C9 CT CK D8 D9 S5 H8 H9 HJ HQ HK HA
S: C3 D5 D7 S4 S7 S9 SQ H3 H4 H6 H7 HT HJ
W: C5 C7 C8 C9 CT CQ CA D2 D8 D9 DQ H5 HA
N: C2 CK D6 DT DA S2 S5 S6 S8 H2 H9 HQ HK
E: C4 C6 CJ D3 D4 DJ DK S3 ST SJ SK SA H8
S: C2 C4 D5 D6 D8 DA S2 S5 S8 S9 SJ H7 H8
W: C5 C7 C8 CT D2 DK S3 S6 SQ SK H2 H3 H4
N: C9 CQ D3 D7 DT DJ DQ S4 ST H6 HQ HK HA
E: C3 C6 CJ CK CA D4 D9 S7 SA H5 H9 HT HJ
S: CQ D4 D8 D9 DQ DK S2 SQ SA H4 H6 HJ HA
W: C3 C4 C6 C8 D3 D7 DA S7 S9 SJ H2 HT HQ
N: C5 C7 C9 CT CA D2 D5 DT S4 S6 S8 H8 H9
E: C2 CJ CK D6 DJ S3 S5 ST SK H3 H5 H7 HK
S: C2 C9 CQ D4 D6 D7 DJ DA S2 S6 S8 H5 H8
W: C3 C4 C5 C8 CJ CK D2 D8 S4 S7 SJ HT HJ
N: C6 C7 CT D9 DT DK S3 S5 S9 H2 H6 H9 HQ
E: CA D3 D5 DQ ST SQ SK SA H3 H4 H7 HK HA
S: C7 CA D8 D9 DT DK S7 SJ H3 H5 H7 HK HA
W: C2 C5 C6 CK D5 DA S4 S6 ST SA H6 HJ HQ
N: C3 C4 C8 CJ D2 D4 D7 S2 S3 S8 SK H2 HT
E: C9 CT CQ D3 D6 DJ DQ S5 S9 SQ H4 H8 H9
S: C4 C6 D5 D6 DJ DK S5 S7 H2 H3 H7 HQ HA
W: C2 C3 C9 D3 D4 DA S8 SA H4 H6 H9 HJ HK
N: CJ CA D2 D7 D9 DT DQ S2 S3 S6 S9 ST H5
E: C5 C7 C8 CT CQ CK D8 S4 SJ SQ SK H8 HT
S: C7 CT CJ CK D3 D8 S4 ST SK H2 H3 H5 HQ
W: C3 C4 C8 CQ CA D5 DT DQ DK S7 SJ SQ HA
N: C2 D2 D7 D9 DJ S2 S8 H4 H6 H8 H9 HT HJ
E: C5 C6 C9 D4 D6 DA S3 S5 S6 S9 SA H7 HK
S: C3 C6 C9 CK D3 D8 S3 S5 S9 ST SJ SK H2
W: CQ CA D4 D6 DJ DQ DK DA S4 SA H3 H7 H8
N: C2 C5 C7 CJ D5 D9 S2 S8 SQ H4 H6 HJ HA
E: C4 C8 CT D2 D7 DT S6 S7 H5 H9 HT HQ HK
S: C6 C8 CJ D2 D5 D8 DA S2 S9 SA H3 H4 H9
W: CA D7 D9 S4 S5 S6 S7 H2 H6 H7 H8 HK HA
N: C4 C7 C9 CT CQ CK D3 DT DQ SQ SK H5 HQ
E: C2 C3 C5 D4 D6 DJ DK S3 S8 ST SJ HT HJ
S: C7 C9 CQ CK D5 D9 DT DK S3 SJ SK H8 HK
W: C3 C4 C5 C6 D6 D7 DQ S2 S8 S9 SQ SA HA
N: C2 CT D4 D8 DJ S7 ST H3 H4 H9 HT HJ HQ
E: C8 CJ CA D2 D3 DA S4 S5 S6 H2 H5 H6 H7
S: C3 C6 CJ D4 D6 S2 S3 S4 SJ H4 H5 H9 HK
W: C7 CK D2 D3 DJ DQ S5 S8 S9 SQ SK H7 H8
N: C2 C4 C5 CQ CA D8 D9 DA S6 H2 H3 HT HA
E: C8 C9 CT D5 D7 DT DK S7 ST SA H6 HJ HQ
S: C2 C4 C7 CQ D3 DA S3 S7 SK H3 H4 H5 HQ
W: C8 C9 CJ CK D4 D5 D8 DT DJ DQ S8 SQ HK
N: CA D2 D6 D7 D9 DK S2 S5 S6 SJ H8 HT HJ
E: C3 C5 C6 CT S4 S9 ST SA H2 H6 H7 H9 HA
S: C4 C5 C8 C9 CQ D2 D6 S2 S3 S7 S9 H7 HA
W: C3 C7 CJ CK D4 D9 DQ DK SJ H2 H3 H6 HT
N: C2 CA D3 DA S4 S6 S8 ST SK SA H5 HJ HK
E: C6 CT D5 D7 D8 DT DJ S5 SQ H4 H8 H9 HQ
S: C3 C4 C5 C7 C8 CJ DQ DA SQ SK H6 HT HQ
W: C2 CT CA D3 D4 D9 S2 SJ H2 H3 H5 H8 HK
N: C6 C9 CQ D7 D8 DJ DK S3 S4 S8 ST H4 HJ
E: CK D2 D5 D6 DT S5 S6 S7 S9 SA H7 H9 HA
S: C2 C5 D2 D8 DJ DK S6 S7 ST SQ SA H5 HQ
W: C3 C8 CT CK CA D3 D7 S5 H3 H7 H8 H9 HT
N: C6 C7 C9 CJ D4 D5 D6 D9 DQ S2 S4 S8 SK
E: C4 CQ DT DA S3 S9 SJ H2 H4 H6 HJ HK HA
S: C2 C4 CJ CA D3 D5 D8 S2 SJ SK H3 H7 HA
W: C6 C7 CT D4 D7 DT S3 S5 S8 SQ H6 H9 HQ
N: C5 C9 CQ CK D6 D9 DQ DK S6 S7 SA H8 HK
E: C3 C8 D2 DJ DA S4 S9 ST H2 H4 H5 HT HJ
S: C5 CJ CK D9 DT S6 ST SQ SK H8 H9 HT HQ
W: C3 C6 C7 C9 D7 DQ DA S5 S8 H4 H5 H6 H7
N: C2 CT CQ CA D2 D4 D6 S4 S9 SA H2 H3 HA
E: C4 C8 D3 D5 D8 DJ DK S2 S3 S7 SJ HJ HK
S: C6 C8 CK DJ DQ S4 S8 S9 SJ SK H3 HJ HA
W: C4 CT CQ D5 D6 S5 S6 S7 ST H5 H6 H8 H9
N: C2 C5 C7 C9 CJ D2 D7 D8 SQ SA H2 H4 HK
E: C3 CA D3 D4 D9 DT DK DA S2 S3 H7 HT HQ
S: C2 C6 C9 CK CA D3 D8 D9 DJ S4 S8 SJ HK
W: C3 C4 C5 C8 CQ D5 DT S9 SQ H4 H5 H6 HJ
N: C7 CJ D7 DK S2 S3 S5 SA H2 H3 H9 HT HQ
E: CT D2 D4 D6 DQ DA S6 S7 ST SK H7 H8 HA
S: C6 D3 D4 D5 D8 D9 S4 S6 SK H2 H5 H9 HK
W: CQ D2 DT DJ DK S5 S7 S9 H6 H8 HT HJ HQ
N: C2 C3 C4 C7 CT CJ CA D6 D7 DA H4 H7 HA
E: C5 C8 C9 CK DQ S2 S3 S8 ST SJ SQ SA H3
S: C2 C6 C7 C8 CT CQ CA D2 DJ DA S5 S9 SQ
W: C5 CJ D9 DT DQ S4 S8 H2 H3 H4 H5 HT HQ
N: CK D4 D6 D7 DK SJ SK H6 H7 H8 H9 HJ HK
E: C3 C4 C9 D3 D5 D8 S2 S3 S6 S7 ST SA HA
S: C2 CJ CA D3 D7 D9 DT DJ S3 S5 H7 HJ HQ
W: C5 C6 C8 CT D5 D8 S2 S6 S8 SJ H4 H8 HA
N: C4 C7 CQ D6 DK DA S7 ST SK SA H3 H5 HT
E: C3 C9 CK D2 D4 DQ S4 S9 SQ H2 H6 H9 HK
S: C3 C4 D2 DT S5 S7 S8 ST SJ SQ H3 H6 H7
W: C5 C7 CJ CQ D5 D6 D7 D8 DK S2 SA H2 HQ
N: C2 CT D3 D4 DQ DA S3 S6 S9 H4 H5 H8 HJ
E: C6 C8 C9 CK CA D9 DJ S4 SK H9 HT HK HA
S: C9 CJ CK CA D3 DK S3 S8 SJ H4 H7 H9 HJ
W: C2 C3 C4 C6 C7 C8 S2 S6 S7 SQ H2 H8 HA
N: D2 D8 DJ DA S4 S5 S9 ST H3 H6 HT HQ HK
E: C5 CT CQ D4 D5 D6 D7 D9 DT DQ SK SA H5
S: C3 CT CQ D6 DA S3 S4 SJ SQ H6 H9 HT HQ
W: C4 C5 CK D4 D5 D7 D8 DT DJ DQ S8 ST H5
N: C6 C7 C8 CJ CA D2 DK S6 S9 H3 H8 HJ HK
E: C2 C9 D3 D9 S2 S5 S7 SK SA H2 H4 H7 HA
S: C4 C5 C6 C7 C8 D4 DA S9 ST H5 H9 HJ HK
W: C3 D3 D7 D8 DQ S3 S5 S8 SQ H6 H7 HT HA
N: C2 C9 CT CJ CQ CA D5 DK S2 S4 S7 SK HQ
E: CK D2 D6 D9 DT DJ S6 SJ SA H2 H3 H4 H8
S: C4 C6 D2 D5 D7 DT DJ S3 S5 S6 SA H7 H8
W: C9 D3 D8 D9 S2 S7 SK H6 H9 HT HJ HK HA
N: C3 C5 C7 CJ CA D6 DK DA S8 ST H2 H5 HQ
E: C2 C8 CT CQ CK D4 DQ S4 S9 SJ SQ H3 H4
S: C2 C7 CJ CQ CA D5 D6 D9 DA SJ H9 HT HA
W: C5 C6 D7 DT DQ S3 S4 S7 H2 H6 H8 HJ HK
N: C4 CT CK D3 DJ DK S2 S6 S8 S9 SQ H7 HQ
E: C3 C8 C9 D2 D4 D8 S5 ST SK SA H3 H4 H5
S: C3 C5 CQ D2 D6 D9 S5 S8 H5 H6 HQ HK HA
W: C4 C6 CK D8 DJ DQ DA S7 SJ SQ SK HT HJ
N: C2 C7 C9 CA D4 D5 D7 DT DK S9 ST SA H2
E: C8 CT CJ D3 S2 S3 S4 S6 H3 H4 H7 H8 H9
S: C5 D4 D5 D7 DA S6 S8 S9 ST SQ SA HT HK
W: C3 C8 CT CJ CA D6 DT S5 SJ H2 H4 H5 H8
N: C4 C6 CK D3 D8 D9 DQ DK S4 S7 H6 H9 HA
E: C2 C7 C9 CQ D2 DJ S2 S3 SK H3 H7 HJ HQ
S: CJ CQ CK D2 D9 DJ S6 S9 ST SJ SK H5 H9
W: C2 C4 C6 CA D7 D8 DQ SA H2 H7 H8 HQ HA
N: C7 C8 D3 DT DK DA S3 S4 S5 S8 H6 HT HK
E: C3 C5 C9 CT D4 D5 D6 S2 S7 SQ H3 H4 HJ
S: C4 C7 D6 D9 S4 S6 S7 S9 SJ SK H5 H6 HJ
W: C2 C9 CT D5 D7 D8 DQ S5 ST SQ H7 H8 HT
N: C5 C6 CJ CK CA D3 D4 DT DK S3 SA H4 HA
E: C3 C8 CQ D2 DJ DA S2 S8 H2 H3 H9 HQ HK
S: C4 C6 CJ CQ D7 DA S2 S3 S5 S8 SJ SK H6
W: C5 C8 D2 D3 D6 D9 S6 S9 SA H3 HT HJ HK
N: C3 C9 CK D4 DJ DQ S7 H2 H4 H7 H8 H9 HA
E: C2 C7 CT CA D5 D8 DT DK S4 ST SQ H5 HQ
S: C2 C4 C8 D8 D9 DK S3 S5 SQ H5 H7 H9 HA
W: C9 CT CJ CQ CK D5 D7 DT DJ S2 S7 HT HK
N: C3 C5 D4 DQ DA SJ SK SA H2 H3 H6 H8 HJ
E: C6 C7 CA D2 D3 D6 S4 S6 S8 S9 ST H4 HQ
S: C3 CT CJ D6 D7 D9 DJ DA S5 ST H4 H8 HA
W: C4 CA D4 DT DK S2 S7 S9 SK H5 H7 HQ HK
N: C2 C5 C6 C7 CK D8 DQ S3 S4 S6 SJ SA HT
E: C8 C9 CQ D2 D3 D5 S8 SQ H2 H3 H6 H9 HJ
S: C5 C9 CJ D2 D5 D6 D8 S7 ST SJ SQ SA H2
W: C4 C7 CQ CK CA DJ DQ DA S3 S8 H8 HT HQ
N: C8 D7 DT DK S2 S4 S5 S6 S9 SK H4 H7 HJ
E: C2 C3 C6 CT D3 D4 D9 H3 H5 H6 H9 HK HA
S: C4 C5 C8 DJ DQ S2 S4 SQ SA H7 HJ HK HA
W: C3 C7 D5 D8 S3 S6 S7 S8 H5 H6 H8 H9 HT
N: C6 C9 CT CJ CK D2 D7 D9 DK S9 ST SJ H4
E: C2 CQ CA D3 D4 D6 DT DA S5 SK H2 H3 HQ
S: C5 C8 CT CA D4 D6 DQ DK DA S4 S5 S6 H2
W: C3 CK D7 DJ S8 SA H5 H6 H7 H8 HT HK HA
N: C4 C9 D3 D8 DT S2 S3 S7 S9 ST SJ SQ HJ
E: C2 C6 C7 CJ CQ D2 D5 D9 SK H3 H4 H9 HQ
S: C3 C5 CT CJ CK DT ST SK H2 H3 H5 H6 HJ
W: C6 C9 CA D5 D6 D8 DK S2 S4 S5 H7 H8 HQ
N: C2 C4 D3 D7 D9 S3 S6 S7 S8 H4 H9 HT HA
E: C7 C8 CQ D2 D4 DJ DQ DA S9 SJ SQ SA HK
S: C2 C9 CT D3 D5 DQ S2 S3 S7 H2 H5 H9 HK
W: C3 C6 C7 C8 D9 S6 S9 SJ H3 H6 H7 H8 HQ
N: C5 CA D2 D4 D6 D8 DT DJ DA S8 SQ SA HJ
E: C4 CJ CQ CK D7 DK S4 S5 ST SK H4 HT HA
S: C2 CK CA DJ DA S2 S5 H3 H4 H5 H7 HT HK
W: C7 C9 CJ D3 D6 D8 D9 DK S4 S8 SQ H8 HA
N: C3 C8 D2 D4 D5 D7 DQ S3 S6 SK H2 HJ HQ
E: C4 C5 C6 CT CQ DT S7 S9 ST SJ SA H6 H9
S: C5 C8 CK D5 D9 DQ S2 S3 S4 SJ SK H8 HT
W: C3 C6 CQ CA D4 DJ DA S8 SQ H4 H7 HK HA
N: C2 C4 C9 CJ D6 DT DK S7 S9 H3 H6 H9 HJ
E: C7 CT D2 D3 D7 D8 S5 S6 ST SA H2 H5 HQ
S: C5 C7 C8 CT CA D3 D6 D8 DJ S5 S7 H2 H7
W: C3 D5 DQ DK S3 S4 S8 S9 H3 H4 H6 HT HA
N: C2 C6 CJ CQ D4 D7 DA S6 SQ SK H9 HJ HQ
E: C4 C9 CK D2 D9 DT S2 ST SJ SA H5 H8 HK
S: C3 C8 CK D8 D9 DJ S6 S8 ST H2 H7 HT HK
W: C4 C5 C7 CJ D4 DT DA S4 SK H4 HJ HQ HA
N: C2 C6 C9 CT D3 D6 S2 S3 S7 S9 SA H3 H8
E: CQ CA D2 D5 D7 DQ DK S5 SJ SQ H5 H6 H9
S: C9 CT CJ CA D7 DJ S9 H2 H4 H9 HJ HQ HA
W: C2 C5 D3 D5 DQ S3 S4 S7 SQ H5 H6 H7 HK
N: C6 C7 C8 D2 D6 D9 DT DK DA S5 S6 SK HT
E: C3 C4 CQ CK D4 D8 S2 S8 ST SJ SA H3 H8
S: C4 C6 CQ D6 D9 DQ DA S4 S5 S7 S8 H8 HA
W: C7 CK D2 D3 DT S3 S9 SK SA H4 H6 H7 HK
N: C5 CT D7 D8 DJ S2 ST SJ SQ H2 H5 HT HJ
E: C2 C3 C8 C9 CJ CA D4 D5 DK S6 H3 H9 HQ
S: CJ CQ D8 DJ S3 S4 S5 S8 SK H3 H4 H5 HJ
W: C6 C8 D4 D7 DT DK DA S6 SJ H6 H8 HQ HK
N: C2 C3 C5 C9 CK D2 D5 D6 D9 S2 S7 SQ H7
E: C4 C7 CT CA D3 DQ S9 ST SA H2 H9 HT HA
S: C4 C9 D4 D8 DT DQ S2 S9 ST SK H4 HT HJ
W: C5 C7 CT CQ CK D3 D5 D7 SA H3 H5 H9 HK
N: C2 C3 C8 DJ DK S4 S5 S6 S7 S8 SJ H2 HA
E: C6 CJ CA D2 D6 D9 DA S3 SQ H6 H7 H8 HQ
S: C5 C6 C7 C8 D3 D7 S5 S7 SJ SA H5 H6 HK
W: CT CA D5 D9 DJ DQ DA S3 S6 SK H2 H4 HA
N: C2 C4 CK D6 D8 S2 S4 S9 ST SQ H3 H7 HT
E: C3 C9 CJ CQ D2 D4 DT DK S8 H8 H9 HJ HQ
S: C2 C3 C7 C9 CK D7 D9 DJ S9 ST SK HJ HA
W: C4 C6 CJ DT S2 S4 S6 SQ SA H3 H4 H9 HT
N: CA D6 DK S5 S7 SJ H2 H5 H6 H7 H8 HQ HK
E: C5 C8 CT CQ D2 D3 D4 D5 D8 DQ DA S3 S8
S: C3 D3 DA S3 S5 SJ SQ SK H2 H6 H7 HT HA
W: C2 C4 C6 C7 CT CK D7 D9 DT S2 S7 H3 HJ
N: CJ D2 D4 D5 D8 DJ DK S4 S9 ST H9 HQ HK
E: C5 C8 C9 CQ CA D6 DQ S6 S8 SA H4 H5 H8
S: C3 C5 C9 D7 D8 D9 DT S3 S9 ST SA H5 HA
W: C2 C4 C6 CK CA D3 D4 D5 DA S8 SK H6 H7
N: C7 CT CQ D2 D6 DQ S2 S5 SQ H4 HJ HQ HK
E: C8 CJ DJ DK S4 S6 S7 SJ H2 H3 H8 H9 HT
S: C5 C9 D3 D8 DQ DA H4 H6 H7 H9 HQ HK HA
W: C4 C8 CK CA D6 DJ S4 S5 S6 S7 S9 SJ SA
N: C2 C3 C7 CQ D2 D5 D9 DT ST SQ SK HT HJ
E: C6 CT CJ D4 D7 DK S2 S3 S8 H2 H3 H5 H8
S: C2 C7 CT CJ D2 D3 D5 SJ H5 H7 H9 HT HJ
W: C4 C5 C6 C9 CK D8 D9 DK S2 S3 S5 S7 SK
N: C3 CA DJ S4 S6 S8 S9 SQ SA H6 H8 HK HA
E: C8 CQ D4 D6 D7 DT DQ DA ST H2 H3 H4 HQ
S: C3 C8 D2 D6 DK S6 S8 S9 SK H2 H3 H4 HJ
W: C2 C9 CK D8 DJ S3 S7 ST SJ SQ SA HT HQ
N: C5 C6 CT D3 D4 D5 D9 DA S2 S4 S5 H5 H6
E: C4 C7 CJ CQ CA D7 DT DQ H7 H8 H9 HK HA
S: C9 CT CJ CA D3 D9 DT DJ DK H2 H4 HJ HA
W: C2 D2 D5 D7 D8 DA S8 S9 SQ SK H3 H7 H8
N: C3 C5 C6 C7 CK DQ S2 S4 ST SJ SA H6 HT
E: C4 C8 CQ D4 D6 S3 S5 S6 S7 H5 H9 HQ HK
S: C2 D4 D6 D9 DT S6 S9 ST SJ SA H4 H7 HT
W: C3 C7 CJ CQ CK CA D7 DQ DA S3 S7 SQ H6
N: C4 C6 C8 CT D2 D3 DK S2 H3 H8 HQ HK HA
E: C5 C9 D5 D8 DJ S4 S5 S8 SK H2 H5 H9 HJ
S: C3 C9 D6 DJ DA S7 SQ H4 H6 H7 HT HQ HK
W: CJ D2 D3 D7 D9 DT DQ DK S4 S9 SA H2 HJ
N: C4 C6 CT CQ CK D4 S2 S3 SJ H5 H8 H9 HA
E: C2 C5 C7 C8 CA D5 D8 S5 S6 S8 ST SK H3
S: C2 C3 C4 C5 C7 CK D3 D8 DK SJ H9 HQ HA
W: C9 CT CJ CA D4 D5 D7 D9 S2 S6 SQ H5 H8
N: CQ D2 DT DJ S4 S5 S9 ST SK H3 H4 H7 HT
E: C6 C8 D6 DQ DA S3 S7 S8 SA H2 H6 HJ HK
S: C2 C3 D6 D7 D8 D9 DT DQ ST SQ H2 H5 HT
W: C7 C8 DJ S3 S5 S6 S7 S8 SJ H4 H9 HJ HQ
N: C4 C5 C6 CT CA D2 D3 S2 S4 S9 H7 HK HA
E: C9 CJ CQ CK D4 D5 DK DA SK SA H3 H6 H8
S: C4 C6 C8 CT CA D2 D7 S7 S8 H2 H4 H8 HA
W: CQ D3 D4 D6 D8 DJ DA S3 S5 SK SA H9 HK
N: C5 C7 D9 DT DQ DK S4 S9 ST SJ SQ HT HQ
E: C2 C3 C9 CJ CK D5 S2 S6 H3 H5 H6 H7 HJ
S: D3 D5 D8 D9 DK S2 S5 S9 ST SJ H2 H8 HJ
W: C4 C7 C8 CT D7 DJ DQ S4 SQ SA H3 H4 HQ
N: C3 CQ CA D2 D4 D6 DT S8 SK H5 H7 HT HK
E: C2 C5 C6 C9 CJ CK DA S3 S6 S7 H6 H9 HA
S: CA DT DK DA S4 S8 H6 H7 H8 H9 HT HJ HK
W: C7 C8 CQ D3 D7 D8 DJ DQ S7 SQ SA H2 HA
N: C2 C4 CT D2 D6 D9 S3 S5 SJ SK H3 H4 H5
E: C3 C5 C6 C9 CJ CK D4 D5 S2 S6 S9 ST HQ
S: C2 C5 C8 CJ CQ DT DK S6 S8 SQ SK H8 HA
W: C7 CA D5 D8 DQ DA S2 S3 ST SJ H5 HJ HQ
N: C9 CT CK D2 D3 D4 DJ SA H2 H3 H4 H6 HK
E: C3 C4 C6 D6 D7 D9 S4 S5 S7 S9 H7 H9 HT
S: C2 CT CQ CK CA D4 D6 S5 S7 SK H3 H7 H9
W: C3 C5 C8 D8 D9 S6 SJ SA H4 H5 HT HJ HQ
N: C6 C7 C9 D2 D5 D7 DJ S2 S4 ST SQ H6 HK
E: C4 CJ D3 DT DQ DK DA S3 S8 S9 H2 H8 HA
S: C3 CA D8 DA S5 S6 S9 SJ H2 H3 H4 H5 HT
W: CT D5 D9 DT DQ S4 ST SQ SK H6 H7 H9 HK
N: C2 C5 C6 C7 C9 CJ D4 DJ S2 S7 SA H8 HA
E: C4 C8 CQ CK D2 D3 D6 D7 DK S3 S8 HJ HQ
S: C8 CQ CA D4 D8 S3 S6 S8 SJ SK H3 H6 H8
W: C3 C5 C7 D3 D6 D7 DQ DA S4 S9 H4 H5 HT
N: C4 C9 CJ CK D2 D5 DJ SQ H7 H9 HJ HQ HK
E: C2 C6 CT D9 DT DK S2 S5 S7 ST SA H2 HA
S: CJ CQ D3 D4 D5 DT DQ S3 S7 SJ H2 H5 H8
W: C3 C5 C6 C9 CA D9 DK S4 S5 S6 SK H3 HQ
N: C2 C7 C8 CT D2 D7 DJ S2 SQ H4 HT HJ HA
E: C4 CK D6 D8 DA S8 S9 ST SA H6 H7 H9 HK
S: C2 C6 C9 D7 S2 S5 S8 ST SQ SA H8 HT HA
W: CJ CQ CK D2 D3 D5 DT DK S7 S9 H4 H6 HK
N: C7 CT D6 DJ DQ DA S4 SJ H2 H3 H5 H7 HJ
E: C3 C4 C5 C8 CA D4 D8 D9 S3 S6 SK H9 HQ
S: CJ CQ DJ DQ S3 S9 ST SJ SK H2 H3 H7 HT
W: C6 D4 D5 D6 DK DA S4 S5 S6 S7 SA HQ HA
N: C2 C3 C4 C5 C8 CT CA D8 D9 SQ H6 H8 HK
E: C7 C9 CK D2 D3 D7 DT S2 S8 H4 H5 H9 HJ
S: C6 CQ CK D2 DQ DA S2 S4 S6 S7 H8 H9 HQ
W: C2 C5 C9 CJ DT DK S3 S9 SJ SK H6 HK HA
N: C3 C7 CT D6 D7 D8 DJ SQ SA H3 H4 HT HJ
E: C4 C8 CA D3 D4 D5 D9 S5 S8 ST H2 H5 H7
S: C3 C6 CQ D5 D9 DJ S3 S8 S9 H3 H7 H8 HJ
W: C7 CK D2 D3 D6 DT DA SJ SA H2 H4 HT HK
N: C2 C5 C9 D4 D7 D8 DK S5 S7 ST SQ H6 HA
E: C4 C8 CT CJ CA DQ S2 S4 S6 SK H5 H9 HQ
S: C8 CJ CQ CK D7 S3 ST SK SA H2 HT HJ HA
W: C4 C5 C6 C9 CA D2 D5 D8 D9 DT SJ HQ HK
N: C2 C3 CT D3 D6 DJ DQ DA S7 S9 H3 H5 H8
E: C7 D4 DK S2 S4 S5 S6 S8 SQ H4 H6 H7 H9
S: C2 C5 D2 D3 D6 D7 DQ DA S8 ST SJ SQ SK
W: C4 CK D5 DT S3 S6 SA H3 H5 H6 H8 HT HJ
N: C6 CT CQ CA D8 S2 S4 S7 S9 H2 H9 HQ HA
E: C3 C7 C8 C9 CJ D4 D9 DJ DK S5 H4 H7 HK
S: C5 C9 CQ CK D2 D8 D9 DT DQ S2 H5 H9 HT
W: CT D5 D6 D7 DJ DK S3 S6 S9 ST H2 HJ HK
N: C3 C6 CJ CA S7 SQ SK SA H3 H6 H7 HQ HA
E: C2 C4 C7 C8 D3 D4 DA S4 S5 S8 SJ H4 H8
S: C5 CQ D2 D4 D7 D8 DK SQ SK SA H3 H6 H9
W: C4 C8 C9 CA D5 D9 DT DQ S2 S5 H2 H8 HQ
N: C2 CT CJ CK D3 D6 S3 S7 SJ H5 HT HJ HA
E: C3 C6 C7 DJ DA S4 S6 S8 S9 ST H4 H7 HK
S: C2 C6 C7 CQ DT S5 S6 S9 SJ H8 H9 HT HJ
W: CK D4 D7 D8 DK S2 ST SK SA H3 H7 HQ HA
N: C3 C8 CT D2 D3 D5 DJ S3 S4 S8 H4 H5 HK
E: C4 C5 C9 CJ CA D6 D9 DQ DA S7 SQ H2 H6
S: C4 C9 CK DT DA S2 SK H3 H4 H9 HT HQ HK
W: C7 C8 CJ CQ D4 D5 D6 D8 D9 S3 S6 SJ H2
N: C5 D2 D7 DJ DQ DK S4 S7 ST SQ H6 H8 HA
E: C2 C3 C6 CT CA D3 S5 S8 S9 SA H5 H7 HJ
S: C5 C7 C9 D2 D3 D4 D5 D9 DQ S5 SK H8 HK
W: C6 D6 D7 D8 DT DK DA S3 SQ H3 H4 H5 H6
N: C2 C4 CT CQ CK S4 S6 S7 S9 H2 H9 HJ HA
E: C3 C8 CJ CA DJ S2 S8 ST SJ SA H7 HT HQ
S: C7 C9 CT CK D9 DQ S5 S8 H7 H8 HT HQ HK
W: C3 C4 C5 C6 CJ D2 D4 D6 D8 DJ S6 SA H6
N: C8 CA DT DA S2 S9 SJ SQ SK H2 H3 H9 HA
E: C2 CQ D3 D5 D7 DK S3 S4 S7 ST H4 H5 HJ
S: C4 C7 CJ CA D6 D7 D9 S6 SJ SQ SK H3 HQ
W: C3 C5 CQ D2 S2 S3 S5 S7 H4 H5 H8 H9 HK
N: C2 C8 CT D3 D5 D8 DQ S4 S8 S9 SA H6 HJ
E: C6 C9 CK D4 DT DJ DK DA ST H2 H7 HT HA
S: C3 CK CA D2 DJ S5 S7 ST SA H2 H3 H8 HK
W: C5 C6 D4 D7 D8 S3 S8 SJ H4 H5 H7 HJ HA
N: C2 C4 C7 C8 CJ CQ D5 DQ S9 SQ SK H6 H9
E: C9 CT D3 D6 D9 DT DK DA S2 S4 S6 HT HQ
S: C6 C9 CK D2 D7 DQ DA S2 S4 SJ SQ H5 HJ
W: C2 C3 C4 CQ CA D3 D6 DT S5 S9 H2 H4 H6
N: C8 CT CJ D4 DJ DK S7 S8 ST SA H8 HT HA
E: C5 C7 D5 D8 D9 S3 S6 SK H3 H7 H9 HQ HK
S: C2 C3 C7 C8 D4 DQ S4 S7 S9 SJ SK SA H3
W: C4 C9 CT D3 D5 D9 DK S3 S8 ST H2 H5 H8
N: C6 CJ CK CA D2 D6 D7 D8 DA SQ H4 H6 HT
E: C5 CQ DT DJ S2 S5 S6 H7 H9 HJ HQ HK HA
S: C2 C3 C4 D4 S3 S5 S7 S8 S9 H2 HT HQ HA
W: C6 C8 CJ CA D5 D8 DK ST SA H5 H6 H7 HK
N: CT CK D2 D3 D7 DT S2 S6 SJ SQ H3 H4 H8
E: C5 C7 C9 CQ D6 D9 DJ DQ DA S4 SK H9 HJ
S: C2 C3 CJ CA D6 D7 DQ S4 ST SQ H7 HT HK
W: C4 C8 D8 DT DJ DA S7 SA H5 H6 H8 HQ HA
N: C5 C6 C7 C9 CQ D2 D5 S2 S3 S5 S6 H4 HJ
E: CT CK D3 D4 D9 DK S8 S9 SJ SK H2 H3 H9
S: C2 C5 C9 CQ D4 D6 D9 DT S4 S9 SQ H8 HQ
W: C8 CJ DJ S2 S5 S6 ST SA H4 H5 H6 H7 HA
N: C4 C6 CK CA D2 D8 S3 S7 SJ H3 H9 HJ HK
E: C3 C7 CT D3 D5 D7 DQ DK DA S8 SK H2 HT
S: C9 CJ D3 D9 DA S2 S4 S5 S7 SJ SA H3 H6
W: C3 C4 CT CA D2 D4 D6 D8 ST SK H4 HT HK
N: C2 C5 C6 C7 CK D7 DT DQ S6 SQ H5 H8 HA
E: C8 CQ D5 DJ DK S3 S8 S9 H2 H7 H9 HJ HQ
S: C3 CQ CA D9 S5 S6 S8 ST SJ H4 H6 HT HQ
W: C2 C9 CJ D3 D6 D7 D8 DK S7 SK SA H3 HA
N: C4 C5 C6 C7 D2 D4 DQ S2 S4 S9 H8 H9 HK
E: C8 CT CK D5 DT DJ DA S3 SQ H2 H5 H7 HJ
S: C2 CQ D4 DT S6 S7 S9 SQ H5 H9 HT HQ HA
W: C6 C7 CT CK DJ DQ SJ SK H2 H4 H8 HJ HK
N: C4 C8 CJ D5 D8 DK DA S2 S3 S5 S8 SA H3
E: C3 C5 C9 CA D2 D3 D6 D7 D9 S4 ST H6 H7
S: C3 C6 D4 D5 D6 DJ S6 S9 SA H5 H9 HQ HA
W: C5 C9 CJ D2 D7 D8 D9 DQ S7 SJ SQ H4 HT
N: C4 C8 CQ CA DT DK S2 S4 S5 H2 H6 H7 HK
E: C2 C7 CT CK D3 DA S3 S8 ST SK H3 H8 HJ
S: C2 C6 C7 CJ D9 DQ DA S3 S7 SK SA H8 HQ
W: C8 CA DJ S2 S4 S5 SJ H5 H6 H9 HT HK HA
N: C3 C4 C5 C9 CQ D3 D7 D8 S8 S9 H2 H4 H7
E: CT CK D2 D4 D5 D6 DT DK S6 ST SQ H3 HJ
S: C3 C4 C5 C6 C7 C9 CA D7 S4 S8 H4 H6 HQ
W: C2 C8 D4 D9 DT DQ S2 S5 ST SJ H2 H7 HT
N: D2 D3 D5 D8 DJ DA S3 S6 S7 S9 SQ SA H5
E: CT CJ CQ CK D6 DK SK H3 H8 H9 HJ HK HA
S: C2 C6 C7 DJ S2 S4 S5 S7 S8 SQ SK H7 HT
W: C4 C9 CJ D2 D4 D5 DA S9 H5 H6 H8 H9 HK
N: C5 C8 CK D3 D6 D9 DT DQ DK S3 SA H3 H4
E: C3 CT CQ CA D7 D8 S6 ST SJ H2 HJ HQ HA
S: C6 CJ D4 D5 DK S2 S5 S8 H3 H6 H9 HJ HK
W: C2 C3 C5 C8 CK CA D8 DT SA H5 HT HQ HA
N: C9 D2 D3 D7 D9 DQ DA S3 S4 S9 H4 H7 H8
E: C4 C7 CT CQ D6 DJ S6 S7 ST SJ SQ SK H2
S: C9 CT CK CA D4 DJ DK S4 S8 S9 H3 HT HK
W: C2 C3 C6 C7 CJ CQ D5 D6 S6 SQ H8 HJ HQ
N: C4 D3 D7 D9 DA S5 SJ SK SA H2 H6 H7 H9
E: C5 C8 D2 D8 DT DQ S2 S3 S7 ST H4 H5 HA
S: C3 C9 CK D2 D3 DJ DQ S6 S9 SK H3 H8 HA
W: C4 C6 CT CJ D5 D6 D9 DT DK DA S5 H9 HQ
N: C2 C5 C7 C8 S2 S8 SJ SQ H4 H6 H7 HJ HK
E: CQ CA D4 D7 D8 S3 S4 S7 ST SA H2 H5 HT
S: C3 C6 CJ D2 D3 DT S2 S3 S4 ST H4 H5 HQ
W: C7 C9 D4 D8 S5 S6 S7 SK SA H3 HT HK HA
N: C5 CQ CK D7 DJ DA S8 S9 H2 H6 H7 H8 HJ
E: C2 C4 C8 CT CA D5 D6 D9 DQ DK SJ SQ H9
S: C2 C4 C5 C6 CK CA D3 D7 S7 ST SA H2 H5
W: C7 D5 D6 DK S3 S4 S8 SJ H3 HT HJ HQ HK
N: C3 C8 C9 CJ CQ D8 DJ DA S6 SQ H7 H9 HA
E: CT D2 D4 D9 DT DQ S2 S5 S9 SK H4 H6 H8
S: C5 D2 D7 DT DJ DA S9 ST SK H7 H8 H9 HQ
W: C3 C4 C9 D4 D5 DQ S5 S7 S8 SQ H4 H5 HJ
N: C6 C7 C8 CA D3 D6 D8 D9 S6 H3 HT HK HA
E: C2 CT CJ CQ CK DK S2 S3 S4 SJ SA H2 H6
S: C3 C5 CJ D4 DJ S2 S3 S6 S9 H4 H5 H8 HT
W: C6 CT CQ D7 D8 D9 DT DA S4 S7 ST HQ HK
N: C4 C8 C9 D2 D3 D5 S5 S8 SQ SK H9 HJ HA
E: C2 C7 CK CA D6 DQ DK SJ SA H2 H3 H6 H7
S: C5 C6 D8 DT DJ S4 S5 S9 H4 H6 H7 H9 HT
W: C4 C9 CQ D2 D4 D6 S2 S3 S8 ST H8 HJ HK
N: C2 C3 C7 C8 CK D9 DQ DA S6 S7 SK H5 HQ
E: CT CJ CA D3 D5 D7 DK SJ SQ SA H2 H3 HA
S: C4 C5 C8 C9 CJ CK CA D6 S3 S8 S9 H5 HJ
W: C3 D4 D5 D8 DQ DK DA S2 S4 S6 H3 H7 HK
N: C6 C7 D2 D3 D7 DT SQ SA H2 H4 H9 HQ HA
E: C2 CT CQ D9 DJ S5 S7 ST SJ SK H6 H8 HT
S: C4 CK D7 D9 DK DA S3 S4 S5 SJ SQ HQ HK
W: C7 C8 C9 D4 D6 DT DQ S7 H2 H3 H4 H6 H8
N: C5 CT CA D2 D3 D8 DJ S2 S8 ST SA H7 H9
E: C2 C3 C6 CJ CQ D5 S6 S9 SK H5 HT HJ HA
S: C2 C6 CT CJ D3 D9 DJ S2 SK H2 H6 H7 H8
W: C3 C7 C8 CQ CA D2 D4 S5 S6 S7 ST SQ HJ
N: DK S3 S4 S8 S9 SA H3 H4 H5 H9 HT HK HA
E: C4 C5 C9 CK D5 D6 D7 D8 DT DQ DA SJ HQ
S: C3 C9 CT CJ D9 DA SQ SK H2 H3 H5 H7 HA
W: C8 D2 D5 D8 DT DQ S3 S4 S8 ST SJ H8 H9
N: C5 C6 CK CA D6 D7 DJ DK S7 S9 SA H6 HK
E: C2 C4 C7 CQ D3 D4 S2 S5 S6 H4 HT HJ HQ
S: C9 CT CQ D3 D5 D8 DK S3 S8 SK H5 H8 HQ
W: C5 C6 C8 CJ D7 DQ DA S2 S4 S7 ST SJ H9
N: C3 C7 CA D2 DJ S5 SQ H2 H3 H4 H6 HK HA
E: C2 C4 CK D4 D6 D9 DT S6 S9 SA H7 HT HJ
S: C4 C7 CK D8 DT DK S3 S6 S8 SA H3 H9 HJ
W: C6 C9 CT D2 D5 D7 D9 DQ DA S2 S7 H5 HQ
N: C3 C5 CJ CQ CA D6 DJ S5 S9 SQ SK H2 H4
E: C2 C8 D3 D4 S4 ST SJ H6 H7 H8 HT HK HA
S: C3 CJ CQ CK D7 D9 ST SJ SQ SK H5 H6 HA
W: C6 C8 CA D6 DT DJ S5 S6 S7 H8 H9 HJ HQ
N: C5 C9 D3 D4 DQ DK DA S2 S9 H2 H3 H4 H7
E: C2 C4 C7 CT D2 D5 D8 S3 S4 S8 SA HT HK
S: C5 CJ D6 D9 DQ S6 S8 SQ H6 H7 H8 HJ HA
W: C4 C7 C8 C9 CT D8 DJ DK DA S4 H9 HT HK
N: C2 C3 D2 D5 DT S2 S5 S9 SJ SA H2 H3 H5
E: C6 CQ CK CA D3 D4 D7 S3 S7 ST SK H4 HQ
S: C2 C3 C4 C7 CT D7 DT S4 SA H5 H7 HT HK
W: CQ CK CA D4 DJ DA S6 H2 H4 H6 H9 HJ HQ
N: C6 D3 D6 D9 S2 S3 S5 S8 S9 SK H3 H8 HA
E: C5 C8 C9 CJ D2 D5 D8 DQ DK S7 ST SJ SQ
S: C3 C8 CJ CA D7 D9 DK S4 SK H6 H7 H8 HA
W: C2 C4 C9 CK D2 D4 D5 D8 S5 S7 S9 SJ HJ
N: C5 CT CQ D3 DJ DQ S8 SQ H3 H4 H9 HQ HK
E: C6 C7 D6 DT DA S2 S3 S6 ST SA H2 H5 HT
S: C4 C7 C9 CT CQ CK D2 D5 D7 DT DK S7 H6
W: C6 D4 DQ DA S2 S3 S6 S8 H2 H4 H8 HQ HA
N: C2 C3 C8 CA D6 S5 ST SK SA H7 H9 HT HK
E: C5 CJ D3 D8 D9 DJ S4 S9 SJ SQ H3 H5 HJ
S: C6 C7 CK D2 D3 D4 D8 S5 S7 ST H8 H9 HQ
W: CT CQ CA D5 DK S8 SJ SK H3 H5 H6 HT HK
N: C2 C4 C8 C9 D7 DQ DA S2 S3 S4 S6 H7 HJ
E: C3 C5 CJ D6 D9 DT DJ S9 SQ SA H2 H4 HA
S: C4 CA D3 DJ DQ S5 SQ SA H2 H3 H4 H6 HA
W: C6 C8 CT CJ CK D7 D8 S8 SJ H5 H9 HT HK
N: C5 C9 CQ D2 D9 DT S2 S4 S6 S7 H8 HJ HQ
E: C2 C3 C7 D4 D5 D6 DK DA S3 S9 ST SK H7
S: C4 C8 CT CQ CA D5 D6 D8 DT DK S2 HJ HA
W: C7 C9 CJ DJ S8 SQ H2 H3 H5 H7 H8 H9 HK
N: C5 C6 D3 D7 D9 DQ S5 S6 S9 ST SA H6 HT
E: C2 C3 CK D2 D4 DA S3 S4 S7 SJ SK H4 HQ
S: C4 C5 CJ D3 D6 DT DJ ST SQ SK SA H4 HA
W: C2 C7 CK D2 D9 DK S3 S6 S8 H3 H6 H7 HJ
N: C6 C8 CQ D7 D8 DA S4 S5 S7 S9 H5 H8 HT
E: C3 C9 CT CA D4 D5 DQ S2 SJ H2 H9 HQ HK
S: C4 C5 C8 CT D5 D8 DT DK DA SJ H4 HJ HK
W: C7 C9 D3 D9 S4 S6 S8 S9 H3 H5 H6 H9 HT
N: C6 CQ CK D2 D4 D7 DQ S2 S5 S7 SQ H2 HQ
E: C2 C3 CJ CA D6 DJ S3 ST SK SA H7 H8 HA
S: C7 CQ CK DJ S2 S4 S9 ST SJ SK H2 H5 H7
W: C2 C4 C8 C9 CT CA D3 D8 DT DQ S3 HT HJ
N: C5 C6 CJ D4 D5 D9 S5 S7 SQ SA H3 H4 HA
E: C3 D2 D6 D7 DK DA S6 S8 H6 H8 H9 HQ HK
S: C9 CJ CK D3 D8 DQ S5 S6 ST SK H2 HT HA
W: C3 C6 C7 C8 CQ CA D5 DK S8 H7 H9 HQ HK
N: C2 C4 C5 D2 D4 DT DJ S2 S4 SJ SQ H3 H4
E: CT D6 D7 D9 DA S3 S7 S9 SA H5 H6 H8 HJ
S: C3 C7 C8 CT D3 D8 DT DQ S8 SJ SK HQ HA
W: C5 CQ CA D2 D6 DJ DK DA S2 S6 H3 H8 HK
N: C2 C6 D5 D7 D9 S4 S7 SQ H4 H7 H9 HT HJ
E: C4 C9 CJ CK D4 S3 S5 S9 ST SA H2 H5 H6
S: C2 C3 C5 CT D4 S4 S5 S7 SJ H6 H9 HQ HK
W: CQ D3 D5 D6 D8 D9 DJ DK S2 S8 ST SQ H4
N: C6 CJ CK CA D7 DT DQ S6 SA H3 H5 H7 HA
E: C4 C7 C8 C9 D2 DA S3 S9 SK H2 H8 HT HJ
S: C5 CT D2 D3 D8 DA S2 S9 ST SJ SQ SK H7
W: C3 C6 C7 CK D4 S5 S8 SA H4 H5 H8 HK HA
N: C2 C8 CJ CQ D7 D9 DJ DK S6 S7 H6 HT HJ
E: C4 C9 CA D5 D6 DT DQ S3 S4 H2 H3 H9 HQ
S: C3 C4 C8 C9 CK D6 D9 DQ S4 S5 H3 HT HQ
W: C2 C7 CJ CQ D7 DT DK DA S6 SA H7 H8 HK
N: C5 CA S2 S3 S7 S9 ST SQ SK H6 H9 HJ HA
E: C6 CT D2 D3 D4 D5 D8 DJ S8 SJ H2 H4 H5
S: C5 C8 CJ CQ D9 DQ S2 S3 S7 S9 SJ H3 H7
W: C2 C3 C7 C9 D5 D6 DJ DK DA S4 S5 H4 HK
N: C4 CK CA D2 D3 D4 S6 ST SQ H6 H8 H9 HA
E: C6 CT D7 D8 DT S8 SK SA H2 H5 HT HJ HQ
S: C6 CT CK D6 D7 DK S2 S4 S6 S9 H4 H5 HT
W: C4 C8 D2 D5 D9 DT S7 SJ SQ H7 H8 H9 HQ
N: C2 C3 C7 CJ CA D3 D8 S3 S5 S8 ST H2 HK
E: C5 C9 CQ D4 DJ DQ DA SK SA H3 H6 HJ HA
S: C4 C8 C9 CQ D2 D5 D9 DT DK S4 S5 S6 S7
W: C2 C3 C5 C7 CT CJ CK DA SQ SA H2 H7 HJ
N: C6 D3 D7 D8 DJ DQ S3 ST SJ H3 H8 HT HK
E: CA D4 D6 S2 S8 S9 SK H4 H5 H6 H9 HQ HA
S: CT D5 D6 DK S3 S9 SQ H3 H5 HT HJ HQ HK
W: C4 CJ D2 D8 D9 DJ DQ S2 S4 S7 SA H4 HA
N: C7 CK CA D4 D7 S5 S6 S8 SJ SK H2 H7 H8
E: C2 C3 C5 C6 C8 C9 CQ D3 DT DA ST H6 H9
S: C7 CQ CA D4 D7 S3 S6 SJ SQ H3 H4 H7 HQ
W: C5 C9 CK D6 D8 DT DJ DQ DA S7 ST H2 H8
N: C2 C6 CT D2 D3 D9 S2 S4 S5 S8 H5 H6 HJ
E: C3 C4 C8 CJ D5 DK S9 SK SA H9 HT HK HA
S: C7 CK CA D4 D5 D9 DJ DQ S6 S7 S9 SK HT
W: C2 C3 C8 CT CJ D6 D7 D8 DK S4 ST SA H8
N: C5 CQ D2 D3 DA S5 S8 H3 H5 H9 HJ HQ HA
E: C4 C6 C9 DT S2 S3 SJ SQ H2 H4 H6 H7 HK
S: C6 C7 C8 CT CA D7 DQ S5 SK H2 H5 HT HJ
W: C4 CQ D2 D4 D5 D6 DT DA SA H3 H6 H8 HQ
N: C2 C5 C9 CJ CK D8 S4 S6 S9 ST SJ H7 HK
E: C3 D3 D9 DJ DK S2 S3 S7 S8 SQ H4 H9 HA
S: C5 C6 C8 CT CJ D7 DT S9 SJ H2 H7 HT HQ
W: C7 C9 CQ DQ DK S7 SQ SK H3 H4 H5 H8 HJ
N: C2 C3 D3 D5 D9 DJ S2 S3 S5 S8 ST H9 HK
E: C4 CK CA D2 D4 D6 D8 DA S4 S6 SA H6 HA
S: C3 C4 C7 C8 CJ D4 D5 D7 D9 S6 H5 H6 HT
W: C9 CQ CA D6 D8 DK S3 S7 SJ SK H4 H8 HA
N: C6 CT CK DJ DA S5 S8 S9 ST H2 H7 H9 HK
E: C2 C5 D2 D3 DT DQ S2 S4 SQ SA H3 HJ HQ
S: C4 C5 C6 D7 DK S3 S5 SK H4 H5 H6 HK HA
W: C3 CJ D2 D4 D8 DT DA S6 S8 SA H2 H8 HJ
N: C2 C7 C8 CQ D5 D9 DJ S7 SJ H7 H9 HT HQ
E: C9 CT CK CA D3 D6 DQ S2 S4 S9 ST SQ H3
S: C8 CQ D3 D4 D5 D6 D7 S7 S9 SA H6 H9 HQ
W: C3 C6 CT CK D9 DT DK S2 S3 S5 SK H7 HJ
N: C7 DJ S4 S6 S8 ST SJ H2 H3 H4 H5 H8 HA
E: C2 C4 C5 C9 CJ CA D2 D8 DQ DA SQ HT HK
S: C2 CJ D3 D7 D8 DT DQ DK S4 S8 SA H7 H8
W: C3 C6 D2 D4 D5 D6 S3 S6 ST SJ H3 H4 HQ
N: C5 C8 CQ CA D9 DJ DA S2 S5 S7 H6 H9 HJ
E: C4 C7 C9 CT CK S9 SQ SK H2 H5 HT HK HA
S: C4 C6 C7 CQ CK D3 DQ H3 H5 H7 H9 HQ HA
W: C3 CJ CA D2 D6 D7 DK DA S2 S8 S9 SQ SA
N: C9 D5 D9 S3 S4 S6 S7 ST SK H2 HT HJ HK
E: C2 C5 C8 CT D4 D8 DT DJ S5 SJ H4 H6 H8
S: C5 C7 C8 CJ CQ D3 D4 D8 S2 S4 S5 H5 HT
W: C6 CT CA D2 D7 DT DA S9 SK H2 H4 H9 HK
N: C3 C4 C9 D5 D6 DQ DK S7 S8 SJ H6 H7 H8
E: C2 CK D9 DJ S3 S6 ST SQ SA H3 HJ HQ HA
S: C8 D3 D4 D6 D9 DQ DK DA S6 ST SK SA H9
W: C6 C7 CJ CQ D2 D5 D8 S3 H2 H3 H8 HJ HK
N: C3 C9 CK CA DT DJ S2 S4 S5 S9 SQ H5 HT
E: C2 C4 C5 CT D7 S7 S8 SJ H4 H6 H7 HQ HA
S: C3 CJ CK CA D4 D8 S4 S6 ST SA H5 H8 HQ
W: C4 C5 CT CQ D2 D5 D6 D7 DJ S3 S8 SJ H2
N: C6 C7 C8 DK S7 SQ SK H4 H6 H7 HT HJ HK
E: C2 C9 D3 D9 DT DQ DA S2 S5 S9 H3 H9 HA
S: C6 CT CQ D3 D7 D9 DQ DK SA H9 HJ HQ HA
W: C3 C7 C8 C9 CK CA D2 D8 S4 S5 ST H4 HT
N: C2 C4 D4 D5 D6 DJ DA SJ SK H2 H3 H8 HK
E: C5 CJ DT S2 S3 S6 S7 S8 S9 SQ H5 H6 H7
S: C6 CQ D2 D3 D4 D7 DJ ST SA H2 H5 H6 HT
W: C7 DQ DA S4 S5 S8 S9 SK H4 H7 H9 HQ HA
N: C3 C4 C5 C8 CT CA DT S3 S6 S7 SJ SQ H3
E: C2 C9 CJ CK D5 D6 D8 D9 DK S2 H8 HJ HK
S: C2 D5 D7 DT S8 SJ SQ SK H5 H6 HJ HQ HK
W: C3 C5 C6 C8 C9 CT D6 D8 DQ S6 S9 H8 HA
N: C4 CJ CQ CA D2 D4 S2 S7 ST H2 H3 H9 HT
E: C7 CK D3 D9 DJ DK DA S3 S4 S5 SA H4 H7
S: C5 CJ CQ CK D3 D6 DA S8 H2 H4 H8 HT HJ
W: C6 C7 C8 D2 D5 D9 DK S2 S3 S6 SA H6 H7
N: C9 D8 DJ DQ S4 S5 SJ SQ SK H5 HQ HK HA
E: C2 C3 C4 CT CA D4 D7 DT S7 S9 ST H3 H9
S: C3 C6 C8 D3 D5 D7 S2 S4 ST H3 H6 HT HJ
W: CT CQ CK CA D6 D8 DT DJ DQ S5 S9 SQ H4
N: C5 C7 CJ D2 D4 DK DA S8 SJ SK H7 HQ HA
E: C2 C4 C9 D9 S3 S6 S7 SA H2 H5 H8 H9 HK
S: C6 C9 CJ CK DT DQ S6 S9 H3 H4 H5 H7 H8
W: C2 C5 C7 D3 D6 D9 DK DA S2 S3 SK H2 HA
N: C4 C8 CT CQ CA D4 D5 D7 DJ S8 ST H9 HJ
E: C3 D2 D8 S4 S5 S7 SJ SQ SA H6 HT HQ HK
S: C3 CJ D2 D8 D9 DK DA S4 S8 ST SQ H2 H9
W: C6 C7 C8 C9 CK D5 D6 DT S9 SK H7 HT HQ
N: C4 CQ D4 D7 DJ DQ S2 S6 S7 SJ SA H5 H8
E: C2 C5 CT CA D3 S3 S5 H3 H4 H6 HJ HK HA
S: C7 C9 CQ CA D2 D4 D5 D6 DQ DA SQ H2 H3
W: C4 C8 CJ D8 S2 S4 S5 S7 S9 H4 H5 H9 HJ
N: C3 C5 CK D3 DK S3 S6 ST SJ H6 H8 HT HQ
E: C2 C6 CT D7 D9 DT DJ S8 SK SA H7 HK HA
S: C8 CQ CA D6 D9 S4 S7 SQ H4 H5 H8 H9 HK
W: CJ D2 D3 D7 DT DK DA S3 S6 H2 H6 H7 HJ
N: C2 C3 C5 C6 CT D8 S2 ST SJ SA H3 HT HA
E: C4 C7 C9 CK D4 D5 DJ DQ S5 S8 S9 SK HQ
S: C2 C6 D5 D6 D7 DQ S4 S5 S7 S9 H3 HK HA
W: C5 D3 DT DK S6 SQ SA H2 H4 H7 H8 HT HQ
N: C4 C8 C9 CA D8 D9 DA S2 S3 S8 SK H6 H9
E: C3 C7 CT CJ CQ CK D2 D4 DJ ST SJ H5 HJ
S: C2 C6 CJ D3 D7 D9 DT DQ S6 S7 S8 H2 H4
W: CQ D5 D8 DJ DK S3 SQ H5 H7 H8 HJ HK HA
N: C3 C5 C9 CK D2 D6 S5 S9 SJ SK H3 H9 HQ
E: C4 C7 C8 CT CA D4 DA S2 S4 ST SA H6 HT
S: C2 C9 CJ CQ CA D6 DJ S4 S6 S8 SJ HT HK
W: C3 CT CK D3 D5 DT S2 S5 ST H5 H6 HJ HA
N: C4 C5 C8 D4 D9 S3 S7 S9 SK H4 H8 H9 HQ
E: C6 C7 D2 D7 D8 DQ DK DA SQ SA H2 H3 H7
S: C3 C7 C9 CQ CK DQ ST SK H4 H5 H7 HJ HA
W: C2 CA D3 DK S4 S5 S9 SJ SQ H3 H6 HT HQ
N: C4 C5 CT D4 D6 DT DJ DA S2 S6 S7 SA H2
E: C6 C8 CJ D2 D5 D7 D8 D9 S3 S8 H8 H9 HK
S: C2 CQ CK D2 D4 D6 S6 S7 SJ SA H3 H5 H6
W: C4 C6 CJ D3 DT DQ DA S2 S4 S8 H2 H9 HA
N: C3 C5 C7 C9 CT CA DK S3 S5 S9 H7 HT HQ
E: C8 D5 D7 D8 D9 DJ ST SQ SK H4 H8 HJ HK
S: C9 CT D3 D4 D9 DQ DA S7 SA H2 H4 H6 H7
W: C2 C4 C6 C7 C8 DT S3 S4 S8 SQ H5 HT HK
N: C3 CK D2 DJ DK S2 S5 S9 SK H3 H9 HJ HQ
E: C5 CJ CQ CA D5 D6 D7 D8 S6 ST SJ H8 HA
S: C6 C7 C9 CT D4 D5 S6 ST H4 H5 H6 H8 HT
W: C2 CJ CA D6 D8 S4 S5 S7 S9 SK H3 HK HA
N: C4 CQ D3 D9 DT DJ S2 S8 SQ SA H7 H9 HJ
E: C3 C5 C8 CK D2 D7 DQ DK DA S3 SJ H2 HQ
S: C3 D5 S2 S3 S4 S9 SQ SA H2 H5 H6 H7 HK
W: C2 C9 CQ CA D6 D9 DT DQ DK DA SJ SK H8
N: C4 C5 C7 C8 CT D3 D4 D8 S5 H3 H9 HT HQ
E: C6 CJ CK D2 D7 DJ S6 S7 S8 ST H4 HJ HA
S: C5 C8 CQ D3 S2 S6 S7 S9 ST SQ SK H6 HQ
W: C2 C9 CK D2 D9 DT DA S3 S5 H2 H5 HJ HA
N: C7 D4 D7 DJ DK S8 SJ SA H3 H4 H7 H8 HT
E: C3 C4 C6 CT CJ CA D5 D6 D8 DQ S4 H9 HK
S: C4 C5 C6 CK DT DJ DQ DK S7 ST SA H3 H9
W: C7 CT CJ D3 D7 S4 S5 S6 SQ H7 HT HQ HK
N: C3 C9 D4 D9 S3 S8 S9 SJ H2 H4 H5 H8 HJ
E: C2 C8 CQ CA D2 D5 D6 D8 DA S2 SK H6 HA
S: C3 C8 CT CA D6 DJ DQ S6 SQ H3 H5 HT HA
W: C4 C7 D4 D5 DT DK S2 S5 H7 H8 H9 HJ HQ
N: C2 C9 CK D2 D3 D7 D8 S3 S8 S9 ST H2 HK
E: C5 C6 CJ CQ D9 DA S4 S7 SJ SK SA H4 H6
S: C2 C4 C5 C6 CJ CQ D9 S6 S9 SA H2 H5 H8
W: C7 C8 DT DJ DQ DK S7 SJ H3 H6 H7 H9 HQ
N: C9 CT CK D7 D8 S2 S4 S5 ST SQ H4 HT HA
E: C3 CA D2 D3 D4 D5 D6 DA S3 S8 SK HJ HK
S: C2 C5 C8 CK CA D4 D6 DJ S4 S8 SK H9 HJ
W: C3 C7 C9 S5 S7 S9 ST SJ H3 H4 H7 HQ HK
N: C4 CT CJ D8 DT DQ DK DA SQ H2 H5 H8 HT
E: C6 CQ D2 D3 D5 D7 D9 S2 S3 S6 SA H6 HA
S: C3 C6 D6 D7 DT DJ DK S9 SQ SA H2 H7 HA
W: C4 C5 CJ CQ CA D4 DQ S3 S4 H4 H6 H9 HK
N: C2 C8 C9 CK D8 D9 DA S2 S5 S7 H5 HT HQ
E: C7 CT D2 D3 D5 S6 S8 ST SJ SK H3 H8 HJ
S: C8 D3 D8 D9 DT DJ S9 SA H6 H7 HT HK HA
W: C3 C4 C6 DK DA S6 S7 SJ SQ H3 H4 H5 HJ
N: CT D2 D4 D5 D6 DQ S5 S8 SK H2 H8 H9 HQ
E: C2 C5 C7 C9 CJ CQ CK CA D7 S2 S3 S4 ST
S: C3 C6 CT CQ D2 D6 DK S5 S8 H2 H4 H5 HT
W: C2 CK D5 D8 S2 S4 ST SJ SK H7 H9 HJ HK
N: C8 CJ CA D4 D7 D9 DT DJ DA S3 SQ HQ HA
E: C4 C5 C7 C9 D3 DQ S6 S7 S9 SA H3 H6 H8
S: C3 CT D3 D4 D8 DQ DK DA S2 S8 S9 SJ HJ
W: C2 C5 C6 CA D5 D7 S3 ST SK H2 H6 H9 HA
N: C7 CJ CQ D2 D6 D9 DJ S4 SQ SA H4 HQ HK
E: C4 C8 C9 CK DT S5 S6 S7 H3 H5 H7 H8 HT
S: CQ CA D8 D9 DT S4 ST H3 H5 H8 H9 HT HQ
W: C2 C3 C7 C8 CJ DQ DK S9 SJ H2 H4 HJ HA
N: C6 C9 D5 D6 DA S2 S3 S6 S8 SQ SK SA HK
E: C4 C5 CT CK D2 D3 D4 D7 DJ S5 S7 H6 H7
S: C6 C8 CJ CQ CA D3 D6 D8 DQ S2 S3 ST H9
W: C2 C3 C5 C7 CK DJ DA S4 SK H6 H7 H8 HK
N: C4 CT D9 S6 S7 S8 SJ SQ SA H2 HT HJ HQ
E: C9 D2 D4 D5 D7 DT DK S5 S9 H3 H4 H5 HA
S: C4 C6 CJ D2 D3 D4 D6 D7 S5 ST SJ H3 H8
W: C3 C7 C8 CT CK CA D5 D9 DK S3 SK H2 H9
N: C5 D8 DQ S2 S7 S8 S9 SA H4 H7 HT HQ HA
E: C2 C9 CQ DT DJ DA S4 S6 SQ H5 H6 HJ HK
S: C7 CT D6 DA S4 S5 S6 SQ SK H3 H7 H9 HQ
W: C6 C8 D4 D5 DT DQ DK S3 S7 S9 ST SJ HJ
N: C3 C4 C9 CQ D2 DJ S8 SA H2 H4 H5 H8 HT
E: C2 C5 CJ CK CA D3 D7 D8 D9 S2 H6 HK HA
S: C6 C9 CK CA D5 S4 S5 ST SJ H6 HT HJ HA
W: C2 C3 C5 C7 D8 D9 DA S6 S8 SA H2 H7 H8
N: C4 C8 CT CJ D6 DT S2 S7 SQ SK H4 H5 HQ
E: CQ D2 D3 D4 D7 DJ DQ DK S3 S9 H3 H9 HK
S: C7 CQ DJ DQ S2 S6 S7 S8 SK H4 H7 H8 H9
W: C3 C6 CJ D2 D8 S4 SJ SQ SA H2 H5 H6 HA
N: C4 CT CK CA D5 D7 DT DA S3 S5 H3 HT HQ
E: C2 C5 C8 C9 D3 D4 D6 D9 DK S9 ST HJ HK
S: C6 C7 D3 D5 D9 DT DQ S5 S8 SQ H6 H8 HQ
W: C5 CT CK CA D7 DJ DK DA S3 S9 H4 HJ HA
N: C2 C4 CJ D2 D4 S4 S7 SJ SK H2 H3 H5 HK
E: C3 C8 C9 CQ D6 D8 S2 S6 ST SA H7 H9 HT
S: C7 CJ D5 D9 DT DJ S3 S5 S6 SA H6 HJ HA
W: C3 CT CQ CA D7 DQ DA S4 S9 SQ H3 H7 H8
N: C4 C8 C9 CK D4 D6 D8 DK S2 S7 SK HQ HK
E: C2 C5 C6 D2 D3 S8 ST SJ H2 H4 H5 H9 HT
S: C6 C7 C9 D3 D5 DK S2 SQ H3 H6 H8 HQ HK
W: C2 C4 C5 D7 DQ S4 S6 S8 S9 SJ SA H7 HT
N: C3 C8 CQ CK CA D2 S3 S7 ST SK H4 HJ HA
E: CT CJ D4 D6 D8 D9 DT DJ DA S5 H2 H5 H9
S: C2 C6 C9 CT D6 DQ DA S5 SK H3 H7 HQ HA
W: C4 CQ CA D3 D7 D9 DJ S2 S6 ST SJ SA HT
N: C7 CJ CK D2 D5 DT DK S4 S7 H5 H8 HJ HK
E: C3 C5 C8 D4 D8 S3 S8 S9 SQ H2 H4 H6 H9
S: C3 C4 C5 CT CJ CK D7 S7 H4 H5 H7 HQ HA
W: C6 C8 D3 D5 D9 DK DA S2 SJ SA H9 HT HK
N: C2 C7 C9 D2 D6 DT S3 S6 S8 S9 ST SK H8
E: CQ CA D4 D8 DJ DQ S4 S5 SQ H2 H3 H6 HJ
S: C5 C7 D2 D5 D7 DT DJ DQ S9 SQ SA H3 H6
W: C6 C8 C9 CT D9 DK DA S2 S8 H2 HT HQ HA
N: C3 CQ CK CA D3 D4 S5 S7 ST SJ SK H5 H7
E: C2 C4 CJ D6 D8 S3 S4 S6 H4 H8 H9 HJ HK
S: C3 C4 CJ CA D3 D8 DT ST H4 H6 H9 HT HK
W: D2 D6 D7 DQ S5 S7 S9 SA H2 H7 H8 HJ HA
N: C5 C7 C9 CT CQ D9 DJ S4 S6 S8 SK H3 HQ
E: C2 C6 C8 CK D4 D5 DK DA S2 S3 SJ SQ H5
S: C3 C4 C9 CT D2 D7 D9 S4 S5 SQ H9 HK HA
W: C2 C8 CJ CA D8 DA S3 S6 S7 S8 ST SJ H4
N: C5 CK D3 D4 D5 D6 DT DK S2 H3 H6 H8 HJ
E: C6 C7 CQ DJ DQ S9 SK SA H2 H5 H7 HT HQ
S: C8 D3 D6 D7 DQ DK S7 S8 S9 ST H4 H6 H7
W: C7 C9 CK D2 D4 S4 SA H3 H8 HJ HQ HK HA
N: C2 C4 C5 C6 D5 DA S2 S3 SQ SK H2 H9 HT
E: C3 CT CJ CQ CA D8 D9 DT DJ S5 S6 SJ H5
S: C5 CT CA DQ DK DA S4 S6 SQ H3 H5 H8 HJ
W: C6 C7 D2 D3 D4 D5 D9 DJ S5 S7 SK SA HK
N: C2 C4 C8 C9 D6 D7 D8 DT S3 S9 H9 HT HQ
E: C3 CJ CQ CK S2 S8 ST SJ H2 H4 H6 H7 HA
S: C2 C5 C6 C9 CQ CK D3 DQ DK S6 H5 H9 HK
W: C4 C7 C8 CA D4 D7 S4 S8 SQ SK H2 H3 HJ
N: C3 CJ D8 D9 DT DJ DA S2 ST SJ SA H4 H8
E: CT D2 D5 D6 S3 S5 S7 S9 H6 H7 HT HQ HA
S: C6 D4 D5 D7 D9 S2 S4 ST SQ SA H2 H5 H9
W: C2 C4 C8 CJ D3 D8 DQ S5 S6 H4 H6 H7 HT
N: C7 C9 CT CK D6 DK S3 S9 SJ SK H3 H8 HJ
E: C3 C5 CQ CA D2 DT DJ DA S7 S8 HQ HK HA
S: C4 C6 CK CA D7 D8 DJ S5 S6 S7 SQ H7 H9
W: C3 C8 CT CQ D5 D6 D9 S2 S4 S9 ST SA HJ
N: C2 CJ D2 D3 D4 DT DK S3 SK H3 H8 HK HA
E: C5 C7 C9 DQ DA S8 SJ H2 H4 H5 H6 HT HQ
S: C2 C4 C5 C8 C9 CJ D2 D9 S2 ST H2 H3 HQ
W: C6 CQ CK D3 D4 D7 D8 DT DA S4 SQ HJ HK
N: C7 CA D6 DQ S5 S6 SJ SK H4 H7 H8 HT HA
E: C3 CT D5 DJ DK S3 S7 S8 S9 SA H5 H6 H9
S: C5 C6 C7 C9 CA D3 S2 S4 SA H2 H3 H9 HA
W: CT CQ D2 D8 DT DQ S5 S6 S7 S8 S9 HJ HK
N: C2 C3 C4 CJ CK D4 D6 D7 S3 ST SJ SQ H6
E: C8 D5 D9 DJ DK DA SK H4 H5 H7 H8 HT HQ
S: C2 C8 CT CQ CK D3 D6 D9 DT S3 SQ H8 HT
W: C3 C6 C7 D5 D8 DK S2 S8 H5 H9 HJ HQ HK
N: D2 D4 D7 DQ S4 S5 S6 S7 H3 H4 H6 H7 HA
E: C4 C5 C9 CJ CA DJ DA S9 ST SJ SK SA H2
S: C2 C5 C9 CT D7 D9 DK S2 S6 ST SJ H4 HQ
W: C6 D2 D3 D4 D6 DJ S9 SK H5 H8 HT HK HA
N: C4 C8 CJ CA DA S3 S4 S5 SQ SA H3 H6 H7
E: C3 C7 CQ CK D5 D8 DT DQ S7 S8 H2 H9 HJ
S: C3 C4 C6 D3 D8 S2 S5 S9 SJ SA H4 HT HJ
W: C2 C5 CJ CQ CK D2 D4 D5 D6 S7 S8 SK HA
N: C8 C9 CT D7 D9 DT DJ DA ST H3 H5 H8 HQ
E: C7 CA DQ DK S3 S4 S6 SQ H2 H6 H7 H9 HK
S: C7 D5 D6 DQ S5 S8 S9 ST SK H3 H6 H7 H8
W: C2 C9 CT CJ D4 D7 DJ S6 SA H9 HJ HQ HK
N: C8 CQ CA D2 D8 D9 DK DA S3 S4 H5 HT HA
E: C3 C4 C5 C6 CK D3 DT S2 S7 SJ SQ H2 H4
S: C6 CK D5 D7 S2 S4 S5 S8 SJ SQ SK H7 HK
W: C4 CQ CA D8 D9 DQ DA S3 S6 H2 H4 H6 HQ
N: C2 C5 C8 C9 D3 D4 DT DK S7 ST H3 H8 HA
E: C3 C7 CT CJ D2 D6 DJ S9 SA H5 H9 HT HJ
S: C4 C7 C9 CT D4 D9 DK S7 H5 H6 H8 H9 HT
W: C8 CJ CA D3 D5 D8 DJ DQ S5 SQ H3 H7 HA
N: C3 CQ CK DA S2 S4 S6 S8 ST SJ SK HJ HK
E: C2 C5 C6 D2 D6 D7 DT S3 S9 SA H2 H4 HQ
S: C3 C6 CK D6 D8 D9 DA S6 S8 ST SK H5 HJ
W: C4 CQ D2 D5 D7 DJ S2 S9 H3 H6 H7 H8 HA
N: C2 C5 C9 CT CJ CA DQ S4 S5 SJ SQ H4 H9
E: C7 C8 D3 D4 DT DK S3 S7 SA H2 HT HQ HK
S: CQ D2 D5 D7 DQ DK S2 S8 SJ SQ H4 H6 HT
W: C5 C8 C9 CT CJ D9 DT DJ DA S7 S9 HJ HA
N: C2 C3 C6 CK CA D3 D8 S4 ST SK SA H5 HQ
E: C4 C7 D4 D6 S3 S5 S6 H2 H3 H7 H8 H9 HK
S: C3 C4 CQ D5 D6 D7 D9 DA S3 SQ H5 H6 HT
W: C5 C7 CK DT DJ DK S2 S9 SK H3 H9 HJ HK
N: C6 C8 CT CA D2 S6 S8 SA H2 H4 H7 HQ HA
E: C2 C9 CJ D3 D4 D8 DQ S4 S5 S7 ST SJ H8
S: C7 CA D3 D4 D7 D8 DK S7 S9 SJ SK H7 H9
W: C5 C8 C9 CJ CK D6 D9 DJ DQ SQ H2 H3 HT
N: C3 C4 C6 CQ D5 DT S2 S8 SA H5 H8 HJ HQ
E: C2 CT D2 DA S3 S4 S5 S6 ST H4 H6 HK HA
S: C5 CT CQ D5 DQ S6 SJ SQ SK H2 H3 H9 HA
W: C8 CK D2 D6 D7 D9 DT S4 S9 SA H6 HT HJ
N: C3 C4 C7 C9 CA D3 D4 DA S2 ST H4 H5 HK
E: C2 C6 CJ D8 DJ DK S3 S5 S7 S8 H7 H8 HQ
S: C2 C5 D5 D7 DT DK S8 S9 SK SA H6 HJ HK
W: C7 C9 CK D3 D9 DJ S2 S5 ST SJ H3 HT HA
N: C3 C4 C8 D2 D4 D8 DA S3 S4 S7 H5 H8 HQ
E: C6 CT CJ CQ CA D6 DQ S6 SQ H2 H4 H7 H9
S: C8 CJ CK D4 D7 D8 DT DJ DQ DA SK H2 H5
W: C2 C5 C9 CA S2 S7 ST H3 H6 H8 HT HJ HQ
N: C3 C4 C6 CT D3 D5 D6 D9 S3 S8 SQ H4 HK
E: C7 CQ D2 DK S4 S5 S6 S9 SJ SA H7 H9 HA
S: C5 C6 D5 D6 D7 DQ DK S5 ST SA H2 H6 HQ
W: C3 C8 C9 CJ CQ D2 D3 D9 DJ S6 S9 SJ HJ
N: C4 C7 CT CK CA D4 D8 DA S3 S8 SQ SK H4
E: C2 DT S2 S4 S7 H3 H5 H7 H8 H9 HT HK HA
S: C8 CJ D5 D7 DQ DK S2 S3 S6 SA HJ HK HA
W: C3 C6 CA D6 DA S7 S8 SJ SQ H4 H5 H6 H7
N: C2 CT D2 D3 D8 D9 DT S4 SK H2 H3 HT HQ
E: C4 C5 C7 C9 CQ CK D4 DJ S5 S9 ST H8 H9
S: C2 C9 CT CK D4 D6 D8 DT S3 S4 S8 S9 SJ
W: C7 CQ D2 D5 DK DA S7 SQ H3 H4 H9 HJ HK
N: C4 C6 C8 CJ D7 DQ S2 ST SK SA H5 H6 HA
E: C3 C5 CA D3 D9 DJ S5 S6 H2 H7 H8 HT HQ
S: C2 C6 CJ CA D2 D4 D6 DJ DQ ST SQ SA H8
W: C4 C9 CT D7 DA S7 S9 H3 H5 H7 HQ HK HA
N: C3 C5 CK DT DK S2 S3 S6 S8 SJ H9 HT HJ
E: C7 C8 CQ D3 D5 D8 D9 S4 S5 SK H2 H4 H6
S: C2 CQ CA D2 D5 D6 DQ S8 ST SQ H8 HQ HA
W: C5 C6 CT DK S3 S7 H2 H3 H4 H5 H7 H9 HJ
N: C3 C4 C7 C9 CJ CK D3 D7 D9 S6 SA H6 HK
E: C8 D4 D8 DT DJ DA S2 S4 S5 S9 SJ SK HT
S: C4 CK CA D2 D3 DK S6 S9 SJ SA H2 HQ HK
W: CQ D7 D8 DT DQ S3 S4 S8 ST H4 H6 H8 H9
N: C2 C5 C7 C8 C9 CJ DJ S2 S7 SQ H3 H5 HT
E: C3 C6 CT D4 D5 D6 D9 DA S5 SK H7 HJ HA
S: C7 C8 CQ D9 S4 S5 S6 ST H2 H3 H4 H5 H6
W: C2 C9 CT D3 D7 D8 DQ S3 SJ SQ SK SA H7
N: C5 C6 CJ CK D5 DT DJ DK S7 S9 H9 HT HA
E: C3 C4 CA D2 D4 D6 DA S2 S8 H8 HJ HQ HK
S: CJ D5 D8 DK S6 S9 ST SK SA H5 H6 H8 HQ
W: C3 C6 C7 C9 CQ D3 D9 DT S8 SQ H3 H4 HT
N: C2 C8 CK D2 D4 D6 D7 DA S5 S7 SJ H9 HJ
E: C4 C5 CT CA DJ DQ S2 S3 S4 H2 H7 HK HA
S: C2 C4 C7 CJ CK D6 D8 DJ S3 S4 S8 SK SA
W: C3 C6 CT CQ D2 D3 D5 DQ S6 H3 H4 H5 H7
N: C9 D4 D7 D9 DT S2 S5 S7 SQ H2 H8 HQ HK
E: C5 C8 CA DK DA S9 ST SJ H6 H9 HT HJ HA
S: C4 C5 C9 D4 DJ S3 S6 SK H3 H4 H6 HJ HK
W: CT CQ D5 D6 D9 DT DQ DK S5 S9 SJ SA H7
N: C2 C3 C7 CA D2 D7 D8 S2 S8 SQ H8 HQ HA
E: C6 C8 CJ CK D3 DA S4 S7 ST H2 H5 H9 HT
S: C5 C9 CQ CK CA D4 DA S7 ST SQ SK HJ HA
W: C2 C3 C8 D5 DJ DQ DK SJ H3 H4 H7 H8 HK
N: C6 C7 CJ D6 D8 D9 DT S3 S9 SA H5 H9 HQ
E: C4 CT D2 D3 D7 S2 S4 S5 S6 S8 H2 H6 HT
S: C6 C7 C8 CJ CK D8 DJ DK DA S2 S7 SQ HJ
W: C2 C3 C5 CQ D3 D4 DQ SJ SA H6 H8 H9 HT
N: C4 CA D2 D5 D7 S4 S5 ST H3 H4 H5 HK HA
E: C9 CT D6 D9 DT S3 S6 S8 S9 SK H2 H7 HQ
S: C2 C6 C8 C9 CK CA D3 D4 DT DJ ST SK H2
W: C4 S4 S5 S6 S7 S8 S9 SQ H3 H5 HT HQ HA
N: C7 CJ CQ D5 D6 DQ S2 SJ SA H6 H7 H9 HJ
E: C3 C5 CT D2 D7 D8 D9 DK DA S3 H4 H8 HK
S: C6 C7 C9 CQ D6 D9 DT DQ S3 SK H5 H7 HK
W: C2 C4 C5 CJ CK D7 S2 S6 S8 S9 SA H4 HQ
N: C8 D2 D8 DJ S4 S5 SJ H3 H6 H9 HT HJ HA
E: C3 CT CA D3 D4 D5 DK DA S7 ST SQ H2 H8
S: C3 C6 CJ D6 D8 S3 ST SJ H5 H8 HT HJ HQ
W: C4 C5 C7 CA D4 D5 D9 S2 S5 S8 S9 H3 H4
N: C2 CQ CK D3 D7 DQ DK S6 SQ SK H2 H9 HK
E: C8 C9 CT D2 DT DJ DA S4 S7 SA H6 H7 HA
S: C3 C8 C9 D5 D6 D7 DQ DK S7 S9 ST H7 HK
W: C4 C5 C7 D2 S6 H4 H5 H8 H9 HT HJ HQ HA
N: C2 C6 CJ CK CA D3 D4 D9 DJ DA S3 S4 H6
E: CT CQ D8 DT S2 S5 S8 SJ SQ SK SA H2 H3
S: C2 C4 C9 D2 D3 DK S5 SQ H2 H5 H6 H7 HT
W: C3 C6 CJ D8 D9 DQ S7 S9 SJ SK SA H8 H9
N: CT CK CA D5 D6 DJ DA ST H4 HJ HQ HK HA
E: C5 C7 C8 CQ D4 D7 DT S2 S3 S4 S6 S8 H3
S: C5 C6 C7 D2 D4 D6 DJ S3 SQ SK H2 H7 H8
W: C2 C3 CJ CA D3 D5 D7 DQ DK S8 H6 HT HQ
N: C4 CT CK D9 DA S2 S6 S7 S9 SA H5 H9 HK
E: C8 C9 CQ D8 DT S4 S5 ST SJ H3 H4 HJ HA
S: CJ CQ D2 D4 D5 D8 DK S4 SQ H6 H7 HT HQ
W: C3 C6 CA D9 DQ S6 S8 ST SJ SA H3 HJ HA
N: C2 C4 C5 C8 C9 D6 DJ DA S2 S9 SK H4 H9
E: C7 CT CK D3 D7 DT S3 S5 S7 H2 H5 H8 HK
S: C4 C8 CK D9 DJ S2 S4 S7 S9 ST SJ H4 H8
W: C5 C6 C9 CT CJ CA SA H3 H7 H9 HT HJ HA
N: C7 D2 D3 D4 D5 DT DQ DA S5 SK H5 HQ HK
E: C2 C3 CQ D6 D7 D8 DK S3 S6 S8 SQ H2 H6
S: C9 CK D3 D9 DQ DA S4 S9 SK H4 H5 HJ HA
W: C2 C4 C5 D6 D7 D8 DJ DK SA H2 H8 HQ HK
N: C3 C6 C8 CJ CA D5 DT S3 S5 S6 SQ H3 H6
E: C7 CT CQ D2 D4 S2 S7 S8 ST SJ H7 H9 HT
S: C2 C3 C4 C5 CT CA D8 D9 DT S3 SK H4 H6
W: CJ CK D4 S2 S7 S9 ST H2 H5 H9 HT HQ HA
N: C6 C7 C8 DJ DA S4 S5 S6 S8 SA H3 H8 HJ
E: C9 CQ D2 D3 D5 D6 D7 DQ DK SJ SQ H7 HK
S: C5 C8 C9 D9 DT DJ S4 S8 ST SJ H5 H6 HJ
W: C3 C6 CQ CA D4 DQ DK DA S6 SQ H3 H8 H9
N: CT CK D3 D5 D6 D7 D8 S2 S3 S5 SK H4 HA
E: C2 C4 C7 CJ D2 S7 S9 SA H2 H7 HT HQ HK
S: CT DT DJ S7 S8 SJ H4 H5 H6 H8 HJ HK HA
W: C2 C3 C7 CJ D2 D4 S2 S3 S5 SQ SA H2 H3
N: C4 CQ CK CA D3 D5 D7 D8 S6 ST H7 H9 HT
E: C5 C6 C8 C9 D6 D9 DQ DK DA S4 S9 SK HQ
S: CT CJ CQ D8 D9 DT DA S8 SJ SA H7 H9 HJ
W: CK CA D3 DJ DQ DK S2 S3 S7 H3 H4 H6 HK
N: C2 C4 C5 C9 D4 D6 S5 S6 SQ H5 H8 HQ HA
E: C3 C6 C7 C8 D2 D5 D7 S4 S9 ST SK H2 HT
S: C2 C3 C7 C8 C9 CJ D5 DA S7 ST HT HJ HK
W: CT CK D6 D8 DT DJ S4 S8 SA H3 H6 H7 H8
N: C4 C5 C6 CA D2 D3 S2 S3 S5 S9 SJ H5 HQ
E: CQ D4 D7 D9 DQ DK S6 SQ SK H2 H4 H9 HA
S: C2 C7 CQ D2 D5 D9 S2 S4 S6 S9 H6 HT HK
W: C5 C6 CJ CK D3 D7 DT DJ DA S8 ST H2 HJ
N: C8 CA D4 D8 S3 S5 S7 SQ SA H8 H9 HQ HA
E: C3 C4 C9 CT D6 DQ DK SJ SK H3 H4 H5 H7
S: C3 C5 CT CQ D7 D9 DA S5 H4 H5 H7 HT HQ
W: C2 C4 D8 DT S9 ST SJ SQ SK H2 HJ HK HA
N: C8 CJ CK D3 D6 DQ S3 S4 S7 S8 SA H3 H8
E: C6 C7 C9 CA D2 D4 D5 DJ DK S2 S6 H6 H9
S: C4 C6 CJ D2 D9 DA S2 S6 S7 S9 SQ SK H3
W: C2 C5 C7 C9 CK D4 D7 D8 S3 S5 H4 H8 HK
N: CT CQ D3 D5 DT DJ DQ S4 SJ SA H5 HT HA
E: C3 C8 CA D6 DK S8 ST H2 H6 H7 H9 HJ HQ
S: CT D5 D8 D9 DK DA S7 SQ SK H3 H4 H8 HQ
W: C2 D6 D7 S2 S3 S4 S5 S9 SA H2 H5 H7 HT
N: C3 C4 C5 C7 C8 C9 D2 D3 DJ H6 H9 HJ HA
E: C6 CJ CQ CK CA D4 DT DQ S6 S8 ST SJ HK
S: C2 C9 D2 D9 DJ S4 S5 S7 S8 SQ H2 HQ HA
W: CQ CK D5 DK DA S3 S6 SJ H5 H8 HT HJ HK
N: C5 C6 C8 CJ CA D7 DQ S9 ST H3 H6 H7 H9
E: C3 C4 C7 CT D3 D4 D6 D8 DT S2 SK SA H4
S: C2 C5 C8 CT CJ CA D4 D9 DJ S9 SJ SQ H9
W: C4 D2 D5 DA S2 S6 ST H2 H3 H4 H7 HT HK
N: C3 C6 C7 C9 CQ D7 S3 S7 SK H8 HJ HQ HA
E: CK D3 D6 D8 DT DQ DK S4 S5 S8 SA H5 H6
S: CJ D4 D5 DT S2 S3 S5 S8 SQ SA H2 H4 H9
W: C2 C5 C7 CT D6 D7 D8 D9 S4 S6 S9 H5 HQ
N: C3 C4 C8 C9 D3 DK S7 SJ H7 HT HJ HK HA
E: C6 CQ CK CA D2 DJ DQ DA ST SK H3 H6 H8
S: C5 C7 CJ CQ DT DK S2 S9 ST SQ H3 H6 H9
W: C4 C9 D7 D8 DJ S4 S5 SJ SA H7 HQ HK HA
N: C8 CA D2 D3 D4 D5 D6 DQ DA S6 H2 H4 H8
E: C2 C3 C6 CT CK D9 S3 S7 S8 SK H5 HT HJ
S: C5 C7 CA D2 D3 D9 DT DJ S7 SQ H4 HQ HA
W: C3 C6 CT CQ CK D6 D8 S4 S6 S8 ST H8 HJ
N: C2 C4 D4 D5 DQ DK DA S3 SK H2 H3 H7 H9
E: C8 C9 CJ D7 S2 S5 S9 SJ SA H5 H6 HT HK
S: CA D5 D6 D7 DJ S6 S7 SA H2 H6 HT HQ HK
W: C4 CJ D3 D9 S3 S5 S8 ST SQ H3 H4 H5 H7
N: C3 C5 C6 C7 C9 CQ CK D2 D8 DT S4 H8 H9
E: C2 C8 CT D4 DQ DK DA S2 S9 SJ SK HJ HA
S: C5 C7 C9 D7 DT DJ DQ S5 S7 SA H8 H9 HA
W: C4 CQ D5 D9 S3 S6 S8 S9 H2 H4 H7 HJ HQ
N: C8 CA D2 D3 D6 DK S2 ST SJ SQ SK H5 H6
E: C2 C3 C6 CT CJ CK D4 D8 DA S4 H3 HT HK
S: C2 C3 C4 C5 CK D5 D6 DT SK H5 H7 H9 HA
W: C7 CJ D3 D4 D7 DQ S2 S8 S9 SQ H4 H8 HK
N: C8 C9 CQ D2 S3 S4 ST SJ H3 H6 HT HJ HQ
E: C6 CT CA D8 D9 DJ DK DA S5 S6 S7 SA H2
S: C4 CJ DJ DK S3 S5 S6 S9 H2 H3 H4 HJ HQ
W: C5 C6 D6 D7 DT DQ S4 ST H5 H8 H9 HT HA
N: C2 C3 C7 C8 CT CA D2 D3 D5 D9 SJ H6 HK
E: C9 CQ CK D4 D8 DA S2 S7 S8 SQ SK SA H7
S: C3 C7 C8 CK D3 D7 D8 DA S3 SA H4 H7 H9
W: C2 C5 D9 DQ DK S2 S6 SQ SK H3 H5 HQ HA
N: C6 C9 CA D4 D5 DT S5 S9 ST SJ H6 HJ HK
E: C4 CT CJ CQ D2 D6 DJ S4 S7 S8 H2 H8 HT
S: C4 CT D2 D6 D9 S7 S8 SA H3 H4 H6 HQ HK
W: C2 C3 C7 CQ D8 DT DJ S3 S4 H2 H7 H9 HJ
N: C5 C6 C8 C9 D7 DQ DK DA S6 S9 ST H8 HA
E: CJ CK CA D3 D4 D5 S2 S5 SJ SQ SK H5 HT
S: CT CK D4 D5 DA S9 SJ SA H8 H9 HT HJ HQ
W: C5 CJ CQ D2 D8 D9 DT S5 ST H2 H4 H5 H7
N: C3 C6 C7 C8 D3 D7 DJ DQ S6 S8 SK H6 HK
E: C2 C4 C9 CA D6 DK S2 S3 S4 S7 SQ H3 HA
S: C7 D3 DK S7 S9 SQ SK H2 H3 H6 H7 H8 HA
W: C6 C9 D5 D9 DQ S2 S4 S5 S6 SA H9 HQ HK
N: C2 C4 C5 C8 CQ D2 D7 D8 DT S3 ST H5 HT
E: C3 CT CJ CK CA D4 D6 DJ DA S8 SJ H4 HJ
S: C3 C8 CT CQ CK D2 D4 D6 D9 S4 S5 H9 HJ
W: C2 C7 CA D5 D8 DQ S2 S7 S8 H5 H6 H8 HT
N: C5 C6 DK DA S9 SJ SQ SK H3 H4 H7 HQ HK
E: C4 C9 CJ D3 D7 DT DJ S3 S6 ST SA H2 HA
S: C6 CT CQ D3 D5 D9 DQ DK S7 SQ H2 H4 HA
W: C4 C5 CA D8 S3 S4 S8 SJ SK SA H6 H7 HT
N: C2 C3 C8 C9 CJ CK S6 S9 H3 H5 HJ HQ HK
E: C7 D2 D4 D6 D7 DT DJ DA S2 S5 ST H8 H9
S: C8 CT CQ CA D8 D9 DK DA S2 S3 S8 SQ H7
W: C2 C7 D2 D5 DT S7 SA H2 H6 H8 H9 HJ HK
N: C3 C5 CK D3 D4 DQ S4 S5 ST SJ H3 H4 HT
E: C4 C6 C9 CJ D6 D7 DJ S6 S9 SK H5 HQ HA
S: C6 CA D2 D3 D6 D8 DQ SQ H4 H7 HJ HQ HA
W: C2 C8 CT CJ D7 D9 S3 S4 S7 S9 ST SA HT
N: C3 C4 C7 C9 CK D5 DA S5 S8 SK H2 H8 H9
E: C5 CQ D4 DT DJ DK S2 S6 SJ H3 H5 H6 HK
S: C2 C6 C7 D3 D4 D5 DT DK S5 S7 SA H5 HQ
W: C8 C9 D2 D7 D8 DQ S3 S9 SQ H6 H7 H8 HT
N: C3 C5 CA D9 DJ S8 ST SK H3 H4 H9 HK HA
E: C4 CT CJ CQ CK D6 DA S2 S4 S6 SJ H2 HJ
S: C4 C8 CT D3 D4 D7 D8 DJ DA S3 S6 ST HQ
W: C5 CQ DT S2 S5 S8 SJ SK H2 H3 H4 H6 H7
N: C2 C3 C6 C7 CK CA D5 D6 D9 DK S4 HK HA
E: C9 CJ D2 DQ S7 S9 SQ SA H5 H8 H9 HT HJ
S: C4 CJ D7 DJ DK DA S6 S9 ST SQ H7 HT HQ
W: C2 C3 C7 CT CA D5 DT S4 SK H3 H8 H9 HA
N: C8 D2 D4 D6 D9 DQ S3 S7 S8 SA H4 H5 H6
E: C5 C6 C9 CQ CK D3 D8 S2 S5 SJ H2 HJ HK
S: C5 C6 C7 C8 CQ D4 D7 DA ST SJ SQ H6 HJ
W: CK D5 D8 D9 DK S2 S3 S8 H2 H5 H8 HT HK
N: C2 C3 C9 D3 D6 DT DJ S7 SK SA H3 H4 H9
E: C4 CT CJ CA D2 DQ S4 S5 S6 S9 H7 HQ HA
S: C2 C3 C4 CT CK CA D2 D3 DJ DQ S4 H6 H8
W: C6 CJ D5 D8 DA S2 S6 S9 SJ SQ H4 H5 HA
N: CQ D4 DT DK S3 S8 ST SA H3 H7 H9 HJ HQ
E: C5 C7 C8 C9 D6 D7 D9 S5 S7 SK H2 HT HK
S: C7 C8 C9 D8 S4 S5 S7 H2 H3 H4 H8 HT HQ
W: C2 CT CA D4 D7 D9 DT DJ S3 SJ SK SA HA
N: C5 C6 CJ D2 D6 DQ S2 S6 S8 S9 H6 HJ HK
E: C3 C4 CQ CK D3 D5 DK DA ST SQ H5 H7 H9
S: C8 CJ D7 DA S2 S4 SJ H2 H3 H5 H7 H8 H9
W: C2 C9 D6 D9 S6 S7 S8 SK SA HT HJ HQ HA
N: C5 C7 CT D2 D3 D8 DT DJ DQ DK S3 ST SQ
E: C3 C4 C6 CQ CK CA D4 D5 S5 S9 H4 H6 HK
S: C6 C7 CT D6 DK DA S5 S6 S9 H3 H5 HQ HK
W: C4 CA D2 D5 D9 S2 S3 S7 ST SQ H4 H7 H8
N: C3 CJ CQ CK D3 D4 D7 DQ S4 S8 H6 HJ HA
E: C2 C5 C8 C9 D8 DT DJ SJ SK SA H2 H9 HT
S: C3 C5 C8 C9 CA S5 S6 ST SJ SA H3 H4 H6
W: CJ CK D2 D7 D8 D9 S2 S7 S8 SQ H2 H7 HK
N: C2 C4 CQ D3 D6 DJ DQ S9 SK H8 H9 HT HA
E: C6 C7 CT D4 D5 DT DK DA S3 S4 H5 HJ HQ
S: C6 D7 D8 D9 S6 S8 SJ SQ H3 H7 H8 HQ HA
W: C2 C5 C9 CT CQ D2 D4 D5 DT S2 S5 H5 H9
N: C4 CJ D3 DJ DQ S3 S4 S9 SA H4 HT HJ HK
E: C3 C7 C8 CK CA D6 DK DA S7 ST SK H2 H6
S: C5 C9 D3 D8 DA S4 SJ SA H2 H4 H9 HJ HQ
W: C4 CT CQ D2 D4 DT S5 S6 S7 H3 H5 H6 HT
N: C3 C6 C7 C8 CJ CA D9 DK S2 S3 ST SK H7
E: C2 CK D5 D6 D7 DJ DQ S8 S9 SQ H8 HK HA
S: C3 C8 D4 D6 D8 DK DA S3 SJ SK SA H3 HA
W: C2 CT CK CA D9 DT S5 S6 S9 ST HT HJ HK
N: C4 C5 C7 C9 CJ D2 D3 DJ DQ S8 H2 H6 H7
E: C6 CQ D5 D7 S2 S4 S7 SQ H4 H5 H8 H9 HQ
S: CJ CQ CK D2 D4 D9 DK DA S2 S3 SA H4 H8
W: C4 C5 C6 C7 C8 C9 D3 DT S6 S8 ST HJ HQ
N: C2 C3 D7 D8 DQ S5 SK H2 H3 H7 H9 HT HK
E: CT CA D5 D6 DJ S4 S7 S9 SJ SQ H5 H6 HA
S: C4 C6 CT CA D7 S4 SA H3 H4 H6 HT HK HA
W: C3 C8 D5 D8 D9 DJ S3 S7 S9 SJ H2 H7 H9
N: C9 CQ D2 D6 DQ DK S2 S6 ST SK H5 H8 HJ
E: C2 C5 C7 CJ CK D3 D4 DT DA S5 S8 SQ HQ
S: C7 C9 CJ D4 D5 D6 DJ S3 S8 SA H3 H6 H7
W: CT D3 D8 DQ DK DA S2 S5 ST SQ H2 H4 H5
N: C8 CQ D2 D7 DT S4 S6 SJ SK H9 HJ HQ HK
E: C2 C3 C4 C5 C6 CK CA D9 S7 S9 H8 HT HA
S: C6 CT CK CA D3 D8 D9 DA S7 ST SQ H4 H6
W: C3 C7 C9 S2 S8 S9 H2 H5 H8 H9 HJ HK HA
N: C2 C4 C8 D6 D7 DJ DK S4 SJ SA H3 H7 HT
E: C5 CJ CQ D2 D4 D5 DT DQ S3 S5 S6 SK HQ
S: C3 C4 C7 C8 CA D7 D8 S6 S8 SK H2 H6 H9
W: C2 CT D3 D4 D5 DT S5 SJ SQ SA H7 H8 HJ
N: CQ CK D2 DJ DQ DA S4 ST H4 H5 HT HQ HA
E: C5 C6 C9 CJ D6 D9 DK S2 S3 S7 S9 H3 HK
S: C3 C4 CK DJ DA S2 S4 SJ SK H7 H9 HQ HK
W: C2 CQ D6 D7 D9 DQ S6 S7 S9 ST H8 HT HJ
N: C5 C6 C7 C8 D2 D4 D5 D8 S8 SA H2 H5 HA
E: C9 CT CJ CA D3 DT DK S3 S5 SQ H3 H4 H6
S: C9 CT CA D3 D8 DT S6 S7 SJ H7 H8 HT HQ
W: CJ D2 D5 DQ S3 S4 S5 S9 SA H2 H3 HJ HK
N: C2 C3 C4 C7 D4 D6 D9 DJ DK DA H4 H5 H6
E: C5 C6 C8 CQ CK D7 S2 S8 ST SQ SK H9 HA
S: C2 C4 C5 C6 C8 D7 D9 DT S4 SJ SQ SK H4
W: C7 CT CQ CA D3 D4 D5 DK DA S9 H8 HT HQ
N: CJ CK D8 DJ S3 S6 S7 S8 H2 H3 H5 HK HA
E: C3 C9 D2 D6 DQ S2 S5 ST SA H6 H7 H9 HJ
S: C8 C9 CJ CQ DJ S2 S4 S7 ST SJ H2 H6 HK
W: C3 C4 C5 CA D4 D6 D8 DT DQ S5 S6 S9 H9
N: C6 C7 CK D2 D5 DK S3 SQ SK H3 H5 H8 HJ
E: C2 CT D3 D7 D9 DA S8 SA H4 H7 HT HQ HA
S: C3 CK CA D5 D7 DK DA S2 S6 S7 S9 ST SK
W: C2 C8 C9 CQ D3 D8 DJ S8 H3 H4 H7 H9 HQ
N: C4 C7 CT CJ D4 DT SA H5 H6 H8 HJ HK HA
E: C5 C6 D2 D6 D9 DQ S3 S4 S5 SJ SQ H2 HT
S: C5 CJ CQ CK D2 D4 D8 DA S2 S9 H4 H7 HT
W: C2 C3 CA D9 DQ S3 S4 S5 ST H6 HJ HQ HA
N: C7 C8 C9 CT D5 D6 D7 S7 SJ SQ SA H9 HK
E: C4 C6 D3 DT DJ DK S6 S8 SK H2 H3 H5 H8
S: C2 C5 D4 DK S2 S3 S4 SJ SQ SK SA H4 HK
W: C4 C6 CQ CA D7 DJ S5 S8 H5 H7 H8 HT HA
N: C3 C7 C8 C9 CT CK D2 D3 S9 ST H9 HJ HQ
E: CJ D5 D6 D8 D9 DT DQ DA S6 S7 H2 H3 H6
S: C6 C8 C9 CK CA D4 S4 S7 SJ H7 H8 HT HK
W: C3 C4 C7 CJ CQ D2 D7 D8 DQ DK S8 ST H9
N: C5 CT D9 DT DJ DA S2 S6 S9 SQ H5 H6 HQ
E: C2 D3 D5 D6 S3 S5 SK SA H2 H3 H4 HJ HA
S: C2 C5 C6 C7 CA D4 D6 D9 S6 H4 H5 H6 H8
W: C3 CT CJ CK D3 D8 DQ S4 S7 SJ H3 H7 HK
N: C9 D2 DT S2 S3 S5 S9 SQ SK SA H2 H9 HA
E: C4 C8 CQ D5 D7 DJ DK DA S8 ST HT HJ HQ
S: C3 C4 C7 CQ D4 D7 D8 DJ S4 SJ SQ SA H4
W: C9 D6 DT DQ DK S7 H2 H7 H9 HT HQ HK HA
N: C5 C8 CA D2 D3 DA S3 S5 S9 ST H3 H5 HJ
E: C2 C6 CT CJ CK D5 D9 S2 S6 S8 SK H6 H8
S: C2 C3 C5 C6 CT D8 S5 S8 SQ H8 HT HJ HA
W: C4 C7 CJ CQ CA D3 D5 D9 S4 S7 SA H2 H5
N: D2 D4 DT DQ DK S6 ST SK H3 H4 H6 H9 HQ
E: C8 C9 CK D6 D7 DJ DA S2 S3 S9 SJ H7 HK
S: C3 CT D4 D5 DA S3 S7 SQ SA H4 H6 H8 HQ
W: C4 C7 C9 CK D3 D9 DK S8 ST H3 H9 HJ HA
N: C2 C8 CQ D7 D8 S2 S4 S6 S9 SK H2 H5 HK
E: C5 C6 CJ CA D2 D6 DT DJ DQ S5 SJ H7 HT
S: C7 CT CA D3 D7 D8 D9 DQ S5 H3 H5 HT HK
W: C9 CJ CQ D5 DT S4 S6 S9 SA H2 H8 HJ HQ
N: C3 C6 CK D2 S2 S3 S7 S8 SJ SQ H6 H7 H9
E: C2 C4 C5 C8 D4 D6 DJ DK DA ST SK H4 HA
S: C3 C9 D5 D9 DA S3 S5 S6 S7 H4 H7 H8 HA
W: C5 C7 CK D2 D3 S2 SK SA H5 H6 H9 HT HQ
N: C4 C8 CJ CQ D7 D8 DT DQ S9 ST SJ H2 HJ
E: C2 C6 CT CA D4 D6 DJ DK S4 S8 SQ H3 HK
S: C4 C6 C9 D3 D4 DQ S7 S9 SA H4 H6 H8 HK
W: C3 C8 D5 D6 DT DK DA S4 ST H5 H9 HT HA
N: C7 CQ CA D7 D8 D9 S2 S3 S5 SJ SK H7 HJ
E: C2 C5 CT CJ CK D2 DJ S6 S8 SQ H2 H3 HQ
S: C4 C5 D4 D6 S2 S6 SK SA H2 H3 H4 HK HA
W: CQ D2 D8 D9 DJ DA S7 S9 ST SQ H7 H8 HT
N: C6 C8 C9 CT CK D3 D5 D7 DT DQ S3 SJ H9
E: C2 C3 C7 CJ CA DK S4 S5 S8 H5 H6 HJ HQ
S: C4 C6 CQ D3 D6 DT S8 ST H3 H4 H6 HT HJ
W: C3 C5 C9 CT CK D4 S6 S9 SJ H5 H7 HQ HA
N: C2 D9 DQ DA S2 S3 S5 S7 SQ SK SA H9 HK
E: C7 C8 CJ CA D2 D5 D7 D8 DJ DK S4 H2 H8
S: C3 C8 D5 D7 D8 DJ DQ S6 SQ H2 H5 H8 H9
W: C2 CJ CQ CK D6 DK S3 S7 SK H6 H7 HJ HK
N: C4 C6 C7 CT CA D3 D4 S4 S5 ST SJ H3 HT
E: C5 C9 D2 D9 DT DA S2 S8 S9 SA H4 HQ HA
S: C2 C3 C4 C5 C7 CQ D6 DQ S6 S8 SJ H2 H9
W: CT CK D3 D4 D5 D9 DJ SK H5 H6 HT HQ HK
N: C6 C9 D2 DT DK S3 S4 S9 ST SQ H3 HJ HA
E: C8 CJ CA D7 D8 DA S2 S5 S7 SA H4 H7 H8
S: C3 C5 C7 D5 D8 DJ S2 S4 SJ SK H7 HQ HA
W: C9 CT CJ CA D3 D7 D9 DT S7 S9 H3 H6 H9
N: C2 C6 C8 CK D6 DK S3 SQ SA H2 HT HJ HK
E: C4 CQ D2 D4 DQ DA S5 S6 S8 ST H4 H5 H8
S: C2 C6 D2 D3 D7 D9 S2 S4 S6 SQ SK H3 HJ
W: C4 C7 C8 CJ CQ CA D6 D8 DK S5 ST H8 HT
N: C3 C9 DT DJ DA S3 S7 S8 SA H4 H7 H9 HK
E: C5 CT CK D4 D5 DQ S9 SJ H2 H5 H6 HQ HA
S: C9 CT CK CA D2 D3 D4 S3 S4 S5 S7 SJ SK
W: C4 C6 CJ CQ DQ DK DA S8 S9 H2 H4 H8 HT
N: C7 D8 D9 DJ S6 ST H3 H5 H6 H7 H9 HQ HA
E: C2 C3 C5 C8 D5 D6 D7 DT S2 SQ SA HJ HK
S: C3 C5 C8 CT CK D5 D8 DT DA S8 SK SA H5
W: C2 CJ CA D2 D9 DK S2 S5 H2 H7 HJ HQ HK
N: C4 C6 C9 D3 D4 DJ DQ S6 S9 SJ H4 H8 HT
E: C7 CQ D6 D7 S3 S4 S7 ST SQ H3 H6 H9 HA
S: C7 C9 CT D9 DQ DK S3 S4 SA H8 HT HJ HA
W: CA D5 D6 D8 DA S2 S5 S8 ST SQ SK H6 HK
N: C2 C3 C5 C6 C8 CK D3 DT DJ S6 S9 H4 H5
E: C4 CJ CQ D2 D4 D7 S7 SJ H2 H3 H7 H9 HQ
S: C2 C4 CT D5 D6 DQ S2 S9 SK SA H5 HJ HA
W: C5 C6 CJ CQ CA D4 D7 D8 D9 S3 ST SJ H7
N: C3 C9 CK D2 DJ DA S5 S6 S7 S8 SQ H8 HQ
E: C7 C8 D3 DT DK S4 H2 H3 H4 H6 H9 HT HK
S: C3 C6 C7 CT CA D7 D9 DJ DQ DA H6 HK HA
W: C8 CJ CQ DT S5 S6 S9 SJ SQ SK SA HJ HQ
N: C2 C5 CK D3 D5 D8 DK S7 S8 H3 H4 H8 H9
E: C4 C9 D2 D4 D6 S2 S3 S4 ST H2 H5 H7 HT
S: C3 C5 CQ CK DT S4 S5 S6 ST SJ SA H8 HK
W: C2 C4 C7 D9 DJ DQ DA S2 S3 S7 SK H2 HT
N: C8 CT D4 D6 D7 S8 S9 SQ H4 H6 H7 HJ HA
E: C6 C9 CJ CA D2 D3 D5 D8 DK H3 H5 H9 HQ
S: C5 CT D2 D3 D4 D5 D7 D8 S9 SK H7 H8 HT
W: CK CA D9 DK S5 SQ H2 H3 H4 H5 H9 HQ HK
N: C4 C6 C7 DA S2 S3 S4 S6 S8 SA H6 HJ HA
E: C2 C3 C8 C9 CJ CQ D6 DT DJ DQ S7 ST SJ
S: C4 C5 C9 CT CJ D3 D7 DA S5 SQ H2 H3 H7
W: C2 C8 D2 D4 S2 S3 S6 S8 H4 H5 HT HJ HQ
N: C7 CK CA D9 DJ S4 ST SJ SK H6 H8 HK HA
E: C3 C6 CQ D5 D6 D8 DT DQ DK S7 S9 SA H9
S: C2 C6 D3 D5 D8 D9 S3 SJ SQ SK H3 H5 HQ
W: CA D2 D7 DA S2 S5 S6 S8 ST SA H6 H8 H9
N: C4 C5 C8 CT CJ CK D6 DJ S7 H2 H4 H7 HK
E: C3 C7 C9 CQ D4 DT DQ DK S4 S9 HT HJ HA
S: C7 C9 CT CJ CA D2 D8 D9 DQ S2 S6 H5 HT
W: CQ CK D4 DT DA S5 S7 SQ H2 H3 H9 HJ HA
N: C4 C5 C8 D3 D6 DJ DK S9 SJ SK H4 H7 H8
E: C2 C3 C6 D5 D7 S3 S4 S8 ST SA H6 HQ HK
S: C6 C7 C8 CT CJ D6 D7 D9 DJ S5 S9 HT HJ
W: C2 CA DT S3 S8 ST SJ SQ SK H6 H9 HK HA
N: C9 CQ CK D4 D5 DA S4 S6 S7 H3 H4 H7 HQ
E: C3 C4 C5 D2 D3 D8 DQ DK S2 SA H2 H5 H8
S: C6 C9 CJ D6 DJ S5 S6 S9 SQ SK H4 H6 HJ
W: C7 CT CQ D9 DK S2 S3 S7 SA H5 H9 HT HA
N: C2 C3 C4 C8 CK CA D4 DA S4 SJ H2 HQ HK
E: C5 D2 D3 D5 D7 D8 DT DQ S8 ST H3 H7 H8
S: C3 CA D4 D6 D7 D8 DT DQ S3 S8 SQ H4 HK
W: C8 CK D2 D9 S6 S9 H2 H5 H6 H8 H9 HT HQ
N: C5 C6 C9 CT CQ D5 DK S2 S5 SJ SA H7 HJ
E: C2 C4 C7 CJ D3 DJ DA S4 S7 ST SK H3 HA
S: C2 C4 C6 CT D3 D7 S6 SQ SK H2 H6 HT HJ
W: C5 CJ CQ CA D2 D5 S3 S7 S9 ST SA H5 HA
N: C3 C7 CK D6 D8 D9 DT S2 SJ H3 H8 H9 HK
E: C8 C9 D4 DJ DQ DK DA S4 S5 S8 H4 H7 HQ
S: C4 CJ CA D2 D4 D7 S6 S8 ST H4 H7 H9 HA
W: C2 C7 C8 C9 CT D3 D6 D8 DQ DA S7 H5 HJ
N: C3 CQ DJ DK S3 S4 S5 S9 SQ H8 HT HQ HK
E: C5 C6 CK D5 D9 DT S2 SJ SK SA H2 H3 H6
S: C4 C5 CJ D4 D5 DT S5 S6 S7 H3 HJ HQ HA
W: C8 D3 D8 DJ DA S2 S4 S9 ST H4 H6 H7 H9
N: C2 C3 C6 C7 C9 CT CA D7 DK SK H2 H5 HT
E: CQ CK D2 D6 D9 DQ S3 S8 SJ SQ SA H8 HK
S: C9 CK CA D7 D9 DT DJ DK S3 S6 S8 SQ HA
W: C3 C5 CJ CQ D2 D3 D5 S4 SK H2 H6 H8 HT
N: C2 D6 DQ DA S2 S7 S9 ST SJ SA H5 H7 HQ
E: C4 C6 C7 C8 CT D4 D8 S5 H3 H4 H9 HJ HK
S: C9 CT CK D2 D6 D9 DJ S2 S5 ST H3 H6 HA
W: C5 D7 D8 DK S6 S7 S9 SQ H2 H5 H7 HT HQ
N: C3 C4 CJ CQ CA D3 DQ S8 SJ SA H8 H9 HJ
E: C2 C6 C7 C8 D4 D5 DT DA S3 S4 SK H4 HK
S: C5 C6 C8 D3 S2 S5 S7 S9 SJ SA H6 HT HA
W: C9 CA D4 D9 DJ DA S3 S4 S8 ST H9 HJ HK
N: C3 C4 C7 CJ D5 D7 DQ DK SQ H2 H4 H7 H8
E: C2 CT CQ CK D2 D6 D8 DT S6 SK H3 H5 HQ
S: C2 C5 D3 D5 D6 DT S5 S9 SJ SQ SK SA HT
W: C9 CT CQ CK CA D4 D7 DQ DK S2 S7 H4 H9
N: C3 C4 C7 C8 CJ D8 S4 ST H2 H3 H5 H7 HK
E: C6 D2 D9 DJ DA S3 S6 S8 H6 H8 HJ HQ HA
S: C4 C6 D5 D6 DT S4 S8 ST H5 H7 H8 HQ HA
W: C5 C9 CA D3 D4 DJ DQ S2 S7 SJ H3 H9 HJ
N: C3 C7 CQ D2 D8 D9 DK S3 S5 S9 SQ SA HT
E: C2 C8 CT CJ CK D7 DA S6 SK H2 H4 H6 HK
S: C3 C4 C5 CJ CQ D5 DA S4 S9 H2 H3 H4 H9
W: C2 CK D2 D8 DQ SJ SQ SK SA H6 H7 HK HA
N: C6 C8 C9 CT CA D4 D9 DT S8 ST HT HJ HQ
E: C7 D3 D6 D7 DJ DK S2 S3 S5 S6 S7 H5 H8
S: C5 C7 CK D8 DT S3 S8 SA H2 H5 H6 H8 HJ
W: C2 C4 C9 CA D2 D3 D9 DQ DK DA SJ H4 HK
N: C3 C6 D5 DJ S2 S4 S6 SQ SK H3 H7 HT HA
E: C8 CT CJ CQ D4 D6 D7 S5 S7 S9 ST H9 HQ
S: C3 CQ DK S7 S8 SA H4 H5 H8 H9 HT HQ HA
W: C2 C4 C7 CT CJ CK D3 D7 DA S2 SQ SK H7
N: C8 D6 D8 DT DJ S3 S4 S6 ST H3 H6 HJ HK
E: C5 C6 C9 CA D2 D4 D5 D9 DQ S5 S9 SJ H2
S: C3 C6 C7 CQ D7 DK DA S3 S4 S6 S7 H7 HQ
W: C2 C9 CK CA D8 D9 DJ S9 ST SA H4 H8 HJ
N: C5 C8 CT D2 DQ S5 S8 SJ SQ H2 H5 H9 HT
E: C4 CJ D3 D4 D5 D6 DT S2 SK H3 H6 HK HA
S: C4 C5 D9 DK S6 S9 ST SK H2 H8 HJ HK HA
W: C3 C8 C9 CJ CQ S2 S3 S5 S8 SQ H4 H5 H6
N: C6 CT CK D2 D3 D4 D5 D6 D7 S4 H3 H9 HT
E: C2 C7 CA D8 DT DJ DQ DA S7 SJ SA H7 HQ
S: C8 CT D6 D8 DK S2 S3 ST SJ H5 H7 H9 HJ
W: C9 D3 DT DJ DQ DA S4 S5 S8 SK H8 HQ HA
N: C2 C6 C7 CQ CK CA D9 S7 SQ SA H2 H4 H6
E: C3 C4 C5 CJ D2 D4 D5 D7 S6 S9 H3 HT HK
S: C8 C9 CA D2 D5 D7 DK S7 ST H6 H7 HK HA
W: C4 D4 D6 DT DJ S6 S9 SQ H3 H4 H5 H9 HJ
N: C5 C6 C7 CT CJ D9 DA S3 S4 SK SA H2 HQ
E: C2 C3 CQ CK D3 D8 DQ S2 S5 S8 SJ H8 HT
S: C2 C8 CJ D2 D4 D9 DJ DK DA S4 S7 H5 H7
W: C3 C4 C6 C7 CT D5 D8 S8 S9 SA H3 HT HQ
N: C5 C9 D6 D7 DT S3 S5 SQ SK H2 H4 HJ HK
E: CQ CK CA D3 DQ S2 S6 ST SJ H6 H8 H9 HA
S: C3 C8 CJ CA D5 D6 S3 S6 S7 SK H4 H8 HJ
W: C2 C6 C9 D2 D7 D8 DA SJ H2 H9 HT HQ HA
N: C5 CT CK D3 D9 DT DK S2 S4 S8 SQ SA HK
E: C4 C7 CQ D4 DJ DQ S5 S9 ST H3 H5 H6 H7
S: C8 CJ CK CA D2 D9 S2 S6 S7 H2 H4 H9 HA
W: C4 C9 D4 D6 D7 DQ DK S4 S5 S9 SJ SA H5
N: C2 C6 C7 D3 D5 DJ ST SQ SK H6 H7 HT HK
E: C3 C5 CT CQ D8 DT DA S3 S8 H3 H8 HJ HQ
S: C3 CJ CK D2 D8 DT S4 H2 H5 H7 H8 HQ HK
W: C6 C7 CQ D3 D7 DJ DQ S2 S6 S7 H4 H6 HT
N: C2 C8 C9 CT D5 D9 DK DA S8 SJ SQ SK SA
E: C4 C5 CA D4 D6 S3 S5 S9 ST H3 H9 HJ HA
S: D5 DQ DK S6 S7 S8 SQ SA H7 H8 HT HJ HQ
W: C2 C5 C7 C8 CT CJ CQ D6 D7 DT S4 S9 SK
N: C4 D2 D3 D4 D8 DJ DA S2 H3 H5 H6 H9 HA
E: C3 C6 C9 CK CA D9 S3 S5 ST SJ H2 H4 HK
S: CT D4 D9 DA S2 S4 S7 SK H3 H6 HJ HQ HA
W: C3 CK D8 DT DK S6 ST SJ H2 H4 H7 H8 HT
N: C5 C6 CJ CA D2 D6 DJ DQ S5 S8 S9 SA H5
E: C2 C4 C7 C8 C9 CQ D3 D5 D7 S3 SQ H9 HK
S: C8 C9 CT CK D5 D6 DT DJ S3 S6 S7 SJ SK
W: C2 C3 C7 CQ D2 D7 D8 S8 SQ H4 H6 H8 H9
N: C4 CJ CA D4 D9 DK S9 ST H3 H7 HT HJ HA
E: C5 C6 D3 DQ DA S2 S4 S5 SA H2 H5 HQ HK
S: C3 C9 CQ D9 DT DJ S4 S6 SJ H6 H7 H9 HA
W: C4 CT D2 D7 D8 DA S3 S5 ST SQ H4 HT HQ
N: C2 C6 C8 D3 D5 D6 S2 S8 SK SA H3 H5 HJ
E: C5 C7 CJ CK CA D4 DQ DK S7 S9 H2 H8 HK
S: C2 D2 D9 DT DA S4 S7 S8 S9 H2 H7 H9 HT
W: C3 C7 C8 CK CA D4 D5 DK S5 SQ SK SA HJ
N: C6 CJ CQ D3 D6 D7 DQ S3 S6 H3 H4 H6 HA
E: C4 C5 C9 CT D8 DJ S2 ST SJ H5 H8 HQ HK
S: C2 C9 D2 D8 D9 DT DJ DK S4 S5 SK H2 HT
W: C5 C6 CQ D7 DQ S2 S3 SJ H4 H7 H8 HQ HA
N: C3 CT CK CA D3 D6 S6 S7 S9 ST SA H6 HK
E: C4 C7 C8 CJ D4 D5 DA S8 SQ H3 H5 H9 HJ
S: C7 CT CQ CK D2 D7 DT DJ DA S3 S8 H8 HK
W: C2 CA D5 D9 DQ SQ SA H2 H3 H4 H6 H7 HJ
N: C6 C9 D3 D4 D8 DK S4 S6 S9 ST SJ SK H9
E: C3 C4 C5 C8 CJ D6 S2 S5 S7 H5 HT HQ HA
S: C2 C9 D2 D5 D6 DQ DK DA ST SA H5 H6 HQ
W: CA D7 D9 S2 S3 S7 S9 H2 H3 H4 H8 HK HA
N: C7 C8 CQ D3 D4 DT DJ S4 S6 SQ H7 H9 HJ
E: C3 C4 C5 C6 CT CJ CK D8 S5 S8 SJ SK HT
S: C5 C6 C8 D2 D6 D7 D8 DQ S2 SA H3 HT HJ
W: C2 C3 CQ CK CA D5 DK S8 SQ H5 H6 HK HA
N: CT CJ D4 DT DA S5 S7 ST H2 H4 H8 H9 HQ
E: C4 C7 C9 D3 D9 DJ S3 S4 S6 S9 SJ SK H7
S: C3 C7 C8 CQ D2 D6 DA S4 SJ H3 HT HJ HA
W: C2 CT D3 D4 D9 DT DK S5 S8 H6 H9 HQ HK
N: C5 CJ CK D8 S2 S3 S9 ST SQ SA H4 H5 H8
E: C4 C6 C9 CA D5 D7 DJ DQ S6 S7 SK H2 H7
S: C2 C3 C8 CT D3 D4 S2 S5 S9 H5 HJ HQ HA
W: C6 CJ CQ CA D2 D5 D7 DA S7 SJ SQ SK SA
N: C5 C7 C9 D6 DJ DK S3 S4 H2 H3 H6 H9 HT
E: C4 CK D8 D9 DT DQ S6 S8 ST H4 H7 H8 HK
S: C6 C7 CA D4 D6 D9 DK S9 H6 H7 H9 HT HJ
W: C2 C4 CT CJ D2 D5 DA S7 ST H2 H3 H4 H5
N: C3 C5 C8 C9 CQ D8 DJ DQ S5 S8 SQ H8 HK
E: CK D3 D7 DT S2 S3 S4 S6 SJ SK SA HQ HA
S: C5 CQ CK D2 D6 D7 D8 DK S4 S6 SJ SA H9
W: C8 CA D3 D5 DA S2 S7 S9 H3 H7 H8 HT HK
N: C2 C3 C4 C9 CT D9 DJ S3 S5 H4 H5 HJ HQ
E: C6 C7 CJ D4 DT DQ S8 ST SQ SK H2 H6 HA
S: C4 CQ D5 D9 DJ DK S3 SK H3 H6 H7 HQ HA
W: C5 CT D6 D8 DQ DA S5 ST SJ SA H5 H8 HT
N: C3 C8 C9 CK CA D3 D7 S2 S6 S8 SQ H2 H4
E: C2 C6 C7 CJ D2 D4 DT S4 S7 S9 H9 HJ HK
S: C2 CQ CK D9 S7 S8 S9 H2 H4 H5 H7 HJ HQ
W: C5 C6 C7 C9 D6 D8 S2 S4 S5 SK H3 H6 H8
N: C4 C8 D2 D3 D7 DT DA S3 SJ SQ SA HT HK
E: C3 CT CJ CA D4 D5 DJ DQ DK S6 ST H9 HA
S: C2 C6 CJ CA D3 D9 DJ DQ SQ SA H4 H6 HT
W: D5 D6 D7 D8 DT DA S7 S8 S9 ST SJ H9 HA
N: C4 C7 C9 CT CQ D2 D4 S4 S5 S6 H2 H5 HK
E: C3 C5 C8 CK DK S2 S3 SK H3 H7 H8 HJ HQ
S: C6 C7 CA D5 D9 DJ DK S3 S9 ST SJ SA HJ
W: C4 C9 D4 DA S5 SQ SK H2 H3 H5 H6 H8 H9
N: C2 C3 C5 CJ CQ CK D3 DT DQ S4 H4 HT HA
E: C8 CT D2 D6 D7 D8 S2 S6 S7 S8 H7 HQ HK
S: C9 CJ D4 S5 S6 S7 S9 SJ H2 H3 H8 HQ HK
W: C3 C6 C7 D2 D3 D5 D7 DQ DA S3 SQ H7 HT
N: C2 C5 CT D8 D9 DT DJ ST SK SA H9 HJ HA
E: C4 C8 CQ CK CA D6 DK S2 S4 S8 H4 H5 H6
S: C5 CT CA D3 D7 DK S2 S4 SJ SQ H2 H5 HJ
W: C2 C3 C7 CK D5 D8 DT DJ S8 S9 H4 H8 HA
N: C4 C6 C8 C9 D2 D4 D9 DQ DA H3 H9 HT HQ
E: CJ CQ D6 S3 S5 S6 S7 ST SK SA H6 H7 HK
S: C4 C9 CQ DJ S7 ST SJ SQ H5 H7 HT HJ HK
W: C2 CK D4 D5 D8 D9 DK DA S4 S8 SA H4 HA
N: C3 C6 C7 CT D2 D6 D7 S2 S3 S5 SK H3 H6
E: C5 C8 CJ CA D3 DT DQ S6 S9 H2 H8 H9 HQ
S: C6 C7 CQ D3 D4 D5 D6 D7 SA H5 HQ HK HA
W: C4 C8 CK D9 DT DQ DK DA S5 H3 H4 H7 H9
N: C3 C5 CT CJ CA DJ S3 S4 S9 ST SQ H6 HJ
E: C2 C9 D2 D8 S2 S6 S7 S8 SJ SK H2 H8 HT
S: C4 C6 CQ CA D5 D8 S2 S7 S8 SJ H4 H8 HJ
W: CK D7 D9 DK S4 S9 SK SA H6 H7 H9 HK HA
N: C3 C7 C8 CT CJ D2 D3 DJ DQ ST SQ H5 HT
E: C2 C5 C9 D4 D6 DT DA S3 S5 S6 H2 H3 HQ
S: C7 CA D2 D3 D5 D7 D8 S8 H5 H7 H9 HT HK
W: C2 C4 C8 D4 DT DJ S2 S4 S7 SK H2 HJ HA
N: C3 C5 C6 CT CJ CK D9 DQ S9 ST H4 H6 HQ
E: C9 CQ D6 DK DA S3 S5 S6 SJ SQ SA H3 H8
S: C8 CQ CA DT DK S6 S9 SQ H3 H4 H5 H7 HK
W: C2 C5 C7 D3 D6 D7 S7 S8 ST H8 H9 HT HJ
N: C3 C4 CK D2 D4 DJ DA S4 SK SA H2 HQ HA
E: C6 C9 CT CJ D5 D8 D9 DQ S2 S3 S5 SJ H6
S: C7 CJ CQ CK CA D5 D6 D7 DK S2 S4 H4 H9
W: C3 C4 D2 D8 DJ S6 S8 ST H2 H6 H8 HT HK
N: C6 C8 CT D3 D4 DT DQ DA S5 H5 HJ HQ HA
E: C2 C5 C9 D9 S3 S7 S9 SJ SQ SK SA H3 H7
S: C3 CT CJ D3 D5 D9 DT S2 S6 S8 H7 H8 HT
W: C2 C5 C8 CA D6 D7 DA S9 ST SA HJ HK HA
N: C6 C7 C9 CQ CK D4 S5 S7 SJ SQ H2 H9 HQ
E: C4 D2 D8 DJ DQ DK S3 S4 SK H3 H4 H5 H6
S: C3 C5 C6 C7 CT D2 D6 DJ DQ S8 S9 SK HT
W: C8 D9 DT DA SJ SQ SA H2 H3 H5 H8 HJ HQ
N: C4 CJ CQ D3 D4 D8 S3 S4 S6 S7 ST H4 H9
E: C2 C9 CK CA D5 D7 DK S2 S5 H6 H7 HK HA
S: C2 C3 C6 C8 CT CQ DJ DK S2 S4 ST SA H4
W: C4 C7 CK CA D3 D6 DA S8 H5 H6 H9 HT HA
N: C5 C9 CJ D4 D5 D9 DT S6 S7 SQ SK H3 HQ
E: D2 D7 D8 DQ S3 S5 S9 SJ H2 H7 H8 HJ HK
S: C4 C5 CQ D3 D6 DT S2 S6 S7 H8 HT HJ HA
W: C3 C6 C7 CK D5 D7 DQ S8 ST SJ SA H2 H6
N: C2 C8 CT CJ CA D2 D8 DJ DA S4 S9 SQ H9
E: C9 D4 D9 DK S3 S5 SK H3 H4 H5 H7 HQ HK
S: C5 CA D4 D5 S6 S8 SQ SK H4 H9 HT HQ HA
W: C4 C6 CQ D2 D9 DK S2 S4 ST SA H7 HJ HK
N: C2 C3 C8 CK D6 DQ DA S5 S7 S9 SJ H2 H5
E: C7 C9 CT CJ D3 D7 D8 DT DJ S3 H3 H6 H8
S: C6 C8 D5 D8 DT DQ ST SJ SK H4 HJ HQ HK
W: CQ CK CA D3 D4 D6 D7 DJ S6 S7 S8 S9 H2
N: C2 C7 C9 CT CJ SQ H3 H5 H7 H8 H9 HT HA
E: C3 C4 C5 D2 D9 DK DA S2 S3 S4 S5 SA H6
S: C6 D4 D6 D7 D9 DK SQ SK H2 H3 H4 HQ HA
W: C4 C9 CT CJ CA D3 DQ S4 S6 S7 S8 H9 HJ
N: C2 C8 D2 D5 S3 S5 ST SA H5 H7 H8 HT HK
E: C3 C5 C7 CQ CK D8 DT DJ DA S2 S9 SJ H6
S: C4 C5 CJ CQ D2 D7 DJ DQ DK S6 S7 S9 SA
W: C7 C9 CT D5 D8 D9 SJ SK H3 H8 HT HQ HK
N: C6 C8 CK CA D3 D4 DT S2 S3 ST H4 H9 HA
E: C2 C3 D6 DA S4 S5 S8 SQ H2 H5 H6 H7 HJ
S: C3 C9 D3 D6 D9 DJ S2 S5 ST SJ H5 HT HJ
W: C4 C5 C6 CT CA D2 D5 D7 S9 SA H4 H7 H9
N: C8 CJ CQ D4 D8 DQ DK DA S3 S7 S8 H2 HK
E: C2 C7 CK DT S4 S6 SQ SK H3 H6 H8 HQ HA
S: C3 CJ D4 D7 DT S8 ST SJ H7 H9 HJ HQ HA
W: C2 C4 C6 CT CK D2 DA S4 SQ SA H5 H6 H8
N: C7 CQ CA D5 D8 DQ S2 S5 S6 S9 H2 H3 H4
E: C5 C8 C9 D3 D6 D9 DJ DK S3 S7 SK HT HK
S: C2 C4 C6 C8 CT CA D2 D9 DJ DQ S7 H2 H9
W: C7 C9 CK D4 D6 D7 DT DK S5 SQ SK HQ HK
N: C5 CJ CQ D5 DA S4 S8 H4 H5 H6 H7 H8 HT
E: C3 D3 D8 S2 S3 S6 S9 ST SJ SA H3 HJ HA
S: C2 C6 C7 C9 CT CQ DT S8 H2 H3 H5 HQ HA
W: CJ D4 D5 D6 D8 D9 DJ DA S6 S9 SJ HT HK
N: C3 C5 C8 D2 D3 D7 DQ S2 S5 ST SK SA H4
E: C4 CK CA DK S3 S4 S7 SQ H6 H7 H8 H9 HJ
S: C5 C9 D2 D6 D7 S5 S6 S8 SQ H2 H4 H6 HK
W: C6 C7 C8 CJ CA D5 D9 S2 S3 S7 ST H3 HQ
N: C2 C3 C4 CT CK D8 DJ S9 SJ H8 H9 HT HJ
E: CQ D3 D4 DT DQ DK DA S4 SK SA H5 H7 HA
S: C2 C4 C5 C8 D7 DJ S3 S4 S5 ST H2 H3 H9
W: C7 CT CK CA D3 D6 D8 D9 DK SK H6 HT HJ
N: C9 CJ D4 DT S6 S8 SJ SA H4 H5 H8 HQ HK
E: C3 C6 CQ D2 D5 DQ DA S2 S7 S9 SQ H7 HA
